2025-04-14T10:34:03.472Z - info: Website generation (lazy) started at 18:34:02
2025-04-14T10:34:03.755Z - warn: ENOENT: no such file or directory, open '/Users/damithch/Repos/nus-cs2103/cs2103-website-base/node_modules/.cache/gh-pages/https!github.com!nus-cs2103-AY2425S2!website.git/book/_markbind/variables.md'
2025-04-14T10:34:03.755Z - warn: ENOENT: no such file or directory, open '/Users/damithch/Repos/nus-cs2103/cs2103-website-base/node_modules/.cache/gh-pages/https!github.com!nus-cs2103-AY2425S2!website.git/_markbind/variables.md'
2025-04-14T10:34:03.774Z - info: Building assets...
2025-04-14T10:34:05.252Z - info: Assets built
2025-04-14T10:34:05.252Z - info: Generating landing page...
2025-04-14T10:34:05.684Z - info: Landing page built, other pages will be built as you navigate to them!
2025-04-14T10:34:05.751Z - info: Site data built
2025-04-14T10:34:05.752Z - info: Website generation (lazy) complete! Total build time: 3.068s
2025-04-14T10:34:05.761Z - info: Serving "/Users/damithch/Repos/nus-cs2103/cs2103-website-base/_site" at http://127.0.0.1:8080
2025-04-14T10:34:05.761Z - info: Press CTRL+C to stop ...
2025-04-14T10:34:19.621Z - info: Building /Users/damithch/Repos/nus-cs2103/cs2103-website-base/admin/tp-pe as some of its dependencies were changed since the last visit
2025-04-14T10:34:20.440Z - info: Site data built
2025-04-14T10:34:20.440Z - info: Lazy website regeneration complete! Total build time: 0.821s
2025-04-14T10:34:29.377Z - info: Building /Users/damithch/Repos/nus-cs2103/cs2103-website-base/admin/exams as some of its dependencies were changed since the last visit
2025-04-14T10:34:29.620Z - info: Site data built
2025-04-14T10:34:29.620Z - info: Lazy website regeneration complete! Total build time: 0.244s
2025-04-14T10:36:25.768Z - info: [18:36:25] Reload for file change: /Users/damithch/Repos/nus-cs2103/cs2103-website-base/admin/exams.md
2025-04-14T10:36:25.771Z - info: Synchronizing opened pages list before reload
2025-04-14T10:36:25.779Z - info: Current opened pages, from most-to-least recent:
2025-04-14T10:36:25.780Z - info: 1. admin/exams
2025-04-14T10:36:26.792Z - info: Rebuilding 1 pages
2025-04-14T10:36:27.056Z - info: Site data built
2025-04-14T10:36:27.056Z - info: Pages rebuilt
2025-04-14T10:36:27.056Z - info: Website regeneration complete! Total build time: 0.267s
2025-04-14T10:38:07.735Z - info: [18:38:07] Reload for file change: /Users/damithch/Repos/nus-cs2103/cs2103-website-base/admin/exams.md
2025-04-14T10:38:07.739Z - info: Synchronizing opened pages list before reload
2025-04-14T10:38:07.740Z - info: Current opened pages, from most-to-least recent:
2025-04-14T10:38:07.740Z - info: 1. admin/exams
2025-04-14T10:38:08.754Z - info: Rebuilding 1 pages
2025-04-14T10:38:08.939Z - info: Site data built
2025-04-14T10:38:08.939Z - info: Pages rebuilt
2025-04-14T10:38:08.939Z - info: Website regeneration complete! Total build time: 0.189s
2025-04-14T10:40:12.056Z - info: [18:40:12] Reload for file change: /Users/damithch/Repos/nus-cs2103/cs2103-website-base/admin/exams.md
2025-04-14T10:40:12.057Z - info: Synchronizing opened pages list before reload
2025-04-14T10:40:12.058Z - info: Current opened pages, from most-to-least recent:
2025-04-14T10:40:12.058Z - info: 1. admin/exams
2025-04-14T10:40:13.071Z - info: Rebuilding 1 pages
2025-04-14T10:40:13.323Z - info: Site data built
2025-04-14T10:40:13.323Z - info: Pages rebuilt
2025-04-14T10:40:13.324Z - info: Website regeneration complete! Total build time: 0.254s
2025-04-14T10:41:05.000Z - info: [18:41:04] Reload for file change: /Users/damithch/Repos/nus-cs2103/cs2103-website-base/admin/exams.md
2025-04-14T10:41:05.001Z - info: Synchronizing opened pages list before reload
2025-04-14T10:41:05.002Z - info: Current opened pages, from most-to-least recent:
2025-04-14T10:41:05.002Z - info: 1. admin/exams
2025-04-14T10:41:06.009Z - info: Rebuilding 1 pages
2025-04-14T10:41:06.210Z - info: Site data built
2025-04-14T10:41:06.210Z - info: Pages rebuilt
2025-04-14T10:41:06.210Z - info: Website regeneration complete! Total build time: 0.203s
2025-04-14T10:41:42.761Z - info: [18:41:42] Reload for file change: /Users/damithch/Repos/nus-cs2103/cs2103-website-base/admin/exams.md
2025-04-14T10:41:42.761Z - info: Synchronizing opened pages list before reload
2025-04-14T10:41:42.761Z - info: Current opened pages, from most-to-least recent:
2025-04-14T10:41:42.761Z - info: 1. admin/exams
2025-04-14T10:41:43.787Z - info: Rebuilding 1 pages
2025-04-14T10:41:44.013Z - info: Site data built
2025-04-14T10:41:44.013Z - info: Pages rebuilt
2025-04-14T10:41:44.013Z - info: Website regeneration complete! Total build time: 0.239s
2025-04-14T10:43:31.642Z - info: [18:43:31] Reload for file change: /Users/damithch/Repos/nus-cs2103/cs2103-website-base/admin/exams.md
2025-04-14T10:43:31.660Z - info: Synchronizing opened pages list before reload
2025-04-14T10:43:31.663Z - info: Current opened pages, from most-to-least recent:
2025-04-14T10:43:31.664Z - info: 1. admin/exams
2025-04-14T10:43:32.676Z - info: Rebuilding 1 pages
2025-04-14T10:43:32.881Z - info: Site data built
2025-04-14T10:43:32.881Z - info: Pages rebuilt
2025-04-14T10:43:32.881Z - info: Website regeneration complete! Total build time: 0.208s
2025-04-14T10:44:35.890Z - info: [18:44:35] Reload for file change: /Users/damithch/Repos/nus-cs2103/cs2103-website-base/admin/exams.md
2025-04-14T10:44:35.893Z - info: Synchronizing opened pages list before reload
2025-04-14T10:44:35.893Z - info: Current opened pages, from most-to-least recent:
2025-04-14T10:44:35.893Z - info: 1. admin/exams
2025-04-14T10:44:36.900Z - info: Rebuilding 1 pages
2025-04-14T10:44:37.140Z - info: Site data built
2025-04-14T10:44:37.140Z - info: Pages rebuilt
2025-04-14T10:44:37.140Z - info: Website regeneration complete! Total build time: 0.242s
2025-04-14T10:49:18.948Z - info: [18:49:18] Reload for file change: /Users/damithch/Repos/nus-cs2103/cs2103-website-base/admin/faq-fragment.md
2025-04-14T10:49:18.949Z - info: Synchronizing opened pages list before reload
2025-04-14T10:49:18.949Z - info: Current opened pages, from most-to-least recent:
2025-04-14T10:49:18.949Z - info: 1. admin/exams
2025-04-14T10:49:19.959Z - info: Rebuilding 1 pages
2025-04-14T10:49:20.173Z - info: Site data built
2025-04-14T10:49:20.173Z - info: Pages rebuilt
2025-04-14T10:49:20.173Z - info: Website regeneration complete! Total build time: 0.218s
2025-04-14T10:51:36.566Z - info: Website generation started at 18:51:35
2025-04-14T10:51:36.836Z - warn: ENOENT: no such file or directory, open '/Users/damithch/Repos/nus-cs2103/cs2103-website-base/node_modules/.cache/gh-pages/https!github.com!nus-cs2103-AY2425S2!website.git/book/_markbind/variables.md'
2025-04-14T10:51:36.837Z - warn: ENOENT: no such file or directory, open '/Users/damithch/Repos/nus-cs2103/cs2103-website-base/node_modules/.cache/gh-pages/https!github.com!nus-cs2103-AY2425S2!website.git/_markbind/variables.md'
2025-04-14T10:51:36.856Z - info: Building assets...
