2025-01-06T17:13:18.392Z - info: Website generation (lazy) started at 01:13:17
2025-01-06T17:13:18.732Z - warn: ENOENT: no such file or directory, open '/Users/damithch/Repos/nus-cs2103/cs2103-website-base/node_modules/.cache/gh-pages/https!github.com!nus-cs2103-AY2425S2!website.git/book/_markbind/variables.md'
2025-01-06T17:13:18.732Z - warn: ENOENT: no such file or directory, open '/Users/damithch/Repos/nus-cs2103/cs2103-website-base/node_modules/.cache/gh-pages/https!github.com!nus-cs2103-AY2425S2!website.git/_markbind/variables.md'
2025-01-06T17:13:18.751Z - info: Building assets...
2025-01-06T17:13:19.989Z - info: Assets built
2025-01-06T17:13:19.990Z - info: Generating landing page...
2025-01-06T17:13:20.019Z - error:  Template render error: (/Users/damithch/Repos/nus-cs2103/cs2103-website-base/admin/index.md)
  Template render error: (/Users/damithch/Repos/nus-cs2103/cs2103-website-base/admin/index.md)
  Template render error: (/Users/damithch/Repos/nus-cs2103/cs2103-website-base/admin/index.md)
  Template render error: (/Users/damithch/Repos/nus-cs2103/cs2103-website-base/admin/index.md)
  Template render error: (/Users/damithch/Repos/nus-cs2103/cs2103-website-base/admin/index.md)
  Error: template not found: _course-CS2103DE/textbookTopics-fragment.md
    at Object._prettifyError (/opt/homebrew/lib/node_modules/markbind-cli/node_modules/nunjucks/src/lib.js:32:11)
    at /opt/homebrew/lib/node_modules/markbind-cli/node_modules/@markbind/core/src/patches/nunjucks/context-overrides-frame.js:383:17
    at Template.root [as rootRenderFunc] (eval at _compile (/opt/homebrew/lib/node_modules/markbind-cli/node_modules/nunjucks/src/environment.js:527:18), <anonymous>:54:3)
    at Template.render (/opt/homebrew/lib/node_modules/markbind-cli/node_modules/@markbind/core/src/patches/nunjucks/context-overrides-frame.js:372:8)
    at /opt/homebrew/lib/node_modules/markbind-cli/node_modules/@markbind/core/src/patches/nunjucks/context-overrides-frame.js:54:25
    at createTemplate (/opt/homebrew/lib/node_modules/markbind-cli/node_modules/@markbind/core/src/patches/nunjucks/load-event.js:121:7)
    at handle (/opt/homebrew/lib/node_modules/markbind-cli/node_modules/@markbind/core/src/patches/nunjucks/load-event.js:133:9)
    at /opt/homebrew/lib/node_modules/markbind-cli/node_modules/@markbind/core/src/patches/nunjucks/load-event.js:145:7
    at next (/opt/homebrew/lib/node_modules/markbind-cli/node_modules/nunjucks/src/lib.js:258:7)
    at Object.asyncIter (/opt/homebrew/lib/node_modules/markbind-cli/node_modules/nunjucks/src/lib.js:263:3)
    at Environment.getTemplate (/opt/homebrew/lib/node_modules/markbind-cli/node_modules/@markbind/core/src/patches/nunjucks/load-event.js:127:7)
    at Environment.render (/opt/homebrew/lib/node_modules/markbind-cli/node_modules/@markbind/core/src/patches/nunjucks/context-overrides-frame.js:48:8)
    at VariableRenderer.renderFile (/opt/homebrew/lib/node_modules/markbind-cli/node_modules/@markbind/core/src/variables/VariableRenderer.js:73:24)
    at VariableProcessor.renderWithSiteVariables (/opt/homebrew/lib/node_modules/markbind-cli/node_modules/@markbind/core/src/variables/VariableProcessor.js:154:57)
    at VariableProcessor.renderIncludeFile (/opt/homebrew/lib/node_modules/markbind-cli/node_modules/@markbind/core/src/variables/VariableProcessor.js:231:38)
    at processInclude (/opt/homebrew/lib/node_modules/markbind-cli/node_modules/@markbind/core/src/html/includePanelProcessor.js:198:68)
2025-01-06T17:13:20.027Z - warn:  Template render error: (/Users/damithch/Repos/nus-cs2103/cs2103-website-base/_markbind/layouts/default.md)
  Template render error: (/Users/damithch/Repos/nus-cs2103/cs2103-website-base/_markbind/layouts/default.md)
  Template render error: (/Users/damithch/Repos/nus-cs2103/cs2103-website-base/_markbind/layouts/css.md)
  Template render error: (/Users/damithch/Repos/nus-cs2103/cs2103-website-base/_markbind/layouts/default.md)
  Template render error: (/Users/damithch/Repos/nus-cs2103/cs2103-website-base/_markbind/layouts/header.md)
  Template render error: (/Users/damithch/Repos/nus-cs2103/cs2103-website-base/_markbind/layouts/default.md)
  Template render error: (/Users/damithch/Repos/nus-cs2103/cs2103-website-base/_markbind/layouts/header.md)
  Template render error: (/Users/damithch/Repos/nus-cs2103/cs2103-website-base/_markbind/layouts/default.md)
  Template render error: (/Users/damithch/Repos/nus-cs2103/cs2103-website-base/_markbind/layouts/header.md)
  Template render error: (/Users/damithch/Repos/nus-cs2103/cs2103-website-base/_markbind/layouts/default.md)
  Template render error: (/Users/damithch/Repos/nus-cs2103/cs2103-website-base/_markbind/layouts/header.md)
  Error: template not found: _course-CS2103DE/textbookTopics-fragment.md
    at Object._prettifyError (/opt/homebrew/lib/node_modules/markbind-cli/node_modules/nunjucks/src/lib.js:32:11)
    at /opt/homebrew/lib/node_modules/markbind-cli/node_modules/@markbind/core/src/patches/nunjucks/context-overrides-frame.js:383:17
    at Template.root [as rootRenderFunc] (eval at _compile (/opt/homebrew/lib/node_modules/markbind-cli/node_modules/nunjucks/src/environment.js:527:18), <anonymous>:96:3)
    at Template.render (/opt/homebrew/lib/node_modules/markbind-cli/node_modules/@markbind/core/src/patches/nunjucks/context-overrides-frame.js:372:8)
    at /opt/homebrew/lib/node_modules/markbind-cli/node_modules/@markbind/core/src/patches/nunjucks/context-overrides-frame.js:54:25
    at createTemplate (/opt/homebrew/lib/node_modules/markbind-cli/node_modules/@markbind/core/src/patches/nunjucks/load-event.js:121:7)
    at handle (/opt/homebrew/lib/node_modules/markbind-cli/node_modules/@markbind/core/src/patches/nunjucks/load-event.js:133:9)
    at /opt/homebrew/lib/node_modules/markbind-cli/node_modules/@markbind/core/src/patches/nunjucks/load-event.js:145:7
    at next (/opt/homebrew/lib/node_modules/markbind-cli/node_modules/nunjucks/src/lib.js:258:7)
    at Object.asyncIter (/opt/homebrew/lib/node_modules/markbind-cli/node_modules/nunjucks/src/lib.js:263:3)
    at Environment.getTemplate (/opt/homebrew/lib/node_modules/markbind-cli/node_modules/@markbind/core/src/patches/nunjucks/load-event.js:127:7)
    at Environment.render (/opt/homebrew/lib/node_modules/markbind-cli/node_modules/@markbind/core/src/patches/nunjucks/context-overrides-frame.js:48:8)
    at VariableRenderer.renderFile (/opt/homebrew/lib/node_modules/markbind-cli/node_modules/@markbind/core/src/variables/VariableRenderer.js:73:24)
    at VariableProcessor.renderWithSiteVariables (/opt/homebrew/lib/node_modules/markbind-cli/node_modules/@markbind/core/src/variables/VariableProcessor.js:154:57)
    at Layout.<anonymous> (/opt/homebrew/lib/node_modules/markbind-cli/node_modules/@markbind/core/src/Layout/Layout.js:70:61)
    at Generator.next (<anonymous>)
2025-01-06T17:13:20.336Z - info: Site data built
2025-01-06T17:13:20.337Z - info: Website generation (lazy) complete! Total build time: 2.718s
2025-01-06T17:13:20.345Z - info: Serving "/Users/damithch/Repos/nus-cs2103/cs2103-website-base/_site" at http://127.0.0.1:8080
2025-01-06T17:13:20.345Z - info: Press CTRL+C to stop ...
2025-01-06T17:16:52.559Z - info: Website generation (lazy) started at 01:16:52
2025-01-06T17:16:52.859Z - warn: ENOENT: no such file or directory, open '/Users/damithch/Repos/nus-cs2103/cs2103-website-base/node_modules/.cache/gh-pages/https!github.com!nus-cs2103-AY2425S2!website.git/book/_markbind/variables.md'
2025-01-06T17:16:52.859Z - warn: ENOENT: no such file or directory, open '/Users/damithch/Repos/nus-cs2103/cs2103-website-base/node_modules/.cache/gh-pages/https!github.com!nus-cs2103-AY2425S2!website.git/_markbind/variables.md'
2025-01-06T17:16:52.878Z - info: Building assets...
2025-01-06T17:16:54.072Z - info: Assets built
2025-01-06T17:16:54.073Z - info: Generating landing page...
2025-01-06T17:16:54.259Z - info: Landing page built, other pages will be built as you navigate to them!
2025-01-06T17:16:54.326Z - info: Site data built
2025-01-06T17:16:54.327Z - info: Website generation (lazy) complete! Total build time: 1.805s
2025-01-06T17:16:54.335Z - info: Serving "/Users/damithch/Repos/nus-cs2103/cs2103-website-base/_site" at http://127.0.0.1:8080
2025-01-06T17:16:54.335Z - info: Press CTRL+C to stop ...
2025-01-06T17:16:58.295Z - info: Building /Users/damithch/Repos/nus-cs2103/cs2103-website-base/se-book-adapted/index as some of its dependencies were changed since the last visit
2025-01-06T17:16:58.402Z - info: Site data built
2025-01-06T17:16:58.402Z - info: Lazy website regeneration complete! Total build time: 0.108s
2025-01-06T17:17:48.411Z - info: [01:17:48] Reload for file change: /Users/damithch/Repos/nus-cs2103/cs2103-website-base/_markbind/variables.md
2025-01-06T17:17:48.411Z - info: Synchronizing opened pages list before reload
2025-01-06T17:17:48.412Z - info: Current opened pages, from most-to-least recent:
2025-01-06T17:17:48.412Z - info: 1. se-book-adapted/index
2025-01-06T17:17:49.452Z - warn: ENOENT: no such file or directory, open '/Users/damithch/Repos/nus-cs2103/cs2103-website-base/node_modules/.cache/gh-pages/https!github.com!nus-cs2103-AY2425S2!website.git/book/_markbind/variables.md'
2025-01-06T17:17:49.453Z - warn: ENOENT: no such file or directory, open '/Users/damithch/Repos/nus-cs2103/cs2103-website-base/node_modules/.cache/gh-pages/https!github.com!nus-cs2103-AY2425S2!website.git/_markbind/variables.md'
2025-01-06T17:17:49.484Z - warn: Rebuilding all pages as variables file was changed, or the --force-reload flag was set
2025-01-06T17:17:49.487Z - info: Rebuilding 1 pages
2025-01-06T17:17:49.553Z - info: Site data built
2025-01-06T17:17:49.553Z - info: Pages rebuilt
2025-01-06T17:17:49.553Z - info: Website regeneration complete! Total build time: 0.131s
2025-01-06T17:17:54.831Z - info: Building /Users/damithch/Repos/nus-cs2103/cs2103-website-base/se-book-adapted/print as some of its dependencies were changed since the last visit
2025-01-06T17:17:59.222Z - debug:  
2025-01-06T17:17:59.222Z - debug: 2025-01-07 01:17:55.776 java[35900:1741645] +[IMKClient subclass]: chose IMKClient_Modern
2025-01-07 01:17:55.776 java[35900:1741645] +[IMKInputSession subclass]: chose IMKInputSession_Modern

2025-01-06T17:17:59.222Z - debug:  
2025-01-06T17:17:59.222Z - debug:  
2025-01-06T17:17:59.222Z - debug:  
2025-01-06T17:17:59.222Z - debug:  
2025-01-06T17:17:59.222Z - debug:  
2025-01-06T17:17:59.222Z - debug:  
2025-01-06T17:17:59.222Z - debug:  
2025-01-06T17:17:59.222Z - debug:  
2025-01-06T17:17:59.314Z - debug: 2025-01-07 01:17:57.861 java[35941:1742400] +[IMKClient subclass]: chose IMKClient_Modern
2025-01-07 01:17:57.861 java[35941:1742400] +[IMKInputSession subclass]: chose IMKInputSession_Modern

2025-01-06T17:17:59.321Z - debug:  
2025-01-06T17:17:59.347Z - debug:  
2025-01-06T17:17:59.381Z - debug:  
2025-01-06T17:17:59.383Z - debug:  
2025-01-06T17:17:59.396Z - debug:  
2025-01-06T17:17:59.420Z - debug: 2025-01-07 01:17:56.768 java[35908:1741755] +[IMKClient subclass]: chose IMKClient_Modern
2025-01-07 01:17:56.768 java[35908:1741755] +[IMKInputSession subclass]: chose IMKInputSession_Modern

2025-01-06T17:17:59.655Z - info: Site data built
2025-01-06T17:17:59.655Z - info: Lazy website regeneration complete! Total build time: 4.824s
2025-01-06T17:49:25.791Z - info: [01:49:25] Reload for file change: /Users/damithch/Repos/nus-cs2103/cs2103-website-base/_markbind/variables.md
2025-01-06T17:49:25.792Z - info: Synchronizing opened pages list before reload
2025-01-06T17:49:25.793Z - info: Current opened pages, from most-to-least recent:
2025-01-06T17:49:25.793Z - info: 1. se-book-adapted/print
2025-01-06T17:49:25.793Z - info: 2. se-book-adapted/index
2025-01-06T17:49:26.823Z - warn: ENOENT: no such file or directory, open '/Users/damithch/Repos/nus-cs2103/cs2103-website-base/node_modules/.cache/gh-pages/https!github.com!nus-cs2103-AY2425S2!website.git/book/_markbind/variables.md'
2025-01-06T17:49:26.824Z - warn: ENOENT: no such file or directory, open '/Users/damithch/Repos/nus-cs2103/cs2103-website-base/node_modules/.cache/gh-pages/https!github.com!nus-cs2103-AY2425S2!website.git/_markbind/variables.md'
2025-01-06T17:49:26.857Z - warn: Rebuilding all pages as variables file was changed, or the --force-reload flag was set
2025-01-06T17:49:26.864Z - info: Rebuilding 2 pages
2025-01-06T17:49:28.790Z - info: Site data built
2025-01-06T17:49:28.790Z - info: Pages rebuilt
2025-01-06T17:49:28.790Z - info: Website regeneration complete! Total build time: 1.99s
