2025-02-26T10:57:27.909Z - info: Website generation started at 18:57:27
2025-02-26T10:57:28.233Z - warn: ENOENT: no such file or directory, open '/Users/damithch/Repos/nus-cs2103/cs2103-website-base/node_modules/.cache/gh-pages/https!github.com!nus-cs2103-AY2425S2!website.git/book/_markbind/variables.md'
2025-02-26T10:57:28.233Z - warn: ENOENT: no such file or directory, open '/Users/damithch/Repos/nus-cs2103/cs2103-website-base/node_modules/.cache/gh-pages/https!github.com!nus-cs2103-AY2425S2!website.git/_markbind/variables.md'
2025-02-26T10:57:28.255Z - info: Building assets...
2025-02-26T10:57:29.636Z - info: Assets built
2025-02-26T10:57:29.637Z - info: Generating pages...
2025-02-26T10:57:36.193Z - debug:  
2025-02-26T10:57:36.193Z - debug:  
2025-02-26T10:57:36.193Z - debug:  
2025-02-26T10:57:36.193Z - debug:  
2025-02-26T10:57:36.193Z - debug:  
2025-02-26T10:57:36.193Z - debug:  
2025-02-26T10:57:36.193Z - debug:  
2025-02-26T10:57:36.193Z - debug:  
2025-02-26T10:57:36.543Z - debug:  
2025-02-26T10:57:36.543Z - debug:  
2025-02-26T10:57:36.543Z - debug:  
2025-02-26T10:57:36.543Z - debug: 2025-02-26 18:57:33.761 java[95900:6454416] +[IMKClient subclass]: chose IMKClient_Modern
2025-02-26 18:57:33.761 java[95900:6454416] +[IMKInputSession subclass]: chose IMKInputSession_Modern

2025-02-26T10:57:36.543Z - debug:  
2025-02-26T10:57:36.543Z - debug:  
2025-02-26T10:57:36.543Z - debug:  
2025-02-26T10:57:36.543Z - debug:  
2025-02-26T10:57:37.200Z - debug: 2025-02-26 18:57:36.840 java[95933:6455114] +[IMKClient subclass]: chose IMKClient_Modern
2025-02-26 18:57:36.840 java[95933:6455114] +[IMKInputSession subclass]: chose IMKInputSession_Modern

2025-02-26T10:57:47.096Z - debug: 2025-02-26 18:57:46.363 java[95947:6455395] +[IMKClient subclass]: chose IMKClient_Modern
2025-02-26 18:57:46.363 java[95947:6455395] +[IMKInputSession subclass]: chose IMKInputSession_Modern

2025-02-26T10:58:33.922Z - debug: 2025-02-26 18:58:31.304 java[95971:6456728] +[IMKClient subclass]: chose IMKClient_Modern
2025-02-26 18:58:31.304 java[95971:6456728] +[IMKInputSession subclass]: chose IMKInputSession_Modern

2025-02-26T10:58:44.725Z - debug: 2025-02-26 18:58:44.261 java[95983:6457034] +[IMKClient subclass]: chose IMKClient_Modern
2025-02-26 18:58:44.261 java[95983:6457034] +[IMKInputSession subclass]: chose IMKInputSession_Modern

2025-02-26T10:58:45.028Z - debug:  
2025-02-26T10:58:52.228Z - info: Pages built
2025-02-26T10:58:52.295Z - info: Site data built
2025-02-26T10:58:52.295Z - info: Website generation complete! Total build time: 85.233s
2025-02-26T10:58:52.295Z - info: Build success!
2025-02-26T10:59:13.054Z - info: The website has been deployed at: https://nus-cs2103-ay2425s2.github.io/website
