2025-04-11T18:15:00.341Z - info: Website generation started at 02:14:59
2025-04-11T18:15:00.643Z - warn: ENOENT: no such file or directory, open '/Users/damithch/Repos/nus-cs2103/cs2103-website-base/node_modules/.cache/gh-pages/https!github.com!nus-cs2103-AY2425S2!website.git/book/_markbind/variables.md'
2025-04-11T18:15:00.644Z - warn: ENOENT: no such file or directory, open '/Users/damithch/Repos/nus-cs2103/cs2103-website-base/node_modules/.cache/gh-pages/https!github.com!nus-cs2103-AY2425S2!website.git/_markbind/variables.md'
2025-04-11T18:15:00.664Z - info: Building assets...
2025-04-11T18:15:02.212Z - info: Assets built
2025-04-11T18:15:02.213Z - info: Generating pages...
2025-04-11T18:15:09.809Z - debug: 2025-04-12 02:15:05.437 java[48871:2102539] +[IMKClient subclass]: chose IMKClient_Modern
2025-04-12 02:15:05.437 java[48871:2102539] +[IMKInputSession subclass]: chose IMKInputSession_Modern

2025-04-11T18:15:10.274Z - debug:  
2025-04-11T18:15:10.274Z - debug:  
2025-04-11T18:15:10.274Z - debug:  
2025-04-11T18:15:10.275Z - debug:  
2025-04-11T18:15:10.275Z - debug:  
2025-04-11T18:15:10.275Z - debug:  
2025-04-11T18:15:10.275Z - debug:  
2025-04-11T18:15:10.275Z - debug:  
2025-04-11T18:15:10.275Z - debug:  
2025-04-11T18:15:10.275Z - debug:  
2025-04-11T18:15:10.275Z - debug:  
2025-04-11T18:15:10.275Z - debug: 2025-04-12 02:15:07.310 java[48908:2102862] +[IMKClient subclass]: chose IMKClient_Modern
2025-04-12 02:15:07.310 java[48908:2102862] +[IMKInputSession subclass]: chose IMKInputSession_Modern

2025-04-11T18:15:10.275Z - debug:  
2025-04-11T18:15:10.275Z - debug:  
2025-04-11T18:15:10.275Z - debug:  
2025-04-11T18:15:10.931Z - debug: 2025-04-12 02:15:10.547 java[48937:2103773] +[IMKClient subclass]: chose IMKClient_Modern
2025-04-12 02:15:10.547 java[48937:2103773] +[IMKInputSession subclass]: chose IMKInputSession_Modern

2025-04-11T18:15:21.538Z - debug: 2025-04-12 02:15:20.663 java[48984:2104539] +[IMKClient subclass]: chose IMKClient_Modern
2025-04-12 02:15:20.663 java[48984:2104539] +[IMKInputSession subclass]: chose IMKInputSession_Modern

2025-04-11T18:16:10.000Z - debug: 2025-04-12 02:16:07.336 java[49055:2105805] +[IMKClient subclass]: chose IMKClient_Modern
2025-04-12 02:16:07.336 java[49055:2105805] +[IMKInputSession subclass]: chose IMKInputSession_Modern

2025-04-11T18:16:21.755Z - debug: 2025-04-12 02:16:20.844 java[49067:2106158] +[IMKClient subclass]: chose IMKClient_Modern
2025-04-12 02:16:20.844 java[49067:2106158] +[IMKInputSession subclass]: chose IMKInputSession_Modern

2025-04-11T18:16:21.770Z - debug:  
2025-04-11T18:16:29.316Z - info: Pages built
2025-04-11T18:16:29.388Z - info: Site data built
2025-04-11T18:16:29.388Z - info: Website generation complete! Total build time: 89.896s
2025-04-11T18:16:29.388Z - info: Build success!
2025-04-11T18:16:49.734Z - info: The website has been deployed at: https://nus-cs2103-ay2425s2.github.io/website
2025-04-11T18:21:03.611Z - info: Website generation started at 02:21:02
2025-04-11T18:21:03.898Z - warn: ENOENT: no such file or directory, open '/Users/damithch/Repos/nus-cs2103/cs2103-website-base/node_modules/.cache/gh-pages/https!github.com!nus-cs2103-AY2425S2!website.git/book/_markbind/variables.md'
2025-04-11T18:21:03.898Z - warn: ENOENT: no such file or directory, open '/Users/damithch/Repos/nus-cs2103/cs2103-website-base/node_modules/.cache/gh-pages/https!github.com!nus-cs2103-AY2425S2!website.git/_markbind/variables.md'
2025-04-11T18:21:03.918Z - info: Building assets...
2025-04-11T18:21:06.059Z - info: Assets built
2025-04-11T18:21:06.059Z - info: Generating pages...
2025-04-11T18:21:12.062Z - debug:  
2025-04-11T18:21:12.435Z - debug: 2025-04-12 02:21:08.930 java[49339:2113762] +[IMKClient subclass]: chose IMKClient_Modern
2025-04-12 02:21:08.931 java[49339:2113762] +[IMKInputSession subclass]: chose IMKInputSession_Modern

2025-04-11T18:21:12.435Z - debug:  
2025-04-11T18:21:12.435Z - debug:  
2025-04-11T18:21:12.436Z - debug:  
2025-04-11T18:21:12.436Z - debug:  
2025-04-11T18:21:12.436Z - debug:  
2025-04-11T18:21:12.436Z - debug:  
2025-04-11T18:21:12.436Z - debug:  
2025-04-11T18:21:12.436Z - debug:  
2025-04-11T18:21:12.436Z - debug: 2025-04-12 02:21:10.092 java[49363:2113993] +[IMKClient subclass]: chose IMKClient_Modern
2025-04-12 02:21:10.092 java[49363:2113993] +[IMKInputSession subclass]: chose IMKInputSession_Modern

2025-04-11T18:21:12.436Z - debug:  
2025-04-11T18:21:12.436Z - debug:  
2025-04-11T18:21:12.436Z - debug:  
2025-04-11T18:21:12.549Z - debug:  
2025-04-11T18:21:12.550Z - debug:  
2025-04-11T18:21:13.033Z - debug: 2025-04-12 02:21:12.680 java[49402:2114710] +[IMKClient subclass]: chose IMKClient_Modern
2025-04-12 02:21:12.680 java[49402:2114710] +[IMKInputSession subclass]: chose IMKInputSession_Modern

2025-04-11T18:21:22.604Z - debug: 2025-04-12 02:21:22.252 java[49429:2115122] +[IMKClient subclass]: chose IMKClient_Modern
2025-04-12 02:21:22.252 java[49429:2115122] +[IMKInputSession subclass]: chose IMKInputSession_Modern

2025-04-11T18:22:06.434Z - error:  Error: No such segment '#exam-briefing-video' in file: /Users/damithch/Repos/nus-cs2103/cs2103-website-base/admin/courseBriefings.md
Missing reference in /Users/damithch/Repos/nus-cs2103/cs2103-website-base/admin/exams.md
    at processInclude (/opt/homebrew/lib/node_modules/markbind-cli/node_modules/@markbind/core/src/html/includePanelProcessor.js:238:27)
    at NodeProcessor.processNode (/opt/homebrew/lib/node_modules/markbind-cli/node_modules/@markbind/core/src/html/NodeProcessor.js:173:71)
    at NodeProcessor.traverse (/opt/homebrew/lib/node_modules/markbind-cli/node_modules/@markbind/core/src/html/NodeProcessor.js:342:24)
    at /opt/homebrew/lib/node_modules/markbind-cli/node_modules/@markbind/core/src/html/NodeProcessor.js:346:22
    at Array.forEach (<anonymous>)
    at NodeProcessor.traverse (/opt/homebrew/lib/node_modules/markbind-cli/node_modules/@markbind/core/src/html/NodeProcessor.js:345:27)
    at /opt/homebrew/lib/node_modules/markbind-cli/node_modules/@markbind/core/src/html/NodeProcessor.js:346:22
    at Array.forEach (<anonymous>)
    at NodeProcessor.traverse (/opt/homebrew/lib/node_modules/markbind-cli/node_modules/@markbind/core/src/html/NodeProcessor.js:345:27)
    at /opt/homebrew/lib/node_modules/markbind-cli/node_modules/@markbind/core/src/html/NodeProcessor.js:346:22
    at Array.forEach (<anonymous>)
    at NodeProcessor.traverse (/opt/homebrew/lib/node_modules/markbind-cli/node_modules/@markbind/core/src/html/NodeProcessor.js:345:27)
    at /opt/homebrew/lib/node_modules/markbind-cli/node_modules/@markbind/core/src/html/NodeProcessor.js:346:22
    at Array.forEach (<anonymous>)
    at NodeProcessor.traverse (/opt/homebrew/lib/node_modules/markbind-cli/node_modules/@markbind/core/src/html/NodeProcessor.js:345:27)
    at /opt/homebrew/lib/node_modules/markbind-cli/node_modules/@markbind/core/src/html/NodeProcessor.js:346:22
2025-04-11T18:22:06.470Z - error:  Error: No such segment '#exam-briefing-video' in file: /Users/damithch/Repos/nus-cs2103/cs2103-website-base/admin/courseBriefings.md
Missing reference in /Users/damithch/Repos/nus-cs2103/cs2103-website-base/admin/exams.md
    at processInclude (/opt/homebrew/lib/node_modules/markbind-cli/node_modules/@markbind/core/src/html/includePanelProcessor.js:238:27)
    at NodeProcessor.processNode (/opt/homebrew/lib/node_modules/markbind-cli/node_modules/@markbind/core/src/html/NodeProcessor.js:173:71)
    at NodeProcessor.traverse (/opt/homebrew/lib/node_modules/markbind-cli/node_modules/@markbind/core/src/html/NodeProcessor.js:342:24)
    at /opt/homebrew/lib/node_modules/markbind-cli/node_modules/@markbind/core/src/html/NodeProcessor.js:346:22
    at Array.forEach (<anonymous>)
    at NodeProcessor.traverse (/opt/homebrew/lib/node_modules/markbind-cli/node_modules/@markbind/core/src/html/NodeProcessor.js:345:27)
    at /opt/homebrew/lib/node_modules/markbind-cli/node_modules/@markbind/core/src/html/NodeProcessor.js:346:22
    at Array.forEach (<anonymous>)
    at NodeProcessor.traverse (/opt/homebrew/lib/node_modules/markbind-cli/node_modules/@markbind/core/src/html/NodeProcessor.js:345:27)
    at /opt/homebrew/lib/node_modules/markbind-cli/node_modules/@markbind/core/src/html/NodeProcessor.js:346:22
    at Array.forEach (<anonymous>)
    at NodeProcessor.traverse (/opt/homebrew/lib/node_modules/markbind-cli/node_modules/@markbind/core/src/html/NodeProcessor.js:345:27)
    at /opt/homebrew/lib/node_modules/markbind-cli/node_modules/@markbind/core/src/html/NodeProcessor.js:346:22
    at Array.forEach (<anonymous>)
    at NodeProcessor.traverse (/opt/homebrew/lib/node_modules/markbind-cli/node_modules/@markbind/core/src/html/NodeProcessor.js:345:27)
    at /opt/homebrew/lib/node_modules/markbind-cli/node_modules/@markbind/core/src/html/NodeProcessor.js:346:22
2025-04-11T18:22:06.968Z - error:  Error: No such segment '#exam-briefing-video' in file: /Users/damithch/Repos/nus-cs2103/cs2103-website-base/admin/courseBriefings.md
Missing reference in /Users/damithch/Repos/nus-cs2103/cs2103-website-base/admin/exams.md
    at processInclude (/opt/homebrew/lib/node_modules/markbind-cli/node_modules/@markbind/core/src/html/includePanelProcessor.js:238:27)
    at NodeProcessor.processNode (/opt/homebrew/lib/node_modules/markbind-cli/node_modules/@markbind/core/src/html/NodeProcessor.js:173:71)
    at NodeProcessor.traverse (/opt/homebrew/lib/node_modules/markbind-cli/node_modules/@markbind/core/src/html/NodeProcessor.js:342:24)
    at /opt/homebrew/lib/node_modules/markbind-cli/node_modules/@markbind/core/src/html/NodeProcessor.js:346:22
    at Array.forEach (<anonymous>)
    at NodeProcessor.traverse (/opt/homebrew/lib/node_modules/markbind-cli/node_modules/@markbind/core/src/html/NodeProcessor.js:345:27)
    at /opt/homebrew/lib/node_modules/markbind-cli/node_modules/@markbind/core/src/html/NodeProcessor.js:346:22
    at Array.forEach (<anonymous>)
    at NodeProcessor.traverse (/opt/homebrew/lib/node_modules/markbind-cli/node_modules/@markbind/core/src/html/NodeProcessor.js:345:27)
    at /opt/homebrew/lib/node_modules/markbind-cli/node_modules/@markbind/core/src/html/NodeProcessor.js:346:22
    at Array.forEach (<anonymous>)
    at NodeProcessor.traverse (/opt/homebrew/lib/node_modules/markbind-cli/node_modules/@markbind/core/src/html/NodeProcessor.js:345:27)
    at /opt/homebrew/lib/node_modules/markbind-cli/node_modules/@markbind/core/src/html/NodeProcessor.js:346:22
    at Array.forEach (<anonymous>)
    at NodeProcessor.traverse (/opt/homebrew/lib/node_modules/markbind-cli/node_modules/@markbind/core/src/html/NodeProcessor.js:345:27)
    at /opt/homebrew/lib/node_modules/markbind-cli/node_modules/@markbind/core/src/html/NodeProcessor.js:346:22
2025-04-11T18:22:07.003Z - error:  Error: No such segment '#exam-briefing-video' in file: /Users/damithch/Repos/nus-cs2103/cs2103-website-base/admin/courseBriefings.md
Missing reference in /Users/damithch/Repos/nus-cs2103/cs2103-website-base/admin/exams.md
    at processInclude (/opt/homebrew/lib/node_modules/markbind-cli/node_modules/@markbind/core/src/html/includePanelProcessor.js:238:27)
    at NodeProcessor.processNode (/opt/homebrew/lib/node_modules/markbind-cli/node_modules/@markbind/core/src/html/NodeProcessor.js:173:71)
    at NodeProcessor.traverse (/opt/homebrew/lib/node_modules/markbind-cli/node_modules/@markbind/core/src/html/NodeProcessor.js:342:24)
    at /opt/homebrew/lib/node_modules/markbind-cli/node_modules/@markbind/core/src/html/NodeProcessor.js:346:22
    at Array.forEach (<anonymous>)
    at NodeProcessor.traverse (/opt/homebrew/lib/node_modules/markbind-cli/node_modules/@markbind/core/src/html/NodeProcessor.js:345:27)
    at /opt/homebrew/lib/node_modules/markbind-cli/node_modules/@markbind/core/src/html/NodeProcessor.js:346:22
    at Array.forEach (<anonymous>)
    at NodeProcessor.traverse (/opt/homebrew/lib/node_modules/markbind-cli/node_modules/@markbind/core/src/html/NodeProcessor.js:345:27)
    at /opt/homebrew/lib/node_modules/markbind-cli/node_modules/@markbind/core/src/html/NodeProcessor.js:346:22
    at Array.forEach (<anonymous>)
    at NodeProcessor.traverse (/opt/homebrew/lib/node_modules/markbind-cli/node_modules/@markbind/core/src/html/NodeProcessor.js:345:27)
    at /opt/homebrew/lib/node_modules/markbind-cli/node_modules/@markbind/core/src/html/NodeProcessor.js:346:22
    at Array.forEach (<anonymous>)
    at NodeProcessor.traverse (/opt/homebrew/lib/node_modules/markbind-cli/node_modules/@markbind/core/src/html/NodeProcessor.js:345:27)
    at /opt/homebrew/lib/node_modules/markbind-cli/node_modules/@markbind/core/src/html/NodeProcessor.js:346:22
2025-04-11T18:22:07.842Z - debug: 2025-04-12 02:22:07.397 java[49456:2116268] +[IMKClient subclass]: chose IMKClient_Modern
2025-04-12 02:22:07.397 java[49456:2116268] +[IMKInputSession subclass]: chose IMKInputSession_Modern

2025-04-11T18:22:39.499Z - info: Website generation (lazy) started at 02:22:38
2025-04-11T18:22:39.771Z - warn: ENOENT: no such file or directory, open '/Users/damithch/Repos/nus-cs2103/cs2103-website-base/node_modules/.cache/gh-pages/https!github.com!nus-cs2103-AY2425S2!website.git/book/_markbind/variables.md'
2025-04-11T18:22:39.771Z - warn: ENOENT: no such file or directory, open '/Users/damithch/Repos/nus-cs2103/cs2103-website-base/node_modules/.cache/gh-pages/https!github.com!nus-cs2103-AY2425S2!website.git/_markbind/variables.md'
2025-04-11T18:22:39.791Z - info: Building assets...
2025-04-11T18:22:41.176Z - info: Assets built
2025-04-11T18:22:41.176Z - info: Generating landing page...
2025-04-11T18:22:41.476Z - info: Landing page built, other pages will be built as you navigate to them!
2025-04-11T18:22:41.543Z - info: Site data built
2025-04-11T18:22:41.543Z - info: Website generation (lazy) complete! Total build time: 2.674s
2025-04-11T18:22:41.552Z - info: Serving "/Users/damithch/Repos/nus-cs2103/cs2103-website-base/_site" at http://127.0.0.1:8080
2025-04-11T18:22:41.552Z - info: Press CTRL+C to stop ...
2025-04-11T18:23:03.261Z - info: Website generation started at 02:23:02
2025-04-11T18:23:03.452Z - warn: ENOENT: no such file or directory, open '/Users/damithch/Repos/nus-cs2103/cs2103-website-base/node_modules/.cache/gh-pages/https!github.com!nus-cs2103-AY2425S2!website.git/book/_markbind/variables.md'
2025-04-11T18:23:03.452Z - warn: ENOENT: no such file or directory, open '/Users/damithch/Repos/nus-cs2103/cs2103-website-base/node_modules/.cache/gh-pages/https!github.com!nus-cs2103-AY2425S2!website.git/_markbind/variables.md'
2025-04-11T18:23:03.472Z - info: Building assets...
2025-04-11T18:23:04.806Z - info: Assets built
2025-04-11T18:23:04.807Z - info: Generating pages...
2025-04-11T18:23:11.124Z - debug: 2025-04-12 02:23:07.837 java[49649:2119160] +[IMKClient subclass]: chose IMKClient_Modern
2025-04-12 02:23:07.837 java[49649:2119160] +[IMKInputSession subclass]: chose IMKInputSession_Modern

2025-04-11T18:23:11.516Z - debug:  
2025-04-11T18:23:11.517Z - debug:  
2025-04-11T18:23:11.517Z - debug:  
2025-04-11T18:23:11.517Z - debug:  
2025-04-11T18:23:11.517Z - debug:  
2025-04-11T18:23:11.517Z - debug:  
2025-04-11T18:23:11.518Z - debug:  
2025-04-11T18:23:11.518Z - debug:  
2025-04-11T18:23:11.518Z - debug:  
2025-04-11T18:23:11.518Z - debug:  
2025-04-11T18:23:11.519Z - debug: 2025-04-12 02:23:09.204 java[49675:2119416] +[IMKClient subclass]: chose IMKClient_Modern
2025-04-12 02:23:09.204 java[49675:2119416] +[IMKInputSession subclass]: chose IMKInputSession_Modern

2025-04-11T18:23:11.519Z - debug:  
2025-04-11T18:23:11.519Z - debug:  
2025-04-11T18:23:11.519Z - debug:  
2025-04-11T18:23:11.519Z - debug:  
2025-04-11T18:23:12.131Z - debug: 2025-04-12 02:23:11.744 java[49704:2120130] +[IMKClient subclass]: chose IMKClient_Modern
2025-04-12 02:23:11.744 java[49704:2120130] +[IMKInputSession subclass]: chose IMKInputSession_Modern

2025-04-11T18:23:21.529Z - debug: 2025-04-12 02:23:20.755 java[49719:2120347] +[IMKClient subclass]: chose IMKClient_Modern
2025-04-12 02:23:20.755 java[49719:2120347] +[IMKInputSession subclass]: chose IMKInputSession_Modern

2025-04-11T18:24:04.267Z - error:  Error: No such segment '#exam-briefing-video' in file: /Users/damithch/Repos/nus-cs2103/cs2103-website-base/admin/courseBriefings.md
Missing reference in /Users/damithch/Repos/nus-cs2103/cs2103-website-base/admin/exams.md
    at processInclude (/opt/homebrew/lib/node_modules/markbind-cli/node_modules/@markbind/core/src/html/includePanelProcessor.js:238:27)
    at NodeProcessor.processNode (/opt/homebrew/lib/node_modules/markbind-cli/node_modules/@markbind/core/src/html/NodeProcessor.js:173:71)
    at NodeProcessor.traverse (/opt/homebrew/lib/node_modules/markbind-cli/node_modules/@markbind/core/src/html/NodeProcessor.js:342:24)
    at /opt/homebrew/lib/node_modules/markbind-cli/node_modules/@markbind/core/src/html/NodeProcessor.js:346:22
    at Array.forEach (<anonymous>)
    at NodeProcessor.traverse (/opt/homebrew/lib/node_modules/markbind-cli/node_modules/@markbind/core/src/html/NodeProcessor.js:345:27)
    at /opt/homebrew/lib/node_modules/markbind-cli/node_modules/@markbind/core/src/html/NodeProcessor.js:346:22
    at Array.forEach (<anonymous>)
    at NodeProcessor.traverse (/opt/homebrew/lib/node_modules/markbind-cli/node_modules/@markbind/core/src/html/NodeProcessor.js:345:27)
    at /opt/homebrew/lib/node_modules/markbind-cli/node_modules/@markbind/core/src/html/NodeProcessor.js:346:22
    at Array.forEach (<anonymous>)
    at NodeProcessor.traverse (/opt/homebrew/lib/node_modules/markbind-cli/node_modules/@markbind/core/src/html/NodeProcessor.js:345:27)
    at /opt/homebrew/lib/node_modules/markbind-cli/node_modules/@markbind/core/src/html/NodeProcessor.js:346:22
    at Array.forEach (<anonymous>)
    at NodeProcessor.traverse (/opt/homebrew/lib/node_modules/markbind-cli/node_modules/@markbind/core/src/html/NodeProcessor.js:345:27)
    at /opt/homebrew/lib/node_modules/markbind-cli/node_modules/@markbind/core/src/html/NodeProcessor.js:346:22
2025-04-11T18:24:04.305Z - error:  Error: No such segment '#exam-briefing-video' in file: /Users/damithch/Repos/nus-cs2103/cs2103-website-base/admin/courseBriefings.md
Missing reference in /Users/damithch/Repos/nus-cs2103/cs2103-website-base/admin/exams.md
    at processInclude (/opt/homebrew/lib/node_modules/markbind-cli/node_modules/@markbind/core/src/html/includePanelProcessor.js:238:27)
    at NodeProcessor.processNode (/opt/homebrew/lib/node_modules/markbind-cli/node_modules/@markbind/core/src/html/NodeProcessor.js:173:71)
    at NodeProcessor.traverse (/opt/homebrew/lib/node_modules/markbind-cli/node_modules/@markbind/core/src/html/NodeProcessor.js:342:24)
    at /opt/homebrew/lib/node_modules/markbind-cli/node_modules/@markbind/core/src/html/NodeProcessor.js:346:22
    at Array.forEach (<anonymous>)
    at NodeProcessor.traverse (/opt/homebrew/lib/node_modules/markbind-cli/node_modules/@markbind/core/src/html/NodeProcessor.js:345:27)
    at /opt/homebrew/lib/node_modules/markbind-cli/node_modules/@markbind/core/src/html/NodeProcessor.js:346:22
    at Array.forEach (<anonymous>)
    at NodeProcessor.traverse (/opt/homebrew/lib/node_modules/markbind-cli/node_modules/@markbind/core/src/html/NodeProcessor.js:345:27)
    at /opt/homebrew/lib/node_modules/markbind-cli/node_modules/@markbind/core/src/html/NodeProcessor.js:346:22
    at Array.forEach (<anonymous>)
    at NodeProcessor.traverse (/opt/homebrew/lib/node_modules/markbind-cli/node_modules/@markbind/core/src/html/NodeProcessor.js:345:27)
    at /opt/homebrew/lib/node_modules/markbind-cli/node_modules/@markbind/core/src/html/NodeProcessor.js:346:22
    at Array.forEach (<anonymous>)
    at NodeProcessor.traverse (/opt/homebrew/lib/node_modules/markbind-cli/node_modules/@markbind/core/src/html/NodeProcessor.js:345:27)
    at /opt/homebrew/lib/node_modules/markbind-cli/node_modules/@markbind/core/src/html/NodeProcessor.js:346:22
2025-04-11T18:24:04.861Z - error:  Error: No such segment '#exam-briefing-video' in file: /Users/damithch/Repos/nus-cs2103/cs2103-website-base/admin/courseBriefings.md
Missing reference in /Users/damithch/Repos/nus-cs2103/cs2103-website-base/admin/exams.md
    at processInclude (/opt/homebrew/lib/node_modules/markbind-cli/node_modules/@markbind/core/src/html/includePanelProcessor.js:238:27)
    at NodeProcessor.processNode (/opt/homebrew/lib/node_modules/markbind-cli/node_modules/@markbind/core/src/html/NodeProcessor.js:173:71)
    at NodeProcessor.traverse (/opt/homebrew/lib/node_modules/markbind-cli/node_modules/@markbind/core/src/html/NodeProcessor.js:342:24)
    at /opt/homebrew/lib/node_modules/markbind-cli/node_modules/@markbind/core/src/html/NodeProcessor.js:346:22
    at Array.forEach (<anonymous>)
    at NodeProcessor.traverse (/opt/homebrew/lib/node_modules/markbind-cli/node_modules/@markbind/core/src/html/NodeProcessor.js:345:27)
    at /opt/homebrew/lib/node_modules/markbind-cli/node_modules/@markbind/core/src/html/NodeProcessor.js:346:22
    at Array.forEach (<anonymous>)
    at NodeProcessor.traverse (/opt/homebrew/lib/node_modules/markbind-cli/node_modules/@markbind/core/src/html/NodeProcessor.js:345:27)
    at /opt/homebrew/lib/node_modules/markbind-cli/node_modules/@markbind/core/src/html/NodeProcessor.js:346:22
    at Array.forEach (<anonymous>)
    at NodeProcessor.traverse (/opt/homebrew/lib/node_modules/markbind-cli/node_modules/@markbind/core/src/html/NodeProcessor.js:345:27)
    at /opt/homebrew/lib/node_modules/markbind-cli/node_modules/@markbind/core/src/html/NodeProcessor.js:346:22
    at Array.forEach (<anonymous>)
    at NodeProcessor.traverse (/opt/homebrew/lib/node_modules/markbind-cli/node_modules/@markbind/core/src/html/NodeProcessor.js:345:27)
    at /opt/homebrew/lib/node_modules/markbind-cli/node_modules/@markbind/core/src/html/NodeProcessor.js:346:22
2025-04-11T18:24:04.898Z - error:  Error: No such segment '#exam-briefing-video' in file: /Users/damithch/Repos/nus-cs2103/cs2103-website-base/admin/courseBriefings.md
Missing reference in /Users/damithch/Repos/nus-cs2103/cs2103-website-base/admin/exams.md
    at processInclude (/opt/homebrew/lib/node_modules/markbind-cli/node_modules/@markbind/core/src/html/includePanelProcessor.js:238:27)
    at NodeProcessor.processNode (/opt/homebrew/lib/node_modules/markbind-cli/node_modules/@markbind/core/src/html/NodeProcessor.js:173:71)
    at NodeProcessor.traverse (/opt/homebrew/lib/node_modules/markbind-cli/node_modules/@markbind/core/src/html/NodeProcessor.js:342:24)
    at /opt/homebrew/lib/node_modules/markbind-cli/node_modules/@markbind/core/src/html/NodeProcessor.js:346:22
    at Array.forEach (<anonymous>)
    at NodeProcessor.traverse (/opt/homebrew/lib/node_modules/markbind-cli/node_modules/@markbind/core/src/html/NodeProcessor.js:345:27)
    at /opt/homebrew/lib/node_modules/markbind-cli/node_modules/@markbind/core/src/html/NodeProcessor.js:346:22
    at Array.forEach (<anonymous>)
    at NodeProcessor.traverse (/opt/homebrew/lib/node_modules/markbind-cli/node_modules/@markbind/core/src/html/NodeProcessor.js:345:27)
    at /opt/homebrew/lib/node_modules/markbind-cli/node_modules/@markbind/core/src/html/NodeProcessor.js:346:22
    at Array.forEach (<anonymous>)
    at NodeProcessor.traverse (/opt/homebrew/lib/node_modules/markbind-cli/node_modules/@markbind/core/src/html/NodeProcessor.js:345:27)
    at /opt/homebrew/lib/node_modules/markbind-cli/node_modules/@markbind/core/src/html/NodeProcessor.js:346:22
    at Array.forEach (<anonymous>)
    at NodeProcessor.traverse (/opt/homebrew/lib/node_modules/markbind-cli/node_modules/@markbind/core/src/html/NodeProcessor.js:345:27)
    at /opt/homebrew/lib/node_modules/markbind-cli/node_modules/@markbind/core/src/html/NodeProcessor.js:346:22
2025-04-11T18:24:07.588Z - debug: 2025-04-12 02:24:05.258 java[49752:2121687] +[IMKClient subclass]: chose IMKClient_Modern
2025-04-12 02:24:05.258 java[49752:2121687] +[IMKInputSession subclass]: chose IMKInputSession_Modern

2025-04-11T18:24:16.927Z - info: Website generation started at 02:24:16
2025-04-11T18:24:17.122Z - warn: ENOENT: no such file or directory, open '/Users/damithch/Repos/nus-cs2103/cs2103-website-base/node_modules/.cache/gh-pages/https!github.com!nus-cs2103-AY2425S2!website.git/book/_markbind/variables.md'
2025-04-11T18:24:17.123Z - warn: ENOENT: no such file or directory, open '/Users/damithch/Repos/nus-cs2103/cs2103-website-base/node_modules/.cache/gh-pages/https!github.com!nus-cs2103-AY2425S2!website.git/_markbind/variables.md'
2025-04-11T18:24:17.142Z - info: Building assets...
2025-04-11T18:24:18.545Z - info: Assets built
2025-04-11T18:24:18.546Z - info: Generating pages...
2025-04-11T18:24:24.354Z - debug:  
2025-04-11T18:24:24.950Z - debug: 2025-04-12 02:24:21.465 java[49835:2122621] +[IMKClient subclass]: chose IMKClient_Modern
2025-04-12 02:24:21.465 java[49835:2122621] +[IMKInputSession subclass]: chose IMKInputSession_Modern

2025-04-11T18:24:24.950Z - debug:  
2025-04-11T18:24:24.950Z - debug:  
2025-04-11T18:24:24.950Z - debug:  
2025-04-11T18:24:24.950Z - debug:  
2025-04-11T18:24:24.950Z - debug:  
2025-04-11T18:24:24.950Z - debug:  
2025-04-11T18:24:24.950Z - debug: 2025-04-12 02:24:22.738 java[49852:2122749] +[IMKClient subclass]: chose IMKClient_Modern
2025-04-12 02:24:22.738 java[49852:2122749] +[IMKInputSession subclass]: chose IMKInputSession_Modern

2025-04-11T18:24:24.950Z - debug:  
2025-04-11T18:24:24.950Z - debug:  
2025-04-11T18:24:24.950Z - debug:  
2025-04-11T18:24:24.950Z - debug:  
2025-04-11T18:24:24.950Z - debug:  
2025-04-11T18:24:24.950Z - debug:  
2025-04-11T18:24:24.951Z - debug:  
2025-04-11T18:24:26.197Z - debug: 2025-04-12 02:24:25.228 java[49906:2123707] +[IMKClient subclass]: chose IMKClient_Modern
2025-04-12 02:24:25.228 java[49906:2123707] +[IMKInputSession subclass]: chose IMKInputSession_Modern

2025-04-11T18:24:35.399Z - debug: 2025-04-12 02:24:35.041 java[49944:2124131] +[IMKClient subclass]: chose IMKClient_Modern
2025-04-12 02:24:35.041 java[49944:2124131] +[IMKInputSession subclass]: chose IMKInputSession_Modern

2025-04-11T18:25:20.607Z - error:  Error: No such segment '#topics-video' in file: /Users/damithch/Repos/nus-cs2103/cs2103-website-base/admin/courseBriefings.md
Missing reference in /Users/damithch/Repos/nus-cs2103/cs2103-website-base/admin/exams.md
    at processInclude (/opt/homebrew/lib/node_modules/markbind-cli/node_modules/@markbind/core/src/html/includePanelProcessor.js:238:27)
    at NodeProcessor.processNode (/opt/homebrew/lib/node_modules/markbind-cli/node_modules/@markbind/core/src/html/NodeProcessor.js:173:71)
    at NodeProcessor.traverse (/opt/homebrew/lib/node_modules/markbind-cli/node_modules/@markbind/core/src/html/NodeProcessor.js:342:24)
    at /opt/homebrew/lib/node_modules/markbind-cli/node_modules/@markbind/core/src/html/NodeProcessor.js:346:22
    at Array.forEach (<anonymous>)
    at NodeProcessor.traverse (/opt/homebrew/lib/node_modules/markbind-cli/node_modules/@markbind/core/src/html/NodeProcessor.js:345:27)
    at /opt/homebrew/lib/node_modules/markbind-cli/node_modules/@markbind/core/src/html/NodeProcessor.js:346:22
    at Array.forEach (<anonymous>)
    at NodeProcessor.traverse (/opt/homebrew/lib/node_modules/markbind-cli/node_modules/@markbind/core/src/html/NodeProcessor.js:345:27)
    at /opt/homebrew/lib/node_modules/markbind-cli/node_modules/@markbind/core/src/html/NodeProcessor.js:346:22
    at Array.forEach (<anonymous>)
    at NodeProcessor.traverse (/opt/homebrew/lib/node_modules/markbind-cli/node_modules/@markbind/core/src/html/NodeProcessor.js:345:27)
    at /opt/homebrew/lib/node_modules/markbind-cli/node_modules/@markbind/core/src/html/NodeProcessor.js:346:22
    at Array.forEach (<anonymous>)
    at NodeProcessor.traverse (/opt/homebrew/lib/node_modules/markbind-cli/node_modules/@markbind/core/src/html/NodeProcessor.js:345:27)
    at /opt/homebrew/lib/node_modules/markbind-cli/node_modules/@markbind/core/src/html/NodeProcessor.js:346:22
2025-04-11T18:25:21.253Z - error:  Error: No such segment '#topics-video' in file: /Users/damithch/Repos/nus-cs2103/cs2103-website-base/admin/courseBriefings.md
Missing reference in /Users/damithch/Repos/nus-cs2103/cs2103-website-base/admin/exams.md
    at processInclude (/opt/homebrew/lib/node_modules/markbind-cli/node_modules/@markbind/core/src/html/includePanelProcessor.js:238:27)
    at NodeProcessor.processNode (/opt/homebrew/lib/node_modules/markbind-cli/node_modules/@markbind/core/src/html/NodeProcessor.js:173:71)
    at NodeProcessor.traverse (/opt/homebrew/lib/node_modules/markbind-cli/node_modules/@markbind/core/src/html/NodeProcessor.js:342:24)
    at /opt/homebrew/lib/node_modules/markbind-cli/node_modules/@markbind/core/src/html/NodeProcessor.js:346:22
    at Array.forEach (<anonymous>)
    at NodeProcessor.traverse (/opt/homebrew/lib/node_modules/markbind-cli/node_modules/@markbind/core/src/html/NodeProcessor.js:345:27)
    at /opt/homebrew/lib/node_modules/markbind-cli/node_modules/@markbind/core/src/html/NodeProcessor.js:346:22
    at Array.forEach (<anonymous>)
    at NodeProcessor.traverse (/opt/homebrew/lib/node_modules/markbind-cli/node_modules/@markbind/core/src/html/NodeProcessor.js:345:27)
    at /opt/homebrew/lib/node_modules/markbind-cli/node_modules/@markbind/core/src/html/NodeProcessor.js:346:22
    at Array.forEach (<anonymous>)
    at NodeProcessor.traverse (/opt/homebrew/lib/node_modules/markbind-cli/node_modules/@markbind/core/src/html/NodeProcessor.js:345:27)
    at /opt/homebrew/lib/node_modules/markbind-cli/node_modules/@markbind/core/src/html/NodeProcessor.js:346:22
    at Array.forEach (<anonymous>)
    at NodeProcessor.traverse (/opt/homebrew/lib/node_modules/markbind-cli/node_modules/@markbind/core/src/html/NodeProcessor.js:345:27)
    at /opt/homebrew/lib/node_modules/markbind-cli/node_modules/@markbind/core/src/html/NodeProcessor.js:346:22
2025-04-11T18:25:24.062Z - debug: 2025-04-12 02:25:21.586 java[50097:2126560] +[IMKClient subclass]: chose IMKClient_Modern
2025-04-12 02:25:21.587 java[50097:2126560] +[IMKInputSession subclass]: chose IMKInputSession_Modern

2025-04-11T18:25:35.528Z - debug: 2025-04-12 02:25:34.565 java[50110:2126984] +[IMKClient subclass]: chose IMKClient_Modern
2025-04-12 02:25:34.565 java[50110:2126984] +[IMKInputSession subclass]: chose IMKInputSession_Modern

2025-04-11T18:25:35.548Z - debug:  
2025-04-11T18:25:42.939Z - error:  Error: No such segment '#topics-video' in file: /Users/damithch/Repos/nus-cs2103/cs2103-website-base/admin/courseBriefings.md
Missing reference in /Users/damithch/Repos/nus-cs2103/cs2103-website-base/admin/exams.md
    at processInclude (/opt/homebrew/lib/node_modules/markbind-cli/node_modules/@markbind/core/src/html/includePanelProcessor.js:238:27)
    at NodeProcessor.processNode (/opt/homebrew/lib/node_modules/markbind-cli/node_modules/@markbind/core/src/html/NodeProcessor.js:173:71)
    at NodeProcessor.traverse (/opt/homebrew/lib/node_modules/markbind-cli/node_modules/@markbind/core/src/html/NodeProcessor.js:342:24)
    at /opt/homebrew/lib/node_modules/markbind-cli/node_modules/@markbind/core/src/html/NodeProcessor.js:346:22
    at Array.forEach (<anonymous>)
    at NodeProcessor.traverse (/opt/homebrew/lib/node_modules/markbind-cli/node_modules/@markbind/core/src/html/NodeProcessor.js:345:27)
    at /opt/homebrew/lib/node_modules/markbind-cli/node_modules/@markbind/core/src/html/NodeProcessor.js:346:22
    at Array.forEach (<anonymous>)
    at NodeProcessor.traverse (/opt/homebrew/lib/node_modules/markbind-cli/node_modules/@markbind/core/src/html/NodeProcessor.js:345:27)
    at /opt/homebrew/lib/node_modules/markbind-cli/node_modules/@markbind/core/src/html/NodeProcessor.js:346:22
    at Array.forEach (<anonymous>)
    at NodeProcessor.traverse (/opt/homebrew/lib/node_modules/markbind-cli/node_modules/@markbind/core/src/html/NodeProcessor.js:345:27)
    at /opt/homebrew/lib/node_modules/markbind-cli/node_modules/@markbind/core/src/html/NodeProcessor.js:346:22
    at Array.forEach (<anonymous>)
    at NodeProcessor.traverse (/opt/homebrew/lib/node_modules/markbind-cli/node_modules/@markbind/core/src/html/NodeProcessor.js:345:27)
    at /opt/homebrew/lib/node_modules/markbind-cli/node_modules/@markbind/core/src/html/NodeProcessor.js:346:22
2025-04-11T18:25:43.073Z - error:  Error: No such segment '#topics-video' in file: /Users/damithch/Repos/nus-cs2103/cs2103-website-base/admin/courseBriefings.md
Missing reference in /Users/damithch/Repos/nus-cs2103/cs2103-website-base/admin/exams.md
    at processInclude (/opt/homebrew/lib/node_modules/markbind-cli/node_modules/@markbind/core/src/html/includePanelProcessor.js:238:27)
    at NodeProcessor.processNode (/opt/homebrew/lib/node_modules/markbind-cli/node_modules/@markbind/core/src/html/NodeProcessor.js:173:71)
    at NodeProcessor.traverse (/opt/homebrew/lib/node_modules/markbind-cli/node_modules/@markbind/core/src/html/NodeProcessor.js:342:24)
    at /opt/homebrew/lib/node_modules/markbind-cli/node_modules/@markbind/core/src/html/NodeProcessor.js:346:22
    at Array.forEach (<anonymous>)
    at NodeProcessor.traverse (/opt/homebrew/lib/node_modules/markbind-cli/node_modules/@markbind/core/src/html/NodeProcessor.js:345:27)
    at /opt/homebrew/lib/node_modules/markbind-cli/node_modules/@markbind/core/src/html/NodeProcessor.js:346:22
    at Array.forEach (<anonymous>)
    at NodeProcessor.traverse (/opt/homebrew/lib/node_modules/markbind-cli/node_modules/@markbind/core/src/html/NodeProcessor.js:345:27)
    at /opt/homebrew/lib/node_modules/markbind-cli/node_modules/@markbind/core/src/html/NodeProcessor.js:346:22
    at Array.forEach (<anonymous>)
    at NodeProcessor.traverse (/opt/homebrew/lib/node_modules/markbind-cli/node_modules/@markbind/core/src/html/NodeProcessor.js:345:27)
    at /opt/homebrew/lib/node_modules/markbind-cli/node_modules/@markbind/core/src/html/NodeProcessor.js:346:22
    at Array.forEach (<anonymous>)
    at NodeProcessor.traverse (/opt/homebrew/lib/node_modules/markbind-cli/node_modules/@markbind/core/src/html/NodeProcessor.js:345:27)
    at /opt/homebrew/lib/node_modules/markbind-cli/node_modules/@markbind/core/src/html/NodeProcessor.js:370:42
2025-04-11T18:25:43.522Z - info: Pages built
2025-04-11T18:25:43.614Z - info: Site data built
2025-04-11T18:25:43.614Z - info: Website generation complete! Total build time: 87.281s
2025-04-11T18:25:43.614Z - info: Build success!
2025-04-11T18:27:29.218Z - info: Website generation started at 02:27:28
2025-04-11T18:27:29.503Z - warn: ENOENT: no such file or directory, open '/Users/damithch/Repos/nus-cs2103/cs2103-website-base/node_modules/.cache/gh-pages/https!github.com!nus-cs2103-AY2425S2!website.git/book/_markbind/variables.md'
2025-04-11T18:27:29.503Z - warn: ENOENT: no such file or directory, open '/Users/damithch/Repos/nus-cs2103/cs2103-website-base/node_modules/.cache/gh-pages/https!github.com!nus-cs2103-AY2425S2!website.git/_markbind/variables.md'
2025-04-11T18:27:29.523Z - info: Building assets...
2025-04-11T18:27:30.944Z - info: Assets built
2025-04-11T18:27:30.945Z - info: Generating pages...
2025-04-11T18:27:37.951Z - debug:  
2025-04-11T18:27:37.951Z - debug: 2025-04-12 02:27:34.088 java[50228:2130778] +[IMKClient subclass]: chose IMKClient_Modern
2025-04-12 02:27:34.088 java[50228:2130778] +[IMKInputSession subclass]: chose IMKInputSession_Modern

2025-04-11T18:27:37.951Z - debug:  
2025-04-11T18:27:37.951Z - debug:  
2025-04-11T18:27:37.951Z - debug:  
2025-04-11T18:27:37.951Z - debug:  
2025-04-11T18:27:37.951Z - debug:  
2025-04-11T18:27:37.951Z - debug:  
2025-04-11T18:27:37.951Z - debug:  
2025-04-11T18:27:37.951Z - debug:  
2025-04-11T18:27:37.951Z - debug:  
2025-04-11T18:27:37.951Z - debug:  
2025-04-11T18:27:37.951Z - debug:  
2025-04-11T18:27:37.951Z - debug:  
2025-04-11T18:27:37.951Z - debug: 2025-04-12 02:27:35.334 java[50260:2131041] +[IMKClient subclass]: chose IMKClient_Modern
2025-04-12 02:27:35.334 java[50260:2131041] +[IMKInputSession subclass]: chose IMKInputSession_Modern

2025-04-11T18:27:37.951Z - debug:  
2025-04-11T18:27:38.606Z - debug: 2025-04-12 02:27:38.240 java[50292:2131756] +[IMKClient subclass]: chose IMKClient_Modern
2025-04-12 02:27:38.240 java[50292:2131756] +[IMKInputSession subclass]: chose IMKInputSession_Modern

2025-04-11T18:27:48.056Z - debug: 2025-04-12 02:27:47.702 java[50306:2132076] +[IMKClient subclass]: chose IMKClient_Modern
2025-04-12 02:27:47.702 java[50306:2132076] +[IMKInputSession subclass]: chose IMKInputSession_Modern

2025-04-11T18:28:36.805Z - debug: 2025-04-12 02:28:34.481 java[50350:2133383] +[IMKClient subclass]: chose IMKClient_Modern
2025-04-12 02:28:34.481 java[50350:2133383] +[IMKInputSession subclass]: chose IMKInputSession_Modern

2025-04-11T18:28:48.215Z - debug:  
2025-04-11T18:28:48.238Z - debug: 2025-04-12 02:28:47.322 java[50391:2134045] +[IMKClient subclass]: chose IMKClient_Modern
2025-04-12 02:28:47.322 java[50391:2134045] +[IMKInputSession subclass]: chose IMKInputSession_Modern

2025-04-11T18:28:54.740Z - info: Pages built
2025-04-11T18:28:54.806Z - info: Site data built
2025-04-11T18:28:54.806Z - info: Website generation complete! Total build time: 86.392s
2025-04-11T18:28:54.806Z - info: Build success!
2025-04-11T18:29:01.745Z - info: Website generation started at 02:29:01
2025-04-11T18:29:01.946Z - warn: ENOENT: no such file or directory, open '/Users/damithch/Repos/nus-cs2103/cs2103-website-base/node_modules/.cache/gh-pages/https!github.com!nus-cs2103-AY2425S2!website.git/book/_markbind/variables.md'
2025-04-11T18:29:01.947Z - warn: ENOENT: no such file or directory, open '/Users/damithch/Repos/nus-cs2103/cs2103-website-base/node_modules/.cache/gh-pages/https!github.com!nus-cs2103-AY2425S2!website.git/_markbind/variables.md'
2025-04-11T18:29:01.969Z - info: Building assets...
2025-04-11T18:29:03.446Z - info: Assets built
2025-04-11T18:29:03.447Z - info: Generating pages...
2025-04-11T18:29:09.818Z - debug:  
2025-04-11T18:29:10.187Z - debug: 2025-04-12 02:29:06.551 java[50525:2135627] +[IMKClient subclass]: chose IMKClient_Modern
2025-04-12 02:29:06.551 java[50525:2135627] +[IMKInputSession subclass]: chose IMKInputSession_Modern

2025-04-11T18:29:10.187Z - debug:  
2025-04-11T18:29:10.187Z - debug:  
2025-04-11T18:29:10.187Z - debug:  
2025-04-11T18:29:10.187Z - debug:  
2025-04-11T18:29:10.187Z - debug:  
2025-04-11T18:29:10.187Z - debug:  
2025-04-11T18:29:10.187Z - debug:  
2025-04-11T18:29:10.187Z - debug:  
2025-04-11T18:29:10.187Z - debug:  
2025-04-11T18:29:10.187Z - debug:  
2025-04-11T18:29:10.187Z - debug:  
2025-04-11T18:29:10.187Z - debug:  
2025-04-11T18:29:10.187Z - debug: 2025-04-12 02:29:07.813 java[50561:2135891] +[IMKClient subclass]: chose IMKClient_Modern
2025-04-12 02:29:07.813 java[50561:2135891] +[IMKInputSession subclass]: chose IMKInputSession_Modern

2025-04-11T18:29:10.187Z - debug:  
2025-04-11T18:29:10.944Z - debug: 2025-04-12 02:29:10.478 java[50592:2136613] +[IMKClient subclass]: chose IMKClient_Modern
2025-04-12 02:29:10.478 java[50592:2136613] +[IMKInputSession subclass]: chose IMKInputSession_Modern

2025-04-11T18:29:23.274Z - debug: 2025-04-12 02:29:22.565 java[50655:2137641] +[IMKClient subclass]: chose IMKClient_Modern
2025-04-12 02:29:22.565 java[50655:2137641] +[IMKInputSession subclass]: chose IMKInputSession_Modern

2025-04-11T18:30:14.368Z - debug: 2025-04-12 02:30:11.528 java[50736:2139925] +[IMKClient subclass]: chose IMKClient_Modern
2025-04-12 02:30:11.529 java[50736:2139925] +[IMKInputSession subclass]: chose IMKInputSession_Modern

2025-04-11T18:30:25.515Z - debug: 2025-04-12 02:30:24.894 java[50809:2140691] +[IMKClient subclass]: chose IMKClient_Modern
2025-04-12 02:30:24.894 java[50809:2140691] +[IMKInputSession subclass]: chose IMKInputSession_Modern

2025-04-11T18:30:25.517Z - debug:  
2025-04-11T18:30:33.451Z - info: Pages built
2025-04-11T18:30:33.542Z - info: Site data built
2025-04-11T18:30:33.542Z - info: Website generation complete! Total build time: 92.447s
2025-04-11T18:30:33.542Z - info: Build success!
2025-04-11T18:30:55.141Z - info: The website has been deployed at: https://nus-cs2103-ay2425s2.github.io/website
2025-04-12T11:02:09.215Z - info: Website generation (lazy) started at 19:02:08
2025-04-12T11:02:09.493Z - warn: ENOENT: no such file or directory, open '/Users/damithch/Repos/nus-cs2103/cs2103-website-base/node_modules/.cache/gh-pages/https!github.com!nus-cs2103-AY2425S2!website.git/book/_markbind/variables.md'
2025-04-12T11:02:09.493Z - warn: ENOENT: no such file or directory, open '/Users/damithch/Repos/nus-cs2103/cs2103-website-base/node_modules/.cache/gh-pages/https!github.com!nus-cs2103-AY2425S2!website.git/_markbind/variables.md'
2025-04-12T11:02:09.514Z - info: Building assets...
2025-04-12T11:02:10.997Z - info: Assets built
2025-04-12T11:02:10.997Z - info: Generating landing page...
2025-04-12T11:02:11.503Z - info: Landing page built, other pages will be built as you navigate to them!
2025-04-12T11:02:11.578Z - info: Site data built
2025-04-12T11:02:11.578Z - info: Website generation (lazy) complete! Total build time: 3.251s
2025-04-12T11:02:11.589Z - info: Serving "/Users/damithch/Repos/nus-cs2103/cs2103-website-base/_site" at http://127.0.0.1:8080
2025-04-12T11:02:11.589Z - info: Press CTRL+C to stop ...
2025-04-12T11:02:28.060Z - info: Building /Users/damithch/Repos/nus-cs2103/cs2103-website-base/admin/tp-pe as some of its dependencies were changed since the last visit
2025-04-12T11:02:28.985Z - info: Site data built
2025-04-12T11:02:28.985Z - info: Lazy website regeneration complete! Total build time: 0.926s
2025-04-12T11:05:57.474Z - info: [19:05:57] Reload for file change: /Users/damithch/Repos/nus-cs2103/cs2103-website-base/admin/tp-pe-fragment.md
2025-04-12T11:05:57.476Z - info: Synchronizing opened pages list before reload
2025-04-12T11:05:57.477Z - info: Current opened pages, from most-to-least recent:
2025-04-12T11:05:57.478Z - info: 1. admin/tp-pe
2025-04-12T11:05:58.489Z - info: Rebuilding 1 pages
2025-04-12T11:05:59.307Z - info: Site data built
2025-04-12T11:05:59.308Z - info: Pages rebuilt
2025-04-12T11:05:59.308Z - info: Website regeneration complete! Total build time: 0.822s
2025-04-12T11:06:13.500Z - info: [19:06:13] Reload for file change: /Users/damithch/Repos/nus-cs2103/cs2103-website-base/admin/tp-pe-fragment.md
2025-04-12T11:06:13.501Z - info: Synchronizing opened pages list before reload
2025-04-12T11:06:13.501Z - info: Current opened pages, from most-to-least recent:
2025-04-12T11:06:13.502Z - info: 1. admin/tp-pe
2025-04-12T11:06:14.508Z - info: Rebuilding 1 pages
2025-04-12T11:06:15.335Z - info: Site data built
2025-04-12T11:06:15.335Z - info: Pages rebuilt
2025-04-12T11:06:15.335Z - info: Website regeneration complete! Total build time: 0.829s
2025-04-12T11:08:51.699Z - info: [19:08:51] Reload for file change: /Users/damithch/Repos/nus-cs2103/cs2103-website-base/admin/tp-pe-fragment.md
2025-04-12T11:08:51.701Z - info: Synchronizing opened pages list before reload
2025-04-12T11:08:51.701Z - info: Current opened pages, from most-to-least recent:
2025-04-12T11:08:51.701Z - info: 1. admin/tp-pe
2025-04-12T11:08:52.709Z - info: Rebuilding 1 pages
2025-04-12T11:08:53.516Z - info: Site data built
2025-04-12T11:08:53.516Z - info: Pages rebuilt
2025-04-12T11:08:53.516Z - info: Website regeneration complete! Total build time: 0.809s
2025-04-12T11:09:51.434Z - info: [19:09:51] Reload for file change: /Users/damithch/Repos/nus-cs2103/cs2103-website-base/admin/tp-pe-fragment.md
2025-04-12T11:09:51.436Z - info: Synchronizing opened pages list before reload
2025-04-12T11:09:51.436Z - info: Current opened pages, from most-to-least recent:
2025-04-12T11:09:51.436Z - info: 1. admin/tp-pe
2025-04-12T11:09:52.450Z - info: Rebuilding 1 pages
2025-04-12T11:09:53.268Z - info: Site data built
2025-04-12T11:09:53.268Z - info: Pages rebuilt
2025-04-12T11:09:53.268Z - info: Website regeneration complete! Total build time: 0.823s
2025-04-12T11:13:12.180Z - info: [19:13:12] Reload for file change: /Users/damithch/Repos/nus-cs2103/cs2103-website-base/admin/tp-pe-fragment.md
2025-04-12T11:13:12.182Z - info: Synchronizing opened pages list before reload
2025-04-12T11:13:12.182Z - info: Current opened pages, from most-to-least recent:
2025-04-12T11:13:12.182Z - info: 1. admin/tp-pe
2025-04-12T11:13:13.190Z - info: Rebuilding 1 pages
2025-04-12T11:13:14.015Z - info: Site data built
2025-04-12T11:13:14.015Z - info: Pages rebuilt
2025-04-12T11:13:14.015Z - info: Website regeneration complete! Total build time: 0.827s
2025-04-12T11:14:23.238Z - info: [19:14:23] Reload for file change: /Users/damithch/Repos/nus-cs2103/cs2103-website-base/admin/tp-pe-fragment.md
2025-04-12T11:14:23.240Z - info: Synchronizing opened pages list before reload
2025-04-12T11:14:23.241Z - info: Current opened pages, from most-to-least recent:
2025-04-12T11:14:23.241Z - info: 1. admin/tp-pe
2025-04-12T11:14:24.254Z - info: Rebuilding 1 pages
2025-04-12T11:14:25.057Z - info: Site data built
2025-04-12T11:14:25.057Z - info: Pages rebuilt
2025-04-12T11:14:25.057Z - info: Website regeneration complete! Total build time: 0.805s
2025-04-12T11:15:42.064Z - info: [19:15:42] Reload for file change: /Users/damithch/Repos/nus-cs2103/cs2103-website-base/admin/tp-pe-fragment.md
2025-04-12T11:15:42.066Z - info: Synchronizing opened pages list before reload
2025-04-12T11:15:42.066Z - info: Current opened pages, from most-to-least recent:
2025-04-12T11:15:42.066Z - info: 1. admin/tp-pe
2025-04-12T11:15:43.074Z - info: Rebuilding 1 pages
2025-04-12T11:15:43.891Z - info: Site data built
2025-04-12T11:15:43.891Z - info: Pages rebuilt
2025-04-12T11:15:43.891Z - info: Website regeneration complete! Total build time: 0.82s
2025-04-12T11:16:26.067Z - info: Website generation started at 19:16:25
2025-04-12T11:16:26.334Z - warn: ENOENT: no such file or directory, open '/Users/damithch/Repos/nus-cs2103/cs2103-website-base/node_modules/.cache/gh-pages/https!github.com!nus-cs2103-AY2425S2!website.git/book/_markbind/variables.md'
2025-04-12T11:16:26.335Z - warn: ENOENT: no such file or directory, open '/Users/damithch/Repos/nus-cs2103/cs2103-website-base/node_modules/.cache/gh-pages/https!github.com!nus-cs2103-AY2425S2!website.git/_markbind/variables.md'
2025-04-12T11:16:26.357Z - info: Building assets...
