2025-03-21T16:47:22.847Z - info: Website generation (lazy) started at 00:47:21
2025-03-21T16:47:23.174Z - warn: ENOENT: no such file or directory, open '/Users/damithch/Repos/nus-cs2103/cs2103-website-base/node_modules/.cache/gh-pages/https!github.com!nus-cs2103-AY2425S2!website.git/book/_markbind/variables.md'
2025-03-21T16:47:23.174Z - warn: ENOENT: no such file or directory, open '/Users/damithch/Repos/nus-cs2103/cs2103-website-base/node_modules/.cache/gh-pages/https!github.com!nus-cs2103-AY2425S2!website.git/_markbind/variables.md'
2025-03-21T16:47:23.193Z - info: Building assets...
2025-03-21T16:47:24.718Z - info: Assets built
2025-03-21T16:47:24.718Z - info: Generating landing page...
2025-03-21T16:47:25.179Z - info: Landing page built, other pages will be built as you navigate to them!
2025-03-21T16:47:25.254Z - info: Site data built
2025-03-21T16:47:25.255Z - info: Website generation (lazy) complete! Total build time: 3.266s
2025-03-21T16:47:25.264Z - info: Serving "/Users/damithch/Repos/nus-cs2103/cs2103-website-base/_site" at http://127.0.0.1:8080
2025-03-21T16:47:25.264Z - info: Press CTRL+C to stop ...
2025-03-21T16:47:32.700Z - info: Building /Users/damithch/Repos/nus-cs2103/cs2103-website-base/schedule/week10/tutorial as some of its dependencies were changed since the last visit
2025-03-21T16:47:32.983Z - info: Site data built
2025-03-21T16:47:32.983Z - info: Lazy website regeneration complete! Total build time: 0.284s
2025-03-21T16:52:30.909Z - info: [00:52:30] Reload for file change: /Users/damithch/Repos/nus-cs2103/cs2103-website-base/schedule/week10/tutorial-cs2103-fragment.md
2025-03-21T16:52:30.912Z - info: Synchronizing opened pages list before reload
2025-03-21T16:52:30.914Z - info: Current opened pages, from most-to-least recent:
2025-03-21T16:52:30.914Z - info: 1. schedule/week10/tutorial
2025-03-21T16:52:31.924Z - info: Rebuilding 1 pages
2025-03-21T16:52:32.216Z - info: Site data built
2025-03-21T16:52:32.217Z - info: Pages rebuilt
2025-03-21T16:52:32.217Z - info: Website regeneration complete! Total build time: 0.296s
2025-03-21T16:55:34.166Z - info: [00:55:34] Reload for file change: /Users/damithch/Repos/nus-cs2103/cs2103-website-base/schedule/week10/tutorial-cs2103-fragment.md
2025-03-21T16:55:34.167Z - info: Synchronizing opened pages list before reload
2025-03-21T16:55:34.168Z - info: Current opened pages, from most-to-least recent:
2025-03-21T16:55:34.168Z - info: 1. schedule/week10/tutorial
2025-03-21T16:55:35.177Z - info: Rebuilding 1 pages
2025-03-21T16:55:35.412Z - info: Site data built
2025-03-21T16:55:35.412Z - info: Pages rebuilt
2025-03-21T16:55:35.412Z - info: Website regeneration complete! Total build time: 0.24s
2025-03-21T16:57:47.241Z - info: Building /Users/damithch/Repos/nus-cs2103/cs2103-website-base/schedule/week10/index as some of its dependencies were changed since the last visit
2025-03-21T16:57:47.698Z - info: Site data built
2025-03-21T16:57:47.698Z - info: Lazy website regeneration complete! Total build time: 0.458s
2025-03-21T17:02:31.595Z - info: Website generation started at 01:02:30
2025-03-21T17:02:31.918Z - warn: ENOENT: no such file or directory, open '/Users/damithch/Repos/nus-cs2103/cs2103-website-base/node_modules/.cache/gh-pages/https!github.com!nus-cs2103-AY2425S2!website.git/book/_markbind/variables.md'
2025-03-21T17:02:31.919Z - warn: ENOENT: no such file or directory, open '/Users/damithch/Repos/nus-cs2103/cs2103-website-base/node_modules/.cache/gh-pages/https!github.com!nus-cs2103-AY2425S2!website.git/_markbind/variables.md'
2025-03-21T17:02:31.938Z - info: Building assets...
2025-03-21T17:02:33.381Z - info: Assets built
2025-03-21T17:02:33.381Z - info: Generating pages...
2025-03-21T17:02:41.696Z - debug:  
2025-03-21T17:02:41.696Z - debug: 2025-03-22 01:02:36.948 java[78623:5009631] +[IMKClient subclass]: chose IMKClient_Modern
2025-03-22 01:02:36.948 java[78623:5009631] +[IMKInputSession subclass]: chose IMKInputSession_Modern

2025-03-21T17:02:41.696Z - debug:  
2025-03-21T17:02:41.697Z - debug:  
2025-03-21T17:02:41.697Z - debug:  
2025-03-21T17:02:41.697Z - debug:  
2025-03-21T17:02:41.697Z - debug:  
2025-03-21T17:02:41.697Z - debug:  
2025-03-21T17:02:41.697Z - debug:  
2025-03-21T17:02:41.697Z - debug:  
2025-03-21T17:02:41.697Z - debug:  
2025-03-21T17:02:41.697Z - debug:  
2025-03-21T17:02:41.697Z - debug:  
2025-03-21T17:02:41.697Z - debug:  
2025-03-21T17:02:41.697Z - debug: 2025-03-22 01:02:38.947 java[78657:5010048] +[IMKClient subclass]: chose IMKClient_Modern
2025-03-22 01:02:38.947 java[78657:5010048] +[IMKInputSession subclass]: chose IMKInputSession_Modern

2025-03-21T17:02:41.697Z - debug:  
2025-03-21T17:02:42.480Z - debug: 2025-03-22 01:02:42.088 java[78679:5010759] +[IMKClient subclass]: chose IMKClient_Modern
2025-03-22 01:02:42.088 java[78679:5010759] +[IMKInputSession subclass]: chose IMKInputSession_Modern

2025-03-21T17:02:52.821Z - debug: 2025-03-22 01:02:52.013 java[78719:5011467] +[IMKClient subclass]: chose IMKClient_Modern
2025-03-22 01:02:52.013 java[78719:5011467] +[IMKInputSession subclass]: chose IMKInputSession_Modern

2025-03-21T17:03:41.102Z - debug: 2025-03-22 01:03:38.488 java[78782:5013572] +[IMKClient subclass]: chose IMKClient_Modern
2025-03-22 01:03:38.488 java[78782:5013572] +[IMKInputSession subclass]: chose IMKInputSession_Modern

2025-03-21T17:03:53.489Z - debug: 2025-03-22 01:03:52.629 java[78819:5014744] +[IMKClient subclass]: chose IMKClient_Modern
2025-03-22 01:03:52.629 java[78819:5014744] +[IMKInputSession subclass]: chose IMKInputSession_Modern

2025-03-21T17:03:53.496Z - debug:  
2025-03-21T17:04:01.262Z - info: Pages built
2025-03-21T17:04:01.344Z - info: Site data built
2025-03-21T17:04:01.344Z - info: Website generation complete! Total build time: 90.482s
2025-03-21T17:04:01.344Z - info: Build success!
2025-03-21T17:04:22.962Z - info: The website has been deployed at: https://nus-cs2103-ay2425s2.github.io/website
2025-03-22T15:08:31.631Z - info: Website generation (lazy) started at 23:08:30
2025-03-22T15:08:31.923Z - warn: ENOENT: no such file or directory, open '/Users/damithch/Repos/nus-cs2103/cs2103-website-base/node_modules/.cache/gh-pages/https!github.com!nus-cs2103-AY2425S2!website.git/book/_markbind/variables.md'
2025-03-22T15:08:31.924Z - warn: ENOENT: no such file or directory, open '/Users/damithch/Repos/nus-cs2103/cs2103-website-base/node_modules/.cache/gh-pages/https!github.com!nus-cs2103-AY2425S2!website.git/_markbind/variables.md'
2025-03-22T15:08:31.942Z - info: Building assets...
2025-03-22T15:08:33.515Z - info: Assets built
2025-03-22T15:08:33.516Z - info: Generating landing page...
2025-03-22T15:08:34.216Z - info: Landing page built, other pages will be built as you navigate to them!
2025-03-22T15:08:34.287Z - info: Site data built
2025-03-22T15:08:34.287Z - info: Website generation (lazy) complete! Total build time: 3.448s
2025-03-22T15:08:34.297Z - info: Serving "/Users/damithch/Repos/nus-cs2103/cs2103-website-base/_site" at http://127.0.0.1:8080
2025-03-22T15:08:34.297Z - info: Press CTRL+C to stop ...
2025-03-22T15:22:22.051Z - info: [23:22:22] Reload for file change: /Users/damithch/Repos/nus-cs2103/cs2103-website-base/schedule/week10/notices-cs2103-fragment.md
2025-03-22T15:22:22.052Z - info: Synchronizing opened pages list before reload
2025-03-22T15:22:22.053Z - info: Current opened pages, from most-to-least recent:
2025-03-22T15:22:22.053Z - info: 1. index
2025-03-22T15:22:23.069Z - info: Rebuilding 1 pages
2025-03-22T15:22:23.490Z - info: Site data built
2025-03-22T15:22:23.491Z - info: Pages rebuilt
2025-03-22T15:22:23.491Z - info: Website regeneration complete! Total build time: 0.424s
2025-03-22T15:23:17.512Z - info: [23:23:17] Reload for file change: /Users/damithch/Repos/nus-cs2103/cs2103-website-base/schedule/week10/notices-cs2103-fragment.md
2025-03-22T15:23:17.513Z - info: Synchronizing opened pages list before reload
2025-03-22T15:23:17.513Z - info: Current opened pages, from most-to-least recent:
2025-03-22T15:23:17.513Z - info: 1. index
2025-03-22T15:23:18.519Z - info: Rebuilding 1 pages
2025-03-22T15:23:18.923Z - info: Site data built
2025-03-22T15:23:18.923Z - info: Pages rebuilt
2025-03-22T15:23:18.923Z - info: Website regeneration complete! Total build time: 0.405s
2025-03-22T15:25:09.030Z - info: [23:25:09] Reload for file change: /Users/damithch/Repos/nus-cs2103/cs2103-website-base/schedule/week10/notices-cs2103-fragment.md
2025-03-22T15:25:09.031Z - info: Synchronizing opened pages list before reload
2025-03-22T15:25:09.031Z - info: Current opened pages, from most-to-least recent:
2025-03-22T15:25:09.031Z - info: 1. index
2025-03-22T15:25:10.043Z - info: Rebuilding 1 pages
2025-03-22T15:25:10.435Z - info: Site data built
2025-03-22T15:25:10.435Z - info: Pages rebuilt
2025-03-22T15:25:10.435Z - info: Website regeneration complete! Total build time: 0.394s
2025-03-22T15:33:18.873Z - info: [23:33:18] Reload for file change: /Users/damithch/Repos/nus-cs2103/cs2103-website-base/schedule/week10/notices-cs2103-fragment.md
2025-03-22T15:33:18.875Z - info: Synchronizing opened pages list before reload
2025-03-22T15:33:18.875Z - info: Current opened pages, from most-to-least recent:
2025-03-22T15:33:18.875Z - info: 1. index
2025-03-22T15:33:19.893Z - info: Rebuilding 1 pages
2025-03-22T15:33:20.317Z - info: Site data built
2025-03-22T15:33:20.318Z - info: Pages rebuilt
2025-03-22T15:33:20.318Z - info: Website regeneration complete! Total build time: 0.428s
2025-03-22T15:33:33.551Z - info: [23:33:33] Reload for file change: /Users/damithch/Repos/nus-cs2103/cs2103-website-base/schedule/week10/notices-cs2103-fragment.md
2025-03-22T15:33:33.552Z - info: Synchronizing opened pages list before reload
2025-03-22T15:33:33.552Z - info: Current opened pages, from most-to-least recent:
2025-03-22T15:33:33.552Z - info: 1. index
2025-03-22T15:33:34.563Z - info: Rebuilding 1 pages
2025-03-22T15:33:34.942Z - info: Site data built
2025-03-22T15:33:34.942Z - info: Pages rebuilt
2025-03-22T15:33:34.942Z - info: Website regeneration complete! Total build time: 0.381s
2025-03-22T15:33:38.565Z - info: [23:33:38] Reload for file change: /Users/damithch/Repos/nus-cs2103/cs2103-website-base/schedule/week10/notices-cs2103-fragment.md
2025-03-22T15:33:38.565Z - info: Synchronizing opened pages list before reload
2025-03-22T15:33:38.565Z - info: Current opened pages, from most-to-least recent:
2025-03-22T15:33:38.565Z - info: 1. index
2025-03-22T15:33:39.568Z - info: Rebuilding 1 pages
2025-03-22T15:33:39.888Z - info: Site data built
2025-03-22T15:33:39.888Z - info: Pages rebuilt
2025-03-22T15:33:39.888Z - info: Website regeneration complete! Total build time: 0.322s
2025-03-22T15:34:02.081Z - info: [23:34:02] Reload for file change: /Users/damithch/Repos/nus-cs2103/cs2103-website-base/schedule/week10/notices-cs2103-fragment.md
2025-03-22T15:34:02.081Z - info: Synchronizing opened pages list before reload
2025-03-22T15:34:02.081Z - info: Current opened pages, from most-to-least recent:
2025-03-22T15:34:02.082Z - info: 1. index
2025-03-22T15:34:03.102Z - info: Rebuilding 1 pages
2025-03-22T15:34:03.486Z - info: Site data built
2025-03-22T15:34:03.486Z - info: Pages rebuilt
2025-03-22T15:34:03.486Z - info: Website regeneration complete! Total build time: 0.386s
2025-03-22T15:34:41.329Z - info: [23:34:41] Reload for file change: /Users/damithch/Repos/nus-cs2103/cs2103-website-base/schedule/week10/notices-cs2103-fragment.md
2025-03-22T15:34:41.329Z - info: Synchronizing opened pages list before reload
2025-03-22T15:34:41.329Z - info: Current opened pages, from most-to-least recent:
2025-03-22T15:34:41.330Z - info: 1. index
2025-03-22T15:34:42.349Z - info: Rebuilding 1 pages
2025-03-22T15:34:42.731Z - info: Site data built
2025-03-22T15:34:42.731Z - info: Pages rebuilt
2025-03-22T15:34:42.731Z - info: Website regeneration complete! Total build time: 0.384s
2025-03-22T15:36:33.043Z - info: [23:36:33] Reload for file change: /Users/damithch/Repos/nus-cs2103/cs2103-website-base/schedule/week10/notices-cs2103-fragment.md
2025-03-22T15:36:33.044Z - info: Synchronizing opened pages list before reload
2025-03-22T15:36:33.044Z - info: Current opened pages, from most-to-least recent:
2025-03-22T15:36:33.044Z - info: 1. index
2025-03-22T15:36:34.063Z - info: Rebuilding 1 pages
2025-03-22T15:36:34.441Z - info: Site data built
2025-03-22T15:36:34.441Z - info: Pages rebuilt
2025-03-22T15:36:34.441Z - info: Website regeneration complete! Total build time: 0.38s
2025-03-22T15:37:21.186Z - info: Building /Users/damithch/Repos/nus-cs2103/cs2103-website-base/schedule/week10/admin as some of its dependencies were changed since the last visit
2025-03-22T15:37:21.355Z - info: Site data built
2025-03-22T15:37:21.355Z - info: Lazy website regeneration complete! Total build time: 0.169s
2025-03-22T15:38:10.597Z - info: Building /Users/damithch/Repos/nus-cs2103/cs2103-website-base/schedule/week10/project as some of its dependencies were changed since the last visit
2025-03-22T15:38:11.523Z - info: Site data built
2025-03-22T15:38:11.523Z - info: Lazy website regeneration complete! Total build time: 0.926s
2025-03-22T15:38:48.169Z - info: Building /Users/damithch/Repos/nus-cs2103/cs2103-website-base/schedule/week10/tutorial as some of its dependencies were changed since the last visit
2025-03-22T15:38:48.446Z - info: Site data built
2025-03-22T15:38:48.446Z - info: Lazy website regeneration complete! Total build time: 0.278s
2025-03-22T15:39:10.447Z - info: [23:39:10] Reload for file change: /Users/damithch/Repos/nus-cs2103/cs2103-website-base/schedule/week10/tutorial-cs2103-fragment.md
2025-03-22T15:39:10.448Z - info: Synchronizing opened pages list before reload
2025-03-22T15:39:10.448Z - info: Current opened pages, from most-to-least recent:
2025-03-22T15:39:10.448Z - info: 1. schedule/week10/tutorial
2025-03-22T15:39:11.456Z - info: Rebuilding 1 pages
2025-03-22T15:39:11.663Z - info: Site data built
2025-03-22T15:39:11.663Z - info: Pages rebuilt
2025-03-22T15:39:11.663Z - info: Website regeneration complete! Total build time: 0.208s
2025-03-22T15:40:04.466Z - info: Building /Users/damithch/Repos/nus-cs2103/cs2103-website-base/schedule/week10/index as some of its dependencies were changed since the last visit
2025-03-22T15:40:04.859Z - info: Site data built
2025-03-22T15:40:04.859Z - info: Lazy website regeneration complete! Total build time: 0.394s
2025-03-22T15:40:33.527Z - info: [23:40:33] Reload for file change: /Users/damithch/Repos/nus-cs2103/cs2103-website-base/schedule/week10/notices-cs2103-fragment.md
2025-03-22T15:40:33.527Z - info: Synchronizing opened pages list before reload
2025-03-22T15:40:33.528Z - info: Current opened pages, from most-to-least recent:
2025-03-22T15:40:33.528Z - info: 1. schedule/week10/index
2025-03-22T15:40:34.535Z - info: Rebuilding 1 pages
2025-03-22T15:40:34.944Z - info: Site data built
2025-03-22T15:40:34.944Z - info: Pages rebuilt
2025-03-22T15:40:34.944Z - info: Website regeneration complete! Total build time: 0.411s
2025-03-22T15:41:04.812Z - info: [23:41:04] Reload for file change: /Users/damithch/Repos/nus-cs2103/cs2103-website-base/schedule/week10/notices-cs2103-fragment.md
2025-03-22T15:41:04.813Z - info: Synchronizing opened pages list before reload
2025-03-22T15:41:04.813Z - info: Current opened pages, from most-to-least recent:
2025-03-22T15:41:04.813Z - info: 1. schedule/week10/index
2025-03-22T15:41:05.829Z - info: Rebuilding 1 pages
2025-03-22T15:41:06.226Z - info: Site data built
2025-03-22T15:41:06.226Z - info: Pages rebuilt
2025-03-22T15:41:06.226Z - info: Website regeneration complete! Total build time: 0.399s
2025-03-22T15:41:12.479Z - info: [23:41:12] Reload for file change: /Users/damithch/Repos/nus-cs2103/cs2103-website-base/schedule/week10/notices-cs2103-fragment.md
2025-03-22T15:41:12.479Z - info: Synchronizing opened pages list before reload
2025-03-22T15:41:12.480Z - info: Current opened pages, from most-to-least recent:
2025-03-22T15:41:12.480Z - info: 1. schedule/week10/index
2025-03-22T15:41:13.497Z - info: Rebuilding 1 pages
2025-03-22T15:41:13.811Z - info: Site data built
2025-03-22T15:41:13.811Z - info: Pages rebuilt
2025-03-22T15:41:13.811Z - info: Website regeneration complete! Total build time: 0.316s
2025-03-22T15:42:18.200Z - info: [23:42:18] Reload for file change: /Users/damithch/Repos/nus-cs2103/cs2103-website-base/schedule/week10/notices-cs2103-fragment.md
2025-03-22T15:42:18.203Z - info: Synchronizing opened pages list before reload
2025-03-22T15:42:18.204Z - info: Current opened pages, from most-to-least recent:
2025-03-22T15:42:18.204Z - info: 1. schedule/week10/index
2025-03-22T15:42:19.217Z - info: Rebuilding 1 pages
2025-03-22T15:42:19.600Z - info: Site data built
2025-03-22T15:42:19.600Z - info: Pages rebuilt
2025-03-22T15:42:19.600Z - info: Website regeneration complete! Total build time: 0.385s
2025-03-22T15:42:51.800Z - info: [23:42:51] Reload for file change: /Users/damithch/Repos/nus-cs2103/cs2103-website-base/schedule/week10/notices-cs2103-fragment.md
2025-03-22T15:42:51.800Z - info: Synchronizing opened pages list before reload
2025-03-22T15:42:51.800Z - info: Current opened pages, from most-to-least recent:
2025-03-22T15:42:51.800Z - info: 1. schedule/week10/index
2025-03-22T15:42:52.803Z - info: Rebuilding 1 pages
2025-03-22T15:42:53.216Z - info: Site data built
2025-03-22T15:42:53.216Z - info: Pages rebuilt
2025-03-22T15:42:53.216Z - info: Website regeneration complete! Total build time: 0.414s
2025-03-22T15:43:33.934Z - info: Website generation started at 23:43:33
2025-03-22T15:43:34.194Z - warn: ENOENT: no such file or directory, open '/Users/damithch/Repos/nus-cs2103/cs2103-website-base/node_modules/.cache/gh-pages/https!github.com!nus-cs2103-AY2425S2!website.git/book/_markbind/variables.md'
2025-03-22T15:43:34.195Z - warn: ENOENT: no such file or directory, open '/Users/damithch/Repos/nus-cs2103/cs2103-website-base/node_modules/.cache/gh-pages/https!github.com!nus-cs2103-AY2425S2!website.git/_markbind/variables.md'
2025-03-22T15:43:34.214Z - info: Building assets...
