2025-04-15T16:46:10.345Z - info: Website generation (lazy) started at 00:46:09
2025-04-15T16:46:10.758Z - warn: ENOENT: no such file or directory, open '/Users/damithch/Repos/nus-cs2103/cs2103-website-base/node_modules/.cache/gh-pages/https!github.com!nus-cs2103-AY2425S2!website.git/book/_markbind/variables.md'
2025-04-15T16:46:10.758Z - warn: ENOENT: no such file or directory, open '/Users/damithch/Repos/nus-cs2103/cs2103-website-base/node_modules/.cache/gh-pages/https!github.com!nus-cs2103-AY2425S2!website.git/_markbind/variables.md'
2025-04-15T16:46:10.793Z - info: Building assets...
2025-04-15T16:46:12.275Z - info: Assets built
2025-04-15T16:46:12.275Z - info: Generating landing page...
2025-04-15T16:46:12.597Z - info: Landing page built, other pages will be built as you navigate to them!
2025-04-15T16:46:12.671Z - info: Site data built
2025-04-15T16:46:12.671Z - info: Website generation (lazy) complete! Total build time: 3.317s
2025-04-15T16:46:12.683Z - info: Serving "/Users/damithch/Repos/nus-cs2103/cs2103-website-base/_site" at http://127.0.0.1:8080
2025-04-15T16:46:12.683Z - info: Press CTRL+C to stop ...
2025-04-15T16:46:20.615Z - info: Building /Users/damithch/Repos/nus-cs2103/cs2103-website-base/admin/tp-pe as some of its dependencies were changed since the last visit
2025-04-15T16:46:21.535Z - info: Site data built
2025-04-15T16:46:21.535Z - info: Lazy website regeneration complete! Total build time: 0.921s
2025-04-15T16:47:14.760Z - info: [00:47:14] Reload for file change: /Users/damithch/Repos/nus-cs2103/cs2103-website-base/admin/faq-fragment.md
2025-04-15T16:47:14.761Z - info: Synchronizing opened pages list before reload
2025-04-15T16:47:14.762Z - info: Current opened pages, from most-to-least recent:
2025-04-15T16:47:14.762Z - info: 1. admin/tp-pe
2025-04-15T16:47:15.781Z - info: Rebuilding 1 pages
2025-04-15T16:47:16.583Z - info: Site data built
2025-04-15T16:47:16.583Z - info: Pages rebuilt
2025-04-15T16:47:16.583Z - info: Website regeneration complete! Total build time: 0.804s
2025-04-15T16:48:59.188Z - info: [00:48:59] Reload for file change: /Users/damithch/Repos/nus-cs2103/cs2103-website-base/admin/tp-pe-fragment.md
2025-04-15T16:48:59.201Z - info: Synchronizing opened pages list before reload
2025-04-15T16:48:59.242Z - info: Current opened pages, from most-to-least recent:
2025-04-15T16:48:59.246Z - info: 1. admin/tp-pe
2025-04-15T16:49:00.268Z - info: Rebuilding 1 pages
2025-04-15T16:49:01.081Z - info: Site data built
2025-04-15T16:49:01.081Z - info: Pages rebuilt
2025-04-15T16:49:01.081Z - info: Website regeneration complete! Total build time: 0.816s
2025-04-15T16:49:47.367Z - info: [00:49:47] Reload for file change: /Users/damithch/Repos/nus-cs2103/cs2103-website-base/admin/tp-pe-fragment.md
2025-04-15T16:49:47.371Z - info: Synchronizing opened pages list before reload
2025-04-15T16:49:47.372Z - info: Current opened pages, from most-to-least recent:
2025-04-15T16:49:47.373Z - info: 1. admin/tp-pe
2025-04-15T16:49:48.390Z - info: Rebuilding 1 pages
2025-04-15T16:49:49.207Z - info: Site data built
2025-04-15T16:49:49.207Z - info: Pages rebuilt
2025-04-15T16:49:49.207Z - info: Website regeneration complete! Total build time: 0.823s
2025-04-15T16:50:19.764Z - info: [00:50:19] Reload for file change: /Users/damithch/Repos/nus-cs2103/cs2103-website-base/admin/tp-pe-fragment.md
2025-04-15T16:50:19.785Z - info: Synchronizing opened pages list before reload
2025-04-15T16:50:19.786Z - info: Current opened pages, from most-to-least recent:
2025-04-15T16:50:19.786Z - info: 1. admin/tp-pe
2025-04-15T16:50:20.791Z - info: Rebuilding 1 pages
2025-04-15T16:50:21.598Z - info: Site data built
2025-04-15T16:50:21.598Z - info: Pages rebuilt
2025-04-15T16:50:21.598Z - info: Website regeneration complete! Total build time: 0.809s
2025-04-15T16:51:27.081Z - info: Website generation started at 00:51:26
2025-04-15T16:51:27.368Z - warn: ENOENT: no such file or directory, open '/Users/damithch/Repos/nus-cs2103/cs2103-website-base/node_modules/.cache/gh-pages/https!github.com!nus-cs2103-AY2425S2!website.git/book/_markbind/variables.md'
2025-04-15T16:51:27.368Z - warn: ENOENT: no such file or directory, open '/Users/damithch/Repos/nus-cs2103/cs2103-website-base/node_modules/.cache/gh-pages/https!github.com!nus-cs2103-AY2425S2!website.git/_markbind/variables.md'
2025-04-15T16:51:27.389Z - info: Building assets...
2025-04-15T16:51:28.763Z - info: Assets built
2025-04-15T16:51:28.763Z - info: Generating pages...
2025-04-15T16:51:36.126Z - debug:  
2025-04-15T16:51:36.687Z - debug:  
2025-04-15T16:51:36.687Z - debug: 2025-04-16 00:51:32.521 java[32764:2867787] +[IMKClient subclass]: chose IMKClient_Modern
2025-04-16 00:51:32.521 java[32764:2867787] +[IMKInputSession subclass]: chose IMKInputSession_Modern

2025-04-15T16:51:36.687Z - debug:  
2025-04-15T16:51:36.687Z - debug:  
2025-04-15T16:51:36.688Z - debug:  
2025-04-15T16:51:36.688Z - debug:  
2025-04-15T16:51:36.688Z - debug:  
2025-04-15T16:51:36.688Z - debug:  
2025-04-15T16:51:36.688Z - debug:  
2025-04-15T16:51:36.688Z - debug:  
2025-04-15T16:51:36.688Z - debug:  
2025-04-15T16:51:36.688Z - debug:  
2025-04-15T16:51:36.688Z - debug:  
2025-04-15T16:51:36.688Z - debug:  
2025-04-15T16:51:36.688Z - debug: 2025-04-16 00:51:33.662 java[32800:2868080] +[IMKClient subclass]: chose IMKClient_Modern
2025-04-16 00:51:33.662 java[32800:2868080] +[IMKInputSession subclass]: chose IMKInputSession_Modern

2025-04-15T16:51:38.000Z - debug: 2025-04-16 00:51:36.959 java[32832:2868780] +[IMKClient subclass]: chose IMKClient_Modern
2025-04-16 00:51:36.959 java[32832:2868780] +[IMKInputSession subclass]: chose IMKInputSession_Modern

2025-04-15T16:51:47.889Z - debug: 2025-04-16 00:51:47.114 java[32866:2869237] +[IMKClient subclass]: chose IMKClient_Modern
2025-04-16 00:51:47.114 java[32866:2869237] +[IMKInputSession subclass]: chose IMKInputSession_Modern

2025-04-15T16:52:35.743Z - debug: 2025-04-16 00:52:33.297 java[32902:2870467] +[IMKClient subclass]: chose IMKClient_Modern
2025-04-16 00:52:33.297 java[32902:2870467] +[IMKInputSession subclass]: chose IMKInputSession_Modern

2025-04-15T16:52:47.141Z - debug:  
2025-04-15T16:52:47.176Z - debug: 2025-04-16 00:52:46.360 java[32914:2870795] +[IMKClient subclass]: chose IMKClient_Modern
2025-04-16 00:52:46.360 java[32914:2870795] +[IMKInputSession subclass]: chose IMKInputSession_Modern

2025-04-15T16:52:55.539Z - info: Pages built
2025-04-15T16:52:55.636Z - info: Site data built
2025-04-15T16:52:55.636Z - info: Website generation complete! Total build time: 89.169s
2025-04-15T16:52:55.636Z - info: Build success!
2025-04-15T16:53:18.115Z - info: The website has been deployed at: https://nus-cs2103-ay2425s2.github.io/website
2025-04-16T02:38:37.064Z - info: Website generation (lazy) started at 10:38:36
2025-04-16T02:38:37.388Z - warn: ENOENT: no such file or directory, open '/Users/damithch/Repos/nus-cs2103/cs2103-website-base/node_modules/.cache/gh-pages/https!github.com!nus-cs2103-AY2425S2!website.git/book/_markbind/variables.md'
2025-04-16T02:38:37.388Z - warn: ENOENT: no such file or directory, open '/Users/damithch/Repos/nus-cs2103/cs2103-website-base/node_modules/.cache/gh-pages/https!github.com!nus-cs2103-AY2425S2!website.git/_markbind/variables.md'
2025-04-16T02:38:37.408Z - info: Building assets...
2025-04-16T02:38:38.727Z - info: Assets built
2025-04-16T02:38:38.728Z - info: Generating landing page...
2025-04-16T02:38:39.037Z - info: Landing page built, other pages will be built as you navigate to them!
2025-04-16T02:38:39.114Z - info: Site data built
2025-04-16T02:38:39.115Z - info: Website generation (lazy) complete! Total build time: 2.869s
2025-04-16T02:38:39.125Z - info: Serving "/Users/damithch/Repos/nus-cs2103/cs2103-website-base/_site" at http://127.0.0.1:8080
2025-04-16T02:38:39.126Z - info: Press CTRL+C to stop ...
2025-04-16T02:38:42.340Z - info: Building /Users/damithch/Repos/nus-cs2103/cs2103-website-base/admin/tp-pe as some of its dependencies were changed since the last visit
2025-04-16T02:38:43.161Z - info: Site data built
2025-04-16T02:38:43.161Z - info: Lazy website regeneration complete! Total build time: 0.822s
2025-04-16T02:38:55.113Z - info: [10:38:55] Reload for file change: /Users/damithch/Repos/nus-cs2103/cs2103-website-base/admin/tp-pe-fragment.md
2025-04-16T02:38:55.113Z - info: Synchronizing opened pages list before reload
2025-04-16T02:38:55.113Z - info: Current opened pages, from most-to-least recent:
2025-04-16T02:38:55.113Z - info: 1. admin/tp-pe
2025-04-16T02:38:56.119Z - info: Rebuilding 1 pages
2025-04-16T02:38:56.908Z - info: Site data built
2025-04-16T02:38:56.908Z - info: Pages rebuilt
2025-04-16T02:38:56.908Z - info: Website regeneration complete! Total build time: 0.792s
2025-04-16T02:40:01.252Z - info: [10:40:01] Reload for file change: /Users/damithch/Repos/nus-cs2103/cs2103-website-base/admin/tp-pe-fragment.md
2025-04-16T02:40:01.260Z - info: Synchronizing opened pages list before reload
2025-04-16T02:40:01.261Z - info: Current opened pages, from most-to-least recent:
2025-04-16T02:40:01.263Z - info: 1. admin/tp-pe
2025-04-16T02:40:02.269Z - info: Rebuilding 1 pages
2025-04-16T02:40:03.046Z - info: Site data built
2025-04-16T02:40:03.046Z - info: Pages rebuilt
2025-04-16T02:40:03.047Z - info: Website regeneration complete! Total build time: 0.779s
2025-04-16T02:40:09.667Z - info: Website generation started at 10:40:09
2025-04-16T02:40:09.918Z - warn: ENOENT: no such file or directory, open '/Users/damithch/Repos/nus-cs2103/cs2103-website-base/node_modules/.cache/gh-pages/https!github.com!nus-cs2103-AY2425S2!website.git/book/_markbind/variables.md'
2025-04-16T02:40:09.918Z - warn: ENOENT: no such file or directory, open '/Users/damithch/Repos/nus-cs2103/cs2103-website-base/node_modules/.cache/gh-pages/https!github.com!nus-cs2103-AY2425S2!website.git/_markbind/variables.md'
2025-04-16T02:40:09.940Z - info: Building assets...
2025-04-16T02:40:11.864Z - info: Assets built
2025-04-16T02:40:11.865Z - info: Generating pages...
2025-04-16T02:40:19.888Z - debug:  
2025-04-16T02:40:19.888Z - debug: 2025-04-16 10:40:14.995 java[4800:3694312] +[IMKClient subclass]: chose IMKClient_Modern
2025-04-16 10:40:14.995 java[4800:3694312] +[IMKInputSession subclass]: chose IMKInputSession_Modern

2025-04-16T02:40:20.354Z - debug:  
2025-04-16T02:40:20.354Z - debug:  
2025-04-16T02:40:20.354Z - debug:  
2025-04-16T02:40:20.355Z - debug:  
2025-04-16T02:40:20.355Z - debug:  
2025-04-16T02:40:20.355Z - debug:  
2025-04-16T02:40:20.355Z - debug:  
2025-04-16T02:40:20.355Z - debug:  
2025-04-16T02:40:20.355Z - debug:  
2025-04-16T02:40:20.355Z - debug:  
2025-04-16T02:40:20.355Z - debug:  
2025-04-16T02:40:20.355Z - debug:  
2025-04-16T02:40:20.355Z - debug:  
2025-04-16T02:40:20.355Z - debug: 2025-04-16 10:40:16.214 java[4829:3694565] +[IMKClient subclass]: chose IMKClient_Modern
2025-04-16 10:40:16.214 java[4829:3694565] +[IMKInputSession subclass]: chose IMKInputSession_Modern

2025-04-16T02:40:20.989Z - debug: 2025-04-16 10:40:20.640 java[4864:3695428] +[IMKClient subclass]: chose IMKClient_Modern
2025-04-16 10:40:20.640 java[4864:3695428] +[IMKInputSession subclass]: chose IMKInputSession_Modern

2025-04-16T02:40:30.886Z - debug: 2025-04-16 10:40:30.147 java[4887:3695754] +[IMKClient subclass]: chose IMKClient_Modern
2025-04-16 10:40:30.147 java[4887:3695754] +[IMKInputSession subclass]: chose IMKInputSession_Modern

2025-04-16T02:41:22.329Z - debug: 2025-04-16 10:41:19.747 java[4930:3697133] +[IMKClient subclass]: chose IMKClient_Modern
2025-04-16 10:41:19.747 java[4930:3697133] +[IMKInputSession subclass]: chose IMKInputSession_Modern

2025-04-16T02:41:33.718Z - debug: 2025-04-16 10:41:33.213 java[4945:3697512] +[IMKClient subclass]: chose IMKClient_Modern
2025-04-16 10:41:33.213 java[4945:3697512] +[IMKInputSession subclass]: chose IMKInputSession_Modern

2025-04-16T02:41:34.065Z - debug:  
2025-04-16T02:41:42.096Z - info: Pages built
2025-04-16T02:41:42.169Z - info: Site data built
2025-04-16T02:41:42.170Z - info: Website generation complete! Total build time: 92.972s
2025-04-16T02:41:42.170Z - info: Build success!
2025-04-16T02:42:03.847Z - info: The website has been deployed at: https://nus-cs2103-ay2425s2.github.io/website
2025-04-16T15:34:38.475Z - info: Website generation started at 23:34:37
2025-04-16T15:34:38.765Z - warn: ENOENT: no such file or directory, open '/Users/damithch/Repos/nus-cs2103/cs2103-website-base/node_modules/.cache/gh-pages/https!github.com!nus-cs2103-AY2425S2!website.git/book/_markbind/variables.md'
2025-04-16T15:34:38.765Z - warn: ENOENT: no such file or directory, open '/Users/damithch/Repos/nus-cs2103/cs2103-website-base/node_modules/.cache/gh-pages/https!github.com!nus-cs2103-AY2425S2!website.git/_markbind/variables.md'
2025-04-16T15:34:38.784Z - info: Building assets...
2025-04-16T15:34:40.244Z - info: Assets built
2025-04-16T15:34:40.245Z - info: Generating pages...
2025-04-16T15:34:47.724Z - debug:  
2025-04-16T15:34:47.725Z - debug: 2025-04-16 23:34:43.127 java[20228:4385356] +[IMKClient subclass]: chose IMKClient_Modern
2025-04-16 23:34:43.127 java[20228:4385356] +[IMKInputSession subclass]: chose IMKInputSession_Modern

2025-04-16T15:34:47.725Z - debug:  
2025-04-16T15:34:47.725Z - debug:  
2025-04-16T15:34:47.725Z - debug:  
2025-04-16T15:34:47.725Z - debug:  
2025-04-16T15:34:47.725Z - debug:  
2025-04-16T15:34:47.725Z - debug:  
2025-04-16T15:34:47.726Z - debug:  
2025-04-16T15:34:47.726Z - debug:  
2025-04-16T15:34:47.726Z - debug:  
2025-04-16T15:34:47.726Z - debug:  
2025-04-16T15:34:47.726Z - debug:  
2025-04-16T15:34:47.726Z - debug: 2025-04-16 23:34:44.851 java[20257:4385653] +[IMKClient subclass]: chose IMKClient_Modern
2025-04-16 23:34:44.851 java[20257:4385653] +[IMKInputSession subclass]: chose IMKInputSession_Modern

2025-04-16T15:34:47.727Z - debug:  
2025-04-16T15:34:47.835Z - debug:  
2025-04-16T15:34:48.761Z - debug: 2025-04-16 23:34:47.991 java[20299:4386440] +[IMKClient subclass]: chose IMKClient_Modern
2025-04-16 23:34:47.991 java[20299:4386440] +[IMKInputSession subclass]: chose IMKInputSession_Modern

2025-04-16T15:34:57.649Z - debug: 2025-04-16 23:34:57.286 java[20323:4386753] +[IMKClient subclass]: chose IMKClient_Modern
2025-04-16 23:34:57.286 java[20323:4386753] +[IMKInputSession subclass]: chose IMKInputSession_Modern

2025-04-16T15:35:42.851Z - debug: 2025-04-16 23:35:40.691 java[20377:4387795] +[IMKClient subclass]: chose IMKClient_Modern
2025-04-16 23:35:40.691 java[20377:4387795] +[IMKInputSession subclass]: chose IMKInputSession_Modern

2025-04-16T15:35:54.239Z - debug:  
2025-04-16T15:35:54.257Z - debug: 2025-04-16 23:35:53.463 java[20392:4388091] +[IMKClient subclass]: chose IMKClient_Modern
2025-04-16 23:35:53.463 java[20392:4388091] +[IMKInputSession subclass]: chose IMKInputSession_Modern

2025-04-16T15:36:01.856Z - info: Pages built
2025-04-16T15:36:01.927Z - info: Site data built
2025-04-16T15:36:01.927Z - info: Website generation complete! Total build time: 84.269s
2025-04-16T15:36:01.928Z - info: Build success!
2025-04-16T15:36:22.509Z - info: The website has been deployed at: https://nus-cs2103-ay2425s2.github.io/website
2025-04-16T15:45:05.175Z - info: Website generation started at 23:45:04
2025-04-16T15:45:05.446Z - warn: ENOENT: no such file or directory, open '/Users/damithch/Repos/nus-cs2103/cs2103-website-base/node_modules/.cache/gh-pages/https!github.com!nus-cs2103-AY2425S2!website.git/book/_markbind/variables.md'
2025-04-16T15:45:05.446Z - warn: ENOENT: no such file or directory, open '/Users/damithch/Repos/nus-cs2103/cs2103-website-base/node_modules/.cache/gh-pages/https!github.com!nus-cs2103-AY2425S2!website.git/_markbind/variables.md'
2025-04-16T15:45:05.466Z - info: Building assets...
2025-04-16T15:45:06.855Z - info: Assets built
2025-04-16T15:45:06.856Z - info: Generating pages...
2025-04-16T15:45:14.377Z - debug:  
2025-04-16T15:45:14.377Z - debug: 2025-04-16 23:45:10.420 java[20800:4399384] +[IMKClient subclass]: chose IMKClient_Modern
2025-04-16 23:45:10.420 java[20800:4399384] +[IMKInputSession subclass]: chose IMKInputSession_Modern

2025-04-16T15:45:14.869Z - debug:  
2025-04-16T15:45:14.869Z - debug:  
2025-04-16T15:45:14.869Z - debug:  
2025-04-16T15:45:14.869Z - debug:  
2025-04-16T15:45:14.869Z - debug:  
2025-04-16T15:45:14.869Z - debug:  
2025-04-16T15:45:14.869Z - debug:  
2025-04-16T15:45:14.869Z - debug:  
2025-04-16T15:45:14.869Z - debug:  
2025-04-16T15:45:14.869Z - debug:  
2025-04-16T15:45:14.869Z - debug:  
2025-04-16T15:45:14.869Z - debug: 2025-04-16 23:45:12.241 java[20843:4399803] +[IMKClient subclass]: chose IMKClient_Modern
2025-04-16 23:45:12.241 java[20843:4399803] +[IMKInputSession subclass]: chose IMKInputSession_Modern

2025-04-16T15:45:14.869Z - debug:  
2025-04-16T15:45:14.869Z - debug:  
2025-04-16T15:45:15.419Z - debug: 2025-04-16 23:45:15.115 java[20871:4400547] +[IMKClient subclass]: chose IMKClient_Modern
2025-04-16 23:45:15.115 java[20871:4400547] +[IMKInputSession subclass]: chose IMKInputSession_Modern

2025-04-16T15:45:25.320Z - debug: 2025-04-16 23:45:24.786 java[20939:4401282] +[IMKClient subclass]: chose IMKClient_Modern
2025-04-16 23:45:24.787 java[20939:4401282] +[IMKInputSession subclass]: chose IMKInputSession_Modern

2025-04-16T15:46:10.614Z - debug: 2025-04-16 23:46:08.133 java[20970:4402296] +[IMKClient subclass]: chose IMKClient_Modern
2025-04-16 23:46:08.133 java[20970:4402296] +[IMKInputSession subclass]: chose IMKInputSession_Modern

2025-04-16T15:46:22.505Z - debug: 2025-04-16 23:46:21.637 java[20990:4403006] +[IMKClient subclass]: chose IMKClient_Modern
2025-04-16 23:46:21.637 java[20990:4403006] +[IMKInputSession subclass]: chose IMKInputSession_Modern

2025-04-16T15:46:22.541Z - debug:  
2025-04-16T15:46:30.177Z - info: Pages built
2025-04-16T15:46:30.243Z - info: Site data built
2025-04-16T15:46:30.244Z - info: Website generation complete! Total build time: 85.84s
2025-04-16T15:46:30.244Z - info: Build success!
2025-04-16T15:46:50.905Z - info: The website has been deployed at: https://nus-cs2103-ay2425s2.github.io/website
