2025-03-21T12:27:12.168Z - info: Website generation started at 20:27:11
2025-03-21T12:27:12.530Z - warn: ENOENT: no such file or directory, open '/Users/damithch/Repos/nus-cs2103/cs2103-website-base/node_modules/.cache/gh-pages/https!github.com!nus-cs2103-AY2425S2!website.git/book/_markbind/variables.md'
2025-03-21T12:27:12.530Z - warn: ENOENT: no such file or directory, open '/Users/damithch/Repos/nus-cs2103/cs2103-website-base/node_modules/.cache/gh-pages/https!github.com!nus-cs2103-AY2425S2!website.git/_markbind/variables.md'
2025-03-21T12:27:12.550Z - info: Building assets...
2025-03-21T12:27:14.383Z - info: Assets built
2025-03-21T12:27:14.383Z - info: Generating pages...
2025-03-21T12:27:21.504Z - debug: 2025-03-21 20:27:17.258 java[74644:4712723] +[IMKClient subclass]: chose IMKClient_Modern
2025-03-21 20:27:17.258 java[74644:4712723] +[IMKInputSession subclass]: chose IMKInputSession_Modern

2025-03-21T12:27:21.505Z - debug:  
2025-03-21T12:27:21.505Z - debug:  
2025-03-21T12:27:21.937Z - debug:  
2025-03-21T12:27:21.937Z - debug:  
2025-03-21T12:27:21.937Z - debug:  
2025-03-21T12:27:21.937Z - debug:  
2025-03-21T12:27:21.937Z - debug:  
2025-03-21T12:27:21.937Z - debug:  
2025-03-21T12:27:21.937Z - debug:  
2025-03-21T12:27:21.937Z - debug: 2025-03-21 20:27:18.718 java[74675:4713047] +[IMKClient subclass]: chose IMKClient_Modern
2025-03-21 20:27:18.718 java[74675:4713047] +[IMKInputSession subclass]: chose IMKInputSession_Modern

2025-03-21T12:27:21.937Z - debug:  
2025-03-21T12:27:21.937Z - debug:  
2025-03-21T12:27:21.937Z - debug:  
2025-03-21T12:27:21.937Z - debug:  
2025-03-21T12:27:21.937Z - debug:  
2025-03-21T12:27:22.497Z - debug: 2025-03-21 20:27:22.133 java[74742:4714120] +[IMKClient subclass]: chose IMKClient_Modern
2025-03-21 20:27:22.133 java[74742:4714120] +[IMKInputSession subclass]: chose IMKInputSession_Modern

2025-03-21T12:27:31.529Z - debug: 2025-03-21 20:27:31.181 java[74790:4714560] +[IMKClient subclass]: chose IMKClient_Modern
2025-03-21 20:27:31.181 java[74790:4714560] +[IMKInputSession subclass]: chose IMKInputSession_Modern

2025-03-21T12:28:19.054Z - debug: 2025-03-21 20:28:16.831 java[74872:4717083] +[IMKClient subclass]: chose IMKClient_Modern
2025-03-21 20:28:16.831 java[74872:4717083] +[IMKInputSession subclass]: chose IMKInputSession_Modern

2025-03-21T12:28:30.069Z - debug:  
2025-03-21T12:28:30.089Z - debug: 2025-03-21 20:28:29.298 java[74891:4717558] +[IMKClient subclass]: chose IMKClient_Modern
2025-03-21 20:28:29.298 java[74891:4717558] +[IMKInputSession subclass]: chose IMKInputSession_Modern

2025-03-21T12:28:37.206Z - info: Pages built
2025-03-21T12:28:37.277Z - info: Site data built
2025-03-21T12:28:37.278Z - info: Website generation complete! Total build time: 85.901s
2025-03-21T12:28:37.278Z - info: Build success!
2025-03-21T12:28:57.642Z - info: The website has been deployed at: https://nus-cs2103-ay2425s2.github.io/website
