2025-04-10T16:18:40.898Z - info: Website generation (lazy) started at 00:18:40
2025-04-10T16:18:41.161Z - warn: ENOENT: no such file or directory, open '/Users/damithch/Repos/nus-cs2103/cs2103-website-base/node_modules/.cache/gh-pages/https!github.com!nus-cs2103-AY2425S2!website.git/book/_markbind/variables.md'
2025-04-10T16:18:41.161Z - warn: ENOENT: no such file or directory, open '/Users/damithch/Repos/nus-cs2103/cs2103-website-base/node_modules/.cache/gh-pages/https!github.com!nus-cs2103-AY2425S2!website.git/_markbind/variables.md'
2025-04-10T16:18:41.181Z - info: Building assets...
2025-04-10T16:18:42.639Z - info: Assets built
2025-04-10T16:18:42.639Z - info: Generating landing page...
2025-04-10T16:18:43.085Z - info: Landing page built, other pages will be built as you navigate to them!
2025-04-10T16:18:43.160Z - info: Site data built
2025-04-10T16:18:43.160Z - info: Website generation (lazy) complete! Total build time: 3.061s
2025-04-10T16:18:43.170Z - info: Serving "/Users/damithch/Repos/nus-cs2103/cs2103-website-base/_site" at http://127.0.0.1:8080
2025-04-10T16:18:43.170Z - info: Press CTRL+C to stop ...
2025-04-10T16:18:52.447Z - info: Building /Users/damithch/Repos/nus-cs2103/cs2103-website-base/admin/tp-pe as some of its dependencies were changed since the last visit
2025-04-10T16:18:53.316Z - info: Site data built
2025-04-10T16:18:53.316Z - info: Lazy website regeneration complete! Total build time: 0.87s
2025-04-10T16:21:34.159Z - info: [00:21:34] Reload for file change: /Users/damithch/Repos/nus-cs2103/cs2103-website-base/admin/tp-pe-fragment.md
2025-04-10T16:21:34.160Z - info: Synchronizing opened pages list before reload
2025-04-10T16:21:34.160Z - info: Current opened pages, from most-to-least recent:
2025-04-10T16:21:34.160Z - info: 1. admin/tp-pe
2025-04-10T16:21:34.161Z - info: [00:21:34] Reload for file change: /Users/damithch/Repos/nus-cs2103/cs2103-website-base/_markbind/variables.md
2025-04-10T16:21:34.161Z - info: Synchronizing opened pages list before reload
2025-04-10T16:21:34.161Z - info: Current opened pages, from most-to-least recent:
2025-04-10T16:21:34.161Z - info: 1. admin/tp-pe
2025-04-10T16:21:35.186Z - warn: ENOENT: no such file or directory, open '/Users/damithch/Repos/nus-cs2103/cs2103-website-base/node_modules/.cache/gh-pages/https!github.com!nus-cs2103-AY2425S2!website.git/book/_markbind/variables.md'
2025-04-10T16:21:35.186Z - warn: ENOENT: no such file or directory, open '/Users/damithch/Repos/nus-cs2103/cs2103-website-base/node_modules/.cache/gh-pages/https!github.com!nus-cs2103-AY2425S2!website.git/_markbind/variables.md'
2025-04-10T16:21:35.208Z - warn: Rebuilding all pages as variables file was changed, or the --force-reload flag was set
2025-04-10T16:21:35.210Z - info: Rebuilding 1 pages
2025-04-10T16:21:35.253Z - error:  Template render error: (/Users/damithch/Repos/nus-cs2103/cs2103-website-base/admin/tp-pe-fragment.md) [Line 95, Column 157]
  unexpected token: }}
    at Object._prettifyError (/opt/homebrew/lib/node_modules/markbind-cli/node_modules/nunjucks/src/lib.js:32:11)
    at Template.render (/opt/homebrew/lib/node_modules/markbind-cli/node_modules/@markbind/core/src/patches/nunjucks/context-overrides-frame.js:358:19)
    at /opt/homebrew/lib/node_modules/markbind-cli/node_modules/@markbind/core/src/patches/nunjucks/context-overrides-frame.js:54:25
    at createTemplate (/opt/homebrew/lib/node_modules/markbind-cli/node_modules/@markbind/core/src/patches/nunjucks/load-event.js:121:7)
    at handle (/opt/homebrew/lib/node_modules/markbind-cli/node_modules/@markbind/core/src/patches/nunjucks/load-event.js:133:9)
    at /opt/homebrew/lib/node_modules/markbind-cli/node_modules/@markbind/core/src/patches/nunjucks/load-event.js:145:7
    at next (/opt/homebrew/lib/node_modules/markbind-cli/node_modules/nunjucks/src/lib.js:258:7)
    at Object.asyncIter (/opt/homebrew/lib/node_modules/markbind-cli/node_modules/nunjucks/src/lib.js:263:3)
    at Environment.getTemplate (/opt/homebrew/lib/node_modules/markbind-cli/node_modules/@markbind/core/src/patches/nunjucks/load-event.js:127:7)
    at Environment.render (/opt/homebrew/lib/node_modules/markbind-cli/node_modules/@markbind/core/src/patches/nunjucks/context-overrides-frame.js:48:8)
    at VariableRenderer.renderFile (/opt/homebrew/lib/node_modules/markbind-cli/node_modules/@markbind/core/src/variables/VariableRenderer.js:73:24)
    at VariableProcessor.renderWithSiteVariables (/opt/homebrew/lib/node_modules/markbind-cli/node_modules/@markbind/core/src/variables/VariableProcessor.js:154:57)
    at VariableProcessor.renderIncludeFile (/opt/homebrew/lib/node_modules/markbind-cli/node_modules/@markbind/core/src/variables/VariableProcessor.js:231:38)
    at processInclude (/opt/homebrew/lib/node_modules/markbind-cli/node_modules/@markbind/core/src/html/includePanelProcessor.js:198:68)
    at NodeProcessor.processNode (/opt/homebrew/lib/node_modules/markbind-cli/node_modules/@markbind/core/src/html/NodeProcessor.js:173:71)
    at NodeProcessor.traverse (/opt/homebrew/lib/node_modules/markbind-cli/node_modules/@markbind/core/src/html/NodeProcessor.js:342:24)
2025-04-10T16:21:35.292Z - info: Site data built
2025-04-10T16:21:35.292Z - info: Pages rebuilt
2025-04-10T16:21:35.292Z - info: Website regeneration complete! Total build time: 0.125s
2025-04-10T16:21:43.472Z - info: [00:21:43] Reload for file change: /Users/damithch/Repos/nus-cs2103/cs2103-website-base/admin/tp-pe-fragment.md
2025-04-10T16:21:43.473Z - info: Synchronizing opened pages list before reload
2025-04-10T16:21:43.473Z - info: Current opened pages, from most-to-least recent:
2025-04-10T16:21:43.473Z - info: 1. admin/tp-pe
2025-04-10T16:21:44.480Z - info: Rebuilding 1 pages
2025-04-10T16:21:45.210Z - info: Site data built
2025-04-10T16:21:45.210Z - info: Pages rebuilt
2025-04-10T16:21:45.210Z - info: Website regeneration complete! Total build time: 0.732s
2025-04-10T16:22:40.033Z - info: [00:22:40] Reload for file change: /Users/damithch/Repos/nus-cs2103/cs2103-website-base/schedule/week12/notices-cs2103-fragment.md
2025-04-10T16:22:40.033Z - info: Synchronizing opened pages list before reload
2025-04-10T16:22:40.034Z - info: Current opened pages, from most-to-least recent:
2025-04-10T16:22:40.034Z - info: 1. admin/tp-pe
2025-04-10T16:22:41.051Z - info: No pages needed to be rebuilt
2025-04-10T16:22:44.652Z - info: Building /Users/damithch/Repos/nus-cs2103/cs2103-website-base/index as some of its dependencies were changed since the last visit
2025-04-10T16:22:45.070Z - info: Site data built
2025-04-10T16:22:45.071Z - info: Lazy website regeneration complete! Total build time: 0.42s
2025-04-10T16:22:58.491Z - info: Building /Users/damithch/Repos/nus-cs2103/cs2103-website-base/schedule/week13/index as some of its dependencies were changed since the last visit
2025-04-10T16:22:58.716Z - info: Site data built
2025-04-10T16:22:58.717Z - info: Lazy website regeneration complete! Total build time: 0.227s
2025-04-10T16:24:11.367Z - info: [00:24:11] Reload for file change: /Users/damithch/Repos/nus-cs2103/cs2103-website-base/admin/courseBriefings.md
2025-04-10T16:24:11.368Z - info: Synchronizing opened pages list before reload
2025-04-10T16:24:11.368Z - info: Current opened pages, from most-to-least recent:
2025-04-10T16:24:11.369Z - info: 1. schedule/week13/index
2025-04-10T16:24:12.376Z - info: Rebuilding 1 pages
2025-04-10T16:24:12.603Z - info: Site data built
2025-04-10T16:24:12.603Z - info: Pages rebuilt
2025-04-10T16:24:12.603Z - info: Website regeneration complete! Total build time: 0.229s
2025-04-10T16:30:02.814Z - info: Website generation started at 00:30:02
2025-04-10T16:30:03.089Z - warn: ENOENT: no such file or directory, open '/Users/damithch/Repos/nus-cs2103/cs2103-website-base/node_modules/.cache/gh-pages/https!github.com!nus-cs2103-AY2425S2!website.git/book/_markbind/variables.md'
2025-04-10T16:30:03.089Z - warn: ENOENT: no such file or directory, open '/Users/damithch/Repos/nus-cs2103/cs2103-website-base/node_modules/.cache/gh-pages/https!github.com!nus-cs2103-AY2425S2!website.git/_markbind/variables.md'
2025-04-10T16:30:03.109Z - info: Building assets...
2025-04-10T16:30:04.746Z - info: Assets built
2025-04-10T16:30:04.747Z - info: Generating pages...
2025-04-10T16:30:11.938Z - debug: 2025-04-11 00:30:09.113 java[25103:881310] +[IMKClient subclass]: chose IMKClient_Modern
2025-04-11 00:30:09.113 java[25103:881310] +[IMKInputSession subclass]: chose IMKInputSession_Modern

2025-04-10T16:30:12.340Z - debug:  
2025-04-10T16:30:12.340Z - debug: 2025-04-11 00:30:07.776 java[25075:881064] +[IMKClient subclass]: chose IMKClient_Modern
2025-04-11 00:30:07.776 java[25075:881064] +[IMKInputSession subclass]: chose IMKInputSession_Modern

2025-04-10T16:30:12.340Z - debug:  
2025-04-10T16:30:12.340Z - debug:  
2025-04-10T16:30:12.340Z - debug:  
2025-04-10T16:30:12.340Z - debug:  
2025-04-10T16:30:12.340Z - debug:  
2025-04-10T16:30:12.340Z - debug:  
2025-04-10T16:30:12.340Z - debug:  
2025-04-10T16:30:12.340Z - debug:  
2025-04-10T16:30:12.340Z - debug:  
2025-04-10T16:30:12.340Z - debug:  
2025-04-10T16:30:12.340Z - debug:  
2025-04-10T16:30:12.340Z - debug:  
2025-04-10T16:30:12.340Z - debug:  
2025-04-10T16:30:12.966Z - debug: 2025-04-11 00:30:12.616 java[25134:882132] +[IMKClient subclass]: chose IMKClient_Modern
2025-04-11 00:30:12.616 java[25134:882132] +[IMKInputSession subclass]: chose IMKInputSession_Modern

2025-04-10T16:30:22.871Z - debug: 2025-04-11 00:30:22.094 java[25162:882692] +[IMKClient subclass]: chose IMKClient_Modern
2025-04-11 00:30:22.094 java[25162:882692] +[IMKInputSession subclass]: chose IMKInputSession_Modern

2025-04-10T16:31:08.632Z - debug: 2025-04-11 00:31:05.427 java[25198:883600] +[IMKClient subclass]: chose IMKClient_Modern
2025-04-11 00:31:05.427 java[25198:883600] +[IMKInputSession subclass]: chose IMKInputSession_Modern

2025-04-10T16:31:20.145Z - debug:  
2025-04-10T16:31:20.160Z - debug: 2025-04-11 00:31:19.338 java[25213:884009] +[IMKClient subclass]: chose IMKClient_Modern
2025-04-11 00:31:19.338 java[25213:884009] +[IMKInputSession subclass]: chose IMKInputSession_Modern

2025-04-10T16:31:27.407Z - info: Pages built
2025-04-10T16:31:27.480Z - info: Site data built
2025-04-10T16:31:27.480Z - info: Website generation complete! Total build time: 85.304s
2025-04-10T16:31:27.480Z - info: Build success!
2025-04-10T16:31:48.416Z - info: The website has been deployed at: https://nus-cs2103-ay2425s2.github.io/website
2025-04-11T02:53:38.048Z - info: Website generation (lazy) started at 10:53:37
2025-04-11T02:53:38.359Z - warn: ENOENT: no such file or directory, open '/Users/damithch/Repos/nus-cs2103/cs2103-website-base/node_modules/.cache/gh-pages/https!github.com!nus-cs2103-AY2425S2!website.git/book/_markbind/variables.md'
2025-04-11T02:53:38.359Z - warn: ENOENT: no such file or directory, open '/Users/damithch/Repos/nus-cs2103/cs2103-website-base/node_modules/.cache/gh-pages/https!github.com!nus-cs2103-AY2425S2!website.git/_markbind/variables.md'
2025-04-11T02:53:38.379Z - info: Building assets...
2025-04-11T02:53:39.822Z - info: Assets built
2025-04-11T02:53:39.823Z - info: Generating landing page...
2025-04-11T02:53:40.275Z - info: Landing page built, other pages will be built as you navigate to them!
2025-04-11T02:53:40.346Z - info: Site data built
2025-04-11T02:53:40.346Z - info: Website generation (lazy) complete! Total build time: 3.111s
2025-04-11T02:53:40.355Z - info: Serving "/Users/damithch/Repos/nus-cs2103/cs2103-website-base/_site" at http://127.0.0.1:8080
2025-04-11T02:53:40.356Z - info: Press CTRL+C to stop ...
2025-04-11T02:53:45.096Z - info: Building /Users/damithch/Repos/nus-cs2103/cs2103-website-base/admin/tp-pe as some of its dependencies were changed since the last visit
2025-04-11T02:53:45.887Z - info: Site data built
2025-04-11T02:53:45.887Z - info: Lazy website regeneration complete! Total build time: 0.791s
2025-04-11T02:55:53.240Z - info: [10:55:53] Reload for file change: /Users/damithch/Repos/nus-cs2103/cs2103-website-base/admin/tp-pe-fragment.md
2025-04-11T02:55:53.241Z - info: Synchronizing opened pages list before reload
2025-04-11T02:55:53.244Z - info: Current opened pages, from most-to-least recent:
2025-04-11T02:55:53.246Z - info: 1. admin/tp-pe
2025-04-11T02:55:54.255Z - info: Rebuilding 1 pages
2025-04-11T02:55:55.056Z - info: Site data built
2025-04-11T02:55:55.056Z - info: Pages rebuilt
2025-04-11T02:55:55.056Z - info: Website regeneration complete! Total build time: 0.805s
2025-04-11T02:56:21.974Z - info: Website generation started at 10:56:21
2025-04-11T02:56:22.161Z - warn: ENOENT: no such file or directory, open '/Users/damithch/Repos/nus-cs2103/cs2103-website-base/node_modules/.cache/gh-pages/https!github.com!nus-cs2103-AY2425S2!website.git/book/_markbind/variables.md'
2025-04-11T02:56:22.161Z - warn: ENOENT: no such file or directory, open '/Users/damithch/Repos/nus-cs2103/cs2103-website-base/node_modules/.cache/gh-pages/https!github.com!nus-cs2103-AY2425S2!website.git/_markbind/variables.md'
2025-04-11T02:56:22.183Z - info: Building assets...
