2025-04-06T07:31:50.732Z - info: Website generation (lazy) started at 15:31:50
2025-04-06T07:31:51.070Z - warn: ENOENT: no such file or directory, open '/Users/damithch/Repos/nus-cs2103/cs2103-website-base/node_modules/.cache/gh-pages/https!github.com!nus-cs2103-AY2425S2!website.git/book/_markbind/variables.md'
2025-04-06T07:31:51.070Z - warn: ENOENT: no such file or directory, open '/Users/damithch/Repos/nus-cs2103/cs2103-website-base/node_modules/.cache/gh-pages/https!github.com!nus-cs2103-AY2425S2!website.git/_markbind/variables.md'
2025-04-06T07:31:51.095Z - info: Building assets...
2025-04-06T07:31:53.410Z - info: Assets built
2025-04-06T07:31:53.411Z - info: Generating landing page...
2025-04-06T07:31:54.374Z - info: Landing page built, other pages will be built as you navigate to them!
2025-04-06T07:31:54.453Z - info: Site data built
2025-04-06T07:31:54.453Z - info: Website generation (lazy) complete! Total build time: 4.446s
2025-04-06T07:31:54.463Z - info: Serving "/Users/damithch/Repos/nus-cs2103/cs2103-website-base/_site" at http://127.0.0.1:8080
2025-04-06T07:31:54.463Z - info: Press CTRL+C to stop ...
2025-04-06T07:32:51.970Z - info: Building /Users/damithch/Repos/nus-cs2103/cs2103-website-base/admin/tp-pe as some of its dependencies were changed since the last visit
2025-04-06T07:32:52.817Z - info: Site data built
2025-04-06T07:32:52.817Z - info: Lazy website regeneration complete! Total build time: 0.848s
2025-04-06T07:44:21.452Z - info: [15:44:21] Reload for file change: /Users/damithch/Repos/nus-cs2103/cs2103-website-base/admin/tp-grading-bugs-fragment.md
2025-04-06T07:44:21.454Z - info: Synchronizing opened pages list before reload
2025-04-06T07:44:21.456Z - info: Current opened pages, from most-to-least recent:
2025-04-06T07:44:21.456Z - info: 1. admin/tp-pe
2025-04-06T07:44:22.467Z - info: Rebuilding 1 pages
2025-04-06T07:44:23.265Z - info: Site data built
2025-04-06T07:44:23.265Z - info: Pages rebuilt
2025-04-06T07:44:23.265Z - info: Website regeneration complete! Total build time: 0.801s
2025-04-06T07:50:22.683Z - info: [15:50:22] Reload for file change: /Users/damithch/Repos/nus-cs2103/cs2103-website-base/admin/faq-fragment.md
2025-04-06T07:50:22.685Z - info: Synchronizing opened pages list before reload
2025-04-06T07:50:22.686Z - info: Current opened pages, from most-to-least recent:
2025-04-06T07:50:22.686Z - info: 1. admin/tp-pe
2025-04-06T07:50:23.695Z - info: Rebuilding 1 pages
2025-04-06T07:50:24.463Z - info: Site data built
2025-04-06T07:50:24.463Z - info: Pages rebuilt
2025-04-06T07:50:24.463Z - info: Website regeneration complete! Total build time: 0.771s
2025-04-06T08:10:23.009Z - info: [16:10:23] Reload for file change: /Users/damithch/Repos/nus-cs2103/cs2103-website-base/admin/tp-testing-fragment.md
2025-04-06T08:10:23.011Z - info: Synchronizing opened pages list before reload
2025-04-06T08:10:23.012Z - info: Current opened pages, from most-to-least recent:
2025-04-06T08:10:23.012Z - info: 1. admin/tp-pe
2025-04-06T08:10:24.026Z - info: Rebuilding 1 pages
2025-04-06T08:10:24.801Z - info: Site data built
2025-04-06T08:10:24.801Z - info: Pages rebuilt
2025-04-06T08:10:24.801Z - info: Website regeneration complete! Total build time: 0.778s
2025-04-06T08:10:46.474Z - info: [16:10:46] Reload for file change: /Users/damithch/Repos/nus-cs2103/cs2103-website-base/admin/tp-testing-fragment.md
2025-04-06T08:10:46.475Z - info: Synchronizing opened pages list before reload
2025-04-06T08:10:46.475Z - info: Current opened pages, from most-to-least recent:
2025-04-06T08:10:46.475Z - info: 1. admin/tp-pe
2025-04-06T08:10:47.488Z - info: Rebuilding 1 pages
2025-04-06T08:10:48.250Z - info: Site data built
2025-04-06T08:10:48.250Z - info: Pages rebuilt
2025-04-06T08:10:48.250Z - info: Website regeneration complete! Total build time: 0.765s
2025-04-06T08:15:44.929Z - info: [16:15:44] Reload for file change: /Users/damithch/Repos/nus-cs2103/cs2103-website-base/admin/tp-testing-fragment.md
2025-04-06T08:15:44.930Z - info: Synchronizing opened pages list before reload
2025-04-06T08:15:44.931Z - info: Current opened pages, from most-to-least recent:
2025-04-06T08:15:44.931Z - info: 1. admin/tp-pe
2025-04-06T08:15:45.941Z - info: Rebuilding 1 pages
2025-04-06T08:15:46.728Z - info: Site data built
2025-04-06T08:15:46.728Z - info: Pages rebuilt
2025-04-06T08:15:46.728Z - info: Website regeneration complete! Total build time: 0.79s
2025-04-06T08:17:35.247Z - info: [16:17:35] Reload for file change: /Users/damithch/Repos/nus-cs2103/cs2103-website-base/admin/tp-testing-fragment.md
2025-04-06T08:17:35.261Z - info: Synchronizing opened pages list before reload
2025-04-06T08:17:35.264Z - info: Current opened pages, from most-to-least recent:
2025-04-06T08:17:35.264Z - info: 1. admin/tp-pe
2025-04-06T08:17:36.300Z - info: Rebuilding 1 pages
2025-04-06T08:17:37.069Z - info: Site data built
2025-04-06T08:17:37.069Z - info: Pages rebuilt
2025-04-06T08:17:37.069Z - info: Website regeneration complete! Total build time: 0.774s
2025-04-06T08:20:35.018Z - info: [16:20:35] Reload for file change: /Users/damithch/Repos/nus-cs2103/cs2103-website-base/admin/tp-testing-fragment.md
2025-04-06T08:20:35.022Z - info: Synchronizing opened pages list before reload
2025-04-06T08:20:35.023Z - info: Current opened pages, from most-to-least recent:
2025-04-06T08:20:35.023Z - info: 1. admin/tp-pe
2025-04-06T08:20:36.038Z - info: Rebuilding 1 pages
2025-04-06T08:20:36.803Z - info: Site data built
2025-04-06T08:20:36.803Z - info: Pages rebuilt
2025-04-06T08:20:36.803Z - info: Website regeneration complete! Total build time: 0.769s
2025-04-06T08:21:21.695Z - info: [16:21:21] Reload for file change: /Users/damithch/Repos/nus-cs2103/cs2103-website-base/admin/tp-testing-fragment.md
2025-04-06T08:21:21.696Z - info: Synchronizing opened pages list before reload
2025-04-06T08:21:21.696Z - info: Current opened pages, from most-to-least recent:
2025-04-06T08:21:21.696Z - info: 1. admin/tp-pe
2025-04-06T08:21:22.704Z - info: Rebuilding 1 pages
2025-04-06T08:21:23.550Z - info: Site data built
2025-04-06T08:21:23.550Z - info: Pages rebuilt
2025-04-06T08:21:23.550Z - info: Website regeneration complete! Total build time: 0.848s
2025-04-06T08:44:57.218Z - info: [16:44:57] Reload for file change: /Users/damithch/Repos/nus-cs2103/cs2103-website-base/admin/tp-testing-fragment.md
2025-04-06T08:44:57.223Z - info: Synchronizing opened pages list before reload
2025-04-06T08:44:57.224Z - info: Current opened pages, from most-to-least recent:
2025-04-06T08:44:57.224Z - info: 1. admin/tp-pe
2025-04-06T08:44:58.258Z - info: Rebuilding 1 pages
2025-04-06T08:44:59.045Z - info: Site data built
2025-04-06T08:44:59.045Z - info: Pages rebuilt
2025-04-06T08:44:59.045Z - info: Website regeneration complete! Total build time: 0.812s
2025-04-06T08:50:23.237Z - info: [16:50:23] Reload for file change: /Users/damithch/Repos/nus-cs2103/cs2103-website-base/admin/tp-testing-fragment.md
2025-04-06T08:50:23.240Z - info: Synchronizing opened pages list before reload
2025-04-06T08:50:23.240Z - info: Current opened pages, from most-to-least recent:
2025-04-06T08:50:23.241Z - info: 1. admin/tp-pe
2025-04-06T08:50:24.247Z - info: Rebuilding 1 pages
2025-04-06T08:50:25.081Z - info: Site data built
2025-04-06T08:50:25.081Z - info: Pages rebuilt
2025-04-06T08:50:25.081Z - info: Website regeneration complete! Total build time: 0.837s
2025-04-06T08:52:13.984Z - info: [16:52:13] Reload for file change: /Users/damithch/Repos/nus-cs2103/cs2103-website-base/admin/tp-testing-fragment.md
2025-04-06T08:52:13.987Z - info: Synchronizing opened pages list before reload
2025-04-06T08:52:13.990Z - info: Current opened pages, from most-to-least recent:
2025-04-06T08:52:13.990Z - info: 1. admin/tp-pe
2025-04-06T08:52:15.001Z - info: Rebuilding 1 pages
2025-04-06T08:52:15.799Z - info: Site data built
2025-04-06T08:52:15.799Z - info: Pages rebuilt
2025-04-06T08:52:15.799Z - info: Website regeneration complete! Total build time: 0.803s
2025-04-06T08:54:05.305Z - info: [16:54:05] Reload for file change: /Users/damithch/Repos/nus-cs2103/cs2103-website-base/admin/tp-testing-fragment.md
2025-04-06T08:54:05.308Z - info: Synchronizing opened pages list before reload
2025-04-06T08:54:05.311Z - info: Current opened pages, from most-to-least recent:
2025-04-06T08:54:05.312Z - info: 1. admin/tp-pe
2025-04-06T08:54:06.348Z - info: Rebuilding 1 pages
2025-04-06T08:54:07.106Z - info: Site data built
2025-04-06T08:54:07.106Z - info: Pages rebuilt
2025-04-06T08:54:07.106Z - info: Website regeneration complete! Total build time: 0.769s
2025-04-06T08:55:17.351Z - info: [16:55:17] Reload for file change: /Users/damithch/Repos/nus-cs2103/cs2103-website-base/admin/tp-testing-fragment.md
2025-04-06T08:55:17.351Z - info: Synchronizing opened pages list before reload
2025-04-06T08:55:17.352Z - info: Current opened pages, from most-to-least recent:
2025-04-06T08:55:17.352Z - info: 1. admin/tp-pe
2025-04-06T08:55:18.369Z - info: Rebuilding 1 pages
2025-04-06T08:55:19.147Z - info: Site data built
2025-04-06T08:55:19.147Z - info: Pages rebuilt
2025-04-06T08:55:19.147Z - info: Website regeneration complete! Total build time: 0.782s
2025-04-06T08:55:30.433Z - info: [16:55:30] Reload for file change: /Users/damithch/Repos/nus-cs2103/cs2103-website-base/admin/tp-testing-fragment.md
2025-04-06T08:55:30.433Z - info: Synchronizing opened pages list before reload
2025-04-06T08:55:30.433Z - info: Current opened pages, from most-to-least recent:
2025-04-06T08:55:30.433Z - info: 1. admin/tp-pe
2025-04-06T08:55:31.441Z - info: Rebuilding 1 pages
2025-04-06T08:55:32.208Z - info: Site data built
2025-04-06T08:55:32.208Z - info: Pages rebuilt
2025-04-06T08:55:32.208Z - info: Website regeneration complete! Total build time: 0.77s
2025-04-06T08:57:35.481Z - info: [16:57:35] Reload for file change: /Users/damithch/Repos/nus-cs2103/cs2103-website-base/admin/tp-testing-fragment.md
2025-04-06T08:57:35.486Z - info: Synchronizing opened pages list before reload
2025-04-06T08:57:35.487Z - info: Current opened pages, from most-to-least recent:
2025-04-06T08:57:35.487Z - info: 1. admin/tp-pe
2025-04-06T08:57:36.503Z - info: Rebuilding 1 pages
2025-04-06T08:57:37.284Z - info: Site data built
2025-04-06T08:57:37.284Z - info: Pages rebuilt
2025-04-06T08:57:37.284Z - info: Website regeneration complete! Total build time: 0.784s
2025-04-06T09:00:49.730Z - info: [17:00:49] Reload for file change: /Users/damithch/Repos/nus-cs2103/cs2103-website-base/admin/tp-pe-fragment.md
2025-04-06T09:00:49.732Z - info: Synchronizing opened pages list before reload
2025-04-06T09:00:49.733Z - info: Current opened pages, from most-to-least recent:
2025-04-06T09:00:49.733Z - info: 1. admin/tp-pe
2025-04-06T09:00:50.742Z - info: Rebuilding 1 pages
2025-04-06T09:00:51.527Z - info: Site data built
2025-04-06T09:00:51.527Z - info: Pages rebuilt
2025-04-06T09:00:51.527Z - info: Website regeneration complete! Total build time: 0.789s
2025-04-06T09:02:06.217Z - info: [17:02:06] Reload for file change: /Users/damithch/Repos/nus-cs2103/cs2103-website-base/admin/tp-pe-fragment.md
2025-04-06T09:02:06.222Z - info: Synchronizing opened pages list before reload
2025-04-06T09:02:06.223Z - info: Current opened pages, from most-to-least recent:
2025-04-06T09:02:06.223Z - info: 1. admin/tp-pe
2025-04-06T09:02:07.238Z - info: Rebuilding 1 pages
2025-04-06T09:02:08.055Z - info: Site data built
2025-04-06T09:02:08.055Z - info: Pages rebuilt
2025-04-06T09:02:08.055Z - info: Website regeneration complete! Total build time: 0.822s
2025-04-06T09:04:35.636Z - info: [17:04:35] Reload for file change: /Users/damithch/Repos/nus-cs2103/cs2103-website-base/admin/tp-pe-fragment.md
2025-04-06T09:04:35.641Z - info: Synchronizing opened pages list before reload
2025-04-06T09:04:35.651Z - info: Current opened pages, from most-to-least recent:
2025-04-06T09:04:35.652Z - info: 1. admin/tp-pe
2025-04-06T09:04:36.697Z - info: Rebuilding 1 pages
2025-04-06T09:04:37.483Z - info: Site data built
2025-04-06T09:04:37.483Z - info: Pages rebuilt
2025-04-06T09:04:37.483Z - info: Website regeneration complete! Total build time: 0.791s
2025-04-06T09:08:42.830Z - info: [17:08:42] Reload for file change: /Users/damithch/Repos/nus-cs2103/cs2103-website-base/admin/tp-pe-fragment.md
2025-04-06T09:08:42.832Z - info: Synchronizing opened pages list before reload
2025-04-06T09:08:42.832Z - info: Current opened pages, from most-to-least recent:
2025-04-06T09:08:42.832Z - info: 1. admin/tp-pe
2025-04-06T09:08:43.847Z - info: Rebuilding 1 pages
2025-04-06T09:08:44.093Z - error:  TypeError: Cannot read properties of null (reading '0')
    at getName (/opt/homebrew/lib/node_modules/markbind-cli/node_modules/css-what/index.js:97:36)
    at parseSelector (/opt/homebrew/lib/node_modules/markbind-cli/node_modules/css-what/index.js:152:13)
    at parse (/opt/homebrew/lib/node_modules/markbind-cli/node_modules/css-what/index.js:82:13)
    at compileUnsafe (/opt/homebrew/lib/node_modules/markbind-cli/node_modules/css-select/lib/compile.js:31:14)
    at select (/opt/homebrew/lib/node_modules/markbind-cli/node_modules/css-select/index.js:18:49)
    at CSSselect (/opt/homebrew/lib/node_modules/markbind-cli/node_modules/css-select/index.js:41:9)
    at exports.find (/opt/homebrew/lib/node_modules/markbind-cli/node_modules/cheerio/lib/api/traversing.js:40:21)
    at module.exports (/opt/homebrew/lib/node_modules/markbind-cli/node_modules/cheerio/lib/cheerio.js:86:18)
    at new initialize (/opt/homebrew/lib/node_modules/markbind-cli/node_modules/cheerio/lib/static.js:29:20)
    at initialize (/opt/homebrew/lib/node_modules/markbind-cli/node_modules/cheerio/lib/static.js:26:14)
    at processInclude (/opt/homebrew/lib/node_modules/markbind-cli/node_modules/@markbind/core/src/html/includePanelProcessor.js:214:37)
    at NodeProcessor.processNode (/opt/homebrew/lib/node_modules/markbind-cli/node_modules/@markbind/core/src/html/NodeProcessor.js:173:71)
    at NodeProcessor.traverse (/opt/homebrew/lib/node_modules/markbind-cli/node_modules/@markbind/core/src/html/NodeProcessor.js:342:24)
    at /opt/homebrew/lib/node_modules/markbind-cli/node_modules/@markbind/core/src/html/NodeProcessor.js:346:22
    at Array.forEach (<anonymous>)
    at NodeProcessor.traverse (/opt/homebrew/lib/node_modules/markbind-cli/node_modules/@markbind/core/src/html/NodeProcessor.js:345:27)
2025-04-06T09:08:44.632Z - info: Site data built
2025-04-06T09:08:44.632Z - info: Pages rebuilt
2025-04-06T09:08:44.632Z - info: Website regeneration complete! Total build time: 0.788s
2025-04-06T09:08:53.475Z - info: [17:08:53] Reload for file change: /Users/damithch/Repos/nus-cs2103/cs2103-website-base/admin/tp-pe-fragment.md
2025-04-06T09:08:53.475Z - info: Synchronizing opened pages list before reload
2025-04-06T09:08:53.475Z - info: Current opened pages, from most-to-least recent:
2025-04-06T09:08:53.475Z - info: 1. admin/tp-pe
2025-04-06T09:08:54.494Z - info: Rebuilding 1 pages
2025-04-06T09:08:54.716Z - error:  Error: No such segment '#zip-download-unzip-info' in file: /Users/damithch/Repos/nus-cs2103/cs2103-website-base/admin/tp-pe-fragment.md
Missing reference in /Users/damithch/Repos/nus-cs2103/cs2103-website-base/admin/tp-pe-fragment.md
    at processInclude (/opt/homebrew/lib/node_modules/markbind-cli/node_modules/@markbind/core/src/html/includePanelProcessor.js:238:27)
    at NodeProcessor.processNode (/opt/homebrew/lib/node_modules/markbind-cli/node_modules/@markbind/core/src/html/NodeProcessor.js:173:71)
    at NodeProcessor.traverse (/opt/homebrew/lib/node_modules/markbind-cli/node_modules/@markbind/core/src/html/NodeProcessor.js:342:24)
    at /opt/homebrew/lib/node_modules/markbind-cli/node_modules/@markbind/core/src/html/NodeProcessor.js:346:22
    at Array.forEach (<anonymous>)
    at NodeProcessor.traverse (/opt/homebrew/lib/node_modules/markbind-cli/node_modules/@markbind/core/src/html/NodeProcessor.js:345:27)
    at /opt/homebrew/lib/node_modules/markbind-cli/node_modules/@markbind/core/src/html/NodeProcessor.js:346:22
    at Array.forEach (<anonymous>)
    at NodeProcessor.traverse (/opt/homebrew/lib/node_modules/markbind-cli/node_modules/@markbind/core/src/html/NodeProcessor.js:345:27)
    at /opt/homebrew/lib/node_modules/markbind-cli/node_modules/@markbind/core/src/html/NodeProcessor.js:346:22
    at Array.forEach (<anonymous>)
    at NodeProcessor.traverse (/opt/homebrew/lib/node_modules/markbind-cli/node_modules/@markbind/core/src/html/NodeProcessor.js:345:27)
    at /opt/homebrew/lib/node_modules/markbind-cli/node_modules/@markbind/core/src/html/NodeProcessor.js:346:22
    at Array.forEach (<anonymous>)
    at NodeProcessor.traverse (/opt/homebrew/lib/node_modules/markbind-cli/node_modules/@markbind/core/src/html/NodeProcessor.js:345:27)
    at /opt/homebrew/lib/node_modules/markbind-cli/node_modules/@markbind/core/src/html/NodeProcessor.js:346:22
2025-04-06T09:08:55.252Z - info: Site data built
2025-04-06T09:08:55.252Z - info: Pages rebuilt
2025-04-06T09:08:55.252Z - info: Website regeneration complete! Total build time: 0.76s
2025-04-06T09:11:17.234Z - info: [17:11:17] Reload for file change: /Users/damithch/Repos/nus-cs2103/cs2103-website-base/admin/tp-pe-fragment.md
2025-04-06T09:11:17.235Z - info: Synchronizing opened pages list before reload
2025-04-06T09:11:17.235Z - info: Current opened pages, from most-to-least recent:
2025-04-06T09:11:17.235Z - info: 1. admin/tp-pe
2025-04-06T09:11:18.249Z - info: Rebuilding 1 pages
2025-04-06T09:11:19.026Z - info: Site data built
2025-04-06T09:11:19.026Z - info: Pages rebuilt
2025-04-06T09:11:19.026Z - info: Website regeneration complete! Total build time: 0.78s
2025-04-06T09:12:09.858Z - info: [17:12:09] Reload for file change: /Users/damithch/Repos/nus-cs2103/cs2103-website-base/admin/tp-pe-fragment.md
2025-04-06T09:12:09.860Z - info: Synchronizing opened pages list before reload
2025-04-06T09:12:09.860Z - info: Current opened pages, from most-to-least recent:
2025-04-06T09:12:09.860Z - info: 1. admin/tp-pe
2025-04-06T09:12:10.878Z - info: Rebuilding 1 pages
2025-04-06T09:12:11.636Z - info: Site data built
2025-04-06T09:12:11.636Z - info: Pages rebuilt
2025-04-06T09:12:11.636Z - info: Website regeneration complete! Total build time: 0.76s
2025-04-06T09:12:26.461Z - info: [17:12:26] Reload for file change: /Users/damithch/Repos/nus-cs2103/cs2103-website-base/admin/tp-pe-fragment.md
2025-04-06T09:12:26.461Z - info: Synchronizing opened pages list before reload
2025-04-06T09:12:26.461Z - info: Current opened pages, from most-to-least recent:
2025-04-06T09:12:26.461Z - info: 1. admin/tp-pe
2025-04-06T09:12:27.464Z - info: Rebuilding 1 pages
2025-04-06T09:12:28.221Z - info: Site data built
2025-04-06T09:12:28.221Z - info: Pages rebuilt
2025-04-06T09:12:28.221Z - info: Website regeneration complete! Total build time: 0.759s
2025-04-06T09:13:03.539Z - info: [17:13:03] Reload for file change: /Users/damithch/Repos/nus-cs2103/cs2103-website-base/admin/tp-pe-fragment.md
2025-04-06T09:13:03.540Z - info: Synchronizing opened pages list before reload
2025-04-06T09:13:03.540Z - info: Current opened pages, from most-to-least recent:
2025-04-06T09:13:03.540Z - info: 1. admin/tp-pe
2025-04-06T09:13:04.546Z - info: Rebuilding 1 pages
2025-04-06T09:13:05.302Z - info: Site data built
2025-04-06T09:13:05.303Z - info: Pages rebuilt
2025-04-06T09:13:05.303Z - info: Website regeneration complete! Total build time: 0.76s
2025-04-06T09:13:28.682Z - info: [17:13:28] Reload for file change: /Users/damithch/Repos/nus-cs2103/cs2103-website-base/admin/tp-pe-fragment.md
2025-04-06T09:13:28.683Z - info: Synchronizing opened pages list before reload
2025-04-06T09:13:28.684Z - info: Current opened pages, from most-to-least recent:
2025-04-06T09:13:28.684Z - info: 1. admin/tp-pe
2025-04-06T09:13:29.704Z - info: Rebuilding 1 pages
2025-04-06T09:13:30.452Z - info: Site data built
2025-04-06T09:13:30.452Z - info: Pages rebuilt
2025-04-06T09:13:30.452Z - info: Website regeneration complete! Total build time: 0.75s
2025-04-06T09:14:31.294Z - info: [17:14:31] Reload for file change: /Users/damithch/Repos/nus-cs2103/cs2103-website-base/admin/tp-pe-fragment.md
2025-04-06T09:14:31.294Z - info: Synchronizing opened pages list before reload
2025-04-06T09:14:31.295Z - info: Current opened pages, from most-to-least recent:
2025-04-06T09:14:31.295Z - info: 1. admin/tp-pe
2025-04-06T09:14:32.300Z - info: Rebuilding 1 pages
2025-04-06T09:14:33.024Z - info: Site data built
2025-04-06T09:14:33.025Z - info: Pages rebuilt
2025-04-06T09:14:33.025Z - info: Website regeneration complete! Total build time: 0.727s
2025-04-06T09:23:21.782Z - info: [17:23:21] Reload for file change: /Users/damithch/Repos/nus-cs2103/cs2103-website-base/admin/tp-testing-fragment.md
2025-04-06T09:23:21.783Z - info: Synchronizing opened pages list before reload
2025-04-06T09:23:21.788Z - info: Current opened pages, from most-to-least recent:
2025-04-06T09:23:21.791Z - info: 1. admin/tp-pe
2025-04-06T09:23:22.801Z - info: Rebuilding 1 pages
2025-04-06T09:23:23.618Z - info: Site data built
2025-04-06T09:23:23.618Z - info: Pages rebuilt
2025-04-06T09:23:23.618Z - info: Website regeneration complete! Total build time: 0.822s
2025-04-06T09:26:59.617Z - info: [17:26:59] Reload for file change: /Users/damithch/Repos/nus-cs2103/cs2103-website-base/admin/tp-ped-fragment.md
2025-04-06T09:26:59.636Z - info: Synchronizing opened pages list before reload
2025-04-06T09:26:59.642Z - info: Current opened pages, from most-to-least recent:
2025-04-06T09:26:59.646Z - info: 1. admin/tp-pe
2025-04-06T09:27:00.663Z - info: Rebuilding 1 pages
2025-04-06T09:27:01.441Z - info: Site data built
2025-04-06T09:27:01.441Z - info: Pages rebuilt
2025-04-06T09:27:01.441Z - info: Website regeneration complete! Total build time: 0.784s
2025-04-06T09:27:19.903Z - info: [17:27:19] Reload for file change: /Users/damithch/Repos/nus-cs2103/cs2103-website-base/admin/tp-ped-fragment.md
2025-04-06T09:27:19.903Z - info: Synchronizing opened pages list before reload
2025-04-06T09:27:19.904Z - info: Current opened pages, from most-to-least recent:
2025-04-06T09:27:19.904Z - info: 1. admin/tp-pe
2025-04-06T09:27:20.917Z - info: Rebuilding 1 pages
2025-04-06T09:27:21.661Z - info: Site data built
2025-04-06T09:27:21.661Z - info: Pages rebuilt
2025-04-06T09:27:21.661Z - info: Website regeneration complete! Total build time: 0.746s
2025-04-06T09:27:36.970Z - info: [17:27:36] Reload for file change: /Users/damithch/Repos/nus-cs2103/cs2103-website-base/admin/tp-ped-fragment.md
2025-04-06T09:27:36.971Z - info: Synchronizing opened pages list before reload
2025-04-06T09:27:36.971Z - info: Current opened pages, from most-to-least recent:
2025-04-06T09:27:36.972Z - info: 1. admin/tp-pe
2025-04-06T09:27:37.980Z - info: Rebuilding 1 pages
2025-04-06T09:27:38.750Z - info: Site data built
2025-04-06T09:27:38.750Z - info: Pages rebuilt
2025-04-06T09:27:38.750Z - info: Website regeneration complete! Total build time: 0.775s
2025-04-06T09:28:05.482Z - info: [17:28:05] Reload for file change: /Users/damithch/Repos/nus-cs2103/cs2103-website-base/admin/tp-ped-fragment.md
2025-04-06T09:28:05.483Z - info: Synchronizing opened pages list before reload
2025-04-06T09:28:05.483Z - info: Current opened pages, from most-to-least recent:
2025-04-06T09:28:05.483Z - info: 1. admin/tp-pe
2025-04-06T09:28:06.486Z - info: Rebuilding 1 pages
2025-04-06T09:28:07.228Z - info: Site data built
2025-04-06T09:28:07.228Z - info: Pages rebuilt
2025-04-06T09:28:07.228Z - info: Website regeneration complete! Total build time: 0.744s
2025-04-06T09:28:15.670Z - info: [17:28:15] Reload for file change: /Users/damithch/Repos/nus-cs2103/cs2103-website-base/admin/tp-ped-fragment.md
2025-04-06T09:28:15.671Z - info: Synchronizing opened pages list before reload
2025-04-06T09:28:15.671Z - info: Current opened pages, from most-to-least recent:
2025-04-06T09:28:15.671Z - info: 1. admin/tp-pe
2025-04-06T09:28:16.689Z - info: Rebuilding 1 pages
2025-04-06T09:28:17.446Z - info: Site data built
2025-04-06T09:28:17.446Z - info: Pages rebuilt
2025-04-06T09:28:17.446Z - info: Website regeneration complete! Total build time: 0.759s
2025-04-06T09:46:37.333Z - info: [17:46:37] Reload for file change: /Users/damithch/Repos/nus-cs2103/cs2103-website-base/admin/tp-pe-fragment.md
2025-04-06T09:46:37.337Z - info: Synchronizing opened pages list before reload
2025-04-06T09:46:37.338Z - info: Current opened pages, from most-to-least recent:
2025-04-06T09:46:37.338Z - info: 1. admin/tp-pe
2025-04-06T09:46:38.349Z - info: Rebuilding 1 pages
2025-04-06T09:46:39.182Z - info: Site data built
2025-04-06T09:46:39.182Z - info: Pages rebuilt
2025-04-06T09:46:39.182Z - info: Website regeneration complete! Total build time: 0.837s
2025-04-06T09:50:36.426Z - info: [17:50:36] Reload for file change: /Users/damithch/Repos/nus-cs2103/cs2103-website-base/admin/tp-pe-fragment.md
2025-04-06T09:50:36.429Z - info: Synchronizing opened pages list before reload
2025-04-06T09:50:36.430Z - info: Current opened pages, from most-to-least recent:
2025-04-06T09:50:36.433Z - info: 1. admin/tp-pe
2025-04-06T09:50:37.445Z - info: Rebuilding 1 pages
2025-04-06T09:50:38.224Z - info: Site data built
2025-04-06T09:50:38.224Z - info: Pages rebuilt
2025-04-06T09:50:38.224Z - info: Website regeneration complete! Total build time: 0.785s
2025-04-06T09:52:14.590Z - info: [17:52:14] Reload for file change: /Users/damithch/Repos/nus-cs2103/cs2103-website-base/admin/tp-pe-fragment.md
2025-04-06T09:52:14.592Z - info: Synchronizing opened pages list before reload
2025-04-06T09:52:14.592Z - info: Current opened pages, from most-to-least recent:
2025-04-06T09:52:14.593Z - info: 1. admin/tp-pe
2025-04-06T09:52:15.602Z - info: Rebuilding 1 pages
2025-04-06T09:52:16.359Z - info: Site data built
2025-04-06T09:52:16.359Z - info: Pages rebuilt
2025-04-06T09:52:16.359Z - info: Website regeneration complete! Total build time: 0.759s
2025-04-06T09:52:47.299Z - info: [17:52:47] Reload for file change: /Users/damithch/Repos/nus-cs2103/cs2103-website-base/admin/tp-pe-fragment.md
2025-04-06T09:52:47.303Z - info: Synchronizing opened pages list before reload
2025-04-06T09:52:47.304Z - info: Current opened pages, from most-to-least recent:
2025-04-06T09:52:47.304Z - info: 1. admin/tp-pe
2025-04-06T09:52:48.314Z - info: Rebuilding 1 pages
2025-04-06T09:52:49.097Z - info: Site data built
2025-04-06T09:52:49.097Z - info: Pages rebuilt
2025-04-06T09:52:49.097Z - info: Website regeneration complete! Total build time: 0.787s
2025-04-06T09:53:16.322Z - info: Building /Users/damithch/Repos/nus-cs2103/cs2103-website-base/admin/tp-ped as some of its dependencies were changed since the last visit
2025-04-06T09:53:17.129Z - info: Site data built
2025-04-06T09:53:17.129Z - info: Lazy website regeneration complete! Total build time: 0.807s
2025-04-06T09:54:17.676Z - info: Website generation started at 17:54:16
2025-04-06T09:54:18.101Z - warn: ENOENT: no such file or directory, open '/Users/damithch/Repos/nus-cs2103/cs2103-website-base/node_modules/.cache/gh-pages/https!github.com!nus-cs2103-AY2425S2!website.git/book/_markbind/variables.md'
2025-04-06T09:54:18.102Z - warn: ENOENT: no such file or directory, open '/Users/damithch/Repos/nus-cs2103/cs2103-website-base/node_modules/.cache/gh-pages/https!github.com!nus-cs2103-AY2425S2!website.git/_markbind/variables.md'
2025-04-06T09:54:18.123Z - info: Building assets...
2025-04-06T09:54:19.576Z - info: Assets built
2025-04-06T09:54:19.577Z - info: Generating pages...
2025-04-06T09:54:26.067Z - debug:  
2025-04-06T09:54:26.067Z - debug: 2025-04-06 17:54:22.445 java[93779:5764173] +[IMKClient subclass]: chose IMKClient_Modern
2025-04-06 17:54:22.445 java[93779:5764173] +[IMKInputSession subclass]: chose IMKInputSession_Modern

2025-04-06T09:54:26.068Z - debug:  
2025-04-06T09:54:26.068Z - debug:  
2025-04-06T09:54:26.068Z - debug:  
2025-04-06T09:54:26.068Z - debug:  
2025-04-06T09:54:26.068Z - debug:  
2025-04-06T09:54:26.068Z - debug: 2025-04-06 17:54:23.116 java[93800:5764343] +[IMKClient subclass]: chose IMKClient_Modern
2025-04-06 17:54:23.116 java[93800:5764343] +[IMKInputSession subclass]: chose IMKInputSession_Modern

2025-04-06T09:54:26.068Z - debug:  
2025-04-06T09:54:26.068Z - debug:  
2025-04-06T09:54:26.068Z - debug:  
2025-04-06T09:54:26.068Z - debug:  
2025-04-06T09:54:26.068Z - debug: 2025-04-06 17:54:23.552 java[93813:5764473] +[IMKClient subclass]: chose IMKClient_Modern
2025-04-06 17:54:23.552 java[93813:5764473] +[IMKInputSession subclass]: chose IMKInputSession_Modern

2025-04-06T09:54:26.068Z - debug:  
2025-04-06T09:54:26.068Z - debug:  
2025-04-06T09:54:26.068Z - debug:  
2025-04-06T09:54:26.620Z - debug: 2025-04-06 17:54:26.269 java[93850:5765242] +[IMKClient subclass]: chose IMKClient_Modern
2025-04-06 17:54:26.269 java[93850:5765242] +[IMKInputSession subclass]: chose IMKInputSession_Modern

2025-04-06T09:54:36.499Z - debug: 2025-04-06 17:54:35.595 java[93872:5765526] +[IMKClient subclass]: chose IMKClient_Modern
2025-04-06 17:54:35.595 java[93872:5765526] +[IMKInputSession subclass]: chose IMKInputSession_Modern

2025-04-06T09:55:23.915Z - debug: 2025-04-06 17:55:21.171 java[93995:5767351] +[IMKClient subclass]: chose IMKClient_Modern
2025-04-06 17:55:21.171 java[93995:5767351] +[IMKInputSession subclass]: chose IMKInputSession_Modern

2025-04-06T09:55:35.006Z - debug:  
2025-04-06T09:55:35.034Z - debug: 2025-04-06 17:55:34.075 java[94010:5767710] +[IMKClient subclass]: chose IMKClient_Modern
2025-04-06 17:55:34.075 java[94010:5767710] +[IMKInputSession subclass]: chose IMKInputSession_Modern

2025-04-06T09:55:42.313Z - info: Pages built
2025-04-06T09:55:42.393Z - info: Site data built
2025-04-06T09:55:42.394Z - info: Website generation complete! Total build time: 85.411s
2025-04-06T09:55:42.394Z - info: Build success!
2025-04-06T09:56:03.190Z - info: The website has been deployed at: https://nus-cs2103-ay2425s2.github.io/website
2025-04-06T13:27:46.408Z - info: Website generation started at 21:27:45
2025-04-06T13:27:46.752Z - warn: ENOENT: no such file or directory, open '/Users/damithch/Repos/nus-cs2103/cs2103-website-base/node_modules/.cache/gh-pages/https!github.com!nus-cs2103-AY2425S2!website.git/book/_markbind/variables.md'
2025-04-06T13:27:46.752Z - warn: ENOENT: no such file or directory, open '/Users/damithch/Repos/nus-cs2103/cs2103-website-base/node_modules/.cache/gh-pages/https!github.com!nus-cs2103-AY2425S2!website.git/_markbind/variables.md'
2025-04-06T13:27:46.772Z - info: Building assets...
