2025-02-16T06:20:47.582Z - info: Website generation (lazy) started at 14:20:46
2025-02-16T06:20:48.007Z - warn: ENOENT: no such file or directory, open '/Users/damithch/Repos/nus-cs2103/cs2103-website-base/node_modules/.cache/gh-pages/https!github.com!nus-cs2103-AY2425S2!website.git/book/_markbind/variables.md'
2025-02-16T06:20:48.008Z - warn: ENOENT: no such file or directory, open '/Users/damithch/Repos/nus-cs2103/cs2103-website-base/node_modules/.cache/gh-pages/https!github.com!nus-cs2103-AY2425S2!website.git/_markbind/variables.md'
2025-02-16T06:20:48.052Z - info: Building assets...
2025-02-16T06:20:49.629Z - info: Assets built
2025-02-16T06:20:49.629Z - info: Generating landing page...
2025-02-16T06:20:50.073Z - info: Landing page built, other pages will be built as you navigate to them!
2025-02-16T06:20:50.129Z - info: Site data built
2025-02-16T06:20:50.130Z - info: Website generation (lazy) complete! Total build time: 3.376s
2025-02-16T06:20:50.139Z - info: Serving "/Users/damithch/Repos/nus-cs2103/cs2103-website-base/_site" at http://127.0.0.1:8080
2025-02-16T06:20:50.139Z - info: Press CTRL+C to stop ...
2025-02-16T06:23:30.783Z - info: Building /Users/damithch/Repos/nus-cs2103/cs2103-website-base/admin/appendixC-faq as some of its dependencies were changed since the last visit
2025-02-16T06:23:32.173Z - info: Site data built
2025-02-16T06:23:32.173Z - info: Lazy website regeneration complete! Total build time: 1.391s
2025-02-16T06:26:48.661Z - info: [14:26:48] Reload for file change: /Users/damithch/Repos/nus-cs2103/cs2103-website-base/admin/faq-fragment.md
2025-02-16T06:26:48.665Z - info: Synchronizing opened pages list before reload
2025-02-16T06:26:48.666Z - info: Current opened pages, from most-to-least recent:
2025-02-16T06:26:48.667Z - info: 1. admin/appendixC-faq
2025-02-16T06:26:49.684Z - info: Rebuilding 1 pages
2025-02-16T06:26:51.015Z - info: Site data built
2025-02-16T06:26:51.015Z - info: Pages rebuilt
2025-02-16T06:26:51.015Z - info: Website regeneration complete! Total build time: 1.334s
2025-02-16T06:29:51.118Z - info: [14:29:51] Reload for file change: /Users/damithch/Repos/nus-cs2103/cs2103-website-base/admin/faq-fragment.md
2025-02-16T06:29:51.124Z - info: Synchronizing opened pages list before reload
2025-02-16T06:29:51.128Z - info: Current opened pages, from most-to-least recent:
2025-02-16T06:29:51.129Z - info: 1. admin/appendixC-faq
2025-02-16T06:29:52.139Z - info: Rebuilding 1 pages
2025-02-16T06:29:53.490Z - info: Site data built
2025-02-16T06:29:53.490Z - info: Pages rebuilt
2025-02-16T06:29:53.490Z - info: Website regeneration complete! Total build time: 1.354s
2025-02-16T06:31:59.618Z - info: [14:31:59] Reload for file change: /Users/damithch/Repos/nus-cs2103/cs2103-website-base/admin/tutorials.md
2025-02-16T06:31:59.620Z - info: Synchronizing opened pages list before reload
2025-02-16T06:31:59.621Z - info: Current opened pages, from most-to-least recent:
2025-02-16T06:31:59.622Z - info: 1. admin/appendixC-faq
2025-02-16T06:32:00.633Z - info: No pages needed to be rebuilt
2025-02-16T06:32:31.877Z - info: [14:32:31] Reload for file change: /Users/damithch/Repos/nus-cs2103/cs2103-website-base/admin/tutorials.md
2025-02-16T06:32:31.877Z - info: Synchronizing opened pages list before reload
2025-02-16T06:32:31.878Z - info: Current opened pages, from most-to-least recent:
2025-02-16T06:32:31.878Z - info: 1. admin/appendixC-faq
2025-02-16T06:32:32.887Z - info: No pages needed to be rebuilt
2025-02-16T06:32:50.552Z - info: [14:32:50] Reload for file change: /Users/damithch/Repos/nus-cs2103/cs2103-website-base/admin/tutorials.md
2025-02-16T06:32:50.553Z - info: Synchronizing opened pages list before reload
2025-02-16T06:32:50.553Z - info: Current opened pages, from most-to-least recent:
2025-02-16T06:32:50.553Z - info: 1. admin/appendixC-faq
2025-02-16T06:32:51.566Z - info: No pages needed to be rebuilt
2025-02-16T06:33:03.540Z - info: Building /Users/damithch/Repos/nus-cs2103/cs2103-website-base/admin/tutorials as some of its dependencies were changed since the last visit
2025-02-16T06:33:04.056Z - info: Site data built
2025-02-16T06:33:04.056Z - info: Lazy website regeneration complete! Total build time: 0.516s
2025-02-16T06:34:00.364Z - info: [14:34:00] Reload for file change: /Users/damithch/Repos/nus-cs2103/cs2103-website-base/admin/faq-fragment.md
2025-02-16T06:34:00.366Z - info: Synchronizing opened pages list before reload
2025-02-16T06:34:00.366Z - info: Current opened pages, from most-to-least recent:
2025-02-16T06:34:00.367Z - info: 1. admin/tutorials
2025-02-16T06:34:01.376Z - info: Rebuilding 1 pages
2025-02-16T06:34:01.862Z - info: Site data built
2025-02-16T06:34:01.862Z - info: Pages rebuilt
2025-02-16T06:34:01.862Z - info: Website regeneration complete! Total build time: 0.489s
2025-02-16T06:35:37.330Z - info: [14:35:37] Reload for file change: /Users/damithch/Repos/nus-cs2103/cs2103-website-base/admin/faq-fragment.md
2025-02-16T06:35:37.332Z - info: Synchronizing opened pages list before reload
2025-02-16T06:35:37.332Z - info: Current opened pages, from most-to-least recent:
2025-02-16T06:35:37.333Z - info: 1. admin/tutorials
2025-02-16T06:35:38.341Z - info: Rebuilding 1 pages
2025-02-16T06:35:38.823Z - info: Site data built
2025-02-16T06:35:38.823Z - info: Pages rebuilt
2025-02-16T06:35:38.823Z - info: Website regeneration complete! Total build time: 0.486s
2025-02-16T06:35:58.898Z - info: [14:35:58] Reload for file change: /Users/damithch/Repos/nus-cs2103/cs2103-website-base/admin/faq-fragment.md
2025-02-16T06:35:58.898Z - info: Synchronizing opened pages list before reload
2025-02-16T06:35:58.898Z - info: Current opened pages, from most-to-least recent:
2025-02-16T06:35:58.898Z - info: 1. admin/tutorials
2025-02-16T06:35:59.907Z - info: Rebuilding 1 pages
2025-02-16T06:36:00.374Z - info: Site data built
2025-02-16T06:36:00.374Z - info: Pages rebuilt
2025-02-16T06:36:00.374Z - info: Website regeneration complete! Total build time: 0.469s
2025-02-16T06:36:16.961Z - info: Website generation started at 14:36:16
2025-02-16T06:36:17.299Z - warn: ENOENT: no such file or directory, open '/Users/damithch/Repos/nus-cs2103/cs2103-website-base/node_modules/.cache/gh-pages/https!github.com!nus-cs2103-AY2425S2!website.git/book/_markbind/variables.md'
2025-02-16T06:36:17.299Z - warn: ENOENT: no such file or directory, open '/Users/damithch/Repos/nus-cs2103/cs2103-website-base/node_modules/.cache/gh-pages/https!github.com!nus-cs2103-AY2425S2!website.git/_markbind/variables.md'
2025-02-16T06:36:17.318Z - info: Building assets...
2025-02-16T06:36:18.686Z - info: Assets built
2025-02-16T06:36:18.687Z - info: Generating pages...
2025-02-16T06:36:25.642Z - debug:  
2025-02-16T06:36:25.642Z - debug:  
2025-02-16T06:36:25.642Z - debug:  
2025-02-16T06:36:25.642Z - debug:  
2025-02-16T06:36:25.642Z - debug:  
2025-02-16T06:36:25.642Z - debug:  
2025-02-16T06:36:25.642Z - debug:  
2025-02-16T06:36:25.642Z - debug:  
2025-02-16T06:36:25.642Z - debug:  
2025-02-16T06:36:25.642Z - debug: 2025-02-16 14:36:22.205 java[8940:8907008] +[IMKClient subclass]: chose IMKClient_Modern
2025-02-16 14:36:22.205 java[8940:8907008] +[IMKInputSession subclass]: chose IMKInputSession_Modern

2025-02-16T06:36:25.844Z - debug:  
2025-02-16T06:36:25.845Z - debug:  
2025-02-16T06:36:25.845Z - debug:  
2025-02-16T06:36:25.845Z - debug:  
2025-02-16T06:36:25.845Z - debug:  
2025-02-16T06:36:25.845Z - debug:  
2025-02-16T06:36:26.606Z - debug: 2025-02-16 14:36:25.883 java[8982:8907835] +[IMKClient subclass]: chose IMKClient_Modern
2025-02-16 14:36:25.883 java[8982:8907835] +[IMKInputSession subclass]: chose IMKInputSession_Modern

2025-02-16T06:36:36.022Z - debug: 2025-02-16 14:36:35.286 java[9004:8908349] +[IMKClient subclass]: chose IMKClient_Modern
2025-02-16 14:36:35.286 java[9004:8908349] +[IMKInputSession subclass]: chose IMKInputSession_Modern

2025-02-16T06:39:09.334Z - info: Website generation (lazy) started at 14:39:08
2025-02-16T06:39:09.605Z - warn: ENOENT: no such file or directory, open '/Users/damithch/Repos/nus-cs2103/cs2103-website-base/node_modules/.cache/gh-pages/https!github.com!nus-cs2103-AY2425S2!website.git/book/_markbind/variables.md'
2025-02-16T06:39:09.606Z - warn: ENOENT: no such file or directory, open '/Users/damithch/Repos/nus-cs2103/cs2103-website-base/node_modules/.cache/gh-pages/https!github.com!nus-cs2103-AY2425S2!website.git/_markbind/variables.md'
2025-02-16T06:39:09.624Z - info: Building assets...
2025-02-16T06:39:11.102Z - info: Assets built
2025-02-16T06:39:11.103Z - info: Generating landing page...
2025-02-16T06:39:11.682Z - info: Landing page built, other pages will be built as you navigate to them!
2025-02-16T06:39:11.745Z - info: Site data built
2025-02-16T06:39:11.746Z - info: Website generation (lazy) complete! Total build time: 3.055s
2025-02-16T06:39:11.755Z - info: Serving "/Users/damithch/Repos/nus-cs2103/cs2103-website-base/_site" at http://127.0.0.1:8080
2025-02-16T06:39:11.755Z - info: Press CTRL+C to stop ...
2025-02-16T06:39:25.043Z - info: Building /Users/damithch/Repos/nus-cs2103/cs2103-website-base/admin/tutorials as some of its dependencies were changed since the last visit
2025-02-16T06:39:25.562Z - info: Site data built
2025-02-16T06:39:25.563Z - info: Lazy website regeneration complete! Total build time: 0.521s
2025-02-16T06:40:43.704Z - info: [14:40:43] Reload for file change: /Users/damithch/Repos/nus-cs2103/cs2103-website-base/admin/tutorials.md
2025-02-16T06:40:43.706Z - info: Synchronizing opened pages list before reload
2025-02-16T06:40:43.706Z - info: Current opened pages, from most-to-least recent:
2025-02-16T06:40:43.706Z - info: 1. admin/tutorials
2025-02-16T06:40:44.715Z - info: Rebuilding 1 pages
2025-02-16T06:40:45.214Z - info: Site data built
2025-02-16T06:40:45.214Z - info: Pages rebuilt
2025-02-16T06:40:45.214Z - info: Website regeneration complete! Total build time: 0.502s
2025-02-16T06:41:17.661Z - info: Website generation started at 14:41:16
2025-02-16T06:41:17.949Z - warn: ENOENT: no such file or directory, open '/Users/damithch/Repos/nus-cs2103/cs2103-website-base/node_modules/.cache/gh-pages/https!github.com!nus-cs2103-AY2425S2!website.git/book/_markbind/variables.md'
2025-02-16T06:41:17.949Z - warn: ENOENT: no such file or directory, open '/Users/damithch/Repos/nus-cs2103/cs2103-website-base/node_modules/.cache/gh-pages/https!github.com!nus-cs2103-AY2425S2!website.git/_markbind/variables.md'
2025-02-16T06:41:17.970Z - info: Building assets...
