2025-03-26T17:42:24.831Z - info: Website generation (lazy) started at 01:42:23
2025-03-26T17:42:25.167Z - warn: ENOENT: no such file or directory, open '/Users/damithch/Repos/nus-cs2103/cs2103-website-base/node_modules/.cache/gh-pages/https!github.com!nus-cs2103-AY2425S2!website.git/book/_markbind/variables.md'
2025-03-26T17:42:25.167Z - warn: ENOENT: no such file or directory, open '/Users/damithch/Repos/nus-cs2103/cs2103-website-base/node_modules/.cache/gh-pages/https!github.com!nus-cs2103-AY2425S2!website.git/_markbind/variables.md'
2025-03-26T17:42:25.186Z - info: Building assets...
2025-03-26T17:42:27.029Z - info: Assets built
2025-03-26T17:42:27.029Z - info: Generating landing page...
2025-03-26T17:42:27.560Z - info: Landing page built, other pages will be built as you navigate to them!
2025-03-26T17:42:27.650Z - info: Site data built
2025-03-26T17:42:27.651Z - info: Website generation (lazy) complete! Total build time: 3.665s
2025-03-26T17:42:27.662Z - info: Serving "/Users/damithch/Repos/nus-cs2103/cs2103-website-base/_site" at http://127.0.0.1:8080
2025-03-26T17:42:27.662Z - info: Press CTRL+C to stop ...
2025-03-26T17:42:38.425Z - info: Building /Users/damithch/Repos/nus-cs2103/cs2103-website-base/schedule/week11/index as some of its dependencies were changed since the last visit
2025-03-26T17:42:38.877Z - info: Site data built
2025-03-26T17:42:38.877Z - info: Lazy website regeneration complete! Total build time: 0.453s
2025-03-26T17:42:41.156Z - info: Building /Users/damithch/Repos/nus-cs2103/cs2103-website-base/schedule/week11/project as some of its dependencies were changed since the last visit
2025-03-26T17:42:43.184Z - info: Site data built
2025-03-26T17:42:43.184Z - info: Lazy website regeneration complete! Total build time: 2.028s
2025-03-26T17:43:21.711Z - info: [01:43:21] Reload for file change: /Users/damithch/Repos/nus-cs2103/cs2103-website-base/admin/tp-tasks-fragment.md
2025-03-26T17:43:21.712Z - info: Synchronizing opened pages list before reload
2025-03-26T17:43:21.716Z - info: Current opened pages, from most-to-least recent:
2025-03-26T17:43:21.717Z - info: 1. schedule/week11/project
2025-03-26T17:43:22.744Z - info: Rebuilding 1 pages
2025-03-26T17:43:24.600Z - info: Site data built
2025-03-26T17:43:24.600Z - info: Pages rebuilt
2025-03-26T17:43:24.600Z - info: Website regeneration complete! Total build time: 1.868s
2025-03-26T17:44:38.549Z - info: Building /Users/damithch/Repos/nus-cs2103/cs2103-website-base/schedule/week11/tutorial as some of its dependencies were changed since the last visit
2025-03-26T17:44:38.703Z - info: Site data built
2025-03-26T17:44:38.703Z - info: Lazy website regeneration complete! Total build time: 0.155s
2025-03-26T17:45:38.871Z - info: Website generation started at 01:45:38
2025-03-26T17:45:39.186Z - warn: ENOENT: no such file or directory, open '/Users/damithch/Repos/nus-cs2103/cs2103-website-base/node_modules/.cache/gh-pages/https!github.com!nus-cs2103-AY2425S2!website.git/book/_markbind/variables.md'
2025-03-26T17:45:39.186Z - warn: ENOENT: no such file or directory, open '/Users/damithch/Repos/nus-cs2103/cs2103-website-base/node_modules/.cache/gh-pages/https!github.com!nus-cs2103-AY2425S2!website.git/_markbind/variables.md'
2025-03-26T17:45:39.205Z - info: Building assets...
2025-03-26T17:45:41.008Z - info: Assets built
2025-03-26T17:45:41.009Z - info: Generating pages...
2025-03-26T17:45:47.484Z - debug:  
2025-03-26T17:45:47.485Z - debug:  
2025-03-26T17:45:47.485Z - debug:  
2025-03-26T17:45:47.485Z - debug:  
2025-03-26T17:45:47.485Z - debug: 2025-03-27 01:45:44.867 java[80262:4762111] +[IMKClient subclass]: chose IMKClient_Modern
2025-03-27 01:45:44.867 java[80262:4762111] +[IMKInputSession subclass]: chose IMKInputSession_Modern

2025-03-26T17:45:47.485Z - debug:  
2025-03-26T17:45:47.485Z - debug:  
2025-03-26T17:45:47.485Z - debug:  
2025-03-26T17:45:47.485Z - debug:  
2025-03-26T17:45:47.912Z - debug: 2025-03-27 01:45:43.734 java[80245:4761935] +[IMKClient subclass]: chose IMKClient_Modern
2025-03-27 01:45:43.734 java[80245:4761935] +[IMKInputSession subclass]: chose IMKInputSession_Modern

2025-03-26T17:45:47.912Z - debug: 2025-03-27 01:45:44.414 java[80249:4762033] +[IMKClient subclass]: chose IMKClient_Modern
2025-03-27 01:45:44.414 java[80249:4762033] +[IMKInputSession subclass]: chose IMKInputSession_Modern

2025-03-26T17:45:47.912Z - debug:  
2025-03-26T17:45:47.912Z - debug:  
2025-03-26T17:45:47.912Z - debug:  
2025-03-26T17:45:47.912Z - debug:  
2025-03-26T17:45:47.912Z - debug:  
2025-03-26T17:45:48.797Z - debug: 2025-03-27 01:45:48.190 java[80303:4763147] +[IMKClient subclass]: chose IMKClient_Modern
2025-03-27 01:45:48.190 java[80303:4763147] +[IMKInputSession subclass]: chose IMKInputSession_Modern

2025-03-26T17:45:58.245Z - debug: 2025-03-27 01:45:57.897 java[80319:4763471] +[IMKClient subclass]: chose IMKClient_Modern
2025-03-27 01:45:57.897 java[80319:4763471] +[IMKInputSession subclass]: chose IMKInputSession_Modern

2025-03-26T17:46:43.799Z - debug: 2025-03-27 01:46:41.404 java[80344:4764722] +[IMKClient subclass]: chose IMKClient_Modern
2025-03-27 01:46:41.404 java[80344:4764722] +[IMKInputSession subclass]: chose IMKInputSession_Modern

2025-03-26T17:46:54.541Z - debug: 2025-03-27 01:46:53.764 java[80354:4764976] +[IMKClient subclass]: chose IMKClient_Modern
2025-03-27 01:46:53.764 java[80354:4764976] +[IMKInputSession subclass]: chose IMKInputSession_Modern

2025-03-26T17:46:54.557Z - debug:  
2025-03-26T17:47:01.899Z - info: Pages built
2025-03-26T17:47:01.967Z - info: Site data built
2025-03-26T17:47:01.968Z - info: Website generation complete! Total build time: 83.653s
2025-03-26T17:47:01.968Z - info: Build success!
2025-03-26T17:47:23.395Z - info: The website has been deployed at: https://nus-cs2103-ay2425s2.github.io/website
2025-03-27T11:50:19.193Z - info: Website generation (lazy) started at 19:50:18
2025-03-27T11:50:19.577Z - warn: ENOENT: no such file or directory, open '/Users/damithch/Repos/nus-cs2103/cs2103-website-base/node_modules/.cache/gh-pages/https!github.com!nus-cs2103-AY2425S2!website.git/book/_markbind/variables.md'
2025-03-27T11:50:19.578Z - warn: ENOENT: no such file or directory, open '/Users/damithch/Repos/nus-cs2103/cs2103-website-base/node_modules/.cache/gh-pages/https!github.com!nus-cs2103-AY2425S2!website.git/_markbind/variables.md'
2025-03-27T11:50:19.597Z - info: Building assets...
2025-03-27T11:50:21.419Z - info: Assets built
2025-03-27T11:50:21.421Z - info: Generating landing page...
2025-03-27T11:50:22.160Z - info: Landing page built, other pages will be built as you navigate to them!
2025-03-27T11:50:22.281Z - info: Site data built
2025-03-27T11:50:22.281Z - info: Website generation (lazy) complete! Total build time: 3.971s
2025-03-27T11:50:22.294Z - info: Serving "/Users/damithch/Repos/nus-cs2103/cs2103-website-base/_site" at http://127.0.0.1:8080
2025-03-27T11:50:22.294Z - info: Press CTRL+C to stop ...
2025-03-27T11:50:34.430Z - info: Building /Users/damithch/Repos/nus-cs2103/cs2103-website-base/admin/appendixF-teamworkIssues as some of its dependencies were changed since the last visit
2025-03-27T11:50:34.630Z - info: Site data built
2025-03-27T11:50:34.630Z - info: Lazy website regeneration complete! Total build time: 0.201s
2025-03-27T11:53:47.993Z - info: [19:53:47] Reload for file change: /Users/damithch/Repos/nus-cs2103/cs2103-website-base/admin/appendixF-teamworkIssues.md
2025-03-27T11:53:48.000Z - info: Synchronizing opened pages list before reload
2025-03-27T11:53:48.002Z - info: Current opened pages, from most-to-least recent:
2025-03-27T11:53:48.005Z - info: 1. admin/appendixF-teamworkIssues
2025-03-27T11:53:49.020Z - info: Rebuilding 1 pages
2025-03-27T11:53:49.174Z - info: Site data built
2025-03-27T11:53:49.174Z - info: Pages rebuilt
2025-03-27T11:53:49.174Z - info: Website regeneration complete! Total build time: 0.157s
2025-03-27T12:02:05.506Z - info: [20:02:05] Reload for file change: /Users/damithch/Repos/nus-cs2103/cs2103-website-base/admin/appendixF-teamworkIssues.md
2025-03-27T12:02:05.507Z - info: Synchronizing opened pages list before reload
2025-03-27T12:02:05.507Z - info: Current opened pages, from most-to-least recent:
2025-03-27T12:02:05.509Z - info: 1. admin/appendixF-teamworkIssues
2025-03-27T12:02:06.522Z - info: Rebuilding 1 pages
2025-03-27T12:02:06.708Z - info: Site data built
2025-03-27T12:02:06.708Z - info: Pages rebuilt
2025-03-27T12:02:06.709Z - info: Website regeneration complete! Total build time: 0.191s
2025-03-27T12:06:09.977Z - info: [20:06:09] Reload for file change: /Users/damithch/Repos/nus-cs2103/cs2103-website-base/admin/appendixF-teamworkIssues.md
2025-03-27T12:06:09.983Z - info: Synchronizing opened pages list before reload
2025-03-27T12:06:09.985Z - info: Current opened pages, from most-to-least recent:
2025-03-27T12:06:09.985Z - info: 1. admin/appendixF-teamworkIssues
2025-03-27T12:06:11.005Z - info: Rebuilding 1 pages
2025-03-27T12:06:11.134Z - info: Site data built
2025-03-27T12:06:11.134Z - info: Pages rebuilt
2025-03-27T12:06:11.134Z - info: Website regeneration complete! Total build time: 0.133s
2025-03-27T12:06:43.412Z - info: [20:06:43] Reload for file change: /Users/damithch/Repos/nus-cs2103/cs2103-website-base/admin/appendixF-teamworkIssues.md
2025-03-27T12:06:43.413Z - info: Synchronizing opened pages list before reload
2025-03-27T12:06:43.413Z - info: Current opened pages, from most-to-least recent:
2025-03-27T12:06:43.413Z - info: 1. admin/appendixF-teamworkIssues
2025-03-27T12:06:44.423Z - info: Rebuilding 1 pages
2025-03-27T12:06:44.561Z - info: Site data built
2025-03-27T12:06:44.561Z - info: Pages rebuilt
2025-03-27T12:06:44.561Z - info: Website regeneration complete! Total build time: 0.14s
2025-03-27T12:07:26.235Z - info: [20:07:26] Reload for file change: /Users/damithch/Repos/nus-cs2103/cs2103-website-base/admin/appendixF-teamworkIssues.md
2025-03-27T12:07:26.237Z - info: Synchronizing opened pages list before reload
2025-03-27T12:07:26.246Z - info: Current opened pages, from most-to-least recent:
2025-03-27T12:07:26.248Z - info: 1. admin/appendixF-teamworkIssues
2025-03-27T12:07:27.258Z - info: Rebuilding 1 pages
2025-03-27T12:07:27.381Z - info: Site data built
2025-03-27T12:07:27.382Z - info: Pages rebuilt
2025-03-27T12:07:27.382Z - info: Website regeneration complete! Total build time: 0.127s
2025-03-27T12:08:07.956Z - info: [20:08:07] Reload for file change: /Users/damithch/Repos/nus-cs2103/cs2103-website-base/admin/appendixF-teamworkIssues.md
2025-03-27T12:08:07.956Z - info: Synchronizing opened pages list before reload
2025-03-27T12:08:07.956Z - info: Current opened pages, from most-to-least recent:
2025-03-27T12:08:07.957Z - info: 1. admin/appendixF-teamworkIssues
2025-03-27T12:08:08.960Z - info: Rebuilding 1 pages
2025-03-27T12:08:09.091Z - info: Site data built
2025-03-27T12:08:09.091Z - info: Pages rebuilt
2025-03-27T12:08:09.091Z - info: Website regeneration complete! Total build time: 0.133s
2025-03-27T12:08:15.495Z - info: Website generation started at 20:08:14
2025-03-27T12:08:15.802Z - warn: ENOENT: no such file or directory, open '/Users/damithch/Repos/nus-cs2103/cs2103-website-base/node_modules/.cache/gh-pages/https!github.com!nus-cs2103-AY2425S2!website.git/book/_markbind/variables.md'
2025-03-27T12:08:15.802Z - warn: ENOENT: no such file or directory, open '/Users/damithch/Repos/nus-cs2103/cs2103-website-base/node_modules/.cache/gh-pages/https!github.com!nus-cs2103-AY2425S2!website.git/_markbind/variables.md'
2025-03-27T12:08:15.821Z - info: Building assets...
