2025-03-09T05:15:06.356Z - info: Website generation (lazy) started at 13:15:05
2025-03-09T05:15:06.681Z - warn: ENOENT: no such file or directory, open '/Users/damithch/Repos/nus-cs2103/cs2103-website-base/node_modules/.cache/gh-pages/https!github.com!nus-cs2103-AY2425S2!website.git/book/_markbind/variables.md'
2025-03-09T05:15:06.682Z - warn: ENOENT: no such file or directory, open '/Users/damithch/Repos/nus-cs2103/cs2103-website-base/node_modules/.cache/gh-pages/https!github.com!nus-cs2103-AY2425S2!website.git/_markbind/variables.md'
2025-03-09T05:15:06.701Z - info: Building assets...
2025-03-09T05:15:08.091Z - info: Assets built
2025-03-09T05:15:08.091Z - info: Generating landing page...
2025-03-09T05:15:08.524Z - info: Landing page built, other pages will be built as you navigate to them!
2025-03-09T05:15:08.602Z - info: Site data built
2025-03-09T05:15:08.602Z - info: Website generation (lazy) complete! Total build time: 3.008s
2025-03-09T05:15:08.611Z - info: Serving "/Users/damithch/Repos/nus-cs2103/cs2103-website-base/_site" at http://127.0.0.1:8080
2025-03-09T05:15:08.611Z - info: Press CTRL+C to stop ...
2025-03-09T05:15:17.870Z - info: Building /Users/damithch/Repos/nus-cs2103/cs2103-website-base/admin/exams as some of its dependencies were changed since the last visit
2025-03-09T05:15:18.107Z - info: Site data built
2025-03-09T05:15:18.107Z - info: Lazy website regeneration complete! Total build time: 0.238s
2025-03-09T05:27:15.006Z - info: [13:27:14] Reload for file change: /Users/damithch/Repos/nus-cs2103/cs2103-website-base/admin/exams.md
2025-03-09T05:27:15.022Z - info: Synchronizing opened pages list before reload
2025-03-09T05:27:15.026Z - info: Current opened pages, from most-to-least recent:
2025-03-09T05:27:15.026Z - info: 1. admin/exams
2025-03-09T05:27:16.043Z - info: Rebuilding 1 pages
2025-03-09T05:27:16.223Z - info: Site data built
2025-03-09T05:27:16.223Z - info: Pages rebuilt
2025-03-09T05:27:16.223Z - info: Website regeneration complete! Total build time: 0.186s
2025-03-09T05:28:03.839Z - info: [13:28:03] Reload for file change: /Users/damithch/Repos/nus-cs2103/cs2103-website-base/admin/exams.md
2025-03-09T05:28:03.840Z - info: Synchronizing opened pages list before reload
2025-03-09T05:28:03.841Z - info: Current opened pages, from most-to-least recent:
2025-03-09T05:28:03.841Z - info: 1. admin/exams
2025-03-09T05:28:04.854Z - info: Rebuilding 1 pages
2025-03-09T05:28:05.048Z - info: Site data built
2025-03-09T05:28:05.048Z - info: Pages rebuilt
2025-03-09T05:28:05.048Z - info: Website regeneration complete! Total build time: 0.197s
2025-03-09T05:32:24.489Z - info: [13:32:24] Reload for file change: /Users/damithch/Repos/nus-cs2103/cs2103-website-base/admin/exams.md
2025-03-09T05:32:24.490Z - info: Synchronizing opened pages list before reload
2025-03-09T05:32:24.491Z - info: Current opened pages, from most-to-least recent:
2025-03-09T05:32:24.491Z - info: 1. admin/exams
2025-03-09T05:32:25.502Z - info: Rebuilding 1 pages
2025-03-09T05:32:25.693Z - info: Site data built
2025-03-09T05:32:25.693Z - info: Pages rebuilt
2025-03-09T05:32:25.693Z - info: Website regeneration complete! Total build time: 0.194s
2025-03-09T05:34:08.825Z - info: [13:34:08] Reload for file change: /Users/damithch/Repos/nus-cs2103/cs2103-website-base/admin/exams.md
2025-03-09T05:34:08.826Z - info: Synchronizing opened pages list before reload
2025-03-09T05:34:08.826Z - info: Current opened pages, from most-to-least recent:
2025-03-09T05:34:08.826Z - info: 1. admin/exams
2025-03-09T05:34:09.834Z - info: Rebuilding 1 pages
2025-03-09T05:34:10.014Z - info: Site data built
2025-03-09T05:34:10.014Z - info: Pages rebuilt
2025-03-09T05:34:10.014Z - info: Website regeneration complete! Total build time: 0.183s
2025-03-09T05:34:38.981Z - info: [13:34:38] Reload for file change: /Users/damithch/Repos/nus-cs2103/cs2103-website-base/admin/exams.md
2025-03-09T05:34:38.981Z - info: Synchronizing opened pages list before reload
2025-03-09T05:34:38.981Z - info: Current opened pages, from most-to-least recent:
2025-03-09T05:34:38.982Z - info: 1. admin/exams
2025-03-09T05:34:39.990Z - info: Rebuilding 1 pages
2025-03-09T05:34:40.174Z - info: Site data built
2025-03-09T05:34:40.174Z - info: Pages rebuilt
2025-03-09T05:34:40.174Z - info: Website regeneration complete! Total build time: 0.188s
2025-03-09T05:43:38.069Z - info: [13:43:38] Reload for file change: /Users/damithch/Repos/nus-cs2103/cs2103-website-base/admin/exams.md
2025-03-09T05:43:38.070Z - info: Synchronizing opened pages list before reload
2025-03-09T05:43:38.071Z - info: Current opened pages, from most-to-least recent:
2025-03-09T05:43:38.071Z - info: 1. admin/exams
2025-03-09T05:43:39.081Z - info: Rebuilding 1 pages
2025-03-09T05:43:39.272Z - info: Site data built
2025-03-09T05:43:39.272Z - info: Pages rebuilt
2025-03-09T05:43:39.272Z - info: Website regeneration complete! Total build time: 0.194s
2025-03-09T05:52:09.771Z - info: [13:52:09] Reload for file change: /Users/damithch/Repos/nus-cs2103/cs2103-website-base/admin/exams.md
2025-03-09T05:52:09.779Z - info: Synchronizing opened pages list before reload
2025-03-09T05:52:09.786Z - info: Current opened pages, from most-to-least recent:
2025-03-09T05:52:09.786Z - info: 1. admin/exams
2025-03-09T05:52:10.812Z - info: Rebuilding 1 pages
2025-03-09T05:52:11.008Z - info: Site data built
2025-03-09T05:52:11.008Z - info: Pages rebuilt
2025-03-09T05:52:11.008Z - info: Website regeneration complete! Total build time: 0.209s
2025-03-09T06:02:36.318Z - info: [14:02:36] Reload for file change: /Users/damithch/Repos/nus-cs2103/cs2103-website-base/admin/exams.md
2025-03-09T06:02:36.319Z - info: Synchronizing opened pages list before reload
2025-03-09T06:02:36.320Z - info: Current opened pages, from most-to-least recent:
2025-03-09T06:02:36.320Z - info: 1. admin/exams
2025-03-09T06:02:37.328Z - info: Rebuilding 1 pages
2025-03-09T06:02:37.509Z - info: Site data built
2025-03-09T06:02:37.509Z - info: Pages rebuilt
2025-03-09T06:02:37.509Z - info: Website regeneration complete! Total build time: 0.184s
2025-03-09T06:02:54.936Z - info: [14:02:54] Reload for file change: /Users/damithch/Repos/nus-cs2103/cs2103-website-base/admin/exams.md
2025-03-09T06:02:54.937Z - info: Synchronizing opened pages list before reload
2025-03-09T06:02:54.937Z - info: Current opened pages, from most-to-least recent:
2025-03-09T06:02:54.937Z - info: 1. admin/exams
2025-03-09T06:02:55.940Z - info: Rebuilding 1 pages
2025-03-09T06:02:56.128Z - info: Site data built
2025-03-09T06:02:56.128Z - info: Pages rebuilt
2025-03-09T06:02:56.128Z - info: Website regeneration complete! Total build time: 0.19s
2025-03-09T06:03:19.609Z - info: [14:03:19] Reload for file change: /Users/damithch/Repos/nus-cs2103/cs2103-website-base/admin/exams.md
2025-03-09T06:03:19.609Z - info: Synchronizing opened pages list before reload
2025-03-09T06:03:19.609Z - info: Current opened pages, from most-to-least recent:
2025-03-09T06:03:19.609Z - info: 1. admin/exams
2025-03-09T06:03:20.625Z - info: Rebuilding 1 pages
2025-03-09T06:03:20.806Z - info: Site data built
2025-03-09T06:03:20.806Z - info: Pages rebuilt
2025-03-09T06:03:20.807Z - info: Website regeneration complete! Total build time: 0.183s
2025-03-09T06:11:20.608Z - info: [14:11:20] Reload for file change: /Users/damithch/Repos/nus-cs2103/cs2103-website-base/admin/exams.md
2025-03-09T06:11:20.611Z - info: Synchronizing opened pages list before reload
2025-03-09T06:11:20.612Z - info: Current opened pages, from most-to-least recent:
2025-03-09T06:11:20.612Z - info: 1. admin/exams
2025-03-09T06:11:21.631Z - info: Rebuilding 1 pages
2025-03-09T06:11:21.822Z - info: Site data built
2025-03-09T06:11:21.822Z - info: Pages rebuilt
2025-03-09T06:11:21.822Z - info: Website regeneration complete! Total build time: 0.203s
2025-03-09T06:12:59.708Z - info: [14:12:59] Reload for file change: /Users/damithch/Repos/nus-cs2103/cs2103-website-base/admin/exams.md
2025-03-09T06:12:59.709Z - info: Synchronizing opened pages list before reload
2025-03-09T06:12:59.709Z - info: Current opened pages, from most-to-least recent:
2025-03-09T06:12:59.709Z - info: 1. admin/exams
2025-03-09T06:13:00.716Z - info: Rebuilding 1 pages
2025-03-09T06:13:00.915Z - info: Site data built
2025-03-09T06:13:00.916Z - info: Pages rebuilt
2025-03-09T06:13:00.916Z - info: Website regeneration complete! Total build time: 0.205s
2025-03-09T06:14:20.883Z - info: [14:14:20] Reload for file change: /Users/damithch/Repos/nus-cs2103/cs2103-website-base/admin/exams.md
2025-03-09T06:14:20.888Z - info: Synchronizing opened pages list before reload
2025-03-09T06:14:20.889Z - info: Current opened pages, from most-to-least recent:
2025-03-09T06:14:20.889Z - info: 1. admin/exams
2025-03-09T06:14:21.899Z - info: Rebuilding 1 pages
2025-03-09T06:14:22.076Z - info: Site data built
2025-03-09T06:14:22.076Z - info: Pages rebuilt
2025-03-09T06:14:22.076Z - info: Website regeneration complete! Total build time: 0.181s
2025-03-09T06:49:31.497Z - info: [14:49:31] Reload for file change: /Users/damithch/Repos/nus-cs2103/cs2103-website-base/admin/exams.md
2025-03-09T06:49:31.503Z - info: Synchronizing opened pages list before reload
2025-03-09T06:49:31.505Z - info: Current opened pages, from most-to-least recent:
2025-03-09T06:49:31.508Z - info: 1. admin/exams
2025-03-09T06:49:32.521Z - info: Rebuilding 1 pages
2025-03-09T06:49:32.668Z - info: Site data built
2025-03-09T06:49:32.668Z - info: Pages rebuilt
2025-03-09T06:49:32.668Z - info: Website regeneration complete! Total build time: 0.15s
2025-03-09T06:51:03.552Z - info: [14:51:03] Reload for file change: /Users/damithch/Repos/nus-cs2103/cs2103-website-base/admin/exams.md
2025-03-09T06:51:03.562Z - info: Synchronizing opened pages list before reload
2025-03-09T06:51:03.563Z - info: Current opened pages, from most-to-least recent:
2025-03-09T06:51:03.563Z - info: 1. admin/exams
2025-03-09T06:51:04.572Z - info: Rebuilding 1 pages
2025-03-09T06:51:04.784Z - info: Site data built
2025-03-09T06:51:04.784Z - info: Pages rebuilt
2025-03-09T06:51:04.784Z - info: Website regeneration complete! Total build time: 0.216s
2025-03-09T06:53:11.967Z - info: [14:53:11] Reload for file change: /Users/damithch/Repos/nus-cs2103/cs2103-website-base/admin/exams.md
2025-03-09T06:53:11.969Z - info: Synchronizing opened pages list before reload
2025-03-09T06:53:11.969Z - info: Current opened pages, from most-to-least recent:
2025-03-09T06:53:11.969Z - info: 1. admin/exams
2025-03-09T06:53:12.978Z - info: Rebuilding 1 pages
2025-03-09T06:53:13.177Z - info: Site data built
2025-03-09T06:53:13.177Z - info: Pages rebuilt
2025-03-09T06:53:13.177Z - info: Website regeneration complete! Total build time: 0.202s
2025-03-09T06:55:05.492Z - info: [14:55:05] Reload for file change: /Users/damithch/Repos/nus-cs2103/cs2103-website-base/admin/exams.md
2025-03-09T06:55:05.494Z - info: Synchronizing opened pages list before reload
2025-03-09T06:55:05.494Z - info: Current opened pages, from most-to-least recent:
2025-03-09T06:55:05.494Z - info: 1. admin/exams
2025-03-09T06:55:06.501Z - info: Rebuilding 1 pages
2025-03-09T06:55:06.676Z - info: Site data built
2025-03-09T06:55:06.676Z - info: Pages rebuilt
2025-03-09T06:55:06.676Z - info: Website regeneration complete! Total build time: 0.177s
2025-03-09T06:57:07.419Z - info: [14:57:07] Reload for file change: /Users/damithch/Repos/nus-cs2103/cs2103-website-base/admin/exams.md
2025-03-09T06:57:07.420Z - info: Synchronizing opened pages list before reload
2025-03-09T06:57:07.421Z - info: Current opened pages, from most-to-least recent:
2025-03-09T06:57:07.421Z - info: 1. admin/exams
2025-03-09T06:57:08.430Z - info: Rebuilding 1 pages
2025-03-09T06:57:08.607Z - info: Site data built
2025-03-09T06:57:08.607Z - info: Pages rebuilt
2025-03-09T06:57:08.607Z - info: Website regeneration complete! Total build time: 0.18s
2025-03-09T07:10:26.330Z - info: [15:10:26] Reload for file change: /Users/damithch/Repos/nus-cs2103/cs2103-website-base/admin/exams.md
2025-03-09T07:10:26.332Z - info: Synchronizing opened pages list before reload
2025-03-09T07:10:26.333Z - info: Current opened pages, from most-to-least recent:
2025-03-09T07:10:26.334Z - info: 1. admin/exams
2025-03-09T07:10:27.341Z - info: Rebuilding 1 pages
2025-03-09T07:10:27.539Z - info: Site data built
2025-03-09T07:10:27.539Z - info: Pages rebuilt
2025-03-09T07:10:27.539Z - info: Website regeneration complete! Total build time: 0.202s
2025-03-09T07:13:08.219Z - info: [15:13:08] Reload for file change: /Users/damithch/Repos/nus-cs2103/cs2103-website-base/admin/faq-fragment.md
2025-03-09T07:13:08.220Z - info: Synchronizing opened pages list before reload
2025-03-09T07:13:08.220Z - info: Current opened pages, from most-to-least recent:
2025-03-09T07:13:08.220Z - info: 1. admin/exams
2025-03-09T07:13:09.225Z - info: Rebuilding 1 pages
2025-03-09T07:13:09.364Z - info: Site data built
2025-03-09T07:13:09.364Z - info: Pages rebuilt
2025-03-09T07:13:09.364Z - info: Website regeneration complete! Total build time: 0.141s
2025-03-09T07:14:35.256Z - info: [15:14:35] Reload for file change: /Users/damithch/Repos/nus-cs2103/cs2103-website-base/admin/faq-fragment.md
2025-03-09T07:14:35.257Z - info: Synchronizing opened pages list before reload
2025-03-09T07:14:35.257Z - info: Current opened pages, from most-to-least recent:
2025-03-09T07:14:35.258Z - info: 1. admin/exams
2025-03-09T07:14:36.265Z - info: Rebuilding 1 pages
2025-03-09T07:14:36.421Z - info: Site data built
2025-03-09T07:14:36.421Z - info: Pages rebuilt
2025-03-09T07:14:36.421Z - info: Website regeneration complete! Total build time: 0.158s
2025-03-09T07:16:18.484Z - info: [15:16:18] Reload for file change: /Users/damithch/Repos/nus-cs2103/cs2103-website-base/admin/appendixC-faq.md
2025-03-09T07:16:18.485Z - info: Synchronizing opened pages list before reload
2025-03-09T07:16:18.485Z - info: Current opened pages, from most-to-least recent:
2025-03-09T07:16:18.485Z - info: 1. admin/exams
2025-03-09T07:16:18.486Z - info: [15:16:18] Reload for file change: /Users/damithch/Repos/nus-cs2103/cs2103-website-base/admin/faq-fragment.md
2025-03-09T07:16:18.486Z - info: Synchronizing opened pages list before reload
2025-03-09T07:16:18.486Z - info: Current opened pages, from most-to-least recent:
2025-03-09T07:16:18.486Z - info: 1. admin/exams
2025-03-09T07:16:18.486Z - info: [15:16:18] Reload for file change: /Users/damithch/Repos/nus-cs2103/cs2103-website-base/admin/exams.md
2025-03-09T07:16:18.486Z - info: Synchronizing opened pages list before reload
2025-03-09T07:16:18.486Z - info: Current opened pages, from most-to-least recent:
2025-03-09T07:16:18.486Z - info: 1. admin/exams
2025-03-09T07:16:19.498Z - info: Rebuilding 1 pages
2025-03-09T07:16:19.623Z - info: Site data built
2025-03-09T07:16:19.623Z - info: Pages rebuilt
2025-03-09T07:16:19.623Z - info: Website regeneration complete! Total build time: 0.127s
2025-03-09T07:16:43.649Z - info: [15:16:43] Reload for file change: /Users/damithch/Repos/nus-cs2103/cs2103-website-base/admin/appendixC-faq.md
2025-03-09T07:16:43.650Z - info: Synchronizing opened pages list before reload
2025-03-09T07:16:43.650Z - info: Current opened pages, from most-to-least recent:
2025-03-09T07:16:43.651Z - info: 1. admin/exams
2025-03-09T07:16:44.658Z - info: No pages needed to be rebuilt
2025-03-09T07:17:08.258Z - info: [15:17:08] Reload for file change: /Users/damithch/Repos/nus-cs2103/cs2103-website-base/admin/exams.md
2025-03-09T07:17:08.259Z - info: Synchronizing opened pages list before reload
2025-03-09T07:17:08.259Z - info: Current opened pages, from most-to-least recent:
2025-03-09T07:17:08.259Z - info: 1. admin/exams
2025-03-09T07:17:09.273Z - info: Rebuilding 1 pages
2025-03-09T07:17:09.375Z - error:  Error: No such segment '#faq--Q' in file: /Users/damithch/Repos/nus-cs2103/cs2103-website-base/admin/faq-fragment.md
Missing reference in /Users/damithch/Repos/nus-cs2103/cs2103-website-base/admin/exams.md
    at processInclude (/opt/homebrew/lib/node_modules/markbind-cli/node_modules/@markbind/core/src/html/includePanelProcessor.js:238:27)
    at NodeProcessor.processNode (/opt/homebrew/lib/node_modules/markbind-cli/node_modules/@markbind/core/src/html/NodeProcessor.js:173:71)
    at NodeProcessor.traverse (/opt/homebrew/lib/node_modules/markbind-cli/node_modules/@markbind/core/src/html/NodeProcessor.js:342:24)
    at /opt/homebrew/lib/node_modules/markbind-cli/node_modules/@markbind/core/src/html/NodeProcessor.js:346:22
    at Array.forEach (<anonymous>)
    at NodeProcessor.traverse (/opt/homebrew/lib/node_modules/markbind-cli/node_modules/@markbind/core/src/html/NodeProcessor.js:345:27)
    at /opt/homebrew/lib/node_modules/markbind-cli/node_modules/@markbind/core/src/html/NodeProcessor.js:346:22
    at Array.forEach (<anonymous>)
    at NodeProcessor.traverse (/opt/homebrew/lib/node_modules/markbind-cli/node_modules/@markbind/core/src/html/NodeProcessor.js:345:27)
    at /opt/homebrew/lib/node_modules/markbind-cli/node_modules/@markbind/core/src/html/NodeProcessor.js:346:22
    at Array.forEach (<anonymous>)
    at NodeProcessor.traverse (/opt/homebrew/lib/node_modules/markbind-cli/node_modules/@markbind/core/src/html/NodeProcessor.js:345:27)
    at /opt/homebrew/lib/node_modules/markbind-cli/node_modules/@markbind/core/src/html/NodeProcessor.js:346:22
    at Array.forEach (<anonymous>)
    at NodeProcessor.traverse (/opt/homebrew/lib/node_modules/markbind-cli/node_modules/@markbind/core/src/html/NodeProcessor.js:345:27)
    at /opt/homebrew/lib/node_modules/markbind-cli/node_modules/@markbind/core/src/html/NodeProcessor.js:346:22
2025-03-09T07:17:09.384Z - error:  Error: No such segment '#faq--A' in file: /Users/damithch/Repos/nus-cs2103/cs2103-website-base/admin/faq-fragment.md
Missing reference in /Users/damithch/Repos/nus-cs2103/cs2103-website-base/admin/exams.md
    at processInclude (/opt/homebrew/lib/node_modules/markbind-cli/node_modules/@markbind/core/src/html/includePanelProcessor.js:238:27)
    at NodeProcessor.processNode (/opt/homebrew/lib/node_modules/markbind-cli/node_modules/@markbind/core/src/html/NodeProcessor.js:173:71)
    at NodeProcessor.traverse (/opt/homebrew/lib/node_modules/markbind-cli/node_modules/@markbind/core/src/html/NodeProcessor.js:342:24)
    at /opt/homebrew/lib/node_modules/markbind-cli/node_modules/@markbind/core/src/html/NodeProcessor.js:346:22
    at Array.forEach (<anonymous>)
    at NodeProcessor.traverse (/opt/homebrew/lib/node_modules/markbind-cli/node_modules/@markbind/core/src/html/NodeProcessor.js:345:27)
    at /opt/homebrew/lib/node_modules/markbind-cli/node_modules/@markbind/core/src/html/NodeProcessor.js:346:22
    at Array.forEach (<anonymous>)
    at NodeProcessor.traverse (/opt/homebrew/lib/node_modules/markbind-cli/node_modules/@markbind/core/src/html/NodeProcessor.js:345:27)
    at /opt/homebrew/lib/node_modules/markbind-cli/node_modules/@markbind/core/src/html/NodeProcessor.js:346:22
    at Array.forEach (<anonymous>)
    at NodeProcessor.traverse (/opt/homebrew/lib/node_modules/markbind-cli/node_modules/@markbind/core/src/html/NodeProcessor.js:345:27)
    at /opt/homebrew/lib/node_modules/markbind-cli/node_modules/@markbind/core/src/html/NodeProcessor.js:346:22
    at Array.forEach (<anonymous>)
    at NodeProcessor.traverse (/opt/homebrew/lib/node_modules/markbind-cli/node_modules/@markbind/core/src/html/NodeProcessor.js:345:27)
    at /opt/homebrew/lib/node_modules/markbind-cli/node_modules/@markbind/core/src/html/NodeProcessor.js:346:22
2025-03-09T07:17:09.471Z - info: Site data built
2025-03-09T07:17:09.471Z - info: Pages rebuilt
2025-03-09T07:17:09.471Z - info: Website regeneration complete! Total build time: 0.201s
2025-03-09T07:17:19.081Z - info: [15:17:19] Reload for file change: /Users/damithch/Repos/nus-cs2103/cs2103-website-base/admin/exams.md
2025-03-09T07:17:19.081Z - info: Synchronizing opened pages list before reload
2025-03-09T07:17:19.081Z - info: Current opened pages, from most-to-least recent:
2025-03-09T07:17:19.081Z - info: 1. admin/exams
2025-03-09T07:17:20.083Z - info: Rebuilding 1 pages
2025-03-09T07:17:20.276Z - info: Site data built
2025-03-09T07:17:20.276Z - info: Pages rebuilt
2025-03-09T07:17:20.276Z - info: Website regeneration complete! Total build time: 0.194s
2025-03-09T07:21:10.949Z - info: [15:21:10] Reload for file change: /Users/damithch/Repos/nus-cs2103/cs2103-website-base/admin/faq-fragment.md
2025-03-09T07:21:10.950Z - info: Synchronizing opened pages list before reload
2025-03-09T07:21:10.950Z - info: Current opened pages, from most-to-least recent:
2025-03-09T07:21:10.951Z - info: 1. admin/exams
2025-03-09T07:21:11.955Z - info: Rebuilding 1 pages
2025-03-09T07:21:12.142Z - info: Site data built
2025-03-09T07:21:12.142Z - info: Pages rebuilt
2025-03-09T07:21:12.142Z - info: Website regeneration complete! Total build time: 0.189s
2025-03-09T07:25:44.813Z - info: [15:25:44] Reload for file change: /Users/damithch/Repos/nus-cs2103/cs2103-website-base/admin/faq-fragment.md
2025-03-09T07:25:44.814Z - info: Synchronizing opened pages list before reload
2025-03-09T07:25:44.815Z - info: Current opened pages, from most-to-least recent:
2025-03-09T07:25:44.815Z - info: 1. admin/exams
2025-03-09T07:25:45.819Z - info: Rebuilding 1 pages
2025-03-09T07:25:46.014Z - info: Site data built
2025-03-09T07:25:46.015Z - info: Pages rebuilt
2025-03-09T07:25:46.015Z - info: Website regeneration complete! Total build time: 0.198s
2025-03-09T07:31:43.768Z - info: [15:31:43] Reload for file change: /Users/damithch/Repos/nus-cs2103/cs2103-website-base/admin/faq-fragment.md
2025-03-09T07:31:43.769Z - info: Synchronizing opened pages list before reload
2025-03-09T07:31:43.769Z - info: Current opened pages, from most-to-least recent:
2025-03-09T07:31:43.770Z - info: 1. admin/exams
2025-03-09T07:31:44.776Z - info: Rebuilding 1 pages
2025-03-09T07:31:44.965Z - info: Site data built
2025-03-09T07:31:44.965Z - info: Pages rebuilt
2025-03-09T07:31:44.965Z - info: Website regeneration complete! Total build time: 0.191s
2025-03-09T07:32:15.534Z - info: [15:32:15] Reload for file change: /Users/damithch/Repos/nus-cs2103/cs2103-website-base/admin/exams.md
2025-03-09T07:32:15.535Z - info: Synchronizing opened pages list before reload
2025-03-09T07:32:15.535Z - info: Current opened pages, from most-to-least recent:
2025-03-09T07:32:15.535Z - info: 1. admin/exams
2025-03-09T07:32:16.546Z - info: Rebuilding 1 pages
2025-03-09T07:32:16.640Z - error:  Error: No such segment '#faq--Q' in file: /Users/damithch/Repos/nus-cs2103/cs2103-website-base/admin/faq-fragment.md
Missing reference in /Users/damithch/Repos/nus-cs2103/cs2103-website-base/admin/exams.md
    at processInclude (/opt/homebrew/lib/node_modules/markbind-cli/node_modules/@markbind/core/src/html/includePanelProcessor.js:238:27)
    at NodeProcessor.processNode (/opt/homebrew/lib/node_modules/markbind-cli/node_modules/@markbind/core/src/html/NodeProcessor.js:173:71)
    at NodeProcessor.traverse (/opt/homebrew/lib/node_modules/markbind-cli/node_modules/@markbind/core/src/html/NodeProcessor.js:342:24)
    at /opt/homebrew/lib/node_modules/markbind-cli/node_modules/@markbind/core/src/html/NodeProcessor.js:346:22
    at Array.forEach (<anonymous>)
    at NodeProcessor.traverse (/opt/homebrew/lib/node_modules/markbind-cli/node_modules/@markbind/core/src/html/NodeProcessor.js:345:27)
    at /opt/homebrew/lib/node_modules/markbind-cli/node_modules/@markbind/core/src/html/NodeProcessor.js:346:22
    at Array.forEach (<anonymous>)
    at NodeProcessor.traverse (/opt/homebrew/lib/node_modules/markbind-cli/node_modules/@markbind/core/src/html/NodeProcessor.js:345:27)
    at /opt/homebrew/lib/node_modules/markbind-cli/node_modules/@markbind/core/src/html/NodeProcessor.js:346:22
    at Array.forEach (<anonymous>)
    at NodeProcessor.traverse (/opt/homebrew/lib/node_modules/markbind-cli/node_modules/@markbind/core/src/html/NodeProcessor.js:345:27)
    at /opt/homebrew/lib/node_modules/markbind-cli/node_modules/@markbind/core/src/html/NodeProcessor.js:346:22
    at Array.forEach (<anonymous>)
    at NodeProcessor.traverse (/opt/homebrew/lib/node_modules/markbind-cli/node_modules/@markbind/core/src/html/NodeProcessor.js:345:27)
    at /opt/homebrew/lib/node_modules/markbind-cli/node_modules/@markbind/core/src/html/NodeProcessor.js:346:22
2025-03-09T07:32:16.647Z - error:  Error: No such segment '#faq--A' in file: /Users/damithch/Repos/nus-cs2103/cs2103-website-base/admin/faq-fragment.md
Missing reference in /Users/damithch/Repos/nus-cs2103/cs2103-website-base/admin/exams.md
    at processInclude (/opt/homebrew/lib/node_modules/markbind-cli/node_modules/@markbind/core/src/html/includePanelProcessor.js:238:27)
    at NodeProcessor.processNode (/opt/homebrew/lib/node_modules/markbind-cli/node_modules/@markbind/core/src/html/NodeProcessor.js:173:71)
    at NodeProcessor.traverse (/opt/homebrew/lib/node_modules/markbind-cli/node_modules/@markbind/core/src/html/NodeProcessor.js:342:24)
    at /opt/homebrew/lib/node_modules/markbind-cli/node_modules/@markbind/core/src/html/NodeProcessor.js:346:22
    at Array.forEach (<anonymous>)
    at NodeProcessor.traverse (/opt/homebrew/lib/node_modules/markbind-cli/node_modules/@markbind/core/src/html/NodeProcessor.js:345:27)
    at /opt/homebrew/lib/node_modules/markbind-cli/node_modules/@markbind/core/src/html/NodeProcessor.js:346:22
    at Array.forEach (<anonymous>)
    at NodeProcessor.traverse (/opt/homebrew/lib/node_modules/markbind-cli/node_modules/@markbind/core/src/html/NodeProcessor.js:345:27)
    at /opt/homebrew/lib/node_modules/markbind-cli/node_modules/@markbind/core/src/html/NodeProcessor.js:346:22
    at Array.forEach (<anonymous>)
    at NodeProcessor.traverse (/opt/homebrew/lib/node_modules/markbind-cli/node_modules/@markbind/core/src/html/NodeProcessor.js:345:27)
    at /opt/homebrew/lib/node_modules/markbind-cli/node_modules/@markbind/core/src/html/NodeProcessor.js:346:22
    at Array.forEach (<anonymous>)
    at NodeProcessor.traverse (/opt/homebrew/lib/node_modules/markbind-cli/node_modules/@markbind/core/src/html/NodeProcessor.js:345:27)
    at /opt/homebrew/lib/node_modules/markbind-cli/node_modules/@markbind/core/src/html/NodeProcessor.js:346:22
2025-03-09T07:32:16.717Z - info: Site data built
2025-03-09T07:32:16.717Z - info: Pages rebuilt
2025-03-09T07:32:16.717Z - info: Website regeneration complete! Total build time: 0.175s
2025-03-09T07:32:23.256Z - info: [15:32:23] Reload for file change: /Users/damithch/Repos/nus-cs2103/cs2103-website-base/admin/exams.md
2025-03-09T07:32:23.257Z - info: Synchronizing opened pages list before reload
2025-03-09T07:32:23.257Z - info: Current opened pages, from most-to-least recent:
2025-03-09T07:32:23.257Z - info: 1. admin/exams
2025-03-09T07:32:24.264Z - info: Rebuilding 1 pages
2025-03-09T07:32:24.432Z - info: Site data built
2025-03-09T07:32:24.432Z - info: Pages rebuilt
2025-03-09T07:32:24.432Z - info: Website regeneration complete! Total build time: 0.17s
2025-03-09T07:33:05.593Z - info: [15:33:05] Reload for file change: /Users/damithch/Repos/nus-cs2103/cs2103-website-base/admin/appendixC-faq.md
2025-03-09T07:33:05.594Z - info: Synchronizing opened pages list before reload
2025-03-09T07:33:05.594Z - info: Current opened pages, from most-to-least recent:
2025-03-09T07:33:05.595Z - info: 1. admin/exams
2025-03-09T07:33:05.595Z - info: [15:33:05] Reload for file change: /Users/damithch/Repos/nus-cs2103/cs2103-website-base/admin/faq-fragment.md
2025-03-09T07:33:05.595Z - info: Synchronizing opened pages list before reload
2025-03-09T07:33:05.595Z - info: Current opened pages, from most-to-least recent:
2025-03-09T07:33:05.595Z - info: 1. admin/exams
2025-03-09T07:33:06.613Z - info: Rebuilding 1 pages
2025-03-09T07:33:06.850Z - info: Site data built
2025-03-09T07:33:06.850Z - info: Pages rebuilt
2025-03-09T07:33:06.850Z - info: Website regeneration complete! Total build time: 0.241s
2025-03-09T07:33:17.506Z - info: [15:33:17] Reload for file change: /Users/damithch/Repos/nus-cs2103/cs2103-website-base/admin/appendixC-faq.md
2025-03-09T07:33:17.507Z - info: Synchronizing opened pages list before reload
2025-03-09T07:33:17.507Z - info: Current opened pages, from most-to-least recent:
2025-03-09T07:33:17.508Z - info: 1. admin/exams
2025-03-09T07:33:18.513Z - info: No pages needed to be rebuilt
2025-03-09T07:34:36.523Z - info: [15:34:36] Reload for file change: /Users/damithch/Repos/nus-cs2103/cs2103-website-base/admin/faq-fragment.md
2025-03-09T07:34:36.523Z - info: Synchronizing opened pages list before reload
2025-03-09T07:34:36.523Z - info: Current opened pages, from most-to-least recent:
2025-03-09T07:34:36.524Z - info: 1. admin/exams
2025-03-09T07:34:37.531Z - info: Rebuilding 1 pages
2025-03-09T07:34:37.718Z - info: Site data built
2025-03-09T07:34:37.718Z - info: Pages rebuilt
2025-03-09T07:34:37.718Z - info: Website regeneration complete! Total build time: 0.191s
2025-03-09T07:35:05.773Z - info: [15:35:05] Reload for file change: /Users/damithch/Repos/nus-cs2103/cs2103-website-base/admin/faq-fragment.md
2025-03-09T07:35:05.773Z - info: Synchronizing opened pages list before reload
2025-03-09T07:35:05.774Z - info: Current opened pages, from most-to-least recent:
2025-03-09T07:35:05.774Z - info: 1. admin/exams
2025-03-09T07:35:06.789Z - info: Rebuilding 1 pages
2025-03-09T07:35:06.999Z - info: Site data built
2025-03-09T07:35:06.999Z - info: Pages rebuilt
2025-03-09T07:35:06.999Z - info: Website regeneration complete! Total build time: 0.212s
2025-03-09T07:37:06.182Z - info: [15:37:06] Reload for file change: /Users/damithch/Repos/nus-cs2103/cs2103-website-base/admin/exams.md
2025-03-09T07:37:06.184Z - info: Synchronizing opened pages list before reload
2025-03-09T07:37:06.184Z - info: Current opened pages, from most-to-least recent:
2025-03-09T07:37:06.184Z - info: 1. admin/exams
2025-03-09T07:37:07.235Z - info: Rebuilding 1 pages
2025-03-09T07:37:07.429Z - info: Site data built
2025-03-09T07:37:07.429Z - info: Pages rebuilt
2025-03-09T07:37:07.429Z - info: Website regeneration complete! Total build time: 0.235s
2025-03-09T07:40:16.781Z - info: [15:40:16] Reload for file change: /Users/damithch/Repos/nus-cs2103/cs2103-website-base/admin/faq-fragment.md
2025-03-09T07:40:16.795Z - info: Synchronizing opened pages list before reload
2025-03-09T07:40:16.804Z - info: Current opened pages, from most-to-least recent:
2025-03-09T07:40:16.815Z - info: 1. admin/exams
2025-03-09T07:40:17.857Z - info: Rebuilding 1 pages
2025-03-09T07:40:18.083Z - info: Site data built
2025-03-09T07:40:18.083Z - info: Pages rebuilt
2025-03-09T07:40:18.083Z - info: Website regeneration complete! Total build time: 0.236s
2025-03-09T07:46:21.707Z - info: [15:46:21] Reload for file change: /Users/damithch/Repos/nus-cs2103/cs2103-website-base/admin/faq-fragment.md
2025-03-09T07:46:21.708Z - info: Synchronizing opened pages list before reload
2025-03-09T07:46:21.709Z - info: Current opened pages, from most-to-least recent:
2025-03-09T07:46:21.709Z - info: 1. admin/exams
2025-03-09T07:46:22.722Z - info: Rebuilding 1 pages
2025-03-09T07:46:22.941Z - info: Site data built
2025-03-09T07:46:22.941Z - info: Pages rebuilt
2025-03-09T07:46:22.941Z - info: Website regeneration complete! Total build time: 0.223s
2025-03-09T07:46:49.587Z - info: [15:46:49] Reload for file change: /Users/damithch/Repos/nus-cs2103/cs2103-website-base/admin/faq-fragment.md
2025-03-09T07:46:49.588Z - info: Synchronizing opened pages list before reload
2025-03-09T07:46:49.588Z - info: Current opened pages, from most-to-least recent:
2025-03-09T07:46:49.588Z - info: 1. admin/exams
2025-03-09T07:46:50.605Z - info: Rebuilding 1 pages
2025-03-09T07:46:50.772Z - info: Site data built
2025-03-09T07:46:50.772Z - info: Pages rebuilt
2025-03-09T07:46:50.772Z - info: Website regeneration complete! Total build time: 0.169s
2025-03-09T07:47:10.968Z - info: [15:47:10] Reload for file change: /Users/damithch/Repos/nus-cs2103/cs2103-website-base/admin/faq-fragment.md
2025-03-09T07:47:10.970Z - info: Synchronizing opened pages list before reload
2025-03-09T07:47:10.970Z - info: Current opened pages, from most-to-least recent:
2025-03-09T07:47:10.970Z - info: 1. admin/exams
2025-03-09T07:47:11.976Z - info: Rebuilding 1 pages
2025-03-09T07:47:12.194Z - info: Site data built
2025-03-09T07:47:12.195Z - info: Pages rebuilt
2025-03-09T07:47:12.195Z - info: Website regeneration complete! Total build time: 0.222s
2025-03-09T07:47:54.777Z - info: [15:47:54] Reload for file change: /Users/damithch/Repos/nus-cs2103/cs2103-website-base/admin/faq-fragment.md
2025-03-09T07:47:54.778Z - info: Synchronizing opened pages list before reload
2025-03-09T07:47:54.778Z - info: Current opened pages, from most-to-least recent:
2025-03-09T07:47:54.778Z - info: 1. admin/exams
2025-03-09T07:47:55.785Z - info: Rebuilding 1 pages
2025-03-09T07:47:55.962Z - info: Site data built
2025-03-09T07:47:55.963Z - info: Pages rebuilt
2025-03-09T07:47:55.963Z - info: Website regeneration complete! Total build time: 0.181s
2025-03-09T07:48:10.621Z - info: [15:48:10] Reload for file change: /Users/damithch/Repos/nus-cs2103/cs2103-website-base/admin/faq-fragment.md
2025-03-09T07:48:10.622Z - info: Synchronizing opened pages list before reload
2025-03-09T07:48:10.622Z - info: Current opened pages, from most-to-least recent:
2025-03-09T07:48:10.622Z - info: 1. admin/exams
2025-03-09T07:48:11.630Z - info: Rebuilding 1 pages
2025-03-09T07:48:11.852Z - info: Site data built
2025-03-09T07:48:11.852Z - info: Pages rebuilt
2025-03-09T07:48:11.852Z - info: Website regeneration complete! Total build time: 0.225s
2025-03-09T07:50:03.257Z - info: [15:50:03] Reload for file change: /Users/damithch/Repos/nus-cs2103/cs2103-website-base/admin/faq-fragment.md
2025-03-09T07:50:03.259Z - info: Synchronizing opened pages list before reload
2025-03-09T07:50:03.260Z - info: Current opened pages, from most-to-least recent:
2025-03-09T07:50:03.265Z - info: 1. admin/exams
2025-03-09T07:50:04.276Z - info: Rebuilding 1 pages
2025-03-09T07:50:04.513Z - info: Site data built
2025-03-09T07:50:04.513Z - info: Pages rebuilt
2025-03-09T07:50:04.513Z - info: Website regeneration complete! Total build time: 0.241s
2025-03-09T07:50:26.506Z - info: [15:50:26] Reload for file change: /Users/damithch/Repos/nus-cs2103/cs2103-website-base/admin/faq-fragment.md
2025-03-09T07:50:26.506Z - info: Synchronizing opened pages list before reload
2025-03-09T07:50:26.506Z - info: Current opened pages, from most-to-least recent:
2025-03-09T07:50:26.506Z - info: 1. admin/exams
2025-03-09T07:50:27.527Z - info: Rebuilding 1 pages
2025-03-09T07:50:27.694Z - info: Site data built
2025-03-09T07:50:27.694Z - info: Pages rebuilt
2025-03-09T07:50:27.694Z - info: Website regeneration complete! Total build time: 0.17s
2025-03-09T07:57:57.693Z - info: [15:57:57] Reload for file change: /Users/damithch/Repos/nus-cs2103/cs2103-website-base/admin/faq-fragment.md
2025-03-09T07:57:57.696Z - info: Synchronizing opened pages list before reload
2025-03-09T07:57:57.697Z - info: Current opened pages, from most-to-least recent:
2025-03-09T07:57:57.697Z - info: 1. admin/exams
2025-03-09T07:57:58.706Z - info: Rebuilding 1 pages
2025-03-09T07:57:58.947Z - info: Site data built
2025-03-09T07:57:58.947Z - info: Pages rebuilt
2025-03-09T07:57:58.947Z - info: Website regeneration complete! Total build time: 0.243s
2025-03-09T08:04:51.464Z - info: Website generation started at 16:04:50
2025-03-09T08:04:51.741Z - warn: ENOENT: no such file or directory, open '/Users/damithch/Repos/nus-cs2103/cs2103-website-base/node_modules/.cache/gh-pages/https!github.com!nus-cs2103-AY2425S2!website.git/book/_markbind/variables.md'
2025-03-09T08:04:51.741Z - warn: ENOENT: no such file or directory, open '/Users/damithch/Repos/nus-cs2103/cs2103-website-base/node_modules/.cache/gh-pages/https!github.com!nus-cs2103-AY2425S2!website.git/_markbind/variables.md'
2025-03-09T08:04:51.760Z - info: Building assets...
2025-03-09T08:04:53.162Z - info: Assets built
2025-03-09T08:04:53.163Z - info: Generating pages...
2025-03-09T08:04:59.262Z - debug:  
2025-03-09T08:04:59.268Z - debug:  
2025-03-09T08:04:59.268Z - debug:  
2025-03-09T08:04:59.268Z - debug:  
2025-03-09T08:04:59.268Z - debug:  
2025-03-09T08:04:59.268Z - debug:  
2025-03-09T08:04:59.268Z - debug: 2025-03-09 16:04:56.998 java[13889:6486695] +[IMKClient subclass]: chose IMKClient_Modern
2025-03-09 16:04:56.998 java[13889:6486695] +[IMKInputSession subclass]: chose IMKInputSession_Modern

2025-03-09T08:04:59.268Z - debug:  
2025-03-09T08:04:59.268Z - debug:  
2025-03-09T08:04:59.268Z - debug:  
2025-03-09T08:04:59.674Z - debug:  
2025-03-09T08:04:59.674Z - debug:  
2025-03-09T08:04:59.674Z - debug:  
2025-03-09T08:04:59.674Z - debug:  
2025-03-09T08:04:59.674Z - debug:  
2025-03-09T08:04:59.674Z - debug:  
2025-03-09T08:05:00.715Z - debug: 2025-03-09 16:04:59.968 java[13923:6487421] +[IMKClient subclass]: chose IMKClient_Modern
2025-03-09 16:04:59.968 java[13923:6487421] +[IMKInputSession subclass]: chose IMKInputSession_Modern

2025-03-09T08:05:10.105Z - debug: 2025-03-09 16:05:09.336 java[13944:6487711] +[IMKClient subclass]: chose IMKClient_Modern
2025-03-09 16:05:09.336 java[13944:6487711] +[IMKInputSession subclass]: chose IMKInputSession_Modern

2025-03-09T08:05:57.871Z - debug: 2025-03-09 16:05:55.441 java[13973:6489365] +[IMKClient subclass]: chose IMKClient_Modern
2025-03-09 16:05:55.441 java[13973:6489365] +[IMKInputSession subclass]: chose IMKInputSession_Modern

2025-03-09T08:06:08.638Z - debug:  
2025-03-09T08:06:08.659Z - debug: 2025-03-09 16:06:07.837 java[13984:6489702] +[IMKClient subclass]: chose IMKClient_Modern
2025-03-09 16:06:07.837 java[13984:6489702] +[IMKInputSession subclass]: chose IMKInputSession_Modern

2025-03-09T08:06:15.600Z - info: Pages built
2025-03-09T08:06:15.666Z - info: Site data built
2025-03-09T08:06:15.666Z - info: Website generation complete! Total build time: 84.826s
2025-03-09T08:06:15.666Z - info: Build success!
2025-03-09T08:06:36.807Z - info: The website has been deployed at: https://nus-cs2103-ay2425s2.github.io/website
