2025-03-23T17:25:41.572Z - info: Website generation started at 01:25:40
2025-03-23T17:25:41.926Z - warn: ENOENT: no such file or directory, open '/Users/damithch/Repos/nus-cs2103/cs2103-website-base/node_modules/.cache/gh-pages/https!github.com!nus-cs2103-AY2425S2!website.git/book/_markbind/variables.md'
2025-03-23T17:25:41.927Z - warn: ENOENT: no such file or directory, open '/Users/damithch/Repos/nus-cs2103/cs2103-website-base/node_modules/.cache/gh-pages/https!github.com!nus-cs2103-AY2425S2!website.git/_markbind/variables.md'
2025-03-23T17:25:41.946Z - info: Building assets...
2025-03-23T17:25:43.600Z - info: Assets built
2025-03-23T17:25:43.601Z - info: Generating pages...
2025-03-23T17:25:50.548Z - debug:  
2025-03-23T17:25:50.548Z - debug:  
2025-03-23T17:25:50.548Z - debug:  
2025-03-23T17:25:50.548Z - debug:  
2025-03-23T17:25:50.548Z - debug:  
2025-03-23T17:25:50.548Z - debug:  
2025-03-23T17:25:50.549Z - debug:  
2025-03-23T17:25:50.549Z - debug:  
2025-03-23T17:25:50.549Z - debug:  
2025-03-23T17:25:50.549Z - debug:  
2025-03-23T17:25:50.549Z - debug:  
2025-03-23T17:25:50.549Z - debug:  
2025-03-23T17:25:50.549Z - debug:  
2025-03-23T17:25:50.549Z - debug: 2025-03-24 01:25:47.806 java[66820:1594534] +[IMKClient subclass]: chose IMKClient_Modern
2025-03-24 01:25:47.806 java[66820:1594534] +[IMKInputSession subclass]: chose IMKInputSession_Modern

2025-03-23T17:25:50.549Z - debug:  
2025-03-23T17:25:51.055Z - debug:  
2025-03-23T17:25:52.015Z - debug: 2025-03-24 01:25:51.294 java[66853:1595237] +[IMKClient subclass]: chose IMKClient_Modern
2025-03-24 01:25:51.294 java[66853:1595237] +[IMKInputSession subclass]: chose IMKInputSession_Modern

2025-03-23T17:26:01.648Z - debug: 2025-03-24 01:26:00.917 java[66868:1595518] +[IMKClient subclass]: chose IMKClient_Modern
2025-03-24 01:26:00.917 java[66868:1595518] +[IMKInputSession subclass]: chose IMKInputSession_Modern

2025-03-23T17:26:43.735Z - debug: 2025-03-24 01:26:43.392 java[66883:1596162] +[IMKClient subclass]: chose IMKClient_Modern
2025-03-24 01:26:43.392 java[66883:1596162] +[IMKInputSession subclass]: chose IMKInputSession_Modern

2025-03-23T17:26:56.623Z - debug:  
2025-03-23T17:26:56.649Z - debug: 2025-03-24 01:26:55.863 java[66891:1596454] +[IMKClient subclass]: chose IMKClient_Modern
2025-03-24 01:26:55.863 java[66891:1596454] +[IMKInputSession subclass]: chose IMKInputSession_Modern

2025-03-23T17:27:03.523Z - info: Pages built
2025-03-23T17:27:03.597Z - info: Site data built
2025-03-23T17:27:03.597Z - info: Website generation complete! Total build time: 82.819s
2025-03-23T17:27:03.597Z - info: Build success!
2025-03-23T17:27:24.221Z - info: The website has been deployed at: https://nus-cs2103-ay2425s2.github.io/website
