2025-02-17T14:16:03.256Z - info: Website generation (lazy) started at 22:16:02
2025-02-17T14:16:03.725Z - warn: ENOENT: no such file or directory, open '/Users/damithch/Repos/nus-cs2103/cs2103-website-base/node_modules/.cache/gh-pages/https!github.com!nus-cs2103-AY2425S2!website.git/book/_markbind/variables.md'
2025-02-17T14:16:03.725Z - warn: ENOENT: no such file or directory, open '/Users/damithch/Repos/nus-cs2103/cs2103-website-base/node_modules/.cache/gh-pages/https!github.com!nus-cs2103-AY2425S2!website.git/_markbind/variables.md'
2025-02-17T14:16:03.764Z - info: Building assets...
2025-02-17T14:16:05.422Z - info: Assets built
2025-02-17T14:16:05.423Z - info: Generating landing page...
2025-02-17T14:16:05.869Z - info: Landing page built, other pages will be built as you navigate to them!
2025-02-17T14:16:05.934Z - info: Site data built
2025-02-17T14:16:05.934Z - info: Website generation (lazy) complete! Total build time: 3.566s
2025-02-17T14:16:05.944Z - info: Serving "/Users/damithch/Repos/nus-cs2103/cs2103-website-base/_site" at http://127.0.0.1:8080
2025-02-17T14:16:05.944Z - info: Press CTRL+C to stop ...
2025-02-17T14:22:49.500Z - info: [22:22:49] Reload for file change: /Users/damithch/Repos/nus-cs2103/cs2103-website-base/admin/faq-fragment.md
2025-02-17T14:22:49.503Z - info: Synchronizing opened pages list before reload
2025-02-17T14:22:49.505Z - info: Current opened pages, from most-to-least recent:
2025-02-17T14:22:49.505Z - info: 1. index
2025-02-17T14:22:50.514Z - info: Assets built
2025-02-17T14:26:51.516Z - info: [22:26:51] Reload for file change: /Users/damithch/Repos/nus-cs2103/cs2103-website-base/admin/faq-fragment.md
2025-02-17T14:26:51.517Z - info: Synchronizing opened pages list before reload
2025-02-17T14:26:51.518Z - info: Current opened pages, from most-to-least recent:
2025-02-17T14:26:51.518Z - info: 1. index
2025-02-17T14:26:52.528Z - info: Assets built
2025-02-17T14:29:18.657Z - info: [22:29:18] Reload for file change: /Users/damithch/Repos/nus-cs2103/cs2103-website-base/admin/appendixC-faq.md
2025-02-17T14:29:18.658Z - info: Synchronizing opened pages list before reload
2025-02-17T14:29:18.658Z - info: Current opened pages, from most-to-least recent:
2025-02-17T14:29:18.658Z - info: 1. index
2025-02-17T14:29:19.672Z - info: No pages needed to be rebuilt
2025-02-17T14:30:06.327Z - info: [22:30:06] Reload for file change: /Users/damithch/Repos/nus-cs2103/cs2103-website-base/admin/appendixC-faq.md
2025-02-17T14:30:06.333Z - info: Synchronizing opened pages list before reload
2025-02-17T14:30:06.334Z - info: Current opened pages, from most-to-least recent:
2025-02-17T14:30:06.335Z - info: 1. index
2025-02-17T14:30:07.351Z - info: No pages needed to be rebuilt
2025-02-17T14:30:07.973Z - info: Building /Users/damithch/Repos/nus-cs2103/cs2103-website-base/schedule/week5/index as some of its dependencies were changed since the last visit
2025-02-17T14:30:08.385Z - info: Site data built
2025-02-17T14:30:08.385Z - info: Lazy website regeneration complete! Total build time: 0.412s
2025-02-17T14:30:13.445Z - info: Building /Users/damithch/Repos/nus-cs2103/cs2103-website-base/schedule/week6/index as some of its dependencies were changed since the last visit
2025-02-17T14:30:13.773Z - info: Site data built
2025-02-17T14:30:13.773Z - info: Lazy website regeneration complete! Total build time: 0.328s
2025-02-17T14:30:16.503Z - info: Building /Users/damithch/Repos/nus-cs2103/cs2103-website-base/schedule/week6/project as some of its dependencies were changed since the last visit
2025-02-17T14:30:17.517Z - info: Site data built
2025-02-17T14:30:17.517Z - info: Lazy website regeneration complete! Total build time: 1.014s
2025-02-17T14:31:45.029Z - info: [22:31:45] Reload for file change: /Users/damithch/Repos/nus-cs2103/cs2103-website-base/admin/ip-tasks-fragment.md
2025-02-17T14:31:45.031Z - info: Synchronizing opened pages list before reload
2025-02-17T14:31:45.032Z - info: Current opened pages, from most-to-least recent:
2025-02-17T14:31:45.032Z - info: 1. schedule/week6/project
2025-02-17T14:31:46.047Z - info: Rebuilding 1 pages
2025-02-17T14:31:47.157Z - info: Site data built
2025-02-17T14:31:47.157Z - info: Pages rebuilt
2025-02-17T14:31:47.157Z - info: Website regeneration complete! Total build time: 1.118s
2025-02-17T14:32:09.453Z - info: [22:32:09] Reload for file change: /Users/damithch/Repos/nus-cs2103/cs2103-website-base/admin/ip-tasks-fragment.md
2025-02-17T14:32:09.454Z - info: Synchronizing opened pages list before reload
2025-02-17T14:32:09.454Z - info: Current opened pages, from most-to-least recent:
2025-02-17T14:32:09.454Z - info: 1. schedule/week6/project
2025-02-17T14:32:10.461Z - info: Rebuilding 1 pages
2025-02-17T14:32:11.574Z - info: Site data built
2025-02-17T14:32:11.575Z - info: Pages rebuilt
2025-02-17T14:32:11.575Z - info: Website regeneration complete! Total build time: 1.116s
2025-02-17T14:32:26.592Z - info: Building /Users/damithch/Repos/nus-cs2103/cs2103-website-base/schedule/week5/index as some of its dependencies were changed since the last visit
2025-02-17T14:32:26.961Z - info: Site data built
2025-02-17T14:32:26.961Z - info: Lazy website regeneration complete! Total build time: 0.369s
2025-02-17T14:32:29.812Z - info: Building /Users/damithch/Repos/nus-cs2103/cs2103-website-base/schedule/week4/index as some of its dependencies were changed since the last visit
2025-02-17T14:32:30.180Z - info: Site data built
2025-02-17T14:32:30.180Z - info: Lazy website regeneration complete! Total build time: 0.368s
2025-02-17T14:32:32.877Z - info: Building /Users/damithch/Repos/nus-cs2103/cs2103-website-base/schedule/week4/project as some of its dependencies were changed since the last visit
2025-02-17T14:32:33.941Z - info: Site data built
2025-02-17T14:32:33.942Z - info: Lazy website regeneration complete! Total build time: 1.064s
2025-02-17T14:35:17.599Z - info: [22:35:17] Reload for file change: /Users/damithch/Repos/nus-cs2103/cs2103-website-base/book/projectDuke/text.md
2025-02-17T14:35:17.607Z - info: Synchronizing opened pages list before reload
2025-02-17T14:35:17.610Z - info: Current opened pages, from most-to-least recent:
2025-02-17T14:35:17.611Z - info: 1. schedule/week4/project
2025-02-17T14:35:18.618Z - info: Rebuilding 1 pages
2025-02-17T14:35:19.820Z - info: Site data built
2025-02-17T14:35:19.820Z - info: Pages rebuilt
2025-02-17T14:35:19.820Z - info: Website regeneration complete! Total build time: 1.204s
2025-02-17T14:36:00.548Z - info: Building /Users/damithch/Repos/nus-cs2103/cs2103-website-base/schedule/week5/project as some of its dependencies were changed since the last visit
2025-02-17T14:36:01.413Z - info: Site data built
2025-02-17T14:36:01.413Z - info: Lazy website regeneration complete! Total build time: 0.866s
2025-02-17T14:37:30.177Z - info: [22:37:30] Reload for file change: /Users/damithch/Repos/nus-cs2103/cs2103-website-base/admin/ip-tasks-fragment.md
2025-02-17T14:37:30.178Z - info: Synchronizing opened pages list before reload
2025-02-17T14:37:30.179Z - info: Current opened pages, from most-to-least recent:
2025-02-17T14:37:30.179Z - info: 1. schedule/week5/project
2025-02-17T14:37:31.191Z - info: Rebuilding 1 pages
2025-02-17T14:37:31.666Z - error:  Error: No such segment '#faq--Q' in file: /Users/damithch/Repos/nus-cs2103/cs2103-website-base/admin/faq-fragment.md
Missing reference in /Users/damithch/Repos/nus-cs2103/cs2103-website-base/admin/ip-tasks-fragment.md
    at processInclude (/opt/homebrew/lib/node_modules/markbind-cli/node_modules/@markbind/core/src/html/includePanelProcessor.js:238:27)
    at NodeProcessor.processNode (/opt/homebrew/lib/node_modules/markbind-cli/node_modules/@markbind/core/src/html/NodeProcessor.js:173:71)
    at NodeProcessor.traverse (/opt/homebrew/lib/node_modules/markbind-cli/node_modules/@markbind/core/src/html/NodeProcessor.js:342:24)
    at /opt/homebrew/lib/node_modules/markbind-cli/node_modules/@markbind/core/src/html/NodeProcessor.js:346:22
    at Array.forEach (<anonymous>)
    at NodeProcessor.traverse (/opt/homebrew/lib/node_modules/markbind-cli/node_modules/@markbind/core/src/html/NodeProcessor.js:345:27)
    at /opt/homebrew/lib/node_modules/markbind-cli/node_modules/@markbind/core/src/html/NodeProcessor.js:346:22
    at Array.forEach (<anonymous>)
    at NodeProcessor.traverse (/opt/homebrew/lib/node_modules/markbind-cli/node_modules/@markbind/core/src/html/NodeProcessor.js:345:27)
    at /opt/homebrew/lib/node_modules/markbind-cli/node_modules/@markbind/core/src/html/NodeProcessor.js:346:22
    at Array.forEach (<anonymous>)
    at NodeProcessor.traverse (/opt/homebrew/lib/node_modules/markbind-cli/node_modules/@markbind/core/src/html/NodeProcessor.js:345:27)
    at /opt/homebrew/lib/node_modules/markbind-cli/node_modules/@markbind/core/src/html/NodeProcessor.js:346:22
    at Array.forEach (<anonymous>)
    at NodeProcessor.traverse (/opt/homebrew/lib/node_modules/markbind-cli/node_modules/@markbind/core/src/html/NodeProcessor.js:345:27)
    at /opt/homebrew/lib/node_modules/markbind-cli/node_modules/@markbind/core/src/html/NodeProcessor.js:346:22
2025-02-17T14:37:31.671Z - error:  Error: No such segment '#faq--A' in file: /Users/damithch/Repos/nus-cs2103/cs2103-website-base/admin/faq-fragment.md
Missing reference in /Users/damithch/Repos/nus-cs2103/cs2103-website-base/admin/ip-tasks-fragment.md
    at processInclude (/opt/homebrew/lib/node_modules/markbind-cli/node_modules/@markbind/core/src/html/includePanelProcessor.js:238:27)
    at NodeProcessor.processNode (/opt/homebrew/lib/node_modules/markbind-cli/node_modules/@markbind/core/src/html/NodeProcessor.js:173:71)
    at NodeProcessor.traverse (/opt/homebrew/lib/node_modules/markbind-cli/node_modules/@markbind/core/src/html/NodeProcessor.js:342:24)
    at /opt/homebrew/lib/node_modules/markbind-cli/node_modules/@markbind/core/src/html/NodeProcessor.js:346:22
    at Array.forEach (<anonymous>)
    at NodeProcessor.traverse (/opt/homebrew/lib/node_modules/markbind-cli/node_modules/@markbind/core/src/html/NodeProcessor.js:345:27)
    at /opt/homebrew/lib/node_modules/markbind-cli/node_modules/@markbind/core/src/html/NodeProcessor.js:346:22
    at Array.forEach (<anonymous>)
    at NodeProcessor.traverse (/opt/homebrew/lib/node_modules/markbind-cli/node_modules/@markbind/core/src/html/NodeProcessor.js:345:27)
    at /opt/homebrew/lib/node_modules/markbind-cli/node_modules/@markbind/core/src/html/NodeProcessor.js:346:22
    at Array.forEach (<anonymous>)
    at NodeProcessor.traverse (/opt/homebrew/lib/node_modules/markbind-cli/node_modules/@markbind/core/src/html/NodeProcessor.js:345:27)
    at /opt/homebrew/lib/node_modules/markbind-cli/node_modules/@markbind/core/src/html/NodeProcessor.js:346:22
    at Array.forEach (<anonymous>)
    at NodeProcessor.traverse (/opt/homebrew/lib/node_modules/markbind-cli/node_modules/@markbind/core/src/html/NodeProcessor.js:345:27)
    at /opt/homebrew/lib/node_modules/markbind-cli/node_modules/@markbind/core/src/html/NodeProcessor.js:346:22
2025-02-17T14:37:32.064Z - info: Site data built
2025-02-17T14:37:32.064Z - info: Pages rebuilt
2025-02-17T14:37:32.064Z - info: Website regeneration complete! Total build time: 0.876s
2025-02-17T14:37:40.143Z - info: [22:37:40] Reload for file change: /Users/damithch/Repos/nus-cs2103/cs2103-website-base/admin/ip-tasks-fragment.md
2025-02-17T14:37:40.143Z - info: Synchronizing opened pages list before reload
2025-02-17T14:37:40.143Z - info: Current opened pages, from most-to-least recent:
2025-02-17T14:37:40.143Z - info: 1. schedule/week5/project
2025-02-17T14:37:41.146Z - info: Rebuilding 1 pages
2025-02-17T14:37:41.980Z - info: Site data built
2025-02-17T14:37:41.980Z - info: Pages rebuilt
2025-02-17T14:37:41.980Z - info: Website regeneration complete! Total build time: 0.836s
2025-02-17T14:37:54.789Z - info: [22:37:54] Reload for file change: /Users/damithch/Repos/nus-cs2103/cs2103-website-base/admin/ip-tasks-fragment.md
2025-02-17T14:37:54.790Z - info: Synchronizing opened pages list before reload
2025-02-17T14:37:54.790Z - info: Current opened pages, from most-to-least recent:
2025-02-17T14:37:54.790Z - info: 1. schedule/week5/project
2025-02-17T14:37:55.792Z - info: Rebuilding 1 pages
2025-02-17T14:37:56.647Z - info: Site data built
2025-02-17T14:37:56.647Z - info: Pages rebuilt
2025-02-17T14:37:56.647Z - info: Website regeneration complete! Total build time: 0.857s
2025-02-17T14:39:12.183Z - info: [22:39:12] Reload for file change: /Users/damithch/Repos/nus-cs2103/cs2103-website-base/admin/faq-fragment.md
2025-02-17T14:39:12.184Z - info: Synchronizing opened pages list before reload
2025-02-17T14:39:12.185Z - info: Current opened pages, from most-to-least recent:
2025-02-17T14:39:12.186Z - info: 1. schedule/week5/project
2025-02-17T14:39:13.190Z - info: Rebuilding 1 pages
2025-02-17T14:39:13.992Z - info: Site data built
2025-02-17T14:39:13.992Z - info: Pages rebuilt
2025-02-17T14:39:13.992Z - info: Website regeneration complete! Total build time: 0.804s
2025-02-17T14:41:12.236Z - info: [22:41:12] Reload for file change: /Users/damithch/Repos/nus-cs2103/cs2103-website-base/admin/faq-fragment.md
2025-02-17T14:41:12.238Z - info: Synchronizing opened pages list before reload
2025-02-17T14:41:12.239Z - info: Current opened pages, from most-to-least recent:
2025-02-17T14:41:12.239Z - info: 1. schedule/week5/project
2025-02-17T14:41:13.249Z - info: Rebuilding 1 pages
2025-02-17T14:41:14.089Z - info: Site data built
2025-02-17T14:41:14.089Z - info: Pages rebuilt
2025-02-17T14:41:14.089Z - info: Website regeneration complete! Total build time: 0.844s
2025-02-17T14:42:00.539Z - info: [22:42:00] Reload for file change: /Users/damithch/Repos/nus-cs2103/cs2103-website-base/admin/ip-grading.md
2025-02-17T14:42:00.541Z - info: Synchronizing opened pages list before reload
2025-02-17T14:42:00.542Z - info: Current opened pages, from most-to-least recent:
2025-02-17T14:42:00.542Z - info: 1. schedule/week5/project
2025-02-17T14:42:01.547Z - info: No pages needed to be rebuilt
2025-02-17T14:42:07.620Z - info: Building /Users/damithch/Repos/nus-cs2103/cs2103-website-base/admin/ip-grading as some of its dependencies were changed since the last visit
2025-02-17T14:42:07.751Z - info: Site data built
2025-02-17T14:42:07.751Z - info: Lazy website regeneration complete! Total build time: 0.131s
2025-02-17T14:43:35.362Z - info: [22:43:35] Reload for file change: /Users/damithch/Repos/nus-cs2103/cs2103-website-base/admin/ip-grading.md
2025-02-17T14:43:35.367Z - info: Synchronizing opened pages list before reload
2025-02-17T14:43:35.368Z - info: Current opened pages, from most-to-least recent:
2025-02-17T14:43:35.368Z - info: 1. admin/ip-grading
2025-02-17T14:43:36.379Z - info: Rebuilding 1 pages
2025-02-17T14:43:36.491Z - info: Site data built
2025-02-17T14:43:36.491Z - info: Pages rebuilt
2025-02-17T14:43:36.491Z - info: Website regeneration complete! Total build time: 0.116s
2025-02-17T14:45:00.919Z - info: Website generation started at 22:45:00
2025-02-17T14:45:01.242Z - warn: ENOENT: no such file or directory, open '/Users/damithch/Repos/nus-cs2103/cs2103-website-base/node_modules/.cache/gh-pages/https!github.com!nus-cs2103-AY2425S2!website.git/book/_markbind/variables.md'
2025-02-17T14:45:01.242Z - warn: ENOENT: no such file or directory, open '/Users/damithch/Repos/nus-cs2103/cs2103-website-base/node_modules/.cache/gh-pages/https!github.com!nus-cs2103-AY2425S2!website.git/_markbind/variables.md'
2025-02-17T14:45:01.262Z - info: Building assets...
2025-02-17T14:45:02.780Z - info: Assets built
2025-02-17T14:45:02.781Z - info: Generating pages...
2025-02-17T14:45:08.512Z - debug:  
2025-02-17T14:45:08.804Z - debug: 2025-02-17 22:45:05.076 java[22760:10909611] +[IMKClient subclass]: chose IMKClient_Modern
2025-02-17 22:45:05.076 java[22760:10909611] +[IMKInputSession subclass]: chose IMKInputSession_Modern

2025-02-17T14:45:08.804Z - debug:  
2025-02-17T14:45:08.804Z - debug:  
2025-02-17T14:45:08.804Z - debug:  
2025-02-17T14:45:08.804Z - debug:  
2025-02-17T14:45:08.805Z - debug:  
2025-02-17T14:45:08.805Z - debug:  
2025-02-17T14:45:08.805Z - debug:  
2025-02-17T14:45:08.805Z - debug:  
2025-02-17T14:45:08.805Z - debug:  
2025-02-17T14:45:08.805Z - debug:  
2025-02-17T14:45:08.805Z - debug:  
2025-02-17T14:45:08.805Z - debug:  
2025-02-17T14:45:08.805Z - debug:  
2025-02-17T14:45:08.805Z - debug: 2025-02-17 22:45:06.498 java[22794:10909920] +[IMKClient subclass]: chose IMKClient_Modern
2025-02-17 22:45:06.498 java[22794:10909920] +[IMKInputSession subclass]: chose IMKInputSession_Modern

2025-02-17T14:45:09.916Z - debug: 2025-02-17 22:45:09.109 java[22825:10910629] +[IMKClient subclass]: chose IMKClient_Modern
2025-02-17 22:45:09.109 java[22825:10910629] +[IMKInputSession subclass]: chose IMKInputSession_Modern

2025-02-17T14:45:18.633Z - debug: 2025-02-17 22:45:18.287 java[22844:10910919] +[IMKClient subclass]: chose IMKClient_Modern
2025-02-17 22:45:18.287 java[22844:10910919] +[IMKInputSession subclass]: chose IMKInputSession_Modern

2025-02-17T14:46:02.409Z - debug: 2025-02-17 22:46:00.112 java[22865:10912126] +[IMKClient subclass]: chose IMKClient_Modern
2025-02-17 22:46:00.112 java[22865:10912126] +[IMKInputSession subclass]: chose IMKInputSession_Modern

2025-02-17T14:46:12.811Z - debug: 2025-02-17 22:46:12.033 java[22876:10912563] +[IMKClient subclass]: chose IMKClient_Modern
2025-02-17 22:46:12.033 java[22876:10912563] +[IMKInputSession subclass]: chose IMKInputSession_Modern

2025-02-17T14:46:12.832Z - debug:  
2025-02-17T14:46:19.510Z - info: Pages built
2025-02-17T14:46:19.574Z - info: Site data built
2025-02-17T14:46:19.574Z - info: Website generation complete! Total build time: 79.409s
2025-02-17T14:46:19.574Z - info: Build success!
2025-02-17T14:46:41.033Z - info: The website has been deployed at: https://nus-cs2103-ay2425s2.github.io/website
