2025-04-12T18:18:21.411Z - info: Website generation (lazy) started at 02:18:20
2025-04-12T18:18:21.700Z - warn: ENOENT: no such file or directory, open '/Users/damithch/Repos/nus-cs2103/cs2103-website-base/node_modules/.cache/gh-pages/https!github.com!nus-cs2103-AY2425S2!website.git/book/_markbind/variables.md'
2025-04-12T18:18:21.701Z - warn: ENOENT: no such file or directory, open '/Users/damithch/Repos/nus-cs2103/cs2103-website-base/node_modules/.cache/gh-pages/https!github.com!nus-cs2103-AY2425S2!website.git/_markbind/variables.md'
2025-04-12T18:18:21.721Z - info: Building assets...
2025-04-12T18:18:23.232Z - info: Assets built
2025-04-12T18:18:23.232Z - info: Generating landing page...
2025-04-12T18:18:23.728Z - info: Landing page built, other pages will be built as you navigate to them!
2025-04-12T18:18:23.801Z - info: Site data built
2025-04-12T18:18:23.801Z - info: Website generation (lazy) complete! Total build time: 3.198s
2025-04-12T18:18:23.814Z - info: Serving "/Users/damithch/Repos/nus-cs2103/cs2103-website-base/_site" at http://127.0.0.1:8080
2025-04-12T18:18:23.815Z - info: Press CTRL+C to stop ...
2025-04-12T18:18:43.839Z - info: [02:18:43] Reload for file change: /Users/damithch/Repos/nus-cs2103/cs2103-website-base/_markbind/variables.md
2025-04-12T18:18:43.843Z - info: Synchronizing opened pages list before reload
2025-04-12T18:18:43.843Z - info: Current opened pages, from most-to-least recent:
2025-04-12T18:18:43.843Z - info: 1. index
2025-04-12T18:18:44.865Z - warn: ENOENT: no such file or directory, open '/Users/damithch/Repos/nus-cs2103/cs2103-website-base/node_modules/.cache/gh-pages/https!github.com!nus-cs2103-AY2425S2!website.git/book/_markbind/variables.md'
2025-04-12T18:18:44.865Z - warn: ENOENT: no such file or directory, open '/Users/damithch/Repos/nus-cs2103/cs2103-website-base/node_modules/.cache/gh-pages/https!github.com!nus-cs2103-AY2425S2!website.git/_markbind/variables.md'
2025-04-12T18:18:44.891Z - warn: Rebuilding all pages as variables file was changed, or the --force-reload flag was set
2025-04-12T18:18:44.894Z - info: Rebuilding 1 pages
2025-04-12T18:18:45.133Z - info: Site data built
2025-04-12T18:18:45.133Z - info: Pages rebuilt
2025-04-12T18:18:45.134Z - info: Website regeneration complete! Total build time: 0.286s
2025-04-12T18:19:32.664Z - info: [02:19:32] Reload for file change: /Users/damithch/Repos/nus-cs2103/cs2103-website-base/admin/courseBriefings.md
2025-04-12T18:19:32.669Z - info: Synchronizing opened pages list before reload
2025-04-12T18:19:32.671Z - info: Current opened pages, from most-to-least recent:
2025-04-12T18:19:32.671Z - info: 1. index
2025-04-12T18:19:33.679Z - info: Rebuilding 1 pages
2025-04-12T18:19:33.925Z - info: Site data built
2025-04-12T18:19:33.925Z - info: Pages rebuilt
2025-04-12T18:19:33.925Z - info: Website regeneration complete! Total build time: 0.248s
2025-04-12T18:20:16.710Z - info: [02:20:16] Reload for file change: /Users/damithch/Repos/nus-cs2103/cs2103-website-base/admin/courseBriefings.md
2025-04-12T18:20:16.716Z - info: Synchronizing opened pages list before reload
2025-04-12T18:20:16.718Z - info: Current opened pages, from most-to-least recent:
2025-04-12T18:20:16.718Z - info: 1. index
2025-04-12T18:20:17.734Z - info: Rebuilding 1 pages
2025-04-12T18:20:17.984Z - info: Site data built
2025-04-12T18:20:17.984Z - info: Pages rebuilt
2025-04-12T18:20:17.984Z - info: Website regeneration complete! Total build time: 0.254s
2025-04-12T18:21:56.564Z - info: Website generation started at 02:21:55
2025-04-12T18:21:56.833Z - warn: ENOENT: no such file or directory, open '/Users/damithch/Repos/nus-cs2103/cs2103-website-base/node_modules/.cache/gh-pages/https!github.com!nus-cs2103-AY2425S2!website.git/book/_markbind/variables.md'
2025-04-12T18:21:56.833Z - warn: ENOENT: no such file or directory, open '/Users/damithch/Repos/nus-cs2103/cs2103-website-base/node_modules/.cache/gh-pages/https!github.com!nus-cs2103-AY2425S2!website.git/_markbind/variables.md'
2025-04-12T18:21:56.854Z - info: Building assets...
