2025-02-02T17:37:53.795Z - info: Website generation (lazy) started at 01:37:53
2025-02-02T17:37:54.197Z - warn: ENOENT: no such file or directory, open '/Users/damithch/Repos/nus-cs2103/cs2103-website-base/node_modules/.cache/gh-pages/https!github.com!nus-cs2103-AY2425S2!website.git/book/_markbind/variables.md'
2025-02-02T17:37:54.197Z - warn: ENOENT: no such file or directory, open '/Users/damithch/Repos/nus-cs2103/cs2103-website-base/node_modules/.cache/gh-pages/https!github.com!nus-cs2103-AY2425S2!website.git/_markbind/variables.md'
2025-02-02T17:37:54.219Z - info: Building assets...
2025-02-02T17:37:55.578Z - info: Assets built
2025-02-02T17:37:55.578Z - info: Generating landing page...
2025-02-02T17:37:56.065Z - info: Landing page built, other pages will be built as you navigate to them!
2025-02-02T17:37:56.132Z - info: Site data built
2025-02-02T17:37:56.132Z - info: Website generation (lazy) complete! Total build time: 3.097s
2025-02-02T17:37:56.141Z - info: Serving "/Users/damithch/Repos/nus-cs2103/cs2103-website-base/_site" at http://127.0.0.1:8080
2025-02-02T17:37:56.141Z - info: Press CTRL+C to stop ...
2025-02-02T17:38:00.892Z - info: Building /Users/damithch/Repos/nus-cs2103/cs2103-website-base/schedule/week4/project as some of its dependencies were changed since the last visit
2025-02-02T17:38:01.963Z - info: Site data built
2025-02-02T17:38:01.963Z - info: Lazy website regeneration complete! Total build time: 1.072s
2025-02-02T17:41:22.041Z - info: [01:41:22] Reload for file change: /Users/damithch/Repos/nus-cs2103/cs2103-website-base/admin/common-tutorials-fragment.md
2025-02-02T17:41:22.042Z - info: Synchronizing opened pages list before reload
2025-02-02T17:41:22.043Z - info: Current opened pages, from most-to-least recent:
2025-02-02T17:41:22.043Z - info: 1. schedule/week4/project
2025-02-02T17:41:23.052Z - info: Rebuilding 1 pages
2025-02-02T17:41:24.181Z - error: Invalid HTML in /Users/damithch/Repos/nus-cs2103/cs2103-website-base/schedule/week4/project.md.
Table must have a tbody tag. Please correct this to avoid Vue hydration issues.

2025-02-02T17:41:24.181Z - error: Invalid HTML in /Users/damithch/Repos/nus-cs2103/cs2103-website-base/schedule/week4/project.md.
Table must have a tbody tag. Please correct this to avoid Vue hydration issues.

2025-02-02T17:41:24.270Z - info: Site data built
2025-02-02T17:41:24.270Z - info: Pages rebuilt
2025-02-02T17:41:24.270Z - info: Website regeneration complete! Total build time: 1.22s
2025-02-02T17:43:24.304Z - info: [01:43:24] Reload for file change: /Users/damithch/Repos/nus-cs2103/cs2103-website-base/admin/common-tutorials-fragment.md
2025-02-02T17:43:24.312Z - info: Synchronizing opened pages list before reload
2025-02-02T17:43:24.318Z - info: Current opened pages, from most-to-least recent:
2025-02-02T17:43:24.319Z - info: 1. schedule/week4/project
2025-02-02T17:43:25.336Z - info: Rebuilding 1 pages
2025-02-02T17:43:26.402Z - error: Invalid HTML in /Users/damithch/Repos/nus-cs2103/cs2103-website-base/schedule/week4/project.md.
Table must have a tbody tag. Please correct this to avoid Vue hydration issues.

2025-02-02T17:43:26.402Z - error: Invalid HTML in /Users/damithch/Repos/nus-cs2103/cs2103-website-base/schedule/week4/project.md.
Table must have a tbody tag. Please correct this to avoid Vue hydration issues.

2025-02-02T17:43:26.439Z - info: Site data built
2025-02-02T17:43:26.439Z - info: Pages rebuilt
2025-02-02T17:43:26.439Z - info: Website regeneration complete! Total build time: 1.106s
2025-02-02T17:44:32.718Z - info: [01:44:32] Reload for file change: /Users/damithch/Repos/nus-cs2103/cs2103-website-base/admin/common-tutorials-fragment.md
2025-02-02T17:44:32.719Z - info: Synchronizing opened pages list before reload
2025-02-02T17:44:32.719Z - info: Current opened pages, from most-to-least recent:
2025-02-02T17:44:32.719Z - info: 1. schedule/week4/project
2025-02-02T17:44:33.732Z - info: Rebuilding 1 pages
2025-02-02T17:44:34.791Z - error: Invalid HTML in /Users/damithch/Repos/nus-cs2103/cs2103-website-base/schedule/week4/project.md.
Table must have a tbody tag. Please correct this to avoid Vue hydration issues.

2025-02-02T17:44:34.792Z - error: Invalid HTML in /Users/damithch/Repos/nus-cs2103/cs2103-website-base/schedule/week4/project.md.
Table must have a tbody tag. Please correct this to avoid Vue hydration issues.

2025-02-02T17:44:34.839Z - info: Site data built
2025-02-02T17:44:34.839Z - info: Pages rebuilt
2025-02-02T17:44:34.839Z - info: Website regeneration complete! Total build time: 1.109s
2025-02-02T17:44:54.401Z - info: [01:44:54] Reload for file change: /Users/damithch/Repos/nus-cs2103/cs2103-website-base/admin/common-tutorials-fragment.md
2025-02-02T17:44:54.401Z - info: Synchronizing opened pages list before reload
2025-02-02T17:44:54.402Z - info: Current opened pages, from most-to-least recent:
2025-02-02T17:44:54.402Z - info: 1. schedule/week4/project
2025-02-02T17:44:55.408Z - info: Rebuilding 1 pages
2025-02-02T17:44:56.409Z - error: Invalid HTML in /Users/damithch/Repos/nus-cs2103/cs2103-website-base/schedule/week4/project.md.
Table must have a tbody tag. Please correct this to avoid Vue hydration issues.

2025-02-02T17:44:56.479Z - info: Site data built
2025-02-02T17:44:56.479Z - info: Pages rebuilt
2025-02-02T17:44:56.479Z - info: Website regeneration complete! Total build time: 1.073s
2025-02-02T17:45:28.863Z - info: [01:45:28] Reload for file change: /Users/damithch/Repos/nus-cs2103/cs2103-website-base/admin/common-tutorials-fragment.md
2025-02-02T17:45:28.863Z - info: Synchronizing opened pages list before reload
2025-02-02T17:45:28.864Z - info: Current opened pages, from most-to-least recent:
2025-02-02T17:45:28.864Z - info: 1. schedule/week4/project
2025-02-02T17:45:29.881Z - info: Rebuilding 1 pages
2025-02-02T17:45:30.940Z - error: Invalid HTML in /Users/damithch/Repos/nus-cs2103/cs2103-website-base/schedule/week4/project.md.
Table must have a tbody tag. Please correct this to avoid Vue hydration issues.

2025-02-02T17:45:31.035Z - info: Site data built
2025-02-02T17:45:31.035Z - info: Pages rebuilt
2025-02-02T17:45:31.035Z - info: Website regeneration complete! Total build time: 1.156s
2025-02-02T17:47:17.446Z - info: [01:47:17] Reload for file change: /Users/damithch/Repos/nus-cs2103/cs2103-website-base/admin/common-tutorials-fragment.md
2025-02-02T17:47:17.447Z - info: Synchronizing opened pages list before reload
2025-02-02T17:47:17.448Z - info: Current opened pages, from most-to-least recent:
2025-02-02T17:47:17.448Z - info: 1. schedule/week4/project
2025-02-02T17:47:18.459Z - info: Rebuilding 1 pages
2025-02-02T17:47:19.538Z - error: Invalid HTML in /Users/damithch/Repos/nus-cs2103/cs2103-website-base/schedule/week4/project.md.
Table must have a tbody tag. Please correct this to avoid Vue hydration issues.

2025-02-02T17:47:19.594Z - info: Site data built
2025-02-02T17:47:19.594Z - info: Pages rebuilt
2025-02-02T17:47:19.594Z - info: Website regeneration complete! Total build time: 1.139s
2025-02-02T17:47:51.339Z - info: [01:47:51] Reload for file change: /Users/damithch/Repos/nus-cs2103/cs2103-website-base/admin/common-tutorials-fragment.md
2025-02-02T17:47:51.340Z - info: Synchronizing opened pages list before reload
2025-02-02T17:47:51.340Z - info: Current opened pages, from most-to-least recent:
2025-02-02T17:47:51.340Z - info: 1. schedule/week4/project
2025-02-02T17:47:52.356Z - info: Rebuilding 1 pages
2025-02-02T17:47:53.510Z - info: Site data built
2025-02-02T17:47:53.511Z - info: Pages rebuilt
2025-02-02T17:47:53.511Z - info: Website regeneration complete! Total build time: 1.158s
2025-02-02T17:48:20.536Z - info: [01:48:20] Reload for file change: /Users/damithch/Repos/nus-cs2103/cs2103-website-base/admin/common-tutorials-fragment.md
2025-02-02T17:48:20.536Z - info: Synchronizing opened pages list before reload
2025-02-02T17:48:20.537Z - info: Current opened pages, from most-to-least recent:
2025-02-02T17:48:20.537Z - info: 1. schedule/week4/project
2025-02-02T17:48:21.543Z - info: Rebuilding 1 pages
2025-02-02T17:48:21.873Z - error:  Template render error: (/Users/damithch/Repos/nus-cs2103/cs2103-website-base/admin/common-tutorials-fragment.md)
  unexpected end of file
    at Object._prettifyError (/opt/homebrew/lib/node_modules/markbind-cli/node_modules/nunjucks/src/lib.js:32:11)
    at Template.render (/opt/homebrew/lib/node_modules/markbind-cli/node_modules/@markbind/core/src/patches/nunjucks/context-overrides-frame.js:358:19)
    at /opt/homebrew/lib/node_modules/markbind-cli/node_modules/@markbind/core/src/patches/nunjucks/context-overrides-frame.js:54:25
    at createTemplate (/opt/homebrew/lib/node_modules/markbind-cli/node_modules/@markbind/core/src/patches/nunjucks/load-event.js:121:7)
    at handle (/opt/homebrew/lib/node_modules/markbind-cli/node_modules/@markbind/core/src/patches/nunjucks/load-event.js:133:9)
    at /opt/homebrew/lib/node_modules/markbind-cli/node_modules/@markbind/core/src/patches/nunjucks/load-event.js:145:7
    at next (/opt/homebrew/lib/node_modules/markbind-cli/node_modules/nunjucks/src/lib.js:258:7)
    at Object.asyncIter (/opt/homebrew/lib/node_modules/markbind-cli/node_modules/nunjucks/src/lib.js:263:3)
    at Environment.getTemplate (/opt/homebrew/lib/node_modules/markbind-cli/node_modules/@markbind/core/src/patches/nunjucks/load-event.js:127:7)
    at Environment.render (/opt/homebrew/lib/node_modules/markbind-cli/node_modules/@markbind/core/src/patches/nunjucks/context-overrides-frame.js:48:8)
    at VariableRenderer.renderFile (/opt/homebrew/lib/node_modules/markbind-cli/node_modules/@markbind/core/src/variables/VariableRenderer.js:73:24)
    at VariableProcessor.renderWithSiteVariables (/opt/homebrew/lib/node_modules/markbind-cli/node_modules/@markbind/core/src/variables/VariableProcessor.js:154:57)
    at VariableProcessor.renderIncludeFile (/opt/homebrew/lib/node_modules/markbind-cli/node_modules/@markbind/core/src/variables/VariableProcessor.js:231:38)
    at processInclude (/opt/homebrew/lib/node_modules/markbind-cli/node_modules/@markbind/core/src/html/includePanelProcessor.js:198:68)
    at NodeProcessor.processNode (/opt/homebrew/lib/node_modules/markbind-cli/node_modules/@markbind/core/src/html/NodeProcessor.js:173:71)
    at NodeProcessor.traverse (/opt/homebrew/lib/node_modules/markbind-cli/node_modules/@markbind/core/src/html/NodeProcessor.js:342:24)
2025-02-02T17:48:21.874Z - error:  Template render error: (/Users/damithch/Repos/nus-cs2103/cs2103-website-base/admin/common-tutorials-fragment.md)
  unexpected end of file
    at Object._prettifyError (/opt/homebrew/lib/node_modules/markbind-cli/node_modules/nunjucks/src/lib.js:32:11)
    at Template.render (/opt/homebrew/lib/node_modules/markbind-cli/node_modules/@markbind/core/src/patches/nunjucks/context-overrides-frame.js:358:19)
    at /opt/homebrew/lib/node_modules/markbind-cli/node_modules/@markbind/core/src/patches/nunjucks/context-overrides-frame.js:54:25
    at Environment.getTemplate (/opt/homebrew/lib/node_modules/markbind-cli/node_modules/@markbind/core/src/patches/nunjucks/load-event.js:85:7)
    at Environment.render (/opt/homebrew/lib/node_modules/markbind-cli/node_modules/@markbind/core/src/patches/nunjucks/context-overrides-frame.js:48:8)
    at VariableRenderer.renderFile (/opt/homebrew/lib/node_modules/markbind-cli/node_modules/@markbind/core/src/variables/VariableRenderer.js:73:24)
    at VariableProcessor.renderWithSiteVariables (/opt/homebrew/lib/node_modules/markbind-cli/node_modules/@markbind/core/src/variables/VariableProcessor.js:154:57)
    at VariableProcessor.renderIncludeFile (/opt/homebrew/lib/node_modules/markbind-cli/node_modules/@markbind/core/src/variables/VariableProcessor.js:231:38)
    at processInclude (/opt/homebrew/lib/node_modules/markbind-cli/node_modules/@markbind/core/src/html/includePanelProcessor.js:198:68)
    at NodeProcessor.processNode (/opt/homebrew/lib/node_modules/markbind-cli/node_modules/@markbind/core/src/html/NodeProcessor.js:173:71)
    at NodeProcessor.traverse (/opt/homebrew/lib/node_modules/markbind-cli/node_modules/@markbind/core/src/html/NodeProcessor.js:342:24)
    at /opt/homebrew/lib/node_modules/markbind-cli/node_modules/@markbind/core/src/html/NodeProcessor.js:346:22
    at Array.forEach (<anonymous>)
    at NodeProcessor.traverse (/opt/homebrew/lib/node_modules/markbind-cli/node_modules/@markbind/core/src/html/NodeProcessor.js:345:27)
    at /opt/homebrew/lib/node_modules/markbind-cli/node_modules/@markbind/core/src/html/NodeProcessor.js:346:22
    at Array.forEach (<anonymous>)
2025-02-02T17:48:22.495Z - info: Site data built
2025-02-02T17:48:22.495Z - info: Pages rebuilt
2025-02-02T17:48:22.495Z - info: Website regeneration complete! Total build time: 0.954s
2025-02-02T17:49:22.434Z - info: [01:49:22] Reload for file change: /Users/damithch/Repos/nus-cs2103/cs2103-website-base/admin/common-tutorials-fragment.md
2025-02-02T17:49:22.445Z - info: Synchronizing opened pages list before reload
2025-02-02T17:49:22.446Z - info: Current opened pages, from most-to-least recent:
2025-02-02T17:49:22.446Z - info: 1. schedule/week4/project
2025-02-02T17:49:23.453Z - info: Rebuilding 1 pages
2025-02-02T17:49:24.566Z - info: Site data built
2025-02-02T17:49:24.566Z - info: Pages rebuilt
2025-02-02T17:49:24.566Z - info: Website regeneration complete! Total build time: 1.115s
2025-02-02T17:52:32.850Z - info: Website generation started at 01:52:32
2025-02-02T17:52:33.112Z - warn: ENOENT: no such file or directory, open '/Users/damithch/Repos/nus-cs2103/cs2103-website-base/node_modules/.cache/gh-pages/https!github.com!nus-cs2103-AY2425S2!website.git/book/_markbind/variables.md'
2025-02-02T17:52:33.112Z - warn: ENOENT: no such file or directory, open '/Users/damithch/Repos/nus-cs2103/cs2103-website-base/node_modules/.cache/gh-pages/https!github.com!nus-cs2103-AY2425S2!website.git/_markbind/variables.md'
2025-02-02T17:52:33.131Z - info: Building assets...
