2025-01-24T02:05:10.434Z - info: Website generation (lazy) started at 10:05:09
2025-01-24T02:05:10.746Z - warn: ENOENT: no such file or directory, open '/Users/damithch/Repos/nus-cs2103/cs2103-website-base/node_modules/.cache/gh-pages/https!github.com!nus-cs2103-AY2425S2!website.git/book/_markbind/variables.md'
2025-01-24T02:05:10.747Z - warn: ENOENT: no such file or directory, open '/Users/damithch/Repos/nus-cs2103/cs2103-website-base/node_modules/.cache/gh-pages/https!github.com!nus-cs2103-AY2425S2!website.git/_markbind/variables.md'
2025-01-24T02:05:10.765Z - info: Building assets...
2025-01-24T02:05:12.172Z - info: Assets built
2025-01-24T02:05:12.172Z - info: Generating landing page...
2025-01-24T02:05:12.504Z - info: Landing page built, other pages will be built as you navigate to them!
2025-01-24T02:05:12.565Z - info: Site data built
2025-01-24T02:05:12.565Z - info: Website generation (lazy) complete! Total build time: 2.883s
2025-01-24T02:05:12.575Z - info: Serving "/Users/damithch/Repos/nus-cs2103/cs2103-website-base/_site" at http://127.0.0.1:8080
2025-01-24T02:05:12.575Z - info: Press CTRL+C to stop ...
2025-01-24T02:05:16.285Z - info: Building /Users/damithch/Repos/nus-cs2103/cs2103-website-base/schedule/week3/index as some of its dependencies were changed since the last visit
2025-01-24T02:05:16.632Z - info: Site data built
2025-01-24T02:05:16.632Z - info: Lazy website regeneration complete! Total build time: 0.348s
2025-01-24T02:05:20.365Z - info: Building /Users/damithch/Repos/nus-cs2103/cs2103-website-base/schedule/week3/tutorial as some of its dependencies were changed since the last visit
2025-01-24T02:05:20.493Z - info: Site data built
2025-01-24T02:05:20.494Z - info: Lazy website regeneration complete! Total build time: 0.128s
2025-01-24T02:05:28.194Z - info: Building /Users/damithch/Repos/nus-cs2103/cs2103-website-base/admin/participation as some of its dependencies were changed since the last visit
2025-01-24T02:05:28.362Z - info: Site data built
2025-01-24T02:05:28.363Z - info: Lazy website regeneration complete! Total build time: 0.168s
2025-01-24T02:05:50.755Z - info: Website generation started at 10:05:50
2025-01-24T02:05:50.989Z - warn: ENOENT: no such file or directory, open '/Users/damithch/Repos/nus-cs2103/cs2103-website-base/node_modules/.cache/gh-pages/https!github.com!nus-cs2103-AY2425S2!website.git/book/_markbind/variables.md'
2025-01-24T02:05:50.990Z - warn: ENOENT: no such file or directory, open '/Users/damithch/Repos/nus-cs2103/cs2103-website-base/node_modules/.cache/gh-pages/https!github.com!nus-cs2103-AY2425S2!website.git/_markbind/variables.md'
2025-01-24T02:05:51.013Z - info: Building assets...
2025-01-24T02:05:52.752Z - info: Assets built
2025-01-24T02:05:52.753Z - info: Generating pages...
2025-01-24T02:05:59.325Z - debug:  
2025-01-24T02:05:59.326Z - debug: 2025-01-24 10:05:55.349 java[96869:7517388] +[IMKClient subclass]: chose IMKClient_Modern
2025-01-24 10:05:55.349 java[96869:7517388] +[IMKInputSession subclass]: chose IMKInputSession_Modern

2025-01-24T02:05:59.326Z - debug:  
2025-01-24T02:05:59.326Z - debug:  
2025-01-24T02:05:59.326Z - debug:  
2025-01-24T02:05:59.326Z - debug:  
2025-01-24T02:05:59.326Z - debug:  
2025-01-24T02:05:59.326Z - debug:  
2025-01-24T02:05:59.326Z - debug:  
2025-01-24T02:05:59.326Z - debug:  
2025-01-24T02:05:59.326Z - debug:  
2025-01-24T02:05:59.326Z - debug:  
2025-01-24T02:05:59.326Z - debug:  
2025-01-24T02:05:59.326Z - debug:  
2025-01-24T02:05:59.326Z - debug: 2025-01-24 10:05:56.443 java[96898:7517639] +[IMKClient subclass]: chose IMKClient_Modern
2025-01-24 10:05:56.443 java[96898:7517639] +[IMKInputSession subclass]: chose IMKInputSession_Modern

2025-01-24T02:05:59.326Z - debug:  
2025-01-24T02:05:59.994Z - debug: 2025-01-24 10:05:59.629 java[96928:7518392] +[IMKClient subclass]: chose IMKClient_Modern
2025-01-24 10:05:59.629 java[96928:7518392] +[IMKInputSession subclass]: chose IMKInputSession_Modern

2025-01-24T02:06:09.194Z - debug: 2025-01-24 10:06:08.825 java[96955:7518759] +[IMKClient subclass]: chose IMKClient_Modern
2025-01-24 10:06:08.825 java[96955:7518759] +[IMKInputSession subclass]: chose IMKInputSession_Modern

2025-01-24T02:06:53.016Z - debug: 2025-01-24 10:06:50.262 java[96987:7519534] +[IMKClient subclass]: chose IMKClient_Modern
2025-01-24 10:06:50.262 java[96987:7519534] +[IMKInputSession subclass]: chose IMKInputSession_Modern

2025-01-24T02:07:03.299Z - debug: 2025-01-24 10:07:02.624 java[97004:7519932] +[IMKClient subclass]: chose IMKClient_Modern
2025-01-24 10:07:02.624 java[97004:7519932] +[IMKInputSession subclass]: chose IMKInputSession_Modern

2025-01-24T02:07:03.392Z - debug:  
2025-01-24T02:07:09.130Z - info: Pages built
2025-01-24T02:07:09.202Z - info: Site data built
2025-01-24T02:07:09.202Z - info: Website generation complete! Total build time: 78.906s
2025-01-24T02:07:09.202Z - info: Build success!
2025-01-24T02:07:31.182Z - info: The website has been deployed at: https://nus-cs2103-ay2425s2.github.io/website
2025-01-24T12:08:20.764Z - info: Website generation started at 20:08:20
2025-01-24T12:08:21.032Z - warn: ENOENT: no such file or directory, open '/Users/damithch/Repos/nus-cs2103/cs2103-website-base/node_modules/.cache/gh-pages/https!github.com!nus-cs2103-AY2425S2!website.git/book/_markbind/variables.md'
2025-01-24T12:08:21.032Z - warn: ENOENT: no such file or directory, open '/Users/damithch/Repos/nus-cs2103/cs2103-website-base/node_modules/.cache/gh-pages/https!github.com!nus-cs2103-AY2425S2!website.git/_markbind/variables.md'
2025-01-24T12:08:21.051Z - info: Building assets...
2025-01-24T12:08:22.544Z - info: Assets built
2025-01-24T12:08:22.545Z - info: Generating pages...
2025-01-24T12:08:28.255Z - debug:  
2025-01-24T12:08:28.255Z - debug:  
2025-01-24T12:08:28.255Z - debug:  
2025-01-24T12:08:28.255Z - debug:  
2025-01-24T12:08:28.256Z - debug:  
2025-01-24T12:08:28.256Z - debug:  
2025-01-24T12:08:28.256Z - debug: 2025-01-24 20:08:26.017 java[22368:449973] +[IMKClient subclass]: chose IMKClient_Modern
2025-01-24 20:08:26.017 java[22368:449973] +[IMKInputSession subclass]: chose IMKInputSession_Modern

2025-01-24T12:08:28.256Z - debug:  
2025-01-24T12:08:28.509Z - debug:  
2025-01-24T12:08:28.509Z - debug:  
2025-01-24T12:08:28.509Z - debug:  
2025-01-24T12:08:28.509Z - debug:  
2025-01-24T12:08:28.509Z - debug:  
2025-01-24T12:08:28.509Z - debug:  
2025-01-24T12:08:28.509Z - debug:  
2025-01-24T12:08:28.509Z - debug:  
2025-01-24T12:08:29.168Z - debug: 2025-01-24 20:08:28.819 java[22402:450756] +[IMKClient subclass]: chose IMKClient_Modern
2025-01-24 20:08:28.820 java[22402:450756] +[IMKInputSession subclass]: chose IMKInputSession_Modern

2025-01-24T12:08:37.880Z - debug: 2025-01-24 20:08:37.443 java[22418:451042] +[IMKClient subclass]: chose IMKClient_Modern
2025-01-24 20:08:37.444 java[22418:451042] +[IMKInputSession subclass]: chose IMKInputSession_Modern

2025-01-24T12:09:24.861Z - debug: 2025-01-24 20:09:22.106 java[22489:453611] +[IMKClient subclass]: chose IMKClient_Modern
2025-01-24 20:09:22.106 java[22489:453611] +[IMKInputSession subclass]: chose IMKInputSession_Modern

2025-01-24T12:09:36.314Z - debug:  
2025-01-24T12:09:36.367Z - debug:  
2025-01-24T12:09:42.183Z - info: Pages built
2025-01-24T12:09:42.256Z - info: Site data built
2025-01-24T12:09:42.256Z - info: Website generation complete! Total build time: 82.251s
2025-01-24T12:09:42.256Z - info: Build success!
2025-01-24T12:10:04.997Z - info: The website has been deployed at: https://nus-cs2103-ay2425s2.github.io/website
2025-01-24T14:49:33.908Z - info: Website generation (lazy) started at 22:49:33
2025-01-24T14:49:34.211Z - warn: ENOENT: no such file or directory, open '/Users/damithch/Repos/nus-cs2103/cs2103-website-base/node_modules/.cache/gh-pages/https!github.com!nus-cs2103-AY2425S2!website.git/book/_markbind/variables.md'
2025-01-24T14:49:34.212Z - warn: ENOENT: no such file or directory, open '/Users/damithch/Repos/nus-cs2103/cs2103-website-base/node_modules/.cache/gh-pages/https!github.com!nus-cs2103-AY2425S2!website.git/_markbind/variables.md'
2025-01-24T14:49:34.230Z - info: Building assets...
2025-01-24T14:49:35.528Z - info: Assets built
2025-01-24T14:49:35.528Z - info: Generating landing page...
2025-01-24T14:49:35.964Z - info: Landing page built, other pages will be built as you navigate to them!
2025-01-24T14:49:36.033Z - info: Site data built
2025-01-24T14:49:36.033Z - info: Website generation (lazy) complete! Total build time: 2.909s
2025-01-24T14:49:36.043Z - info: Serving "/Users/damithch/Repos/nus-cs2103/cs2103-website-base/_site" at http://127.0.0.1:8080
2025-01-24T14:49:36.043Z - info: Press CTRL+C to stop ...
2025-01-24T14:49:39.788Z - info: Building /Users/damithch/Repos/nus-cs2103/cs2103-website-base/schedule/week3/project as some of its dependencies were changed since the last visit
2025-01-24T14:49:40.732Z - info: Site data built
2025-01-24T14:49:40.732Z - info: Lazy website regeneration complete! Total build time: 0.944s
2025-01-24T14:50:24.845Z - info: Website generation started at 22:50:24
2025-01-24T14:50:25.029Z - warn: ENOENT: no such file or directory, open '/Users/damithch/Repos/nus-cs2103/cs2103-website-base/node_modules/.cache/gh-pages/https!github.com!nus-cs2103-AY2425S2!website.git/book/_markbind/variables.md'
2025-01-24T14:50:25.029Z - warn: ENOENT: no such file or directory, open '/Users/damithch/Repos/nus-cs2103/cs2103-website-base/node_modules/.cache/gh-pages/https!github.com!nus-cs2103-AY2425S2!website.git/_markbind/variables.md'
2025-01-24T14:50:25.049Z - info: Building assets...
