2025-01-26T16:14:17.901Z - info: Website generation (lazy) started at 00:14:17
2025-01-26T16:14:18.165Z - warn: ENOENT: no such file or directory, open '/Users/damithch/Repos/nus-cs2103/cs2103-website-base/node_modules/.cache/gh-pages/https!github.com!nus-cs2103-AY2425S2!website.git/book/_markbind/variables.md'
2025-01-26T16:14:18.166Z - warn: ENOENT: no such file or directory, open '/Users/damithch/Repos/nus-cs2103/cs2103-website-base/node_modules/.cache/gh-pages/https!github.com!nus-cs2103-AY2425S2!website.git/_markbind/variables.md'
2025-01-26T16:14:18.185Z - info: Building assets...
2025-01-26T16:14:19.533Z - info: Assets built
2025-01-26T16:14:19.533Z - info: Generating landing page...
2025-01-26T16:14:20.075Z - info: Landing page built, other pages will be built as you navigate to them!
2025-01-26T16:14:20.224Z - info: Site data built
2025-01-26T16:14:20.224Z - info: Website generation (lazy) complete! Total build time: 3.028s
2025-01-26T16:14:20.236Z - info: Serving "/Users/damithch/Repos/nus-cs2103/cs2103-website-base/_site" at http://127.0.0.1:8080
2025-01-26T16:14:20.236Z - info: Press CTRL+C to stop ...
2025-01-26T16:14:26.294Z - info: Building /Users/damithch/Repos/nus-cs2103/cs2103-website-base/admin/tools as some of its dependencies were changed since the last visit
2025-01-26T16:14:26.473Z - info: Site data built
2025-01-26T16:14:26.473Z - info: Lazy website regeneration complete! Total build time: 0.18s
2025-01-26T16:16:00.620Z - info: [00:16:00] Reload for file change: /Users/damithch/Repos/nus-cs2103/cs2103-website-base/admin/tools.md
2025-01-26T16:16:00.622Z - info: Synchronizing opened pages list before reload
2025-01-26T16:16:00.623Z - info: Current opened pages, from most-to-least recent:
2025-01-26T16:16:00.624Z - info: 1. admin/tools
2025-01-26T16:16:01.635Z - info: Rebuilding 1 pages
2025-01-26T16:16:01.806Z - info: Site data built
2025-01-26T16:16:01.806Z - info: Pages rebuilt
2025-01-26T16:16:01.806Z - info: Website regeneration complete! Total build time: 0.174s
2025-01-26T16:16:44.768Z - info: [00:16:44] Reload for file change: /Users/damithch/Repos/nus-cs2103/cs2103-website-base/admin/tools.md
2025-01-26T16:16:44.768Z - info: Synchronizing opened pages list before reload
2025-01-26T16:16:44.768Z - info: Current opened pages, from most-to-least recent:
2025-01-26T16:16:44.770Z - info: 1. admin/tools
2025-01-26T16:16:45.786Z - info: Rebuilding 1 pages
2025-01-26T16:16:45.940Z - info: Site data built
2025-01-26T16:16:45.941Z - info: Pages rebuilt
2025-01-26T16:16:45.941Z - info: Website regeneration complete! Total build time: 0.157s
2025-01-26T16:19:14.157Z - info: [00:19:14] Reload for file change: /Users/damithch/Repos/nus-cs2103/cs2103-website-base/admin/tools.md
2025-01-26T16:19:14.158Z - info: Synchronizing opened pages list before reload
2025-01-26T16:19:14.158Z - info: Current opened pages, from most-to-least recent:
2025-01-26T16:19:14.158Z - info: 1. admin/tools
2025-01-26T16:19:15.172Z - info: Rebuilding 1 pages
2025-01-26T16:19:15.327Z - info: Site data built
2025-01-26T16:19:15.327Z - info: Pages rebuilt
2025-01-26T16:19:15.327Z - info: Website regeneration complete! Total build time: 0.157s
2025-01-26T16:19:50.215Z - info: [00:19:50] Reload for file change: /Users/damithch/Repos/nus-cs2103/cs2103-website-base/admin/tools.md
2025-01-26T16:19:50.215Z - info: Synchronizing opened pages list before reload
2025-01-26T16:19:50.215Z - info: Current opened pages, from most-to-least recent:
2025-01-26T16:19:50.215Z - info: 1. admin/tools
2025-01-26T16:19:51.229Z - info: Rebuilding 1 pages
2025-01-26T16:19:51.363Z - info: Site data built
2025-01-26T16:19:51.363Z - info: Pages rebuilt
2025-01-26T16:19:51.363Z - info: Website regeneration complete! Total build time: 0.136s
2025-01-26T16:21:06.733Z - info: [00:21:06] Reload for file change: /Users/damithch/Repos/nus-cs2103/cs2103-website-base/admin/tools.md
2025-01-26T16:21:06.739Z - info: Synchronizing opened pages list before reload
2025-01-26T16:21:06.741Z - info: Current opened pages, from most-to-least recent:
2025-01-26T16:21:06.741Z - info: 1. admin/tools
2025-01-26T16:21:07.752Z - info: Rebuilding 1 pages
2025-01-26T16:21:07.894Z - info: Site data built
2025-01-26T16:21:07.894Z - info: Pages rebuilt
2025-01-26T16:21:07.894Z - info: Website regeneration complete! Total build time: 0.144s
2025-01-26T16:22:22.264Z - info: [00:22:22] Reload for file change: /Users/damithch/Repos/nus-cs2103/cs2103-website-base/admin/tools.md
2025-01-26T16:22:22.264Z - info: Synchronizing opened pages list before reload
2025-01-26T16:22:22.264Z - info: Current opened pages, from most-to-least recent:
2025-01-26T16:22:22.265Z - info: 1. admin/tools
2025-01-26T16:22:23.280Z - info: Rebuilding 1 pages
2025-01-26T16:22:23.410Z - info: Site data built
2025-01-26T16:22:23.410Z - info: Pages rebuilt
2025-01-26T16:22:23.410Z - info: Website regeneration complete! Total build time: 0.132s
2025-01-26T16:23:10.526Z - info: [00:23:10] Reload for file change: /Users/damithch/Repos/nus-cs2103/cs2103-website-base/admin/tools.md
2025-01-26T16:23:10.526Z - info: Synchronizing opened pages list before reload
2025-01-26T16:23:10.526Z - info: Current opened pages, from most-to-least recent:
2025-01-26T16:23:10.526Z - info: 1. admin/tools
2025-01-26T16:23:11.533Z - info: Rebuilding 1 pages
2025-01-26T16:23:11.691Z - info: Site data built
2025-01-26T16:23:11.691Z - info: Pages rebuilt
2025-01-26T16:23:11.691Z - info: Website regeneration complete! Total build time: 0.16s
2025-01-26T16:23:21.834Z - info: [00:23:21] Reload for file change: /Users/damithch/Repos/nus-cs2103/cs2103-website-base/admin/tools.md
2025-01-26T16:23:21.834Z - info: Synchronizing opened pages list before reload
2025-01-26T16:23:21.834Z - info: Current opened pages, from most-to-least recent:
2025-01-26T16:23:21.834Z - info: 1. admin/tools
2025-01-26T16:23:22.837Z - info: Rebuilding 1 pages
2025-01-26T16:23:22.995Z - info: Site data built
2025-01-26T16:23:22.995Z - info: Pages rebuilt
2025-01-26T16:23:22.995Z - info: Website regeneration complete! Total build time: 0.16s
2025-01-26T16:23:57.396Z - info: [00:23:57] Reload for file change: /Users/damithch/Repos/nus-cs2103/cs2103-website-base/admin/tools.md
2025-01-26T16:23:57.397Z - info: Synchronizing opened pages list before reload
2025-01-26T16:23:57.397Z - info: Current opened pages, from most-to-least recent:
2025-01-26T16:23:57.397Z - info: 1. admin/tools
2025-01-26T16:23:58.411Z - info: Rebuilding 1 pages
2025-01-26T16:23:58.558Z - info: Site data built
2025-01-26T16:23:58.558Z - info: Pages rebuilt
2025-01-26T16:23:58.558Z - info: Website regeneration complete! Total build time: 0.148s
2025-01-26T16:25:41.904Z - info: [00:25:41] Reload for file change: /Users/damithch/Repos/nus-cs2103/cs2103-website-base/admin/tools.md
2025-01-26T16:25:41.908Z - info: Synchronizing opened pages list before reload
2025-01-26T16:25:41.909Z - info: Current opened pages, from most-to-least recent:
2025-01-26T16:25:41.909Z - info: 1. admin/tools
2025-01-26T16:25:42.915Z - info: Rebuilding 1 pages
2025-01-26T16:25:43.079Z - info: Site data built
2025-01-26T16:25:43.079Z - info: Pages rebuilt
2025-01-26T16:25:43.079Z - info: Website regeneration complete! Total build time: 0.166s
2025-01-26T16:26:54.940Z - info: [00:26:54] Reload for file change: /Users/damithch/Repos/nus-cs2103/cs2103-website-base/admin/tools.md
2025-01-26T16:26:54.945Z - info: Synchronizing opened pages list before reload
2025-01-26T16:26:54.946Z - info: Current opened pages, from most-to-least recent:
2025-01-26T16:26:54.946Z - info: 1. admin/tools
2025-01-26T16:26:55.954Z - info: Rebuilding 1 pages
2025-01-26T16:26:56.115Z - info: Site data built
2025-01-26T16:26:56.115Z - info: Pages rebuilt
2025-01-26T16:26:56.115Z - info: Website regeneration complete! Total build time: 0.164s
2025-01-26T16:27:55.831Z - info: [00:27:55] Reload for file change: /Users/damithch/Repos/nus-cs2103/cs2103-website-base/admin/tools.md
2025-01-26T16:27:55.832Z - info: Synchronizing opened pages list before reload
2025-01-26T16:27:55.832Z - info: Current opened pages, from most-to-least recent:
2025-01-26T16:27:55.832Z - info: 1. admin/tools
2025-01-26T16:27:56.848Z - info: Rebuilding 1 pages
2025-01-26T16:27:56.979Z - info: Site data built
2025-01-26T16:27:56.979Z - info: Pages rebuilt
2025-01-26T16:27:56.979Z - info: Website regeneration complete! Total build time: 0.133s
2025-01-26T16:28:40.984Z - info: [00:28:40] Reload for file change: /Users/damithch/Repos/nus-cs2103/cs2103-website-base/admin/tools.md
2025-01-26T16:28:40.984Z - info: Synchronizing opened pages list before reload
2025-01-26T16:28:40.984Z - info: Current opened pages, from most-to-least recent:
2025-01-26T16:28:40.984Z - info: 1. admin/tools
2025-01-26T16:28:41.995Z - info: Rebuilding 1 pages
2025-01-26T16:28:42.144Z - info: Site data built
2025-01-26T16:28:42.144Z - info: Pages rebuilt
2025-01-26T16:28:42.144Z - info: Website regeneration complete! Total build time: 0.151s
2025-01-26T16:29:08.157Z - info: Building /Users/damithch/Repos/nus-cs2103/cs2103-website-base/admin/appendixB-policies as some of its dependencies were changed since the last visit
2025-01-26T16:29:08.447Z - info: Site data built
2025-01-26T16:29:08.448Z - info: Lazy website regeneration complete! Total build time: 0.291s
2025-01-26T16:31:10.649Z - info: [00:31:10] Reload for file change: /Users/damithch/Repos/nus-cs2103/cs2103-website-base/admin/tools.md
2025-01-26T16:31:10.651Z - info: Synchronizing opened pages list before reload
2025-01-26T16:31:10.651Z - info: Current opened pages, from most-to-least recent:
2025-01-26T16:31:10.651Z - info: 1. admin/appendixB-policies
2025-01-26T16:31:10.651Z - info: 2. admin/tools
2025-01-26T16:31:11.659Z - info: Rebuilding 1 pages
2025-01-26T16:31:11.805Z - info: Site data built
2025-01-26T16:31:11.805Z - info: Pages rebuilt
2025-01-26T16:31:11.805Z - info: Website regeneration complete! Total build time: 0.15s
2025-01-26T16:31:48.654Z - info: [00:31:48] Reload for file change: /Users/damithch/Repos/nus-cs2103/cs2103-website-base/admin/tools.md
2025-01-26T16:31:48.655Z - info: Synchronizing opened pages list before reload
2025-01-26T16:31:48.655Z - info: Current opened pages, from most-to-least recent:
2025-01-26T16:31:48.655Z - info: 1. admin/tools
2025-01-26T16:31:49.673Z - info: Rebuilding 1 pages
2025-01-26T16:31:49.835Z - info: Site data built
2025-01-26T16:31:49.835Z - info: Pages rebuilt
2025-01-26T16:31:49.835Z - info: Website regeneration complete! Total build time: 0.163s
2025-01-26T16:33:13.686Z - info: [00:33:13] Reload for file change: /Users/damithch/Repos/nus-cs2103/cs2103-website-base/admin/tools.md
2025-01-26T16:33:13.686Z - info: Synchronizing opened pages list before reload
2025-01-26T16:33:13.687Z - info: Current opened pages, from most-to-least recent:
2025-01-26T16:33:13.687Z - info: 1. admin/tools
2025-01-26T16:33:14.695Z - info: Rebuilding 1 pages
2025-01-26T16:33:14.858Z - info: Site data built
2025-01-26T16:33:14.858Z - info: Pages rebuilt
2025-01-26T16:33:14.858Z - info: Website regeneration complete! Total build time: 0.164s
2025-01-26T16:33:26.751Z - info: [00:33:26] Reload for file change: /Users/damithch/Repos/nus-cs2103/cs2103-website-base/admin/tools.md
2025-01-26T16:33:26.752Z - info: Synchronizing opened pages list before reload
2025-01-26T16:33:26.752Z - info: Current opened pages, from most-to-least recent:
2025-01-26T16:33:26.752Z - info: 1. admin/tools
2025-01-26T16:33:27.767Z - info: Rebuilding 1 pages
2025-01-26T16:33:27.926Z - info: Site data built
2025-01-26T16:33:27.926Z - info: Pages rebuilt
2025-01-26T16:33:27.926Z - info: Website regeneration complete! Total build time: 0.161s
2025-01-26T16:33:36.945Z - info: [00:33:36] Reload for file change: /Users/damithch/Repos/nus-cs2103/cs2103-website-base/admin/tools.md
2025-01-26T16:33:36.945Z - info: Synchronizing opened pages list before reload
2025-01-26T16:33:36.945Z - info: Current opened pages, from most-to-least recent:
2025-01-26T16:33:36.945Z - info: 1. admin/tools
2025-01-26T16:33:37.950Z - info: Rebuilding 1 pages
2025-01-26T16:33:38.125Z - info: Site data built
2025-01-26T16:33:38.125Z - info: Pages rebuilt
2025-01-26T16:33:38.125Z - info: Website regeneration complete! Total build time: 0.177s
2025-01-26T16:34:53.420Z - info: Website generation started at 00:34:52
2025-01-26T16:34:53.684Z - warn: ENOENT: no such file or directory, open '/Users/damithch/Repos/nus-cs2103/cs2103-website-base/node_modules/.cache/gh-pages/https!github.com!nus-cs2103-AY2425S2!website.git/book/_markbind/variables.md'
2025-01-26T16:34:53.684Z - warn: ENOENT: no such file or directory, open '/Users/damithch/Repos/nus-cs2103/cs2103-website-base/node_modules/.cache/gh-pages/https!github.com!nus-cs2103-AY2425S2!website.git/_markbind/variables.md'
2025-01-26T16:34:53.704Z - info: Building assets...
