2025-01-27T18:02:38.320Z - info: Website generation (lazy) started at 02:02:37
2025-01-27T18:02:38.647Z - warn: ENOENT: no such file or directory, open '/Users/damithch/Repos/nus-cs2103/cs2103-website-base/node_modules/.cache/gh-pages/https!github.com!nus-cs2103-AY2425S2!website.git/book/_markbind/variables.md'
2025-01-27T18:02:38.647Z - warn: ENOENT: no such file or directory, open '/Users/damithch/Repos/nus-cs2103/cs2103-website-base/node_modules/.cache/gh-pages/https!github.com!nus-cs2103-AY2425S2!website.git/_markbind/variables.md'
2025-01-27T18:02:38.666Z - info: Building assets...
2025-01-27T18:02:40.192Z - info: Assets built
2025-01-27T18:02:40.193Z - info: Generating landing page...
2025-01-27T18:02:40.628Z - info: Landing page built, other pages will be built as you navigate to them!
2025-01-27T18:02:40.686Z - info: Site data built
2025-01-27T18:02:40.686Z - info: Website generation (lazy) complete! Total build time: 2.988s
2025-01-27T18:02:40.698Z - info: Serving "/Users/damithch/Repos/nus-cs2103/cs2103-website-base/_site" at http://127.0.0.1:8080
2025-01-27T18:02:40.698Z - info: Press CTRL+C to stop ...
2025-01-27T18:02:52.076Z - info: Building /Users/damithch/Repos/nus-cs2103/cs2103-website-base/admin/tp-pe as some of its dependencies were changed since the last visit
2025-01-27T18:02:52.846Z - info: Site data built
2025-01-27T18:02:52.846Z - info: Lazy website regeneration complete! Total build time: 0.771s
2025-01-27T18:05:12.719Z - info: [02:05:12] Reload for file change: /Users/damithch/Repos/nus-cs2103/cs2103-website-base/admin/tp-pe-fragment.md
2025-01-27T18:05:12.720Z - info: Synchronizing opened pages list before reload
2025-01-27T18:05:12.721Z - info: Current opened pages, from most-to-least recent:
2025-01-27T18:05:12.721Z - info: 1. admin/tp-pe
2025-01-27T18:05:13.730Z - info: Rebuilding 1 pages
2025-01-27T18:05:14.431Z - info: Site data built
2025-01-27T18:05:14.431Z - info: Pages rebuilt
2025-01-27T18:05:14.431Z - info: Website regeneration complete! Total build time: 0.705s
2025-01-27T18:06:14.734Z - info: [02:06:14] Reload for file change: /Users/damithch/Repos/nus-cs2103/cs2103-website-base/admin/tp-pe-fragment.md
2025-01-27T18:06:14.735Z - info: Synchronizing opened pages list before reload
2025-01-27T18:06:14.735Z - info: Current opened pages, from most-to-least recent:
2025-01-27T18:06:14.736Z - info: 1. admin/tp-pe
2025-01-27T18:06:15.750Z - info: Rebuilding 1 pages
2025-01-27T18:06:16.389Z - info: Site data built
2025-01-27T18:06:16.389Z - info: Pages rebuilt
2025-01-27T18:06:16.389Z - info: Website regeneration complete! Total build time: 0.642s
2025-01-27T18:08:19.306Z - info: [02:08:19] Reload for file change: /Users/damithch/Repos/nus-cs2103/cs2103-website-base/admin/tp-pe-fragment.md
2025-01-27T18:08:19.307Z - info: Synchronizing opened pages list before reload
2025-01-27T18:08:19.308Z - info: Current opened pages, from most-to-least recent:
2025-01-27T18:08:19.308Z - info: 1. admin/tp-pe
2025-01-27T18:08:20.317Z - info: Rebuilding 1 pages
2025-01-27T18:08:20.394Z - error:  Template render error: (/Users/damithch/Repos/nus-cs2103/cs2103-website-base/admin/tp-pe-fragment.md) [Line 328, Column 68]
  unexpected token: ,
    at Object._prettifyError (/opt/homebrew/lib/node_modules/markbind-cli/node_modules/nunjucks/src/lib.js:32:11)
    at Template.render (/opt/homebrew/lib/node_modules/markbind-cli/node_modules/@markbind/core/src/patches/nunjucks/context-overrides-frame.js:358:19)
    at /opt/homebrew/lib/node_modules/markbind-cli/node_modules/@markbind/core/src/patches/nunjucks/context-overrides-frame.js:54:25
    at createTemplate (/opt/homebrew/lib/node_modules/markbind-cli/node_modules/@markbind/core/src/patches/nunjucks/load-event.js:121:7)
    at handle (/opt/homebrew/lib/node_modules/markbind-cli/node_modules/@markbind/core/src/patches/nunjucks/load-event.js:133:9)
    at /opt/homebrew/lib/node_modules/markbind-cli/node_modules/@markbind/core/src/patches/nunjucks/load-event.js:145:7
    at next (/opt/homebrew/lib/node_modules/markbind-cli/node_modules/nunjucks/src/lib.js:258:7)
    at Object.asyncIter (/opt/homebrew/lib/node_modules/markbind-cli/node_modules/nunjucks/src/lib.js:263:3)
    at Environment.getTemplate (/opt/homebrew/lib/node_modules/markbind-cli/node_modules/@markbind/core/src/patches/nunjucks/load-event.js:127:7)
    at Environment.render (/opt/homebrew/lib/node_modules/markbind-cli/node_modules/@markbind/core/src/patches/nunjucks/context-overrides-frame.js:48:8)
    at VariableRenderer.renderFile (/opt/homebrew/lib/node_modules/markbind-cli/node_modules/@markbind/core/src/variables/VariableRenderer.js:73:24)
    at VariableProcessor.renderWithSiteVariables (/opt/homebrew/lib/node_modules/markbind-cli/node_modules/@markbind/core/src/variables/VariableProcessor.js:154:57)
    at VariableProcessor.renderIncludeFile (/opt/homebrew/lib/node_modules/markbind-cli/node_modules/@markbind/core/src/variables/VariableProcessor.js:231:38)
    at processInclude (/opt/homebrew/lib/node_modules/markbind-cli/node_modules/@markbind/core/src/html/includePanelProcessor.js:198:68)
    at NodeProcessor.processNode (/opt/homebrew/lib/node_modules/markbind-cli/node_modules/@markbind/core/src/html/NodeProcessor.js:173:71)
    at NodeProcessor.traverse (/opt/homebrew/lib/node_modules/markbind-cli/node_modules/@markbind/core/src/html/NodeProcessor.js:342:24)
2025-01-27T18:08:20.438Z - info: Site data built
2025-01-27T18:08:20.438Z - info: Pages rebuilt
2025-01-27T18:08:20.438Z - info: Website regeneration complete! Total build time: 0.125s
2025-01-27T18:08:47.389Z - info: [02:08:47] Reload for file change: /Users/damithch/Repos/nus-cs2103/cs2103-website-base/admin/tp-pe-fragment.md
2025-01-27T18:08:47.392Z - info: Synchronizing opened pages list before reload
2025-01-27T18:08:47.393Z - info: Current opened pages, from most-to-least recent:
2025-01-27T18:08:47.393Z - info: 1. admin/tp-pe
2025-01-27T18:08:48.402Z - info: Rebuilding 1 pages
2025-01-27T18:08:49.058Z - info: Site data built
2025-01-27T18:08:49.058Z - info: Pages rebuilt
2025-01-27T18:08:49.058Z - info: Website regeneration complete! Total build time: 0.658s
2025-01-27T18:10:23.366Z - info: Website generation started at 02:10:22
2025-01-27T18:10:23.626Z - warn: ENOENT: no such file or directory, open '/Users/damithch/Repos/nus-cs2103/cs2103-website-base/node_modules/.cache/gh-pages/https!github.com!nus-cs2103-AY2425S2!website.git/book/_markbind/variables.md'
2025-01-27T18:10:23.626Z - warn: ENOENT: no such file or directory, open '/Users/damithch/Repos/nus-cs2103/cs2103-website-base/node_modules/.cache/gh-pages/https!github.com!nus-cs2103-AY2425S2!website.git/_markbind/variables.md'
2025-01-27T18:10:23.646Z - info: Building assets...
