2025-01-18T16:01:11.292Z - info: [00:01:11] Reload for file change: /Users/damithch/Repos/nus-cs2103/cs2103-website-base/_markbind/layouts/header.md
2025-01-18T16:01:11.315Z - info: Synchronizing opened pages list before reload
2025-01-18T16:01:11.319Z - info: Current opened pages, from most-to-least recent:
2025-01-18T16:01:11.320Z - info: 1. admin/ip-w7
2025-01-18T16:01:12.445Z - info: Rebuilding 1 pages
2025-01-18T16:01:12.568Z - info: Site data built
2025-01-18T16:01:12.568Z - info: Pages rebuilt
2025-01-18T16:01:12.568Z - info: Website regeneration complete! Total build time: 0.126s
2025-01-18T16:02:12.819Z - info: [00:02:12] Reload for file change: /Users/damithch/Repos/nus-cs2103/cs2103-website-base/_markbind/layouts/header.md
2025-01-18T16:02:12.821Z - info: Synchronizing opened pages list before reload
2025-01-18T16:02:12.823Z - info: Current opened pages, from most-to-least recent:
2025-01-18T16:02:12.823Z - info: 1. admin/ip-w7
2025-01-18T16:02:13.932Z - info: Rebuilding 1 pages
2025-01-18T16:02:14.046Z - info: Site data built
2025-01-18T16:02:14.046Z - info: Pages rebuilt
2025-01-18T16:02:14.046Z - info: Website regeneration complete! Total build time: 0.115s
2025-01-18T16:02:42.086Z - info: [00:02:42] Reload for file change: /Users/damithch/Repos/nus-cs2103/cs2103-website-base/_markbind/layouts/header.md
2025-01-18T16:02:42.088Z - info: Synchronizing opened pages list before reload
2025-01-18T16:02:42.089Z - info: Current opened pages, from most-to-least recent:
2025-01-18T16:02:42.090Z - info: 1. admin/ip-w7
2025-01-18T16:02:43.227Z - info: Rebuilding 1 pages
2025-01-18T16:02:43.356Z - info: Site data built
2025-01-18T16:02:43.356Z - info: Pages rebuilt
2025-01-18T16:02:43.356Z - info: Website regeneration complete! Total build time: 0.13s
2025-01-18T16:03:35.316Z - info: [00:03:35] Reload for file change: /Users/damithch/Repos/nus-cs2103/cs2103-website-base/_markbind/layouts/header.md
2025-01-18T16:03:35.317Z - info: Synchronizing opened pages list before reload
2025-01-18T16:03:35.317Z - info: Current opened pages, from most-to-least recent:
2025-01-18T16:03:35.317Z - info: 1. admin/ip-w7
2025-01-18T16:03:36.420Z - info: Rebuilding 1 pages
2025-01-18T16:03:36.506Z - info: Site data built
2025-01-18T16:03:36.506Z - info: Pages rebuilt
2025-01-18T16:03:36.507Z - info: Website regeneration complete! Total build time: 0.088s
2025-01-18T16:04:41.208Z - info: [00:04:41] Reload for file change: /Users/damithch/Repos/nus-cs2103/cs2103-website-base/_markbind/layouts/header.md
2025-01-18T16:04:41.209Z - info: Synchronizing opened pages list before reload
2025-01-18T16:04:41.209Z - info: Current opened pages, from most-to-least recent:
2025-01-18T16:04:41.209Z - info: 1. admin/ip-w7
2025-01-18T16:04:42.328Z - info: Rebuilding 1 pages
2025-01-18T16:04:42.438Z - info: Site data built
2025-01-18T16:04:42.438Z - info: Pages rebuilt
2025-01-18T16:04:42.438Z - info: Website regeneration complete! Total build time: 0.111s
2025-01-18T16:05:20.190Z - info: [00:05:20] Reload for file change: /Users/damithch/Repos/nus-cs2103/cs2103-website-base/_markbind/layouts/header.md
2025-01-18T16:05:20.191Z - info: Synchronizing opened pages list before reload
2025-01-18T16:05:20.191Z - info: Current opened pages, from most-to-least recent:
2025-01-18T16:05:20.191Z - info: 1. admin/ip-w7
2025-01-18T16:05:21.299Z - info: Rebuilding 1 pages
2025-01-18T16:05:21.414Z - info: Site data built
2025-01-18T16:05:21.414Z - info: Pages rebuilt
2025-01-18T16:05:21.414Z - info: Website regeneration complete! Total build time: 0.116s
2025-01-18T16:05:51.088Z - info: [00:05:51] Reload for file change: /Users/damithch/Repos/nus-cs2103/cs2103-website-base/_markbind/layouts/header.md
2025-01-18T16:05:51.089Z - info: Synchronizing opened pages list before reload
2025-01-18T16:05:51.089Z - info: Current opened pages, from most-to-least recent:
2025-01-18T16:05:51.089Z - info: 1. admin/ip-w7
2025-01-18T16:05:52.198Z - info: Rebuilding 1 pages
2025-01-18T16:05:52.321Z - info: Site data built
2025-01-18T16:05:52.321Z - info: Pages rebuilt
2025-01-18T16:05:52.321Z - info: Website regeneration complete! Total build time: 0.123s
2025-01-18T16:06:13.911Z - info: [00:06:13] Reload for file change: /Users/damithch/Repos/nus-cs2103/cs2103-website-base/_markbind/layouts/header.md
2025-01-18T16:06:13.912Z - info: Synchronizing opened pages list before reload
2025-01-18T16:06:13.912Z - info: Current opened pages, from most-to-least recent:
2025-01-18T16:06:13.912Z - info: 1. admin/ip-w7
2025-01-18T16:06:15.028Z - info: Rebuilding 1 pages
2025-01-18T16:06:15.135Z - info: Site data built
2025-01-18T16:06:15.135Z - info: Pages rebuilt
2025-01-18T16:06:15.135Z - info: Website regeneration complete! Total build time: 0.108s
2025-01-18T16:06:22.404Z - info: Building /Users/damithch/Repos/nus-cs2103/cs2103-website-base/admin/instructors as some of its dependencies were changed since the last visit
2025-01-18T16:06:22.512Z - info: Site data built
2025-01-18T16:06:22.512Z - info: Lazy website regeneration complete! Total build time: 0.109s
2025-01-18T16:06:37.927Z - info: Building /Users/damithch/Repos/nus-cs2103/cs2103-website-base/admin/textbooks as some of its dependencies were changed since the last visit
2025-01-18T16:06:38.011Z - info: Site data built
2025-01-18T16:06:38.011Z - info: Lazy website regeneration complete! Total build time: 0.085s
2025-01-18T16:06:43.262Z - info: Building /Users/damithch/Repos/nus-cs2103/cs2103-website-base/admin/courseOverview as some of its dependencies were changed since the last visit
2025-01-18T16:06:43.363Z - info: Site data built
2025-01-18T16:06:43.363Z - info: Lazy website regeneration complete! Total build time: 0.102s
2025-01-18T16:08:25.910Z - info: [00:08:25] Reload for file change: /Users/damithch/Repos/nus-cs2103/cs2103-website-base/_markbind/layouts/header.md
2025-01-18T16:08:25.915Z - info: Synchronizing opened pages list before reload
2025-01-18T16:08:25.916Z - info: Current opened pages, from most-to-least recent:
2025-01-18T16:08:25.916Z - info: 1. admin/courseOverview
2025-01-18T16:08:27.027Z - info: Rebuilding 1 pages
2025-01-18T16:08:27.095Z - info: Site data built
2025-01-18T16:08:27.095Z - info: Pages rebuilt
2025-01-18T16:08:27.095Z - info: Website regeneration complete! Total build time: 0.068s
2025-01-18T16:21:44.895Z - info: [00:21:44] Reload for file change: /Users/damithch/Repos/nus-cs2103/cs2103-website-base/_markbind/layouts/header.md
2025-01-18T16:21:44.899Z - info: Synchronizing opened pages list before reload
2025-01-18T16:21:44.901Z - info: Current opened pages, from most-to-least recent:
2025-01-18T16:21:44.902Z - info: 1. admin/courseOverview
2025-01-18T16:21:45.937Z - warn:  Template render error: (/Users/damithch/Repos/nus-cs2103/cs2103-website-base/_markbind/layouts/schedule-layout.md)
  Template render error: (/Users/damithch/Repos/nus-cs2103/cs2103-website-base/_markbind/layouts/schedule-layout.md)
  Template render error: (/Users/damithch/Repos/nus-cs2103/cs2103-website-base/_markbind/layouts/css.md)
  ReferenceError: callbackAsap is not defined
    at Object._prettifyError (/opt/homebrew/lib/node_modules/markbind-cli/node_modules/nunjucks/src/lib.js:32:11)
    at /opt/homebrew/lib/node_modules/markbind-cli/node_modules/@markbind/core/src/patches/nunjucks/context-overrides-frame.js:383:17
    at Template.root [as rootRenderFunc] (eval at _compile (/opt/homebrew/lib/node_modules/markbind-cli/node_modules/nunjucks/src/environment.js:527:18), <anonymous>:96:3)
    at Template.render (/opt/homebrew/lib/node_modules/markbind-cli/node_modules/@markbind/core/src/patches/nunjucks/context-overrides-frame.js:372:8)
    at /opt/homebrew/lib/node_modules/markbind-cli/node_modules/@markbind/core/src/patches/nunjucks/context-overrides-frame.js:54:25
    at createTemplate (/opt/homebrew/lib/node_modules/markbind-cli/node_modules/@markbind/core/src/patches/nunjucks/load-event.js:121:7)
    at handle (/opt/homebrew/lib/node_modules/markbind-cli/node_modules/@markbind/core/src/patches/nunjucks/load-event.js:133:9)
    at /opt/homebrew/lib/node_modules/markbind-cli/node_modules/@markbind/core/src/patches/nunjucks/load-event.js:145:7
    at next (/opt/homebrew/lib/node_modules/markbind-cli/node_modules/nunjucks/src/lib.js:258:7)
    at Object.asyncIter (/opt/homebrew/lib/node_modules/markbind-cli/node_modules/nunjucks/src/lib.js:263:3)
    at Environment.getTemplate (/opt/homebrew/lib/node_modules/markbind-cli/node_modules/@markbind/core/src/patches/nunjucks/load-event.js:127:7)
    at Environment.render (/opt/homebrew/lib/node_modules/markbind-cli/node_modules/@markbind/core/src/patches/nunjucks/context-overrides-frame.js:48:8)
    at VariableRenderer.renderFile (/opt/homebrew/lib/node_modules/markbind-cli/node_modules/@markbind/core/src/variables/VariableRenderer.js:73:24)
    at VariableProcessor.renderWithSiteVariables (/opt/homebrew/lib/node_modules/markbind-cli/node_modules/@markbind/core/src/variables/VariableProcessor.js:154:57)
    at Layout.<anonymous> (/opt/homebrew/lib/node_modules/markbind-cli/node_modules/@markbind/core/src/Layout/Layout.js:70:61)
    at Generator.next (<anonymous>)
2025-01-18T16:22:02.337Z - info: [00:22:02] Reload for file change: /Users/damithch/Repos/nus-cs2103/cs2103-website-base/_markbind/layouts/header.md
2025-01-18T16:22:02.337Z - info: Synchronizing opened pages list before reload
2025-01-18T16:22:02.337Z - info: No pages are currently opened
2025-01-18T16:22:03.364Z - info: No pages needed to be rebuilt
2025-01-18T16:22:05.347Z - info: Building /Users/damithch/Repos/nus-cs2103/cs2103-website-base/admin/courseOverview as some of its dependencies were changed since the last visit
2025-01-18T16:22:05.481Z - info: Site data built
2025-01-18T16:22:05.481Z - info: Lazy website regeneration complete! Total build time: 0.135s
2025-01-18T16:22:06.460Z - info: Building /Users/damithch/Repos/nus-cs2103/cs2103-website-base/admin/courseOverview as some of its dependencies were changed since the last visit
2025-01-18T16:22:06.559Z - info: Site data built
2025-01-18T16:22:06.559Z - info: Lazy website regeneration complete! Total build time: 0.099s
2025-01-18T16:22:21.103Z - info: Website generation (lazy) started at 00:22:21
2025-01-18T16:22:21.365Z - warn: ENOENT: no such file or directory, open '/Users/damithch/Repos/nus-cs2103/cs2103-website-base/node_modules/.cache/gh-pages/https!github.com!nus-cs2103-AY2425S2!website.git/book/_markbind/variables.md'
2025-01-18T16:22:21.366Z - warn: ENOENT: no such file or directory, open '/Users/damithch/Repos/nus-cs2103/cs2103-website-base/node_modules/.cache/gh-pages/https!github.com!nus-cs2103-AY2425S2!website.git/_markbind/variables.md'
2025-01-18T16:22:21.385Z - info: Building assets...
2025-01-18T16:22:22.657Z - info: Assets built
2025-01-18T16:22:22.658Z - info: Generating landing page...
2025-01-18T16:22:22.966Z - info: Landing page built, other pages will be built as you navigate to them!
2025-01-18T16:22:23.024Z - info: Site data built
2025-01-18T16:22:23.024Z - info: Website generation (lazy) complete! Total build time: 1.95s
2025-01-18T16:22:23.034Z - info: Serving "/Users/damithch/Repos/nus-cs2103/cs2103-website-base/_site" at http://127.0.0.1:8080
2025-01-18T16:22:23.034Z - info: Press CTRL+C to stop ...
2025-01-18T16:23:22.197Z - info: Building /Users/damithch/Repos/nus-cs2103/cs2103-website-base/admin/index as some of its dependencies were changed since the last visit
2025-01-18T16:23:22.373Z - info: Site data built
2025-01-18T16:23:22.373Z - info: Lazy website regeneration complete! Total build time: 0.177s
2025-01-18T16:24:20.202Z - info: [00:24:20] Reload for file change: /Users/damithch/Repos/nus-cs2103/cs2103-website-base/_markbind/layouts/header.md
2025-01-18T16:24:20.203Z - info: Synchronizing opened pages list before reload
2025-01-18T16:24:20.204Z - info: Current opened pages, from most-to-least recent:
2025-01-18T16:24:20.204Z - info: 1. admin/index
2025-01-18T16:24:21.296Z - info: Rebuilding 1 pages
2025-01-18T16:24:21.362Z - info: Site data built
2025-01-18T16:24:21.363Z - info: Pages rebuilt
2025-01-18T16:24:21.363Z - info: Website regeneration complete! Total build time: 0.067s
2025-01-18T16:24:27.987Z - info: [00:24:27] Reload for file change: /Users/damithch/Repos/nus-cs2103/cs2103-website-base/_markbind/layouts/header.md
2025-01-18T16:24:27.987Z - info: Synchronizing opened pages list before reload
2025-01-18T16:24:27.987Z - info: Current opened pages, from most-to-least recent:
2025-01-18T16:24:27.988Z - info: 1. admin/index
2025-01-18T16:24:29.078Z - info: Rebuilding 1 pages
2025-01-18T16:24:29.123Z - info: Site data built
2025-01-18T16:24:29.123Z - info: Pages rebuilt
2025-01-18T16:24:29.124Z - info: Website regeneration complete! Total build time: 0.046s
2025-01-18T16:34:58.468Z - info: [00:34:58] Reload for file change: /Users/damithch/Repos/nus-cs2103/cs2103-website-base/_markbind/layouts/header.md
2025-01-18T16:34:58.471Z - info: Synchronizing opened pages list before reload
2025-01-18T16:34:58.471Z - info: Current opened pages, from most-to-least recent:
2025-01-18T16:34:58.471Z - info: 1. admin/index
2025-01-18T16:34:59.597Z - info: Rebuilding 1 pages
2025-01-18T16:34:59.670Z - info: Site data built
2025-01-18T16:34:59.670Z - info: Pages rebuilt
2025-01-18T16:34:59.670Z - info: Website regeneration complete! Total build time: 0.078s
2025-01-18T16:35:29.837Z - info: [00:35:29] Reload for file change: /Users/damithch/Repos/nus-cs2103/cs2103-website-base/_markbind/layouts/header.md
2025-01-18T16:35:29.838Z - info: Synchronizing opened pages list before reload
2025-01-18T16:35:29.838Z - info: Current opened pages, from most-to-least recent:
2025-01-18T16:35:29.838Z - info: 1. admin/index
2025-01-18T16:35:30.924Z - info: Rebuilding 1 pages
2025-01-18T16:35:30.981Z - info: Site data built
2025-01-18T16:35:30.981Z - info: Pages rebuilt
2025-01-18T16:35:30.981Z - info: Website regeneration complete! Total build time: 0.058s
2025-01-18T16:40:31.765Z - info: [00:40:31] Reload for file change: /Users/damithch/Repos/nus-cs2103/cs2103-website-base/_markbind/layouts/header.md
2025-01-18T16:40:31.767Z - info: Synchronizing opened pages list before reload
2025-01-18T16:40:31.778Z - info: Current opened pages, from most-to-least recent:
2025-01-18T16:40:31.778Z - info: 1. admin/index
2025-01-18T16:40:32.898Z - info: Rebuilding 1 pages
2025-01-18T16:40:32.968Z - info: Site data built
2025-01-18T16:40:32.968Z - info: Pages rebuilt
2025-01-18T16:40:32.968Z - info: Website regeneration complete! Total build time: 0.07s
2025-01-18T16:42:43.909Z - info: [00:42:43] Reload for file change: /Users/damithch/Repos/nus-cs2103/cs2103-website-base/_markbind/layouts/header.md
2025-01-18T16:42:43.910Z - info: Synchronizing opened pages list before reload
2025-01-18T16:42:43.910Z - info: Current opened pages, from most-to-least recent:
2025-01-18T16:42:43.910Z - info: 1. admin/index
2025-01-18T16:42:45.010Z - info: Rebuilding 1 pages
2025-01-18T16:42:45.074Z - info: Site data built
2025-01-18T16:42:45.074Z - info: Pages rebuilt
2025-01-18T16:42:45.074Z - info: Website regeneration complete! Total build time: 0.064s
2025-01-18T16:44:14.709Z - info: [00:44:14] Reload for file change: /Users/damithch/Repos/nus-cs2103/cs2103-website-base/_markbind/layouts/header.md
2025-01-18T16:44:14.709Z - info: Synchronizing opened pages list before reload
2025-01-18T16:44:14.709Z - info: Current opened pages, from most-to-least recent:
2025-01-18T16:44:14.709Z - info: 1. admin/index
2025-01-18T16:44:15.817Z - info: Rebuilding 1 pages
2025-01-18T16:44:15.883Z - info: Site data built
2025-01-18T16:44:15.883Z - info: Pages rebuilt
2025-01-18T16:44:15.883Z - info: Website regeneration complete! Total build time: 0.066s
2025-01-18T16:45:52.285Z - info: [00:45:52] Reload for file change: /Users/damithch/Repos/nus-cs2103/cs2103-website-base/_markbind/layouts/header.md
2025-01-18T16:45:52.286Z - info: Synchronizing opened pages list before reload
2025-01-18T16:45:52.286Z - info: Current opened pages, from most-to-least recent:
2025-01-18T16:45:52.286Z - info: 1. admin/index
2025-01-18T16:45:53.389Z - info: Rebuilding 1 pages
2025-01-18T16:45:53.452Z - info: Site data built
2025-01-18T16:45:53.452Z - info: Pages rebuilt
2025-01-18T16:45:53.452Z - info: Website regeneration complete! Total build time: 0.064s
2025-01-18T16:46:30.082Z - info: [00:46:30] Reload for file change: /Users/damithch/Repos/nus-cs2103/cs2103-website-base/_markbind/layouts/header.md
2025-01-18T16:46:30.082Z - info: Synchronizing opened pages list before reload
2025-01-18T16:46:30.082Z - info: Current opened pages, from most-to-least recent:
2025-01-18T16:46:30.082Z - info: 1. admin/index
2025-01-18T16:46:31.206Z - info: Rebuilding 1 pages
2025-01-18T16:46:31.282Z - info: Site data built
2025-01-18T16:46:31.282Z - info: Pages rebuilt
2025-01-18T16:46:31.282Z - info: Website regeneration complete! Total build time: 0.077s
2025-01-18T16:47:29.507Z - info: [00:47:29] Reload for file change: /Users/damithch/Repos/nus-cs2103/cs2103-website-base/_markbind/layouts/header.md
2025-01-18T16:47:29.508Z - info: Synchronizing opened pages list before reload
2025-01-18T16:47:29.508Z - info: Current opened pages, from most-to-least recent:
2025-01-18T16:47:29.508Z - info: 1. admin/index
2025-01-18T16:47:30.623Z - info: Rebuilding 1 pages
2025-01-18T16:47:30.686Z - info: Site data built
2025-01-18T16:47:30.686Z - info: Pages rebuilt
2025-01-18T16:47:30.686Z - info: Website regeneration complete! Total build time: 0.063s
2025-01-18T16:54:58.076Z - info: [00:54:58] Reload for file change: /Users/damithch/Repos/nus-cs2103/cs2103-website-base/_markbind/layouts/header.md
2025-01-18T16:54:58.077Z - info: Synchronizing opened pages list before reload
2025-01-18T16:54:58.078Z - info: Current opened pages, from most-to-least recent:
2025-01-18T16:54:58.078Z - info: 1. admin/index
2025-01-18T16:54:58.081Z - info: [00:54:58] Reload for file change: /Users/damithch/Repos/nus-cs2103/cs2103-website-base/common/admin.njk
2025-01-18T16:54:58.081Z - info: Synchronizing opened pages list before reload
2025-01-18T16:54:58.081Z - info: Current opened pages, from most-to-least recent:
2025-01-18T16:54:58.081Z - info: 1. admin/index
2025-01-18T16:54:59.103Z - warn:  Template render error: (/Users/damithch/Repos/nus-cs2103/cs2103-website-base/_markbind/layouts/schedule-layout.md)
  Template render error: (/Users/damithch/Repos/nus-cs2103/cs2103-website-base/_markbind/layouts/schedule-layout.md)
  Template render error: (/Users/damithch/Repos/nus-cs2103/cs2103-website-base/_markbind/layouts/css.md)
  ReferenceError: callbackAsap is not defined
    at Object._prettifyError (/opt/homebrew/lib/node_modules/markbind-cli/node_modules/nunjucks/src/lib.js:32:11)
    at /opt/homebrew/lib/node_modules/markbind-cli/node_modules/@markbind/core/src/patches/nunjucks/context-overrides-frame.js:383:17
    at Template.root [as rootRenderFunc] (eval at _compile (/opt/homebrew/lib/node_modules/markbind-cli/node_modules/nunjucks/src/environment.js:527:18), <anonymous>:96:3)
    at Template.render (/opt/homebrew/lib/node_modules/markbind-cli/node_modules/@markbind/core/src/patches/nunjucks/context-overrides-frame.js:372:8)
    at /opt/homebrew/lib/node_modules/markbind-cli/node_modules/@markbind/core/src/patches/nunjucks/context-overrides-frame.js:54:25
    at createTemplate (/opt/homebrew/lib/node_modules/markbind-cli/node_modules/@markbind/core/src/patches/nunjucks/load-event.js:121:7)
    at handle (/opt/homebrew/lib/node_modules/markbind-cli/node_modules/@markbind/core/src/patches/nunjucks/load-event.js:133:9)
    at /opt/homebrew/lib/node_modules/markbind-cli/node_modules/@markbind/core/src/patches/nunjucks/load-event.js:145:7
    at next (/opt/homebrew/lib/node_modules/markbind-cli/node_modules/nunjucks/src/lib.js:258:7)
    at Object.asyncIter (/opt/homebrew/lib/node_modules/markbind-cli/node_modules/nunjucks/src/lib.js:263:3)
    at Environment.getTemplate (/opt/homebrew/lib/node_modules/markbind-cli/node_modules/@markbind/core/src/patches/nunjucks/load-event.js:127:7)
    at Environment.render (/opt/homebrew/lib/node_modules/markbind-cli/node_modules/@markbind/core/src/patches/nunjucks/context-overrides-frame.js:48:8)
    at VariableRenderer.renderFile (/opt/homebrew/lib/node_modules/markbind-cli/node_modules/@markbind/core/src/variables/VariableRenderer.js:73:24)
    at VariableProcessor.renderWithSiteVariables (/opt/homebrew/lib/node_modules/markbind-cli/node_modules/@markbind/core/src/variables/VariableProcessor.js:154:57)
    at Layout.<anonymous> (/opt/homebrew/lib/node_modules/markbind-cli/node_modules/@markbind/core/src/Layout/Layout.js:70:61)
    at Generator.next (<anonymous>)
2025-01-18T16:55:47.439Z - info: [00:55:47] Reload for file change: /Users/damithch/Repos/nus-cs2103/cs2103-website-base/_markbind/layouts/header.md
2025-01-18T16:55:47.440Z - info: Synchronizing opened pages list before reload
2025-01-18T16:55:47.440Z - info: No pages are currently opened
2025-01-18T16:55:48.445Z - info: No pages needed to be rebuilt
2025-01-18T16:55:58.665Z - info: Website generation (lazy) started at 00:55:58
2025-01-18T16:55:58.939Z - warn: ENOENT: no such file or directory, open '/Users/damithch/Repos/nus-cs2103/cs2103-website-base/node_modules/.cache/gh-pages/https!github.com!nus-cs2103-AY2425S2!website.git/book/_markbind/variables.md'
2025-01-18T16:55:58.939Z - warn: ENOENT: no such file or directory, open '/Users/damithch/Repos/nus-cs2103/cs2103-website-base/node_modules/.cache/gh-pages/https!github.com!nus-cs2103-AY2425S2!website.git/_markbind/variables.md'
2025-01-18T16:55:58.957Z - info: Building assets...
2025-01-18T16:56:00.191Z - info: Assets built
2025-01-18T16:56:00.191Z - info: Generating landing page...
2025-01-18T16:56:00.502Z - info: Landing page built, other pages will be built as you navigate to them!
2025-01-18T16:56:00.562Z - info: Site data built
2025-01-18T16:56:00.562Z - info: Website generation (lazy) complete! Total build time: 1.908s
2025-01-18T16:56:00.569Z - info: Serving "/Users/damithch/Repos/nus-cs2103/cs2103-website-base/_site" at http://127.0.0.1:8080
2025-01-18T16:56:00.569Z - info: Press CTRL+C to stop ...
2025-01-18T16:56:38.772Z - info: [00:56:38] Reload for file change: /Users/damithch/Repos/nus-cs2103/cs2103-website-base/_markbind/layouts/header.md
2025-01-18T16:56:38.772Z - info: Synchronizing opened pages list before reload
2025-01-18T16:56:38.773Z - info: Current opened pages, from most-to-least recent:
2025-01-18T16:56:38.773Z - info: 1. index
2025-01-18T16:56:39.869Z - info: Rebuilding 1 pages
2025-01-18T16:56:40.120Z - info: Site data built
2025-01-18T16:56:40.120Z - info: Pages rebuilt
2025-01-18T16:56:40.120Z - info: Website regeneration complete! Total build time: 0.251s
2025-01-18T16:57:10.488Z - info: [00:57:10] Reload for file change: /Users/damithch/Repos/nus-cs2103/cs2103-website-base/_markbind/layouts/header.md
2025-01-18T16:57:10.488Z - info: Synchronizing opened pages list before reload
2025-01-18T16:57:10.488Z - info: Current opened pages, from most-to-least recent:
2025-01-18T16:57:10.488Z - info: 1. index
2025-01-18T16:57:11.549Z - info: Rebuilding 1 pages
2025-01-18T16:57:11.700Z - info: Site data built
2025-01-18T16:57:11.700Z - info: Pages rebuilt
2025-01-18T16:57:11.700Z - info: Website regeneration complete! Total build time: 0.152s
2025-01-18T16:58:26.662Z - info: [00:58:26] Reload for file change: /Users/damithch/Repos/nus-cs2103/cs2103-website-base/schedule/week2/notices-cs2103-fragment.md
2025-01-18T16:58:26.662Z - info: Synchronizing opened pages list before reload
2025-01-18T16:58:26.663Z - info: Current opened pages, from most-to-least recent:
2025-01-18T16:58:26.663Z - info: 1. index
2025-01-18T16:58:27.681Z - info: Assets built
2025-01-18T16:58:57.444Z - info: [00:58:57] Reload for file change: /Users/damithch/Repos/nus-cs2103/cs2103-website-base/schedule/week2/notices-cs2103-fragment.md
2025-01-18T16:58:57.444Z - info: Synchronizing opened pages list before reload
2025-01-18T16:58:57.445Z - info: Current opened pages, from most-to-least recent:
2025-01-18T16:58:57.445Z - info: 1. index
2025-01-18T16:58:58.449Z - info: Assets built
2025-01-18T16:59:15.017Z - info: [00:59:15] Reload for file change: /Users/damithch/Repos/nus-cs2103/cs2103-website-base/schedule/week1/notices-cs2103-fragment.md
2025-01-18T16:59:15.018Z - info: Synchronizing opened pages list before reload
2025-01-18T16:59:15.018Z - info: Current opened pages, from most-to-least recent:
2025-01-18T16:59:15.018Z - info: 1. index
2025-01-18T16:59:16.027Z - info: Rebuilding 1 pages
2025-01-18T16:59:16.277Z - info: Site data built
2025-01-18T16:59:16.277Z - info: Pages rebuilt
2025-01-18T16:59:16.277Z - info: Website regeneration complete! Total build time: 0.252s
2025-01-18T17:00:08.878Z - info: [01:00:08] Reload for file change: /Users/damithch/Repos/nus-cs2103/cs2103-website-base/schedule/week1/notices-cs2103-fragment.md
2025-01-18T17:00:08.878Z - info: Synchronizing opened pages list before reload
2025-01-18T17:00:08.879Z - info: Current opened pages, from most-to-least recent:
2025-01-18T17:00:08.879Z - info: 1. index
2025-01-18T17:00:09.891Z - info: Rebuilding 1 pages
2025-01-18T17:00:10.091Z - info: Site data built
2025-01-18T17:00:10.091Z - info: Pages rebuilt
2025-01-18T17:00:10.091Z - info: Website regeneration complete! Total build time: 0.201s
2025-01-18T17:00:27.068Z - info: [01:00:27] Reload for file change: /Users/damithch/Repos/nus-cs2103/cs2103-website-base/schedule/week1/notices-cs2103-fragment.md
2025-01-18T17:00:27.068Z - info: Synchronizing opened pages list before reload
2025-01-18T17:00:27.068Z - info: Current opened pages, from most-to-least recent:
2025-01-18T17:00:27.068Z - info: 1. index
2025-01-18T17:00:28.070Z - info: Rebuilding 1 pages
2025-01-18T17:00:28.318Z - info: Site data built
2025-01-18T17:00:28.318Z - info: Pages rebuilt
2025-01-18T17:00:28.318Z - info: Website regeneration complete! Total build time: 0.25s
2025-01-18T17:01:06.884Z - info: [01:01:06] Reload for file change: /Users/damithch/Repos/nus-cs2103/cs2103-website-base/schedule/week1/notices-cs2103-fragment.md
2025-01-18T17:01:06.884Z - info: Synchronizing opened pages list before reload
2025-01-18T17:01:06.884Z - info: Current opened pages, from most-to-least recent:
2025-01-18T17:01:06.884Z - info: 1. index
2025-01-18T17:01:07.890Z - info: Rebuilding 1 pages
2025-01-18T17:01:08.112Z - info: Site data built
2025-01-18T17:01:08.112Z - info: Pages rebuilt
2025-01-18T17:01:08.112Z - info: Website regeneration complete! Total build time: 0.225s
2025-01-18T17:04:00.347Z - info: [01:04:00] Reload for file change: /Users/damithch/Repos/nus-cs2103/cs2103-website-base/common/admin.njk
2025-01-18T17:04:00.362Z - info: Synchronizing opened pages list before reload
2025-01-18T17:04:00.363Z - info: Current opened pages, from most-to-least recent:
2025-01-18T17:04:00.363Z - info: 1. index
2025-01-18T17:04:01.475Z - info: Rebuilding 1 pages
2025-01-18T17:04:01.671Z - info: Site data built
2025-01-18T17:04:01.671Z - info: Pages rebuilt
2025-01-18T17:04:01.671Z - info: Website regeneration complete! Total build time: 0.197s
2025-01-18T17:04:50.506Z - info: [01:04:50] Reload for file change: /Users/damithch/Repos/nus-cs2103/cs2103-website-base/common/admin.njk
2025-01-18T17:04:50.507Z - info: Synchronizing opened pages list before reload
2025-01-18T17:04:50.507Z - info: Current opened pages, from most-to-least recent:
2025-01-18T17:04:50.507Z - info: 1. index
2025-01-18T17:04:51.582Z - info: Rebuilding 1 pages
2025-01-18T17:04:51.735Z - info: Site data built
2025-01-18T17:04:51.735Z - info: Pages rebuilt
2025-01-18T17:04:51.735Z - info: Website regeneration complete! Total build time: 0.153s
2025-01-18T17:05:23.407Z - info: [01:05:23] Reload for file change: /Users/damithch/Repos/nus-cs2103/cs2103-website-base/common/admin.njk
2025-01-18T17:05:23.407Z - info: Synchronizing opened pages list before reload
2025-01-18T17:05:23.408Z - info: Current opened pages, from most-to-least recent:
2025-01-18T17:05:23.408Z - info: 1. index
2025-01-18T17:05:24.496Z - info: Rebuilding 1 pages
2025-01-18T17:05:24.669Z - info: Site data built
2025-01-18T17:05:24.669Z - info: Pages rebuilt
2025-01-18T17:05:24.669Z - info: Website regeneration complete! Total build time: 0.174s
2025-01-18T17:06:30.047Z - info: [01:06:30] Reload for file change: /Users/damithch/Repos/nus-cs2103/cs2103-website-base/common/admin.njk
2025-01-18T17:06:30.048Z - info: Synchronizing opened pages list before reload
2025-01-18T17:06:30.048Z - info: Current opened pages, from most-to-least recent:
2025-01-18T17:06:30.048Z - info: 1. index
2025-01-18T17:06:31.125Z - info: Rebuilding 1 pages
2025-01-18T17:06:31.285Z - info: Site data built
2025-01-18T17:06:31.286Z - info: Pages rebuilt
2025-01-18T17:06:31.286Z - info: Website regeneration complete! Total build time: 0.161s
2025-01-18T17:07:05.684Z - info: [01:07:05] Reload for file change: /Users/damithch/Repos/nus-cs2103/cs2103-website-base/common/admin.njk
2025-01-18T17:07:05.684Z - info: Synchronizing opened pages list before reload
2025-01-18T17:07:05.684Z - info: Current opened pages, from most-to-least recent:
2025-01-18T17:07:05.684Z - info: 1. index
2025-01-18T17:07:06.787Z - info: Rebuilding 1 pages
2025-01-18T17:07:06.967Z - info: Site data built
2025-01-18T17:07:06.967Z - info: Pages rebuilt
2025-01-18T17:07:06.967Z - info: Website regeneration complete! Total build time: 0.181s
2025-01-18T17:07:40.055Z - info: [01:07:40] Reload for file change: /Users/damithch/Repos/nus-cs2103/cs2103-website-base/common/admin.njk
2025-01-18T17:07:40.055Z - info: Synchronizing opened pages list before reload
2025-01-18T17:07:40.055Z - info: Current opened pages, from most-to-least recent:
2025-01-18T17:07:40.055Z - info: 1. index
2025-01-18T17:07:41.126Z - info: Rebuilding 1 pages
2025-01-18T17:07:41.282Z - info: Site data built
2025-01-18T17:07:41.282Z - info: Pages rebuilt
2025-01-18T17:07:41.282Z - info: Website regeneration complete! Total build time: 0.156s
2025-01-18T17:10:52.806Z - info: [01:10:52] Reload for file change: /Users/damithch/Repos/nus-cs2103/cs2103-website-base/common/admin.njk
2025-01-18T17:10:52.806Z - info: Synchronizing opened pages list before reload
2025-01-18T17:10:52.806Z - info: Current opened pages, from most-to-least recent:
2025-01-18T17:10:52.806Z - info: 1. index
2025-01-18T17:10:53.902Z - info: Rebuilding 1 pages
2025-01-18T17:10:54.079Z - info: Site data built
2025-01-18T17:10:54.079Z - info: Pages rebuilt
2025-01-18T17:10:54.079Z - info: Website regeneration complete! Total build time: 0.177s
2025-01-18T17:12:27.036Z - info: [01:12:27] Reload for file change: /Users/damithch/Repos/nus-cs2103/cs2103-website-base/common/admin.njk
2025-01-18T17:12:27.036Z - info: Synchronizing opened pages list before reload
2025-01-18T17:12:27.037Z - info: Current opened pages, from most-to-least recent:
2025-01-18T17:12:27.037Z - info: 1. index
2025-01-18T17:12:28.104Z - info: Rebuilding 1 pages
2025-01-18T17:12:28.263Z - info: Site data built
2025-01-18T17:12:28.263Z - info: Pages rebuilt
2025-01-18T17:12:28.263Z - info: Website regeneration complete! Total build time: 0.16s
2025-01-18T17:13:38.426Z - info: [01:13:38] Reload for file change: /Users/damithch/Repos/nus-cs2103/cs2103-website-base/common/admin.njk
2025-01-18T17:13:38.426Z - info: Synchronizing opened pages list before reload
2025-01-18T17:13:38.426Z - info: Current opened pages, from most-to-least recent:
2025-01-18T17:13:38.426Z - info: 1. index
2025-01-18T17:13:39.518Z - info: Rebuilding 1 pages
2025-01-18T17:13:39.709Z - info: Site data built
2025-01-18T17:13:39.709Z - info: Pages rebuilt
2025-01-18T17:13:39.710Z - info: Website regeneration complete! Total build time: 0.192s
2025-01-18T17:13:49.017Z - info: Building /Users/damithch/Repos/nus-cs2103/cs2103-website-base/admin/tp-constraints as some of its dependencies were changed since the last visit
2025-01-18T17:13:49.143Z - info: Site data built
2025-01-18T17:13:49.143Z - info: Lazy website regeneration complete! Total build time: 0.127s
2025-01-18T17:14:05.116Z - info: Building /Users/damithch/Repos/nus-cs2103/cs2103-website-base/admin/textbooks as some of its dependencies were changed since the last visit
2025-01-18T17:14:05.202Z - info: Site data built
2025-01-18T17:14:05.202Z - info: Lazy website regeneration complete! Total build time: 0.086s
2025-01-18T17:14:11.163Z - info: Building /Users/damithch/Repos/nus-cs2103/cs2103-website-base/admin/weeklySchedule as some of its dependencies were changed since the last visit
2025-01-18T17:14:11.238Z - info: Site data built
2025-01-18T17:14:11.238Z - info: Lazy website regeneration complete! Total build time: 0.075s
2025-01-18T17:14:45.874Z - info: [01:14:45] Reload for file change: /Users/damithch/Repos/nus-cs2103/cs2103-website-base/common/admin.njk
2025-01-18T17:14:45.876Z - info: Synchronizing opened pages list before reload
2025-01-18T17:14:45.876Z - info: Current opened pages, from most-to-least recent:
2025-01-18T17:14:45.876Z - info: 1. admin/weeklySchedule
2025-01-18T17:14:47.003Z - info: Rebuilding 1 pages
2025-01-18T17:14:47.055Z - info: Site data built
2025-01-18T17:14:47.055Z - info: Pages rebuilt
2025-01-18T17:14:47.055Z - info: Website regeneration complete! Total build time: 0.053s
2025-01-18T17:14:51.636Z - info: [01:14:51] Reload for file change: /Users/damithch/Repos/nus-cs2103/cs2103-website-base/schedule/week1/notices-cs2103-fragment.md
2025-01-18T17:14:51.636Z - info: Synchronizing opened pages list before reload
2025-01-18T17:14:51.637Z - info: Current opened pages, from most-to-least recent:
2025-01-18T17:14:51.637Z - info: 1. admin/weeklySchedule
2025-01-18T17:14:52.642Z - info: No pages needed to be rebuilt
2025-01-18T17:14:57.727Z - info: Building /Users/damithch/Repos/nus-cs2103/cs2103-website-base/index as some of its dependencies were changed since the last visit
2025-01-18T17:14:57.966Z - info: Site data built
2025-01-18T17:14:57.966Z - info: Lazy website regeneration complete! Total build time: 0.24s
2025-01-18T17:15:14.040Z - info: Building /Users/damithch/Repos/nus-cs2103/cs2103-website-base/admin/tp-overview as some of its dependencies were changed since the last visit
2025-01-18T17:15:14.224Z - info: Site data built
2025-01-18T17:15:14.224Z - info: Lazy website regeneration complete! Total build time: 0.184s
2025-01-18T17:15:31.153Z - info: Building /Users/damithch/Repos/nus-cs2103/cs2103-website-base/admin/courseOverview as some of its dependencies were changed since the last visit
2025-01-18T17:15:31.281Z - info: Site data built
2025-01-18T17:15:31.281Z - info: Lazy website regeneration complete! Total build time: 0.129s
2025-01-18T17:16:17.749Z - info: [01:16:17] Reload for file change: /Users/damithch/Repos/nus-cs2103/cs2103-website-base/_markbind/layouts/header.md
2025-01-18T17:16:17.750Z - info: Synchronizing opened pages list before reload
2025-01-18T17:16:17.751Z - info: Current opened pages, from most-to-least recent:
2025-01-18T17:16:17.751Z - info: 1. admin/weeklySchedule
2025-01-18T17:16:18.876Z - info: Rebuilding 1 pages
2025-01-18T17:16:18.921Z - info: Site data built
2025-01-18T17:16:18.921Z - info: Pages rebuilt
2025-01-18T17:16:18.921Z - info: Website regeneration complete! Total build time: 0.046s
2025-01-18T17:18:44.731Z - info: [01:18:44] Reload for file change: /Users/damithch/Repos/nus-cs2103/cs2103-website-base/common/admin.njk
2025-01-18T17:18:44.731Z - info: Synchronizing opened pages list before reload
2025-01-18T17:18:44.731Z - info: Current opened pages, from most-to-least recent:
2025-01-18T17:18:44.731Z - info: 1. admin/weeklySchedule
2025-01-18T17:18:45.790Z - warn:  Template render error: (/Users/damithch/Repos/nus-cs2103/cs2103-website-base/_markbind/layouts/schedule-layout.md)
  Template render error: (/Users/damithch/Repos/nus-cs2103/cs2103-website-base/_markbind/layouts/schedule-layout.md)
  Template render error: (/Users/damithch/Repos/nus-cs2103/cs2103-website-base/_markbind/layouts/css.md)
  Template render error: (/Users/damithch/Repos/nus-cs2103/cs2103-website-base/_markbind/layouts/schedule-layout.md)
  Template render error: (/Users/damithch/Repos/nus-cs2103/cs2103-website-base/_markbind/layouts/header.md)
  Template render error: (/Users/damithch/Repos/nus-cs2103/cs2103-website-base/_markbind/layouts/schedule-layout.md)
  Template render error: (/Users/damithch/Repos/nus-cs2103/cs2103-website-base/_markbind/layouts/header.md)
  Template render error: (/Users/damithch/Repos/nus-cs2103/cs2103-website-base/_markbind/layouts/schedule-layout.md)
  Template render error: (/Users/damithch/Repos/nus-cs2103/cs2103-website-base/_markbind/layouts/header.md)
  Template render error: (/Users/damithch/Repos/nus-cs2103/cs2103-website-base/_markbind/layouts/schedule-layout.md)
  Template render error: (/Users/damithch/Repos/nus-cs2103/cs2103-website-base/_markbind/layouts/header.md)
  Template render error: (/Users/damithch/Repos/nus-cs2103/cs2103-website-base/_markbind/layouts/schedule-layout.md)
  Template render error: (/Users/damithch/Repos/nus-cs2103/cs2103-website-base/_markbind/layouts/header.md) [Line 140, Column 145]
  unexpected token: /
    at Object._prettifyError (/opt/homebrew/lib/node_modules/markbind-cli/node_modules/nunjucks/src/lib.js:32:11)
    at /opt/homebrew/lib/node_modules/markbind-cli/node_modules/@markbind/core/src/patches/nunjucks/context-overrides-frame.js:383:17
    at Template.root [as rootRenderFunc] (eval at _compile (/opt/homebrew/lib/node_modules/markbind-cli/node_modules/nunjucks/src/environment.js:527:18), <anonymous>:96:3)
    at Template.render (/opt/homebrew/lib/node_modules/markbind-cli/node_modules/@markbind/core/src/patches/nunjucks/context-overrides-frame.js:372:8)
    at /opt/homebrew/lib/node_modules/markbind-cli/node_modules/@markbind/core/src/patches/nunjucks/context-overrides-frame.js:54:25
    at createTemplate (/opt/homebrew/lib/node_modules/markbind-cli/node_modules/@markbind/core/src/patches/nunjucks/load-event.js:121:7)
    at handle (/opt/homebrew/lib/node_modules/markbind-cli/node_modules/@markbind/core/src/patches/nunjucks/load-event.js:133:9)
    at /opt/homebrew/lib/node_modules/markbind-cli/node_modules/@markbind/core/src/patches/nunjucks/load-event.js:145:7
    at next (/opt/homebrew/lib/node_modules/markbind-cli/node_modules/nunjucks/src/lib.js:258:7)
    at Object.asyncIter (/opt/homebrew/lib/node_modules/markbind-cli/node_modules/nunjucks/src/lib.js:263:3)
    at Environment.getTemplate (/opt/homebrew/lib/node_modules/markbind-cli/node_modules/@markbind/core/src/patches/nunjucks/load-event.js:127:7)
    at Environment.render (/opt/homebrew/lib/node_modules/markbind-cli/node_modules/@markbind/core/src/patches/nunjucks/context-overrides-frame.js:48:8)
    at VariableRenderer.renderFile (/opt/homebrew/lib/node_modules/markbind-cli/node_modules/@markbind/core/src/variables/VariableRenderer.js:73:24)
    at VariableProcessor.renderWithSiteVariables (/opt/homebrew/lib/node_modules/markbind-cli/node_modules/@markbind/core/src/variables/VariableProcessor.js:154:57)
    at Layout.<anonymous> (/opt/homebrew/lib/node_modules/markbind-cli/node_modules/@markbind/core/src/Layout/Layout.js:70:61)
    at Generator.next (<anonymous>)
2025-01-18T17:19:24.605Z - info: [01:19:24] Reload for file change: /Users/damithch/Repos/nus-cs2103/cs2103-website-base/common/admin.njk
2025-01-18T17:19:24.606Z - info: Synchronizing opened pages list before reload
2025-01-18T17:19:24.606Z - info: No pages are currently opened
2025-01-18T17:19:25.612Z - info: No pages needed to be rebuilt
2025-01-18T17:19:35.489Z - info: Website generation (lazy) started at 01:19:35
2025-01-18T17:19:35.774Z - warn: ENOENT: no such file or directory, open '/Users/damithch/Repos/nus-cs2103/cs2103-website-base/node_modules/.cache/gh-pages/https!github.com!nus-cs2103-AY2425S2!website.git/book/_markbind/variables.md'
2025-01-18T17:19:35.774Z - warn: ENOENT: no such file or directory, open '/Users/damithch/Repos/nus-cs2103/cs2103-website-base/node_modules/.cache/gh-pages/https!github.com!nus-cs2103-AY2425S2!website.git/_markbind/variables.md'
2025-01-18T17:19:35.793Z - info: Building assets...
2025-01-18T17:19:37.004Z - info: Assets built
2025-01-18T17:19:37.004Z - info: Generating landing page...
2025-01-18T17:19:37.325Z - info: Landing page built, other pages will be built as you navigate to them!
2025-01-18T17:19:37.393Z - info: Site data built
2025-01-18T17:19:37.393Z - info: Website generation (lazy) complete! Total build time: 1.915s
2025-01-18T17:19:37.400Z - info: Serving "/Users/damithch/Repos/nus-cs2103/cs2103-website-base/_site" at http://127.0.0.1:8080
2025-01-18T17:19:37.400Z - info: Press CTRL+C to stop ...
2025-01-18T17:20:17.261Z - info: [01:20:17] Reload for file change: /Users/damithch/Repos/nus-cs2103/cs2103-website-base/common/admin.njk
2025-01-18T17:20:17.262Z - info: Synchronizing opened pages list before reload
2025-01-18T17:20:17.262Z - info: Current opened pages, from most-to-least recent:
2025-01-18T17:20:17.262Z - info: 1. index
2025-01-18T17:20:18.363Z - info: Rebuilding 1 pages
2025-01-18T17:20:18.554Z - info: Site data built
2025-01-18T17:20:18.554Z - info: Pages rebuilt
2025-01-18T17:20:18.554Z - info: Website regeneration complete! Total build time: 0.191s
2025-01-18T17:40:24.132Z - info: [01:40:24] Reload for file change: /Users/damithch/Repos/nus-cs2103/cs2103-website-base/_markbind/layouts/header.md
2025-01-18T17:40:24.137Z - info: Synchronizing opened pages list before reload
2025-01-18T17:40:24.151Z - info: Current opened pages, from most-to-least recent:
2025-01-18T17:40:24.152Z - info: 1. index
2025-01-18T17:40:25.269Z - info: Rebuilding 1 pages
2025-01-18T17:40:25.459Z - info: Site data built
2025-01-18T17:40:25.459Z - info: Pages rebuilt
2025-01-18T17:40:25.459Z - info: Website regeneration complete! Total build time: 0.19s
2025-01-18T17:41:09.337Z - info: [01:41:09] Reload for file change: /Users/damithch/Repos/nus-cs2103/cs2103-website-base/_markbind/layouts/header.md
2025-01-18T17:41:09.339Z - info: Synchronizing opened pages list before reload
2025-01-18T17:41:09.339Z - info: Current opened pages, from most-to-least recent:
2025-01-18T17:41:09.339Z - info: 1. index
2025-01-18T17:41:10.426Z - info: Rebuilding 1 pages
2025-01-18T17:41:10.581Z - info: Site data built
2025-01-18T17:41:10.581Z - info: Pages rebuilt
2025-01-18T17:41:10.581Z - info: Website regeneration complete! Total build time: 0.155s
2025-01-18T17:48:44.108Z - info: [01:48:44] Reload for file change: /Users/damithch/Repos/nus-cs2103/cs2103-website-base/_markbind/layouts/header.md
2025-01-18T17:48:44.109Z - info: Synchronizing opened pages list before reload
2025-01-18T17:48:44.110Z - info: No pages are currently opened
2025-01-18T17:48:45.213Z - info: No pages needed to be rebuilt
2025-01-18T17:49:16.169Z - info: Building /Users/damithch/Repos/nus-cs2103/cs2103-website-base/index as some of its dependencies were changed since the last visit
2025-01-18T17:49:16.416Z - info: Site data built
2025-01-18T17:49:16.416Z - info: Lazy website regeneration complete! Total build time: 0.248s
2025-01-18T17:50:51.046Z - info: [01:50:51] Reload for file change: /Users/damithch/Repos/nus-cs2103/cs2103-website-base/_markbind/layouts/header.md
2025-01-18T17:50:51.047Z - info: Synchronizing opened pages list before reload
2025-01-18T17:50:51.049Z - info: Current opened pages, from most-to-least recent:
2025-01-18T17:50:51.050Z - info: 1. index
2025-01-18T17:50:52.172Z - info: Rebuilding 1 pages
2025-01-18T17:50:52.343Z - info: Site data built
2025-01-18T17:50:52.343Z - info: Pages rebuilt
2025-01-18T17:50:52.344Z - info: Website regeneration complete! Total build time: 0.174s
2025-01-18T17:51:59.061Z - info: [01:51:59] Reload for file change: /Users/damithch/Repos/nus-cs2103/cs2103-website-base/_markbind/layouts/header.md
2025-01-18T17:51:59.062Z - info: Synchronizing opened pages list before reload
2025-01-18T17:51:59.062Z - info: No pages are currently opened
2025-01-18T17:52:00.153Z - info: No pages needed to be rebuilt
2025-01-18T17:52:22.433Z - info: [01:52:22] Reload for file change: /Users/damithch/Repos/nus-cs2103/cs2103-website-base/_markbind/layouts/header.md
2025-01-18T17:52:22.434Z - info: Synchronizing opened pages list before reload
2025-01-18T17:52:22.434Z - info: No pages are currently opened
2025-01-18T17:52:23.528Z - info: No pages needed to be rebuilt
2025-01-18T17:52:28.350Z - info: Building /Users/damithch/Repos/nus-cs2103/cs2103-website-base/index as some of its dependencies were changed since the last visit
2025-01-18T17:52:28.561Z - info: Site data built
2025-01-18T17:52:28.561Z - info: Lazy website regeneration complete! Total build time: 0.212s
2025-01-18T17:53:01.076Z - info: [01:53:01] Reload for file change: /Users/damithch/Repos/nus-cs2103/cs2103-website-base/_markbind/layouts/header.md
2025-01-18T17:53:01.076Z - info: Synchronizing opened pages list before reload
2025-01-18T17:53:01.076Z - info: Current opened pages, from most-to-least recent:
2025-01-18T17:53:01.076Z - info: 1. index
2025-01-18T17:53:02.181Z - info: Rebuilding 1 pages
2025-01-18T17:53:02.359Z - info: Site data built
2025-01-18T17:53:02.359Z - info: Pages rebuilt
2025-01-18T17:53:02.359Z - info: Website regeneration complete! Total build time: 0.179s
2025-01-18T17:53:35.564Z - info: [01:53:35] Reload for file change: /Users/damithch/Repos/nus-cs2103/cs2103-website-base/_markbind/layouts/header.md
2025-01-18T17:53:35.569Z - info: Synchronizing opened pages list before reload
2025-01-18T17:53:35.569Z - info: Current opened pages, from most-to-least recent:
2025-01-18T17:53:35.569Z - info: 1. index
2025-01-18T17:53:36.650Z - info: Rebuilding 1 pages
2025-01-18T17:53:36.804Z - info: Site data built
2025-01-18T17:53:36.804Z - info: Pages rebuilt
2025-01-18T17:53:36.804Z - info: Website regeneration complete! Total build time: 0.155s
2025-01-18T17:53:49.193Z - info: [01:53:49] Reload for file change: /Users/damithch/Repos/nus-cs2103/cs2103-website-base/_markbind/layouts/header.md
2025-01-18T17:53:49.194Z - info: Synchronizing opened pages list before reload
2025-01-18T17:53:49.194Z - info: Current opened pages, from most-to-least recent:
2025-01-18T17:53:49.194Z - info: 1. index
2025-01-18T17:53:50.287Z - info: Rebuilding 1 pages
2025-01-18T17:53:50.467Z - info: Site data built
2025-01-18T17:53:50.467Z - info: Pages rebuilt
2025-01-18T17:53:50.467Z - info: Website regeneration complete! Total build time: 0.18s
2025-01-18T17:54:42.652Z - info: [01:54:42] Reload for file change: /Users/damithch/Repos/nus-cs2103/cs2103-website-base/_markbind/layouts/header.md
2025-01-18T17:54:42.653Z - info: Synchronizing opened pages list before reload
2025-01-18T17:54:42.653Z - info: Current opened pages, from most-to-least recent:
2025-01-18T17:54:42.653Z - info: 1. index
2025-01-18T17:54:43.730Z - info: Rebuilding 1 pages
2025-01-18T17:54:43.902Z - info: Site data built
2025-01-18T17:54:43.902Z - info: Pages rebuilt
2025-01-18T17:54:43.903Z - info: Website regeneration complete! Total build time: 0.173s
2025-01-18T17:55:11.764Z - info: [01:55:11] Reload for file change: /Users/damithch/Repos/nus-cs2103/cs2103-website-base/_markbind/layouts/header.md
2025-01-18T17:55:11.765Z - info: Synchronizing opened pages list before reload
2025-01-18T17:55:11.767Z - info: Current opened pages, from most-to-least recent:
2025-01-18T17:55:11.767Z - info: 1. index
2025-01-18T17:55:12.865Z - info: Rebuilding 1 pages
2025-01-18T17:55:13.030Z - info: Site data built
2025-01-18T17:55:13.030Z - info: Pages rebuilt
2025-01-18T17:55:13.030Z - info: Website regeneration complete! Total build time: 0.165s
2025-01-18T17:56:55.793Z - info: [01:56:55] Reload for file change: /Users/damithch/Repos/nus-cs2103/cs2103-website-base/_markbind/layouts/header.md
2025-01-18T17:56:55.795Z - info: Synchronizing opened pages list before reload
2025-01-18T17:56:55.796Z - info: Current opened pages, from most-to-least recent:
2025-01-18T17:56:55.798Z - info: 1. index
2025-01-18T17:56:56.888Z - info: Rebuilding 1 pages
2025-01-18T17:56:57.038Z - info: Site data built
2025-01-18T17:56:57.038Z - info: Pages rebuilt
2025-01-18T17:56:57.038Z - info: Website regeneration complete! Total build time: 0.15s
2025-01-18T17:57:48.589Z - info: [01:57:48] Reload for file change: /Users/damithch/Repos/nus-cs2103/cs2103-website-base/_markbind/layouts/header.md
2025-01-18T17:57:48.590Z - info: Synchronizing opened pages list before reload
2025-01-18T17:57:48.590Z - info: Current opened pages, from most-to-least recent:
2025-01-18T17:57:48.590Z - info: 1. index
2025-01-18T17:57:49.692Z - info: Rebuilding 1 pages
2025-01-18T17:57:49.858Z - info: Site data built
2025-01-18T17:57:49.858Z - info: Pages rebuilt
2025-01-18T17:57:49.858Z - info: Website regeneration complete! Total build time: 0.166s
2025-01-18T17:58:28.925Z - info: [01:58:28] Reload for file change: /Users/damithch/Repos/nus-cs2103/cs2103-website-base/_markbind/layouts/header.md
2025-01-18T17:58:28.925Z - info: Synchronizing opened pages list before reload
2025-01-18T17:58:28.925Z - info: Current opened pages, from most-to-least recent:
2025-01-18T17:58:28.926Z - info: 1. index
2025-01-18T17:58:30.003Z - info: Rebuilding 1 pages
2025-01-18T17:58:30.153Z - info: Site data built
2025-01-18T17:58:30.153Z - info: Pages rebuilt
2025-01-18T17:58:30.153Z - info: Website regeneration complete! Total build time: 0.15s
2025-01-18T18:00:25.328Z - info: [02:00:25] Reload for file change: /Users/damithch/Repos/nus-cs2103/cs2103-website-base/_markbind/layouts/header.md
2025-01-18T18:00:25.329Z - info: Synchronizing opened pages list before reload
2025-01-18T18:00:25.329Z - info: Current opened pages, from most-to-least recent:
2025-01-18T18:00:25.329Z - info: 1. index
2025-01-18T18:00:26.435Z - info: Rebuilding 1 pages
2025-01-18T18:00:26.599Z - info: Site data built
2025-01-18T18:00:26.599Z - info: Pages rebuilt
2025-01-18T18:00:26.599Z - info: Website regeneration complete! Total build time: 0.165s
2025-01-18T18:00:35.541Z - info: [02:00:35] Reload for file change: /Users/damithch/Repos/nus-cs2103/cs2103-website-base/_markbind/layouts/header.md
2025-01-18T18:00:35.541Z - info: Synchronizing opened pages list before reload
2025-01-18T18:00:35.541Z - info: Current opened pages, from most-to-least recent:
2025-01-18T18:00:35.541Z - info: 1. index
2025-01-18T18:00:36.616Z - info: Rebuilding 1 pages
2025-01-18T18:00:36.747Z - info: Site data built
2025-01-18T18:00:36.747Z - info: Pages rebuilt
2025-01-18T18:00:36.747Z - info: Website regeneration complete! Total build time: 0.132s
2025-01-18T18:00:40.247Z - info: [02:00:40] Reload for file change: /Users/damithch/Repos/nus-cs2103/cs2103-website-base/_markbind/layouts/header.md
2025-01-18T18:00:40.247Z - info: Synchronizing opened pages list before reload
2025-01-18T18:00:40.247Z - info: Current opened pages, from most-to-least recent:
2025-01-18T18:00:40.248Z - info: 1. index
2025-01-18T18:00:41.321Z - info: Rebuilding 1 pages
2025-01-18T18:00:41.443Z - info: Site data built
2025-01-18T18:00:41.443Z - info: Pages rebuilt
2025-01-18T18:00:41.443Z - info: Website regeneration complete! Total build time: 0.122s
2025-01-18T18:01:38.158Z - info: [02:01:38] Reload for file change: /Users/damithch/Repos/nus-cs2103/cs2103-website-base/_markbind/layouts/header.md
2025-01-18T18:01:38.159Z - info: Synchronizing opened pages list before reload
2025-01-18T18:01:38.159Z - info: Current opened pages, from most-to-least recent:
2025-01-18T18:01:38.160Z - info: 1. index
2025-01-18T18:01:39.256Z - info: Rebuilding 1 pages
2025-01-18T18:01:39.425Z - info: Site data built
2025-01-18T18:01:39.425Z - info: Pages rebuilt
2025-01-18T18:01:39.425Z - info: Website regeneration complete! Total build time: 0.17s
2025-01-18T18:03:08.166Z - info: [02:03:08] Reload for file change: /Users/damithch/Repos/nus-cs2103/cs2103-website-base/_markbind/layouts/header.md
2025-01-18T18:03:08.167Z - info: Synchronizing opened pages list before reload
2025-01-18T18:03:08.168Z - info: Current opened pages, from most-to-least recent:
2025-01-18T18:03:08.168Z - info: 1. index
2025-01-18T18:03:09.257Z - info: Rebuilding 1 pages
2025-01-18T18:03:09.405Z - info: Site data built
2025-01-18T18:03:09.405Z - info: Pages rebuilt
2025-01-18T18:03:09.405Z - info: Website regeneration complete! Total build time: 0.149s
2025-01-18T18:08:23.474Z - info: [02:08:23] Reload for file change: /Users/damithch/Repos/nus-cs2103/cs2103-website-base/_markbind/layouts/header.md
2025-01-18T18:08:23.476Z - info: Synchronizing opened pages list before reload
2025-01-18T18:08:23.476Z - info: Current opened pages, from most-to-least recent:
2025-01-18T18:08:23.476Z - info: 1. index
2025-01-18T18:08:24.572Z - info: Rebuilding 1 pages
2025-01-18T18:08:24.752Z - info: Site data built
2025-01-18T18:08:24.752Z - info: Pages rebuilt
2025-01-18T18:08:24.752Z - info: Website regeneration complete! Total build time: 0.181s
2025-01-18T18:09:21.879Z - info: [02:09:21] Reload for file change: /Users/damithch/Repos/nus-cs2103/cs2103-website-base/_markbind/layouts/header.md
2025-01-18T18:09:21.879Z - info: Synchronizing opened pages list before reload
2025-01-18T18:09:21.880Z - info: Current opened pages, from most-to-least recent:
2025-01-18T18:09:21.880Z - info: 1. index
2025-01-18T18:09:22.975Z - info: Rebuilding 1 pages
2025-01-18T18:09:23.148Z - info: Site data built
2025-01-18T18:09:23.148Z - info: Pages rebuilt
2025-01-18T18:09:23.148Z - info: Website regeneration complete! Total build time: 0.173s
2025-01-18T18:10:12.810Z - info: [02:10:12] Reload for file change: /Users/damithch/Repos/nus-cs2103/cs2103-website-base/_markbind/layouts/header.md
2025-01-18T18:10:12.812Z - info: Synchronizing opened pages list before reload
2025-01-18T18:10:12.812Z - info: Current opened pages, from most-to-least recent:
2025-01-18T18:10:12.813Z - info: 1. index
2025-01-18T18:10:13.895Z - info: Rebuilding 1 pages
2025-01-18T18:10:14.045Z - info: Site data built
2025-01-18T18:10:14.045Z - info: Pages rebuilt
2025-01-18T18:10:14.045Z - info: Website regeneration complete! Total build time: 0.151s
2025-01-18T18:10:37.333Z - info: [02:10:37] Reload for file change: /Users/damithch/Repos/nus-cs2103/cs2103-website-base/_markbind/layouts/header.md
2025-01-18T18:10:37.333Z - info: Synchronizing opened pages list before reload
2025-01-18T18:10:37.333Z - info: Current opened pages, from most-to-least recent:
2025-01-18T18:10:37.333Z - info: 1. index
2025-01-18T18:10:38.440Z - info: Rebuilding 1 pages
2025-01-18T18:10:38.608Z - info: Site data built
2025-01-18T18:10:38.608Z - info: Pages rebuilt
2025-01-18T18:10:38.608Z - info: Website regeneration complete! Total build time: 0.169s
2025-01-18T18:12:05.676Z - info: [02:12:05] Reload for file change: /Users/damithch/Repos/nus-cs2103/cs2103-website-base/_markbind/layouts/header.md
2025-01-18T18:12:05.676Z - info: Synchronizing opened pages list before reload
2025-01-18T18:12:05.677Z - info: Current opened pages, from most-to-least recent:
2025-01-18T18:12:05.677Z - info: 1. index
2025-01-18T18:12:06.761Z - info: Rebuilding 1 pages
2025-01-18T18:12:06.919Z - info: Site data built
2025-01-18T18:12:06.919Z - info: Pages rebuilt
2025-01-18T18:12:06.919Z - info: Website regeneration complete! Total build time: 0.159s
2025-01-18T18:14:51.739Z - info: [02:14:51] Reload for file change: /Users/damithch/Repos/nus-cs2103/cs2103-website-base/_markbind/layouts/header.md
2025-01-18T18:14:51.740Z - info: Synchronizing opened pages list before reload
2025-01-18T18:14:51.740Z - info: Current opened pages, from most-to-least recent:
2025-01-18T18:14:51.740Z - info: 1. index
2025-01-18T18:14:52.760Z - warn:  Template render error: (/Users/damithch/Repos/nus-cs2103/cs2103-website-base/_markbind/layouts/schedule-layout.md)
  Template render error: (/Users/damithch/Repos/nus-cs2103/cs2103-website-base/_markbind/layouts/schedule-layout.md)
  Template render error: (/Users/damithch/Repos/nus-cs2103/cs2103-website-base/_markbind/layouts/css.md)
  ReferenceError: callbackAsap is not defined
    at Object._prettifyError (/opt/homebrew/lib/node_modules/markbind-cli/node_modules/nunjucks/src/lib.js:32:11)
    at /opt/homebrew/lib/node_modules/markbind-cli/node_modules/@markbind/core/src/patches/nunjucks/context-overrides-frame.js:383:17
    at Template.root [as rootRenderFunc] (eval at _compile (/opt/homebrew/lib/node_modules/markbind-cli/node_modules/nunjucks/src/environment.js:527:18), <anonymous>:96:3)
    at Template.render (/opt/homebrew/lib/node_modules/markbind-cli/node_modules/@markbind/core/src/patches/nunjucks/context-overrides-frame.js:372:8)
    at /opt/homebrew/lib/node_modules/markbind-cli/node_modules/@markbind/core/src/patches/nunjucks/context-overrides-frame.js:54:25
    at createTemplate (/opt/homebrew/lib/node_modules/markbind-cli/node_modules/@markbind/core/src/patches/nunjucks/load-event.js:121:7)
    at handle (/opt/homebrew/lib/node_modules/markbind-cli/node_modules/@markbind/core/src/patches/nunjucks/load-event.js:133:9)
    at /opt/homebrew/lib/node_modules/markbind-cli/node_modules/@markbind/core/src/patches/nunjucks/load-event.js:145:7
    at next (/opt/homebrew/lib/node_modules/markbind-cli/node_modules/nunjucks/src/lib.js:258:7)
    at Object.asyncIter (/opt/homebrew/lib/node_modules/markbind-cli/node_modules/nunjucks/src/lib.js:263:3)
    at Environment.getTemplate (/opt/homebrew/lib/node_modules/markbind-cli/node_modules/@markbind/core/src/patches/nunjucks/load-event.js:127:7)
    at Environment.render (/opt/homebrew/lib/node_modules/markbind-cli/node_modules/@markbind/core/src/patches/nunjucks/context-overrides-frame.js:48:8)
    at VariableRenderer.renderFile (/opt/homebrew/lib/node_modules/markbind-cli/node_modules/@markbind/core/src/variables/VariableRenderer.js:73:24)
    at VariableProcessor.renderWithSiteVariables (/opt/homebrew/lib/node_modules/markbind-cli/node_modules/@markbind/core/src/variables/VariableProcessor.js:154:57)
    at Layout.<anonymous> (/opt/homebrew/lib/node_modules/markbind-cli/node_modules/@markbind/core/src/Layout/Layout.js:70:61)
    at Generator.next (<anonymous>)
2025-01-18T18:15:44.031Z - info: [02:15:44] Reload for file change: /Users/damithch/Repos/nus-cs2103/cs2103-website-base/_markbind/layouts/header.md
2025-01-18T18:15:44.032Z - info: Synchronizing opened pages list before reload
2025-01-18T18:15:44.032Z - info: No pages are currently opened
2025-01-18T18:15:45.035Z - info: No pages needed to be rebuilt
2025-01-18T18:15:52.217Z - info: Website generation (lazy) started at 02:15:52
2025-01-18T18:15:52.492Z - warn: ENOENT: no such file or directory, open '/Users/damithch/Repos/nus-cs2103/cs2103-website-base/node_modules/.cache/gh-pages/https!github.com!nus-cs2103-AY2425S2!website.git/book/_markbind/variables.md'
2025-01-18T18:15:52.493Z - warn: ENOENT: no such file or directory, open '/Users/damithch/Repos/nus-cs2103/cs2103-website-base/node_modules/.cache/gh-pages/https!github.com!nus-cs2103-AY2425S2!website.git/_markbind/variables.md'
2025-01-18T18:15:52.511Z - info: Building assets...
2025-01-18T18:15:53.879Z - info: Assets built
2025-01-18T18:15:53.880Z - info: Generating landing page...
2025-01-18T18:15:54.216Z - info: Landing page built, other pages will be built as you navigate to them!
2025-01-18T18:15:54.278Z - info: Site data built
2025-01-18T18:15:54.278Z - info: Website generation (lazy) complete! Total build time: 2.072s
2025-01-18T18:15:54.285Z - info: Serving "/Users/damithch/Repos/nus-cs2103/cs2103-website-base/_site" at http://127.0.0.1:8080
2025-01-18T18:15:54.285Z - info: Press CTRL+C to stop ...
2025-01-18T18:16:51.723Z - info: [02:16:51] Reload for file change: /Users/damithch/Repos/nus-cs2103/cs2103-website-base/_markbind/layouts/header.md
2025-01-18T18:16:51.723Z - info: Synchronizing opened pages list before reload
2025-01-18T18:16:51.725Z - info: Current opened pages, from most-to-least recent:
2025-01-18T18:16:51.725Z - info: 1. index
2025-01-18T18:16:52.827Z - info: Rebuilding 1 pages
2025-01-18T18:16:53.021Z - info: Site data built
2025-01-18T18:16:53.021Z - info: Pages rebuilt
2025-01-18T18:16:53.021Z - info: Website regeneration complete! Total build time: 0.195s
2025-01-18T18:17:45.385Z - info: [02:17:45] Reload for file change: /Users/damithch/Repos/nus-cs2103/cs2103-website-base/_markbind/layouts/header.md
2025-01-18T18:17:45.386Z - info: Synchronizing opened pages list before reload
2025-01-18T18:17:45.386Z - info: Current opened pages, from most-to-least recent:
2025-01-18T18:17:45.386Z - info: 1. index
2025-01-18T18:17:46.470Z - info: Rebuilding 1 pages
2025-01-18T18:17:46.630Z - info: Site data built
2025-01-18T18:17:46.630Z - info: Pages rebuilt
2025-01-18T18:17:46.630Z - info: Website regeneration complete! Total build time: 0.161s
2025-01-18T18:18:57.760Z - info: [02:18:57] Reload for file change: /Users/damithch/Repos/nus-cs2103/cs2103-website-base/_markbind/layouts/header.md
2025-01-18T18:18:57.760Z - info: Synchronizing opened pages list before reload
2025-01-18T18:18:57.761Z - info: Current opened pages, from most-to-least recent:
2025-01-18T18:18:57.761Z - info: 1. index
2025-01-18T18:18:58.861Z - info: Rebuilding 1 pages
2025-01-18T18:18:59.038Z - info: Site data built
2025-01-18T18:18:59.039Z - info: Pages rebuilt
2025-01-18T18:18:59.039Z - info: Website regeneration complete! Total build time: 0.178s
2025-01-18T18:20:30.522Z - info: [02:20:30] Reload for file change: /Users/damithch/Repos/nus-cs2103/cs2103-website-base/_markbind/layouts/header.md
2025-01-18T18:20:30.524Z - info: Synchronizing opened pages list before reload
2025-01-18T18:20:30.526Z - info: Current opened pages, from most-to-least recent:
2025-01-18T18:20:30.526Z - info: 1. index
2025-01-18T18:20:31.623Z - info: Rebuilding 1 pages
2025-01-18T18:20:31.782Z - info: Site data built
2025-01-18T18:20:31.782Z - info: Pages rebuilt
2025-01-18T18:20:31.782Z - info: Website regeneration complete! Total build time: 0.16s
2025-01-18T18:21:13.142Z - info: [02:21:13] Reload for file change: /Users/damithch/Repos/nus-cs2103/cs2103-website-base/_markbind/layouts/header.md
2025-01-18T18:21:13.143Z - info: Synchronizing opened pages list before reload
2025-01-18T18:21:13.143Z - info: Current opened pages, from most-to-least recent:
2025-01-18T18:21:13.143Z - info: 1. index
2025-01-18T18:21:14.248Z - info: Rebuilding 1 pages
2025-01-18T18:21:14.422Z - info: Site data built
2025-01-18T18:21:14.422Z - info: Pages rebuilt
2025-01-18T18:21:14.422Z - info: Website regeneration complete! Total build time: 0.174s
2025-01-18T18:22:38.103Z - info: [02:22:38] Reload for file change: /Users/damithch/Repos/nus-cs2103/cs2103-website-base/_markbind/layouts/header.md
2025-01-18T18:22:38.103Z - info: Synchronizing opened pages list before reload
2025-01-18T18:22:38.103Z - info: Current opened pages, from most-to-least recent:
2025-01-18T18:22:38.104Z - info: 1. index
2025-01-18T18:22:39.182Z - info: Rebuilding 1 pages
2025-01-18T18:22:39.328Z - info: Site data built
2025-01-18T18:22:39.329Z - info: Pages rebuilt
2025-01-18T18:22:39.329Z - info: Website regeneration complete! Total build time: 0.148s
2025-01-18T18:23:42.179Z - info: [02:23:42] Reload for file change: /Users/damithch/Repos/nus-cs2103/cs2103-website-base/_markbind/layouts/header.md
2025-01-18T18:23:42.180Z - info: Synchronizing opened pages list before reload
2025-01-18T18:23:42.180Z - info: Current opened pages, from most-to-least recent:
2025-01-18T18:23:42.180Z - info: 1. index
2025-01-18T18:23:43.289Z - info: Rebuilding 1 pages
2025-01-18T18:23:43.465Z - info: Site data built
2025-01-18T18:23:43.465Z - info: Pages rebuilt
2025-01-18T18:23:43.465Z - info: Website regeneration complete! Total build time: 0.177s
2025-01-18T18:24:34.982Z - info: [02:24:34] Reload for file change: /Users/damithch/Repos/nus-cs2103/cs2103-website-base/_markbind/layouts/header.md
2025-01-18T18:24:34.982Z - info: Synchronizing opened pages list before reload
2025-01-18T18:24:34.982Z - info: Current opened pages, from most-to-least recent:
2025-01-18T18:24:34.982Z - info: 1. index
2025-01-18T18:24:36.061Z - info: Rebuilding 1 pages
2025-01-18T18:24:36.211Z - info: Site data built
2025-01-18T18:24:36.212Z - info: Pages rebuilt
2025-01-18T18:24:36.212Z - info: Website regeneration complete! Total build time: 0.152s
2025-01-18T18:25:02.515Z - info: [02:25:02] Reload for file change: /Users/damithch/Repos/nus-cs2103/cs2103-website-base/_markbind/layouts/header.md
2025-01-18T18:25:02.515Z - info: Synchronizing opened pages list before reload
2025-01-18T18:25:02.515Z - info: Current opened pages, from most-to-least recent:
2025-01-18T18:25:02.515Z - info: 1. index
2025-01-18T18:25:03.617Z - info: Rebuilding 1 pages
2025-01-18T18:25:03.788Z - info: Site data built
2025-01-18T18:25:03.788Z - info: Pages rebuilt
2025-01-18T18:25:03.788Z - info: Website regeneration complete! Total build time: 0.171s
2025-01-18T18:25:32.521Z - info: [02:25:32] Reload for file change: /Users/damithch/Repos/nus-cs2103/cs2103-website-base/_markbind/layouts/header.md
2025-01-18T18:25:32.521Z - info: Synchronizing opened pages list before reload
2025-01-18T18:25:32.521Z - info: Current opened pages, from most-to-least recent:
2025-01-18T18:25:32.521Z - info: 1. index
2025-01-18T18:25:33.603Z - info: Rebuilding 1 pages
2025-01-18T18:25:33.765Z - info: Site data built
2025-01-18T18:25:33.765Z - info: Pages rebuilt
2025-01-18T18:25:33.765Z - info: Website regeneration complete! Total build time: 0.163s
2025-01-18T18:34:42.676Z - info: Website generation (lazy) started at 02:34:42
2025-01-18T18:34:42.901Z - warn: ENOENT: no such file or directory, open '/Users/damithch/Repos/nus-cs2103/cs2103-website-base/node_modules/.cache/gh-pages/https!github.com!nus-cs2103-AY2425S2!website.git/book/_markbind/variables.md'
2025-01-18T18:34:42.901Z - warn: ENOENT: no such file or directory, open '/Users/damithch/Repos/nus-cs2103/cs2103-website-base/node_modules/.cache/gh-pages/https!github.com!nus-cs2103-AY2425S2!website.git/_markbind/variables.md'
2025-01-18T18:34:42.920Z - info: Building assets...
2025-01-18T18:34:44.451Z - info: Assets built
2025-01-18T18:34:44.452Z - info: Generating landing page...
2025-01-18T18:34:44.906Z - info: Landing page built, other pages will be built as you navigate to them!
2025-01-18T18:34:44.974Z - info: Site data built
2025-01-18T18:34:44.974Z - info: Website generation (lazy) complete! Total build time: 2.858s
2025-01-18T18:34:44.983Z - info: Serving "/Users/damithch/Repos/nus-cs2103/cs2103-website-base/_site" at http://127.0.0.1:8080
2025-01-18T18:34:44.983Z - info: Press CTRL+C to stop ...
2025-01-18T18:35:04.270Z - info: Building /Users/damithch/Repos/nus-cs2103/cs2103-website-base/admin/textbooks as some of its dependencies were changed since the last visit
2025-01-18T18:35:04.430Z - info: Site data built
2025-01-18T18:35:04.430Z - info: Lazy website regeneration complete! Total build time: 0.161s
2025-01-18T18:35:14.744Z - info: Website generation started at 02:35:14
2025-01-18T18:35:14.971Z - warn: ENOENT: no such file or directory, open '/Users/damithch/Repos/nus-cs2103/cs2103-website-base/node_modules/.cache/gh-pages/https!github.com!nus-cs2103-AY2425S2!website.git/book/_markbind/variables.md'
2025-01-18T18:35:14.972Z - warn: ENOENT: no such file or directory, open '/Users/damithch/Repos/nus-cs2103/cs2103-website-base/node_modules/.cache/gh-pages/https!github.com!nus-cs2103-AY2425S2!website.git/_markbind/variables.md'
2025-01-18T18:35:14.992Z - info: Building assets...
2025-01-18T18:35:16.984Z - info: Assets built
2025-01-18T18:35:16.985Z - info: Generating pages...
2025-01-18T18:35:21.781Z - debug:  
2025-01-18T18:35:22.189Z - debug: 2025-01-19 02:35:19.159 java[22278:757963] +[IMKClient subclass]: chose IMKClient_Modern
2025-01-19 02:35:19.159 java[22278:757963] +[IMKInputSession subclass]: chose IMKInputSession_Modern

2025-01-18T18:35:22.189Z - debug:  
2025-01-18T18:35:22.189Z - debug:  
2025-01-18T18:35:22.189Z - debug:  
2025-01-18T18:35:22.189Z - debug:  
2025-01-18T18:35:22.189Z - debug:  
2025-01-18T18:35:22.189Z - debug:  
2025-01-18T18:35:22.189Z - debug: 2025-01-19 02:35:20.041 java[22304:758248] +[IMKClient subclass]: chose IMKClient_Modern
2025-01-19 02:35:20.041 java[22304:758248] +[IMKInputSession subclass]: chose IMKInputSession_Modern

2025-01-18T18:35:22.690Z - debug:  
2025-01-18T18:35:22.690Z - debug:  
2025-01-18T18:35:22.690Z - debug:  
2025-01-18T18:35:22.690Z - debug:  
2025-01-18T18:35:22.690Z - debug:  
2025-01-18T18:35:22.690Z - debug:  
2025-01-18T18:35:22.690Z - debug:  
2025-01-18T18:35:22.908Z - debug: 2025-01-19 02:35:22.485 java[22341:759005] +[IMKClient subclass]: chose IMKClient_Modern
2025-01-19 02:35:22.485 java[22341:759005] +[IMKInputSession subclass]: chose IMKInputSession_Modern

2025-01-18T18:35:32.202Z - debug: 2025-01-19 02:35:31.745 java[22374:759844] +[IMKClient subclass]: chose IMKClient_Modern
2025-01-19 02:35:31.745 java[22374:759844] +[IMKInputSession subclass]: chose IMKInputSession_Modern

2025-01-18T18:36:15.867Z - debug:  
2025-01-18T18:36:26.190Z - debug: 2025-01-19 02:36:25.755 java[22437:761353] +[IMKClient subclass]: chose IMKClient_Modern
2025-01-19 02:36:25.755 java[22437:761353] +[IMKInputSession subclass]: chose IMKInputSession_Modern

2025-01-18T18:36:26.597Z - debug:  
2025-01-18T18:36:31.773Z - info: Pages built
2025-01-18T18:36:31.831Z - info: Site data built
2025-01-18T18:36:31.831Z - info: Website generation complete! Total build time: 77.812s
2025-01-18T18:36:31.831Z - info: Build success!
2025-01-18T18:36:51.590Z - info: The website has been deployed at: https://nus-cs2103-ay2425s2.github.io/website
2025-01-19T04:34:28.550Z - info: Website generation (lazy) started at 12:34:27
2025-01-19T04:34:28.908Z - warn: ENOENT: no such file or directory, open '/Users/damithch/Repos/nus-cs2103/cs2103-website-base/node_modules/.cache/gh-pages/https!github.com!nus-cs2103-AY2425S2!website.git/book/_markbind/variables.md'
2025-01-19T04:34:28.908Z - warn: ENOENT: no such file or directory, open '/Users/damithch/Repos/nus-cs2103/cs2103-website-base/node_modules/.cache/gh-pages/https!github.com!nus-cs2103-AY2425S2!website.git/_markbind/variables.md'
2025-01-19T04:34:28.927Z - info: Building assets...
2025-01-19T04:34:30.450Z - info: Assets built
2025-01-19T04:34:30.451Z - info: Generating landing page...
2025-01-19T04:34:30.783Z - info: Landing page built, other pages will be built as you navigate to them!
2025-01-19T04:34:30.839Z - info: Site data built
2025-01-19T04:34:30.840Z - info: Website generation (lazy) complete! Total build time: 3.043s
2025-01-19T04:34:30.851Z - info: Serving "/Users/damithch/Repos/nus-cs2103/cs2103-website-base/_site" at http://127.0.0.1:8080
2025-01-19T04:34:30.851Z - info: Press CTRL+C to stop ...
2025-01-19T04:34:48.215Z - info: Building /Users/damithch/Repos/nus-cs2103/cs2103-website-base/se-book-adapted/index as some of its dependencies were changed since the last visit
2025-01-19T04:34:48.367Z - info: Site data built
2025-01-19T04:34:48.367Z - info: Lazy website regeneration complete! Total build time: 0.153s
2025-01-19T04:34:52.267Z - info: Building /Users/damithch/Repos/nus-cs2103/cs2103-website-base/se-book-adapted/projectDuke/index as some of its dependencies were changed since the last visit
2025-01-19T04:34:52.571Z - info: Site data built
2025-01-19T04:34:52.571Z - info: Lazy website regeneration complete! Total build time: 0.304s
2025-01-19T04:35:56.480Z - info: [12:35:56] Reload for file change: /Users/damithch/Repos/nus-cs2103/cs2103-website-base/book/projectDuke/text.md
2025-01-19T04:35:56.481Z - info: Synchronizing opened pages list before reload
2025-01-19T04:35:56.482Z - info: Current opened pages, from most-to-least recent:
2025-01-19T04:35:56.483Z - info: 1. se-book-adapted/projectDuke/index
2025-01-19T04:35:57.497Z - info: Rebuilding 1 pages
2025-01-19T04:35:57.751Z - info: Site data built
2025-01-19T04:35:57.751Z - info: Pages rebuilt
2025-01-19T04:35:57.751Z - info: Website regeneration complete! Total build time: 0.257s
2025-01-19T04:38:17.839Z - info: [12:38:17] Reload for file change: /Users/damithch/Repos/nus-cs2103/cs2103-website-base/book/projectDuke/extensions-fragment.md
2025-01-19T04:38:17.841Z - info: Synchronizing opened pages list before reload
2025-01-19T04:38:17.844Z - info: Current opened pages, from most-to-least recent:
2025-01-19T04:38:17.844Z - info: 1. se-book-adapted/projectDuke/index
2025-01-19T04:38:18.861Z - info: Rebuilding 1 pages
2025-01-19T04:38:19.104Z - info: Site data built
2025-01-19T04:38:19.104Z - info: Pages rebuilt
2025-01-19T04:38:19.104Z - info: Website regeneration complete! Total build time: 0.247s
2025-01-19T04:41:03.003Z - info: [12:41:03] Reload for file change: /Users/damithch/Repos/nus-cs2103/cs2103-website-base/book/projectDuke/extensions-fragment.md
2025-01-19T04:41:03.004Z - info: Synchronizing opened pages list before reload
2025-01-19T04:41:03.005Z - info: Current opened pages, from most-to-least recent:
2025-01-19T04:41:03.005Z - info: 1. se-book-adapted/projectDuke/index
2025-01-19T04:41:04.014Z - info: Rebuilding 1 pages
2025-01-19T04:41:04.263Z - info: Site data built
2025-01-19T04:41:04.263Z - info: Pages rebuilt
2025-01-19T04:41:04.263Z - info: Website regeneration complete! Total build time: 0.251s
2025-01-19T04:41:29.184Z - info: [12:41:29] Reload for file change: /Users/damithch/Repos/nus-cs2103/cs2103-website-base/book/projectDuke/extensions-fragment.md
2025-01-19T04:41:29.185Z - info: Synchronizing opened pages list before reload
2025-01-19T04:41:29.185Z - info: Current opened pages, from most-to-least recent:
2025-01-19T04:41:29.185Z - info: 1. se-book-adapted/projectDuke/index
2025-01-19T04:41:30.199Z - info: Rebuilding 1 pages
2025-01-19T04:41:30.443Z - info: Site data built
2025-01-19T04:41:30.443Z - info: Pages rebuilt
2025-01-19T04:41:30.443Z - info: Website regeneration complete! Total build time: 0.246s
2025-01-19T04:43:28.955Z - info: [12:43:28] Reload for file change: /Users/damithch/Repos/nus-cs2103/cs2103-website-base/book/projectDuke/extensions-fragment.md
2025-01-19T04:43:28.956Z - info: Synchronizing opened pages list before reload
2025-01-19T04:43:28.956Z - info: Current opened pages, from most-to-least recent:
2025-01-19T04:43:28.956Z - info: 1. se-book-adapted/projectDuke/index
2025-01-19T04:43:29.960Z - info: Rebuilding 1 pages
2025-01-19T04:43:30.211Z - info: Site data built
2025-01-19T04:43:30.211Z - info: Pages rebuilt
2025-01-19T04:43:30.211Z - info: Website regeneration complete! Total build time: 0.253s
2025-01-19T04:44:17.516Z - info: [12:44:17] Reload for file change: /Users/damithch/Repos/nus-cs2103/cs2103-website-base/book/projectDuke/extensions-fragment.md
2025-01-19T04:44:17.517Z - info: Synchronizing opened pages list before reload
2025-01-19T04:44:17.517Z - info: Current opened pages, from most-to-least recent:
2025-01-19T04:44:17.517Z - info: 1. se-book-adapted/projectDuke/index
2025-01-19T04:44:18.533Z - info: Rebuilding 1 pages
2025-01-19T04:44:18.771Z - info: Site data built
2025-01-19T04:44:18.771Z - info: Pages rebuilt
2025-01-19T04:44:18.771Z - info: Website regeneration complete! Total build time: 0.239s
2025-01-19T04:46:43.479Z - info: [12:46:43] Reload for file change: /Users/damithch/Repos/nus-cs2103/cs2103-website-base/book/projectDuke/extensions-fragment.md
2025-01-19T04:46:43.481Z - info: Synchronizing opened pages list before reload
2025-01-19T04:46:43.482Z - info: Current opened pages, from most-to-least recent:
2025-01-19T04:46:43.483Z - info: 1. se-book-adapted/projectDuke/index
2025-01-19T04:46:44.491Z - info: Rebuilding 1 pages
2025-01-19T04:46:44.738Z - info: Site data built
2025-01-19T04:46:44.738Z - info: Pages rebuilt
2025-01-19T04:46:44.738Z - info: Website regeneration complete! Total build time: 0.251s
2025-01-19T04:47:00.092Z - info: Website generation started at 12:46:59
2025-01-19T04:47:00.358Z - warn: ENOENT: no such file or directory, open '/Users/damithch/Repos/nus-cs2103/cs2103-website-base/node_modules/.cache/gh-pages/https!github.com!nus-cs2103-AY2425S2!website.git/book/_markbind/variables.md'
2025-01-19T04:47:00.359Z - warn: ENOENT: no such file or directory, open '/Users/damithch/Repos/nus-cs2103/cs2103-website-base/node_modules/.cache/gh-pages/https!github.com!nus-cs2103-AY2425S2!website.git/_markbind/variables.md'
2025-01-19T04:47:00.378Z - info: Building assets...
2025-01-19T04:47:01.667Z - info: Assets built
2025-01-19T04:47:01.667Z - info: Generating pages...
2025-01-19T04:47:07.025Z - debug:  
2025-01-19T04:47:07.025Z - debug: 2025-01-19 12:47:03.847 java[27129:942196] +[IMKClient subclass]: chose IMKClient_Modern
2025-01-19 12:47:03.847 java[27129:942196] +[IMKInputSession subclass]: chose IMKInputSession_Modern

2025-01-19T04:47:07.025Z - debug:  
2025-01-19T04:47:07.025Z - debug:  
2025-01-19T04:47:07.025Z - debug:  
2025-01-19T04:47:07.025Z - debug:  
2025-01-19T04:47:07.025Z - debug:  
2025-01-19T04:47:07.025Z - debug:  
2025-01-19T04:47:07.025Z - debug:  
2025-01-19T04:47:07.025Z - debug:  
2025-01-19T04:47:07.025Z - debug: 2025-01-19 12:47:04.893 java[27155:942452] +[IMKClient subclass]: chose IMKClient_Modern
2025-01-19 12:47:04.893 java[27155:942452] +[IMKInputSession subclass]: chose IMKInputSession_Modern

2025-01-19T04:47:07.025Z - debug:  
2025-01-19T04:47:07.025Z - debug:  
2025-01-19T04:47:07.025Z - debug:  
2025-01-19T04:47:07.025Z - debug:  
2025-01-19T04:47:07.025Z - debug:  
2025-01-19T04:47:07.702Z - debug: 2025-01-19 12:47:07.313 java[27194:943240] +[IMKClient subclass]: chose IMKClient_Modern
2025-01-19 12:47:07.313 java[27194:943240] +[IMKInputSession subclass]: chose IMKInputSession_Modern

2025-01-19T04:47:18.544Z - debug: 2025-01-19 12:47:18.182 java[27226:943671] +[IMKClient subclass]: chose IMKClient_Modern
2025-01-19 12:47:18.182 java[27226:943671] +[IMKInputSession subclass]: chose IMKInputSession_Modern

2025-01-19T04:48:04.288Z - debug: 2025-01-19 12:48:00.980 java[27263:944821] +[IMKClient subclass]: chose IMKClient_Modern
2025-01-19 12:48:00.980 java[27263:944821] +[IMKInputSession subclass]: chose IMKInputSession_Modern

2025-01-19T04:48:16.343Z - debug: 2025-01-19 12:48:15.730 java[27295:945552] +[IMKClient subclass]: chose IMKClient_Modern
2025-01-19 12:48:15.730 java[27295:945552] +[IMKInputSession subclass]: chose IMKInputSession_Modern

2025-01-19T04:48:16.601Z - debug:  
2025-01-19T04:48:21.833Z - info: Pages built
2025-01-19T04:48:21.896Z - info: Site data built
2025-01-19T04:48:21.896Z - info: Website generation complete! Total build time: 82.449s
2025-01-19T04:48:21.896Z - info: Build success!
2025-01-19T04:48:41.610Z - info: The website has been deployed at: https://nus-cs2103-ay2425s2.github.io/website
