2025-02-10T05:34:17.556Z - info: Website generation started at 13:34:16
2025-02-10T05:34:17.865Z - warn: ENOENT: no such file or directory, open '/Users/damithch/Repos/nus-cs2103/cs2103-website-base/node_modules/.cache/gh-pages/https!github.com!nus-cs2103-AY2425S2!website.git/book/_markbind/variables.md'
2025-02-10T05:34:17.866Z - warn: ENOENT: no such file or directory, open '/Users/damithch/Repos/nus-cs2103/cs2103-website-base/node_modules/.cache/gh-pages/https!github.com!nus-cs2103-AY2425S2!website.git/_markbind/variables.md'
2025-02-10T05:34:17.884Z - info: Building assets...
2025-02-10T05:34:19.238Z - info: Assets built
2025-02-10T05:34:19.238Z - info: Generating pages...
2025-02-10T05:34:25.338Z - debug:  
2025-02-10T05:34:25.338Z - debug: 2025-02-10 13:34:21.893 java[60208:1052266] +[IMKClient subclass]: chose IMKClient_Modern
2025-02-10 13:34:21.893 java[60208:1052266] +[IMKInputSession subclass]: chose IMKInputSession_Modern

2025-02-10T05:34:25.338Z - debug:  
2025-02-10T05:34:25.338Z - debug:  
2025-02-10T05:34:25.552Z - debug:  
2025-02-10T05:34:25.552Z - debug:  
2025-02-10T05:34:25.552Z - debug:  
2025-02-10T05:34:25.552Z - debug:  
2025-02-10T05:34:25.552Z - debug:  
2025-02-10T05:34:25.552Z - debug:  
2025-02-10T05:34:25.552Z - debug:  
2025-02-10T05:34:25.552Z - debug:  
2025-02-10T05:34:25.552Z - debug: 2025-02-10 13:34:22.844 java[60233:1052513] +[IMKClient subclass]: chose IMKClient_Modern
2025-02-10 13:34:22.844 java[60233:1052513] +[IMKInputSession subclass]: chose IMKInputSession_Modern

2025-02-10T05:34:25.552Z - debug:  
2025-02-10T05:34:25.552Z - debug:  
2025-02-10T05:34:25.552Z - debug:  
2025-02-10T05:34:26.083Z - debug: 2025-02-10 13:34:25.631 java[60267:1053257] +[IMKClient subclass]: chose IMKClient_Modern
2025-02-10 13:34:25.631 java[60267:1053257] +[IMKInputSession subclass]: chose IMKInputSession_Modern

2025-02-10T05:34:34.339Z - debug: 2025-02-10 13:34:33.966 java[60281:1053482] +[IMKClient subclass]: chose IMKClient_Modern
2025-02-10 13:34:33.966 java[60281:1053482] +[IMKInputSession subclass]: chose IMKInputSession_Modern

2025-02-10T05:35:15.679Z - debug: 2025-02-10 13:35:13.518 java[60312:1054229] +[IMKClient subclass]: chose IMKClient_Modern
2025-02-10 13:35:13.518 java[60312:1054229] +[IMKInputSession subclass]: chose IMKInputSession_Modern

2025-02-10T05:35:25.238Z - debug:  
2025-02-10T05:35:25.654Z - debug: 2025-02-10 13:35:24.865 java[60325:1054542] +[IMKClient subclass]: chose IMKClient_Modern
2025-02-10 13:35:24.865 java[60325:1054542] +[IMKInputSession subclass]: chose IMKInputSession_Modern

2025-02-10T05:35:31.591Z - info: Pages built
2025-02-10T05:35:31.656Z - info: Site data built
2025-02-10T05:35:31.656Z - info: Website generation complete! Total build time: 74.874s
2025-02-10T05:35:31.656Z - info: Build success!
2025-02-10T05:35:51.632Z - info: The website has been deployed at: https://nus-cs2103-ay2425s2.github.io/website
2025-02-10T06:40:22.493Z - info: Website generation (lazy) started at 14:40:21
2025-02-10T06:40:22.793Z - warn: ENOENT: no such file or directory, open '/Users/damithch/Repos/nus-cs2103/cs2103-website-base/node_modules/.cache/gh-pages/https!github.com!nus-cs2103-AY2425S2!website.git/book/_markbind/variables.md'
2025-02-10T06:40:22.793Z - warn: ENOENT: no such file or directory, open '/Users/damithch/Repos/nus-cs2103/cs2103-website-base/node_modules/.cache/gh-pages/https!github.com!nus-cs2103-AY2425S2!website.git/_markbind/variables.md'
2025-02-10T06:40:22.812Z - info: Building assets...
2025-02-10T06:40:24.217Z - info: Assets built
2025-02-10T06:40:24.217Z - info: Generating landing page...
2025-02-10T06:40:24.734Z - info: Landing page built, other pages will be built as you navigate to them!
2025-02-10T06:40:24.814Z - info: Site data built
2025-02-10T06:40:24.814Z - info: Website generation (lazy) complete! Total build time: 3.051s
2025-02-10T06:40:24.824Z - info: Serving "/Users/damithch/Repos/nus-cs2103/cs2103-website-base/_site" at http://127.0.0.1:8080
2025-02-10T06:40:24.824Z - info: Press CTRL+C to stop ...
2025-02-10T06:40:28.799Z - info: Building /Users/damithch/Repos/nus-cs2103/cs2103-website-base/schedule/week5/topics as some of its dependencies were changed since the last visit
2025-02-10T06:40:29.533Z - info: Site data built
2025-02-10T06:40:29.533Z - info: Lazy website regeneration complete! Total build time: 0.734s
2025-02-10T06:41:22.935Z - info: [14:41:22] Reload for file change: /Users/damithch/Repos/nus-cs2103/cs2103-website-base/book/specifyingRequirements/userStories/usage/text.md
2025-02-10T06:41:22.939Z - info: Synchronizing opened pages list before reload
2025-02-10T06:41:22.940Z - info: Current opened pages, from most-to-least recent:
2025-02-10T06:41:22.941Z - info: 1. schedule/week5/topics
2025-02-10T06:41:23.950Z - info: Rebuilding 1 pages
2025-02-10T06:41:24.690Z - info: Site data built
2025-02-10T06:41:24.690Z - info: Pages rebuilt
2025-02-10T06:41:24.690Z - info: Website regeneration complete! Total build time: 0.743s
2025-02-10T06:41:49.344Z - info: [14:41:49] Reload for file change: /Users/damithch/Repos/nus-cs2103/cs2103-website-base/book/specifyingRequirements/userStories/usage/text.md
2025-02-10T06:41:49.345Z - info: Synchronizing opened pages list before reload
2025-02-10T06:41:49.345Z - info: Current opened pages, from most-to-least recent:
2025-02-10T06:41:49.345Z - info: 1. schedule/week5/topics
2025-02-10T06:41:50.352Z - info: Rebuilding 1 pages
2025-02-10T06:41:51.052Z - info: Site data built
2025-02-10T06:41:51.052Z - info: Pages rebuilt
2025-02-10T06:41:51.053Z - info: Website regeneration complete! Total build time: 0.703s
2025-02-10T06:42:43.233Z - info: Website generation started at 14:42:42
2025-02-10T06:42:43.505Z - warn: ENOENT: no such file or directory, open '/Users/damithch/Repos/nus-cs2103/cs2103-website-base/node_modules/.cache/gh-pages/https!github.com!nus-cs2103-AY2425S2!website.git/book/_markbind/variables.md'
2025-02-10T06:42:43.506Z - warn: ENOENT: no such file or directory, open '/Users/damithch/Repos/nus-cs2103/cs2103-website-base/node_modules/.cache/gh-pages/https!github.com!nus-cs2103-AY2425S2!website.git/_markbind/variables.md'
2025-02-10T06:42:43.525Z - info: Building assets...
2025-02-10T06:42:44.887Z - info: Assets built
2025-02-10T06:42:44.887Z - info: Generating pages...
2025-02-10T06:42:51.208Z - debug:  
2025-02-10T06:42:51.208Z - debug: 2025-02-10 14:42:47.102 java[61505:1104699] +[IMKClient subclass]: chose IMKClient_Modern
2025-02-10 14:42:47.102 java[61505:1104699] +[IMKInputSession subclass]: chose IMKInputSession_Modern

2025-02-10T06:42:51.208Z - debug:  
2025-02-10T06:42:51.208Z - debug:  
2025-02-10T06:42:51.208Z - debug: 2025-02-10 14:42:48.135 java[61522:1104863] +[IMKClient subclass]: chose IMKClient_Modern
2025-02-10 14:42:48.135 java[61522:1104863] +[IMKInputSession subclass]: chose IMKInputSession_Modern

2025-02-10T06:42:51.208Z - debug:  
2025-02-10T06:42:51.208Z - debug:  
2025-02-10T06:42:51.297Z - debug:  
2025-02-10T06:42:51.297Z - debug:  
2025-02-10T06:42:51.297Z - debug:  
2025-02-10T06:42:51.297Z - debug:  
2025-02-10T06:42:51.297Z - debug:  
2025-02-10T06:42:51.297Z - debug:  
2025-02-10T06:42:51.297Z - debug:  
2025-02-10T06:42:51.297Z - debug:  
2025-02-10T06:42:51.753Z - debug:  
2025-02-10T06:42:51.956Z - debug: 2025-02-10 14:42:51.596 java[61571:1105782] +[IMKClient subclass]: chose IMKClient_Modern
2025-02-10 14:42:51.596 java[61571:1105782] +[IMKInputSession subclass]: chose IMKInputSession_Modern

2025-02-10T06:43:00.656Z - debug: 2025-02-10 14:43:00.292 java[61581:1105979] +[IMKClient subclass]: chose IMKClient_Modern
2025-02-10 14:43:00.292 java[61581:1105979] +[IMKInputSession subclass]: chose IMKInputSession_Modern

2025-02-10T06:43:43.334Z - debug: 2025-02-10 14:43:41.121 java[61607:1107084] +[IMKClient subclass]: chose IMKClient_Modern
2025-02-10 14:43:41.121 java[61607:1107084] +[IMKInputSession subclass]: chose IMKInputSession_Modern

2025-02-10T06:43:53.155Z - debug: 2025-02-10 14:43:52.671 java[61620:1107383] +[IMKClient subclass]: chose IMKClient_Modern
2025-02-10 14:43:52.671 java[61620:1107383] +[IMKInputSession subclass]: chose IMKInputSession_Modern

2025-02-10T06:43:53.489Z - debug:  
2025-02-10T06:43:59.861Z - info: Pages built
2025-02-10T06:43:59.928Z - info: Site data built
2025-02-10T06:43:59.928Z - info: Website generation complete! Total build time: 77.172s
2025-02-10T06:43:59.928Z - info: Build success!
2025-02-10T06:44:21.527Z - info: The website has been deployed at: https://nus-cs2103-ay2425s2.github.io/website
2025-02-10T11:41:01.649Z - info: Website generation (lazy) started at 19:41:00
2025-02-10T11:41:02.016Z - warn: ENOENT: no such file or directory, open '/Users/damithch/Repos/nus-cs2103/cs2103-website-base/node_modules/.cache/gh-pages/https!github.com!nus-cs2103-AY2425S2!website.git/book/_markbind/variables.md'
2025-02-10T11:41:02.016Z - warn: ENOENT: no such file or directory, open '/Users/damithch/Repos/nus-cs2103/cs2103-website-base/node_modules/.cache/gh-pages/https!github.com!nus-cs2103-AY2425S2!website.git/_markbind/variables.md'
2025-02-10T11:41:02.035Z - info: Building assets...
2025-02-10T11:41:03.516Z - info: Assets built
2025-02-10T11:41:03.516Z - info: Generating landing page...
2025-02-10T11:41:03.947Z - info: Landing page built, other pages will be built as you navigate to them!
2025-02-10T11:41:04.015Z - info: Site data built
2025-02-10T11:41:04.016Z - info: Website generation (lazy) complete! Total build time: 3.206s
2025-02-10T11:41:04.026Z - info: Serving "/Users/damithch/Repos/nus-cs2103/cs2103-website-base/_site" at http://127.0.0.1:8080
2025-02-10T11:41:04.026Z - info: Press CTRL+C to stop ...
2025-02-10T11:42:29.970Z - info: Building /Users/damithch/Repos/nus-cs2103/cs2103-website-base/admin/appendixC-faq as some of its dependencies were changed since the last visit
2025-02-10T11:42:31.191Z - info: Site data built
2025-02-10T11:42:31.192Z - info: Lazy website regeneration complete! Total build time: 1.222s
2025-02-10T11:53:29.374Z - info: [19:53:29] Reload for file change: /Users/damithch/Repos/nus-cs2103/cs2103-website-base/admin/faq-fragment.md
2025-02-10T11:53:29.375Z - info: Synchronizing opened pages list before reload
2025-02-10T11:53:29.375Z - info: Current opened pages, from most-to-least recent:
2025-02-10T11:53:29.376Z - info: 1. admin/appendixC-faq
2025-02-10T11:53:30.385Z - info: Rebuilding 1 pages
2025-02-10T11:53:31.631Z - info: Site data built
2025-02-10T11:53:31.631Z - info: Pages rebuilt
2025-02-10T11:53:31.632Z - info: Website regeneration complete! Total build time: 1.249s
2025-02-10T11:54:18.211Z - info: [19:54:18] Reload for file change: /Users/damithch/Repos/nus-cs2103/cs2103-website-base/schedule/week5/tutorial-cs2103-fragment.md
2025-02-10T11:54:18.211Z - info: Synchronizing opened pages list before reload
2025-02-10T11:54:18.211Z - info: Current opened pages, from most-to-least recent:
2025-02-10T11:54:18.212Z - info: 1. admin/appendixC-faq
2025-02-10T11:54:19.222Z - info: Assets built
2025-02-10T11:56:19.242Z - info: Building /Users/damithch/Repos/nus-cs2103/cs2103-website-base/schedule/week5/tutorial as some of its dependencies were changed since the last visit
2025-02-10T11:56:19.818Z - info: Site data built
2025-02-10T11:56:19.818Z - info: Lazy website regeneration complete! Total build time: 0.577s
2025-02-10T11:57:22.055Z - info: [19:57:22] Reload for file change: /Users/damithch/Repos/nus-cs2103/cs2103-website-base/schedule/week5/tutorial-cs2103-fragment.md
2025-02-10T11:57:22.055Z - info: Synchronizing opened pages list before reload
2025-02-10T11:57:22.055Z - info: Current opened pages, from most-to-least recent:
2025-02-10T11:57:22.056Z - info: 1. schedule/week5/tutorial
2025-02-10T11:57:23.062Z - info: Rebuilding 1 pages
2025-02-10T11:57:23.617Z - info: Site data built
2025-02-10T11:57:23.617Z - info: Pages rebuilt
2025-02-10T11:57:23.617Z - info: Website regeneration complete! Total build time: 0.558s
2025-02-10T11:58:06.463Z - info: Website generation started at 19:58:05
2025-02-10T11:58:06.742Z - warn: ENOENT: no such file or directory, open '/Users/damithch/Repos/nus-cs2103/cs2103-website-base/node_modules/.cache/gh-pages/https!github.com!nus-cs2103-AY2425S2!website.git/book/_markbind/variables.md'
2025-02-10T11:58:06.743Z - warn: ENOENT: no such file or directory, open '/Users/damithch/Repos/nus-cs2103/cs2103-website-base/node_modules/.cache/gh-pages/https!github.com!nus-cs2103-AY2425S2!website.git/_markbind/variables.md'
2025-02-10T11:58:06.762Z - info: Building assets...
2025-02-10T11:58:08.272Z - info: Assets built
2025-02-10T11:58:08.272Z - info: Generating pages...
2025-02-10T11:58:14.034Z - debug:  
2025-02-10T11:58:14.034Z - debug:  
2025-02-10T11:58:14.034Z - debug:  
2025-02-10T11:58:14.034Z - debug:  
2025-02-10T11:58:14.034Z - debug:  
2025-02-10T11:58:14.034Z - debug:  
2025-02-10T11:58:14.034Z - debug:  
2025-02-10T11:58:14.034Z - debug:  
2025-02-10T11:58:14.034Z - debug:  
2025-02-10T11:58:14.034Z - debug:  
2025-02-10T11:58:14.034Z - debug:  
2025-02-10T11:58:14.034Z - debug:  
2025-02-10T11:58:14.034Z - debug: 2025-02-10 19:58:11.644 java[66650:1535676] +[IMKClient subclass]: chose IMKClient_Modern
2025-02-10 19:58:11.644 java[66650:1535676] +[IMKInputSession subclass]: chose IMKInputSession_Modern

2025-02-10T11:58:14.034Z - debug:  
2025-02-10T11:58:14.034Z - debug:  
2025-02-10T11:58:14.034Z - debug:  
2025-02-10T11:58:14.995Z - debug: 2025-02-10 19:58:14.595 java[66680:1536565] +[IMKClient subclass]: chose IMKClient_Modern
2025-02-10 19:58:14.595 java[66680:1536565] +[IMKInputSession subclass]: chose IMKInputSession_Modern

2025-02-10T11:58:24.489Z - debug: 2025-02-10 19:58:23.683 java[66697:1536931] +[IMKClient subclass]: chose IMKClient_Modern
2025-02-10 19:58:23.683 java[66697:1536931] +[IMKInputSession subclass]: chose IMKInputSession_Modern

2025-02-10T11:59:10.232Z - debug: 2025-02-10 19:59:07.611 java[66792:1538753] +[IMKClient subclass]: chose IMKClient_Modern
2025-02-10 19:59:07.611 java[66792:1538753] +[IMKInputSession subclass]: chose IMKInputSession_Modern

2025-02-10T11:59:21.003Z - debug: 2025-02-10 19:59:20.098 java[66818:1539313] +[IMKClient subclass]: chose IMKClient_Modern
2025-02-10 19:59:20.098 java[66818:1539313] +[IMKInputSession subclass]: chose IMKInputSession_Modern

2025-02-10T11:59:21.013Z - debug:  
2025-02-10T11:59:28.317Z - info: Pages built
2025-02-10T11:59:28.389Z - info: Site data built
2025-02-10T11:59:28.389Z - info: Website generation complete! Total build time: 82.555s
2025-02-10T11:59:28.389Z - info: Build success!
2025-02-10T11:59:49.812Z - info: The website has been deployed at: https://nus-cs2103-ay2425s2.github.io/website
