2025-01-06T12:33:46.460Z - info: Website generation (lazy) started at 20:33:45
2025-01-06T12:33:46.801Z - warn: ENOENT: no such file or directory, open '/Users/damithch/Repos/nus-cs2103/cs2103-website-base/node_modules/.cache/gh-pages/https!github.com!nus-cs2113-AY2425S2!website.git/book/_markbind/variables.md'
2025-01-06T12:33:46.802Z - warn: ENOENT: no such file or directory, open '/Users/damithch/Repos/nus-cs2103/cs2103-website-base/node_modules/.cache/gh-pages/https!github.com!nus-cs2113-AY2425S2!website.git/_markbind/variables.md'
2025-01-06T12:33:46.822Z - info: Building assets...
2025-01-06T12:33:48.039Z - info: Assets built
2025-01-06T12:33:48.039Z - info: Generating landing page...
2025-01-06T12:33:48.224Z - info: Landing page built, other pages will be built as you navigate to them!
2025-01-06T12:33:48.289Z - info: Site data built
2025-01-06T12:33:48.289Z - info: Website generation (lazy) complete! Total build time: 2.464s
2025-01-06T12:33:48.299Z - info: Serving "/Users/damithch/Repos/nus-cs2103/cs2103-website-base/_site" at http://127.0.0.1:8080
2025-01-06T12:33:48.299Z - info: Press CTRL+C to stop ...
2025-01-06T12:33:57.418Z - info: Building /Users/damithch/Repos/nus-cs2103/cs2103-website-base/schedule/week1/index as some of its dependencies were changed since the last visit
2025-01-06T12:33:57.715Z - info: Site data built
2025-01-06T12:33:57.715Z - info: Lazy website regeneration complete! Total build time: 0.298s
2025-01-06T12:37:41.537Z - info: Website generation started at 20:37:41
2025-01-06T12:37:41.826Z - warn: ENOENT: no such file or directory, open '/Users/damithch/Repos/nus-cs2103/cs2103-website-base/node_modules/.cache/gh-pages/https!github.com!nus-cs2113-AY2425S2!website.git/book/_markbind/variables.md'
2025-01-06T12:37:41.827Z - warn: ENOENT: no such file or directory, open '/Users/damithch/Repos/nus-cs2103/cs2103-website-base/node_modules/.cache/gh-pages/https!github.com!nus-cs2113-AY2425S2!website.git/_markbind/variables.md'
2025-01-06T12:37:41.846Z - info: Building assets...
2025-01-06T12:37:43.395Z - info: Assets built
2025-01-06T12:37:43.396Z - info: Generating pages...
2025-01-06T12:37:48.763Z - debug:  
2025-01-06T12:37:48.764Z - debug:  
2025-01-06T12:37:48.764Z - debug:  
2025-01-06T12:37:48.764Z - debug: 2025-01-06 20:37:46.454 java[29306:1467017] +[IMKClient subclass]: chose IMKClient_Modern
2025-01-06 20:37:46.454 java[29306:1467017] +[IMKInputSession subclass]: chose IMKInputSession_Modern

2025-01-06T12:37:48.764Z - debug:  
2025-01-06T12:37:48.764Z - debug:  
2025-01-06T12:37:48.813Z - debug:  
2025-01-06T12:37:48.813Z - debug:  
2025-01-06T12:37:49.307Z - debug:  
2025-01-06T12:37:49.307Z - debug:  
2025-01-06T12:37:49.307Z - debug:  
2025-01-06T12:37:49.307Z - debug:  
2025-01-06T12:37:49.307Z - debug:  
2025-01-06T12:37:49.307Z - debug:  
2025-01-06T12:37:49.307Z - debug:  
2025-01-06T12:37:49.308Z - debug:  
2025-01-06T12:37:49.411Z - debug: 2025-01-06 20:37:49.057 java[29405:1467849] +[IMKClient subclass]: chose IMKClient_Modern
2025-01-06 20:37:49.057 java[29405:1467849] +[IMKInputSession subclass]: chose IMKInputSession_Modern

2025-01-06T12:37:57.053Z - debug: 2025-01-06 20:37:56.400 java[29519:1468339] +[IMKClient subclass]: chose IMKClient_Modern
2025-01-06 20:37:56.400 java[29519:1468339] +[IMKInputSession subclass]: chose IMKInputSession_Modern

2025-01-06T12:38:36.889Z - debug: 2025-01-06 20:38:34.612 java[30251:1470672] +[IMKClient subclass]: chose IMKClient_Modern
2025-01-06 20:38:34.612 java[30251:1470672] +[IMKInputSession subclass]: chose IMKInputSession_Modern

2025-01-06T12:38:46.217Z - debug: 2025-01-06 20:38:45.541 java[30351:1471115] +[IMKClient subclass]: chose IMKClient_Modern
2025-01-06 20:38:45.541 java[30351:1471115] +[IMKInputSession subclass]: chose IMKInputSession_Modern

2025-01-06T12:38:46.378Z - debug:  
2025-01-06T12:38:51.082Z - info: Pages built
2025-01-06T12:38:51.144Z - info: Site data built
2025-01-06T12:38:51.144Z - info: Website generation complete! Total build time: 70.098s
2025-01-06T12:38:51.144Z - info: Build success!
2025-01-06T12:39:10.581Z - info: The website has been deployed at: https://nus-cs2103-ay2425s2.github.io/website
