2025-04-17T16:03:47.653Z - info: The website has been deployed at: https://nus-cs2103-ay2425s2.github.io/website
2025-04-18T11:03:03.872Z - info: Website generation (lazy) started at 19:03:03
2025-04-18T11:03:04.161Z - warn: ENOENT: no such file or directory, open '/Users/damithch/Repos/nus-cs2103/cs2103-website-base/node_modules/.cache/gh-pages/https!github.com!nus-cs2103-AY2425S2!website.git/book/_markbind/variables.md'
2025-04-18T11:03:04.161Z - warn: ENOENT: no such file or directory, open '/Users/damithch/Repos/nus-cs2103/cs2103-website-base/node_modules/.cache/gh-pages/https!github.com!nus-cs2103-AY2425S2!website.git/_markbind/variables.md'
2025-04-18T11:03:04.181Z - info: Building assets...
2025-04-18T11:03:05.595Z - info: Assets built
2025-04-18T11:03:05.595Z - info: Generating landing page...
2025-04-18T11:03:05.891Z - info: Landing page built, other pages will be built as you navigate to them!
2025-04-18T11:03:05.968Z - info: Site data built
2025-04-18T11:03:05.968Z - info: Website generation (lazy) complete! Total build time: 2.913s
2025-04-18T11:03:05.976Z - info: Serving "/Users/damithch/Repos/nus-cs2103/cs2103-website-base/_site" at http://127.0.0.1:8080
2025-04-18T11:03:05.977Z - info: Press CTRL+C to stop ...
2025-04-18T11:03:10.634Z - info: Building /Users/damithch/Repos/nus-cs2103/cs2103-website-base/admin/exams as some of its dependencies were changed since the last visit
2025-04-18T11:03:10.861Z - info: Site data built
2025-04-18T11:03:10.861Z - info: Lazy website regeneration complete! Total build time: 0.228s
2025-04-18T11:03:34.658Z - info: Website generation started at 19:03:34
2025-04-18T11:03:34.841Z - warn: ENOENT: no such file or directory, open '/Users/damithch/Repos/nus-cs2103/cs2103-website-base/node_modules/.cache/gh-pages/https!github.com!nus-cs2103-AY2425S2!website.git/book/_markbind/variables.md'
2025-04-18T11:03:34.842Z - warn: ENOENT: no such file or directory, open '/Users/damithch/Repos/nus-cs2103/cs2103-website-base/node_modules/.cache/gh-pages/https!github.com!nus-cs2103-AY2425S2!website.git/_markbind/variables.md'
2025-04-18T11:03:34.861Z - info: Building assets...
2025-04-18T11:03:36.252Z - info: Assets built
2025-04-18T11:03:36.252Z - info: Generating pages...
2025-04-18T11:03:43.349Z - debug:  
2025-04-18T11:03:43.349Z - debug: 2025-04-18 19:03:39.636 java[51613:5873008] +[IMKClient subclass]: chose IMKClient_Modern
2025-04-18 19:03:39.636 java[51613:5873008] +[IMKInputSession subclass]: chose IMKInputSession_Modern

2025-04-18T11:03:43.349Z - debug:  
2025-04-18T11:03:43.349Z - debug:  
2025-04-18T11:03:43.349Z - debug:  
2025-04-18T11:03:43.349Z - debug:  
2025-04-18T11:03:43.349Z - debug:  
2025-04-18T11:03:43.349Z - debug:  
2025-04-18T11:03:43.349Z - debug:  
2025-04-18T11:03:43.349Z - debug:  
2025-04-18T11:03:43.349Z - debug:  
2025-04-18T11:03:43.349Z - debug:  
2025-04-18T11:03:43.349Z - debug:  
2025-04-18T11:03:43.349Z - debug:  
2025-04-18T11:03:43.349Z - debug: 2025-04-18 19:03:40.953 java[51653:5873357] +[IMKClient subclass]: chose IMKClient_Modern
2025-04-18 19:03:40.953 java[51653:5873357] +[IMKInputSession subclass]: chose IMKInputSession_Modern

2025-04-18T11:03:43.404Z - debug:  
2025-04-18T11:03:43.996Z - debug: 2025-04-18 19:03:43.619 java[51696:5874124] +[IMKClient subclass]: chose IMKClient_Modern
2025-04-18 19:03:43.619 java[51696:5874124] +[IMKInputSession subclass]: chose IMKInputSession_Modern

2025-04-18T11:03:54.458Z - debug: 2025-04-18 19:03:53.682 java[51733:5874509] +[IMKClient subclass]: chose IMKClient_Modern
2025-04-18 19:03:53.683 java[51733:5874509] +[IMKInputSession subclass]: chose IMKInputSession_Modern

2025-04-18T11:04:43.931Z - debug: 2025-04-18 19:04:41.207 java[51805:5876584] +[IMKClient subclass]: chose IMKClient_Modern
2025-04-18 19:04:41.207 java[51805:5876584] +[IMKInputSession subclass]: chose IMKInputSession_Modern

2025-04-18T11:04:55.887Z - debug: 2025-04-18 19:04:55.110 java[51821:5877036] +[IMKClient subclass]: chose IMKClient_Modern
2025-04-18 19:04:55.110 java[51821:5877036] +[IMKInputSession subclass]: chose IMKInputSession_Modern

2025-04-18T11:04:56.061Z - debug:  
2025-04-18T11:05:02.909Z - info: Pages built
2025-04-18T11:05:03.050Z - info: Site data built
2025-04-18T11:05:03.050Z - info: Website generation complete! Total build time: 88.862s
2025-04-18T11:05:03.050Z - info: Build success!
2025-04-18T11:05:27.247Z - info: The website has been deployed at: https://nus-cs2103-ay2425s2.github.io/website
