2025-04-22T16:13:31.888Z - info: Website generation (lazy) started at 00:13:31
2025-04-22T16:13:32.136Z - warn: ENOENT: no such file or directory, open '/Users/damithch/Repos/nus-cs2103/cs2103-website-base/node_modules/.cache/gh-pages/https!github.com!nus-cs2103-AY2425S2!website.git/book/_markbind/variables.md'
2025-04-22T16:13:32.136Z - warn: ENOENT: no such file or directory, open '/Users/damithch/Repos/nus-cs2103/cs2103-website-base/node_modules/.cache/gh-pages/https!github.com!nus-cs2103-AY2425S2!website.git/_markbind/variables.md'
2025-04-22T16:13:32.156Z - info: Building assets...
2025-04-22T16:13:33.818Z - info: Assets built
2025-04-22T16:13:33.818Z - info: Generating landing page...
2025-04-22T16:13:34.120Z - info: Landing page built, other pages will be built as you navigate to them!
2025-04-22T16:13:34.187Z - info: Site data built
2025-04-22T16:13:34.187Z - info: Website generation (lazy) complete! Total build time: 3.111s
2025-04-22T16:13:34.196Z - info: Serving "/Users/damithch/Repos/nus-cs2103/cs2103-website-base/_site" at http://127.0.0.1:8080
2025-04-22T16:13:34.196Z - info: Press CTRL+C to stop ...
2025-04-22T16:14:35.846Z - info: Building /Users/damithch/Repos/nus-cs2103/cs2103-website-base/admin/exams as some of its dependencies were changed since the last visit
2025-04-22T16:14:36.146Z - info: Site data built
2025-04-22T16:14:36.147Z - info: Lazy website regeneration complete! Total build time: 0.301s
2025-04-22T16:15:48.675Z - info: [00:15:48] Reload for file change: /Users/damithch/Repos/nus-cs2103/cs2103-website-base/admin/exams.md
2025-04-22T16:15:48.677Z - info: Synchronizing opened pages list before reload
2025-04-22T16:15:48.680Z - info: Current opened pages, from most-to-least recent:
2025-04-22T16:15:48.681Z - info: 1. admin/exams
2025-04-22T16:15:49.695Z - info: Rebuilding 1 pages
2025-04-22T16:15:49.703Z - error:  Template render error: (/Users/damithch/Repos/nus-cs2103/cs2103-website-base/admin/exams.md) [Line 4, Column 9]
  unexpected token: %}
    at Object._prettifyError (/opt/homebrew/lib/node_modules/markbind-cli/node_modules/nunjucks/src/lib.js:32:11)
    at Template.render (/opt/homebrew/lib/node_modules/markbind-cli/node_modules/@markbind/core/src/patches/nunjucks/context-overrides-frame.js:358:19)
    at /opt/homebrew/lib/node_modules/markbind-cli/node_modules/@markbind/core/src/patches/nunjucks/context-overrides-frame.js:54:25
    at createTemplate (/opt/homebrew/lib/node_modules/markbind-cli/node_modules/@markbind/core/src/patches/nunjucks/load-event.js:121:7)
    at handle (/opt/homebrew/lib/node_modules/markbind-cli/node_modules/@markbind/core/src/patches/nunjucks/load-event.js:133:9)
    at /opt/homebrew/lib/node_modules/markbind-cli/node_modules/@markbind/core/src/patches/nunjucks/load-event.js:145:7
    at next (/opt/homebrew/lib/node_modules/markbind-cli/node_modules/nunjucks/src/lib.js:258:7)
    at Object.asyncIter (/opt/homebrew/lib/node_modules/markbind-cli/node_modules/nunjucks/src/lib.js:263:3)
    at Environment.getTemplate (/opt/homebrew/lib/node_modules/markbind-cli/node_modules/@markbind/core/src/patches/nunjucks/load-event.js:127:7)
    at Environment.render (/opt/homebrew/lib/node_modules/markbind-cli/node_modules/@markbind/core/src/patches/nunjucks/context-overrides-frame.js:48:8)
    at VariableRenderer.renderFile (/opt/homebrew/lib/node_modules/markbind-cli/node_modules/@markbind/core/src/variables/VariableRenderer.js:73:24)
    at VariableProcessor.renderWithSiteVariables (/opt/homebrew/lib/node_modules/markbind-cli/node_modules/@markbind/core/src/variables/VariableProcessor.js:154:57)
    at Page.<anonymous> (/opt/homebrew/lib/node_modules/markbind-cli/node_modules/@markbind/core/src/Page/index.js:494:45)
    at Generator.next (<anonymous>)
    at /opt/homebrew/lib/node_modules/markbind-cli/node_modules/@markbind/core/src/Page/index.js:31:71
    at new Promise (<anonymous>)
2025-04-22T16:15:49.704Z - warn:  Error: Error while generating /Users/damithch/Repos/nus-cs2103/cs2103-website-base/admin/exams.md
    at Site.<anonymous> (/opt/homebrew/lib/node_modules/markbind-cli/node_modules/@markbind/core/src/Site/index.js:927:27)
    at Generator.throw (<anonymous>)
    at rejected (/opt/homebrew/lib/node_modules/markbind-cli/node_modules/@markbind/core/src/Site/index.js:29:65)
2025-04-22T16:16:22.406Z - info: [00:16:22] Reload for file change: /Users/damithch/Repos/nus-cs2103/cs2103-website-base/admin/exams.md
2025-04-22T16:16:22.407Z - info: Synchronizing opened pages list before reload
2025-04-22T16:16:22.408Z - info: Current opened pages, from most-to-least recent:
2025-04-22T16:16:22.411Z - info: 1. admin/exams
2025-04-22T16:16:23.421Z - info: Rebuilding 1 pages
2025-04-22T16:16:23.634Z - info: Site data built
2025-04-22T16:16:23.634Z - info: Pages rebuilt
2025-04-22T16:16:23.634Z - info: Website regeneration complete! Total build time: 0.216s
2025-04-22T16:18:36.172Z - info: [00:18:36] Reload for file change: /Users/damithch/Repos/nus-cs2103/cs2103-website-base/admin/exams.md
2025-04-22T16:18:36.176Z - info: Synchronizing opened pages list before reload
2025-04-22T16:18:36.179Z - info: Current opened pages, from most-to-least recent:
2025-04-22T16:18:36.179Z - info: 1. admin/exams
2025-04-22T16:18:37.196Z - info: Rebuilding 1 pages
2025-04-22T16:18:37.424Z - info: Site data built
2025-04-22T16:18:37.424Z - info: Pages rebuilt
2025-04-22T16:18:37.424Z - info: Website regeneration complete! Total build time: 0.232s
2025-04-22T16:19:04.665Z - info: [00:19:04] Reload for file change: /Users/damithch/Repos/nus-cs2103/cs2103-website-base/admin/exams.md
2025-04-22T16:19:04.665Z - info: Synchronizing opened pages list before reload
2025-04-22T16:19:04.666Z - info: Current opened pages, from most-to-least recent:
2025-04-22T16:19:04.666Z - info: 1. admin/exams
2025-04-22T16:19:05.691Z - info: Rebuilding 1 pages
2025-04-22T16:19:05.874Z - info: Site data built
2025-04-22T16:19:05.874Z - info: Pages rebuilt
2025-04-22T16:19:05.874Z - info: Website regeneration complete! Total build time: 0.188s
2025-04-22T16:21:32.722Z - info: [00:21:32] Reload for file change: /Users/damithch/Repos/nus-cs2103/cs2103-website-base/admin/exams.md
2025-04-22T16:21:32.728Z - info: Synchronizing opened pages list before reload
2025-04-22T16:21:32.732Z - info: Current opened pages, from most-to-least recent:
2025-04-22T16:21:32.733Z - info: 1. admin/exams
2025-04-22T16:21:33.747Z - info: Rebuilding 1 pages
2025-04-22T16:21:33.989Z - info: Site data built
2025-04-22T16:21:33.989Z - info: Pages rebuilt
2025-04-22T16:21:33.989Z - info: Website regeneration complete! Total build time: 0.25s
2025-04-22T16:33:22.319Z - info: [00:33:22] Reload for file change: /Users/damithch/Repos/nus-cs2103/cs2103-website-base/admin/exams.md
2025-04-22T16:33:22.325Z - info: Synchronizing opened pages list before reload
2025-04-22T16:33:22.333Z - info: Current opened pages, from most-to-least recent:
2025-04-22T16:33:22.333Z - info: 1. admin/exams
2025-04-22T16:33:23.343Z - info: Rebuilding 1 pages
2025-04-22T16:33:23.588Z - info: Site data built
2025-04-22T16:33:23.588Z - info: Pages rebuilt
2025-04-22T16:33:23.588Z - info: Website regeneration complete! Total build time: 0.248s
2025-04-22T16:35:51.916Z - info: [00:35:51] Reload for file change: /Users/damithch/Repos/nus-cs2103/cs2103-website-base/admin/exams.md
2025-04-22T16:35:51.918Z - info: Synchronizing opened pages list before reload
2025-04-22T16:35:51.918Z - info: Current opened pages, from most-to-least recent:
2025-04-22T16:35:51.919Z - info: 1. admin/exams
2025-04-22T16:35:52.930Z - info: Rebuilding 1 pages
2025-04-22T16:35:52.939Z - error:  Template render error: (/Users/damithch/Repos/nus-cs2103/cs2103-website-base/admin/exams.md) [Line 75, Column 226]
  unknown block tag: else
    at Object._prettifyError (/opt/homebrew/lib/node_modules/markbind-cli/node_modules/nunjucks/src/lib.js:32:11)
    at Template.render (/opt/homebrew/lib/node_modules/markbind-cli/node_modules/@markbind/core/src/patches/nunjucks/context-overrides-frame.js:358:19)
    at /opt/homebrew/lib/node_modules/markbind-cli/node_modules/@markbind/core/src/patches/nunjucks/context-overrides-frame.js:54:25
    at createTemplate (/opt/homebrew/lib/node_modules/markbind-cli/node_modules/@markbind/core/src/patches/nunjucks/load-event.js:121:7)
    at handle (/opt/homebrew/lib/node_modules/markbind-cli/node_modules/@markbind/core/src/patches/nunjucks/load-event.js:133:9)
    at /opt/homebrew/lib/node_modules/markbind-cli/node_modules/@markbind/core/src/patches/nunjucks/load-event.js:145:7
    at next (/opt/homebrew/lib/node_modules/markbind-cli/node_modules/nunjucks/src/lib.js:258:7)
    at Object.asyncIter (/opt/homebrew/lib/node_modules/markbind-cli/node_modules/nunjucks/src/lib.js:263:3)
    at Environment.getTemplate (/opt/homebrew/lib/node_modules/markbind-cli/node_modules/@markbind/core/src/patches/nunjucks/load-event.js:127:7)
    at Environment.render (/opt/homebrew/lib/node_modules/markbind-cli/node_modules/@markbind/core/src/patches/nunjucks/context-overrides-frame.js:48:8)
    at VariableRenderer.renderFile (/opt/homebrew/lib/node_modules/markbind-cli/node_modules/@markbind/core/src/variables/VariableRenderer.js:73:24)
    at VariableProcessor.renderWithSiteVariables (/opt/homebrew/lib/node_modules/markbind-cli/node_modules/@markbind/core/src/variables/VariableProcessor.js:154:57)
    at Page.<anonymous> (/opt/homebrew/lib/node_modules/markbind-cli/node_modules/@markbind/core/src/Page/index.js:494:45)
    at Generator.next (<anonymous>)
    at /opt/homebrew/lib/node_modules/markbind-cli/node_modules/@markbind/core/src/Page/index.js:31:71
    at new Promise (<anonymous>)
2025-04-22T16:35:52.940Z - warn:  Error: Error while generating /Users/damithch/Repos/nus-cs2103/cs2103-website-base/admin/exams.md
    at Site.<anonymous> (/opt/homebrew/lib/node_modules/markbind-cli/node_modules/@markbind/core/src/Site/index.js:927:27)
    at Generator.throw (<anonymous>)
    at rejected (/opt/homebrew/lib/node_modules/markbind-cli/node_modules/@markbind/core/src/Site/index.js:29:65)
2025-04-22T16:37:39.051Z - info: [00:37:39] Reload for file change: /Users/damithch/Repos/nus-cs2103/cs2103-website-base/admin/exams.md
2025-04-22T16:37:39.053Z - info: Synchronizing opened pages list before reload
2025-04-22T16:37:39.053Z - info: Current opened pages, from most-to-least recent:
2025-04-22T16:37:39.053Z - info: 1. admin/exams
2025-04-22T16:37:40.063Z - info: Rebuilding 1 pages
2025-04-22T16:37:40.068Z - error:  Template render error: (/Users/damithch/Repos/nus-cs2103/cs2103-website-base/admin/exams.md) [Line 76, Column 146]
  unknown block tag: else
    at Object._prettifyError (/opt/homebrew/lib/node_modules/markbind-cli/node_modules/nunjucks/src/lib.js:32:11)
    at Template.render (/opt/homebrew/lib/node_modules/markbind-cli/node_modules/@markbind/core/src/patches/nunjucks/context-overrides-frame.js:358:19)
    at /opt/homebrew/lib/node_modules/markbind-cli/node_modules/@markbind/core/src/patches/nunjucks/context-overrides-frame.js:54:25
    at createTemplate (/opt/homebrew/lib/node_modules/markbind-cli/node_modules/@markbind/core/src/patches/nunjucks/load-event.js:121:7)
    at handle (/opt/homebrew/lib/node_modules/markbind-cli/node_modules/@markbind/core/src/patches/nunjucks/load-event.js:133:9)
    at /opt/homebrew/lib/node_modules/markbind-cli/node_modules/@markbind/core/src/patches/nunjucks/load-event.js:145:7
    at next (/opt/homebrew/lib/node_modules/markbind-cli/node_modules/nunjucks/src/lib.js:258:7)
    at Object.asyncIter (/opt/homebrew/lib/node_modules/markbind-cli/node_modules/nunjucks/src/lib.js:263:3)
    at Environment.getTemplate (/opt/homebrew/lib/node_modules/markbind-cli/node_modules/@markbind/core/src/patches/nunjucks/load-event.js:127:7)
    at Environment.render (/opt/homebrew/lib/node_modules/markbind-cli/node_modules/@markbind/core/src/patches/nunjucks/context-overrides-frame.js:48:8)
    at VariableRenderer.renderFile (/opt/homebrew/lib/node_modules/markbind-cli/node_modules/@markbind/core/src/variables/VariableRenderer.js:73:24)
    at VariableProcessor.renderWithSiteVariables (/opt/homebrew/lib/node_modules/markbind-cli/node_modules/@markbind/core/src/variables/VariableProcessor.js:154:57)
    at Page.<anonymous> (/opt/homebrew/lib/node_modules/markbind-cli/node_modules/@markbind/core/src/Page/index.js:494:45)
    at Generator.next (<anonymous>)
    at /opt/homebrew/lib/node_modules/markbind-cli/node_modules/@markbind/core/src/Page/index.js:31:71
    at new Promise (<anonymous>)
2025-04-22T16:37:40.069Z - warn:  Error: Error while generating /Users/damithch/Repos/nus-cs2103/cs2103-website-base/admin/exams.md
    at Site.<anonymous> (/opt/homebrew/lib/node_modules/markbind-cli/node_modules/@markbind/core/src/Site/index.js:927:27)
    at Generator.throw (<anonymous>)
    at rejected (/opt/homebrew/lib/node_modules/markbind-cli/node_modules/@markbind/core/src/Site/index.js:29:65)
2025-04-22T16:39:50.289Z - info: [00:39:50] Reload for file change: /Users/damithch/Repos/nus-cs2103/cs2103-website-base/admin/exams.md
2025-04-22T16:39:50.292Z - info: Synchronizing opened pages list before reload
2025-04-22T16:39:50.293Z - info: Current opened pages, from most-to-least recent:
2025-04-22T16:39:50.293Z - info: 1. admin/exams
2025-04-22T16:39:51.302Z - info: Rebuilding 1 pages
2025-04-22T16:39:51.541Z - info: Site data built
2025-04-22T16:39:51.541Z - info: Pages rebuilt
2025-04-22T16:39:51.541Z - info: Website regeneration complete! Total build time: 0.243s
2025-04-22T16:44:04.800Z - info: [00:44:04] Reload for file change: /Users/damithch/Repos/nus-cs2103/cs2103-website-base/admin/exams.md
2025-04-22T16:44:04.802Z - info: Synchronizing opened pages list before reload
2025-04-22T16:44:04.803Z - info: Current opened pages, from most-to-least recent:
2025-04-22T16:44:04.803Z - info: 1. admin/exams
2025-04-22T16:44:05.820Z - info: Rebuilding 1 pages
2025-04-22T16:44:06.025Z - info: Site data built
2025-04-22T16:44:06.025Z - info: Pages rebuilt
2025-04-22T16:44:06.025Z - info: Website regeneration complete! Total build time: 0.208s
2025-04-22T16:45:52.232Z - info: [00:45:52] Reload for file change: /Users/damithch/Repos/nus-cs2103/cs2103-website-base/admin/exams.md
2025-04-22T16:45:52.237Z - info: Synchronizing opened pages list before reload
2025-04-22T16:45:52.238Z - info: Current opened pages, from most-to-least recent:
2025-04-22T16:45:52.238Z - info: 1. admin/exams
2025-04-22T16:45:53.249Z - info: Rebuilding 1 pages
2025-04-22T16:45:53.487Z - info: Site data built
2025-04-22T16:45:53.487Z - info: Pages rebuilt
2025-04-22T16:45:53.487Z - info: Website regeneration complete! Total build time: 0.24s
2025-04-22T16:47:15.148Z - info: [00:47:15] Reload for file change: /Users/damithch/Repos/nus-cs2103/cs2103-website-base/admin/exams.md
2025-04-22T16:47:15.154Z - info: Synchronizing opened pages list before reload
2025-04-22T16:47:15.155Z - info: Current opened pages, from most-to-least recent:
2025-04-22T16:47:15.155Z - info: 1. admin/exams
2025-04-22T16:47:16.164Z - info: Rebuilding 1 pages
2025-04-22T16:47:16.392Z - info: Site data built
2025-04-22T16:47:16.393Z - info: Pages rebuilt
2025-04-22T16:47:16.393Z - info: Website regeneration complete! Total build time: 0.233s
2025-04-22T16:49:00.519Z - info: [00:49:00] Reload for file change: /Users/damithch/Repos/nus-cs2103/cs2103-website-base/admin/exams.md
2025-04-22T16:49:00.526Z - info: Synchronizing opened pages list before reload
2025-04-22T16:49:00.527Z - info: Current opened pages, from most-to-least recent:
2025-04-22T16:49:00.527Z - info: 1. admin/exams
2025-04-22T16:49:01.550Z - info: Rebuilding 1 pages
2025-04-22T16:49:01.798Z - info: Site data built
2025-04-22T16:49:01.798Z - info: Pages rebuilt
2025-04-22T16:49:01.798Z - info: Website regeneration complete! Total build time: 0.251s
2025-04-22T16:50:22.088Z - info: [00:50:22] Reload for file change: /Users/damithch/Repos/nus-cs2103/cs2103-website-base/admin/exams.md
2025-04-22T16:50:22.089Z - info: Synchronizing opened pages list before reload
2025-04-22T16:50:22.089Z - info: Current opened pages, from most-to-least recent:
2025-04-22T16:50:22.091Z - info: 1. admin/exams
2025-04-22T16:50:23.099Z - info: Rebuilding 1 pages
2025-04-22T16:50:23.306Z - info: Site data built
2025-04-22T16:50:23.306Z - info: Pages rebuilt
2025-04-22T16:50:23.306Z - info: Website regeneration complete! Total build time: 0.21s
2025-04-22T16:50:51.980Z - info: [00:50:51] Reload for file change: /Users/damithch/Repos/nus-cs2103/cs2103-website-base/admin/exams.md
2025-04-22T16:50:51.989Z - info: Synchronizing opened pages list before reload
2025-04-22T16:50:51.990Z - info: Current opened pages, from most-to-least recent:
2025-04-22T16:50:51.994Z - info: 1. admin/exams
2025-04-22T16:50:53.015Z - info: Rebuilding 1 pages
2025-04-22T16:50:53.258Z - info: Site data built
2025-04-22T16:50:53.258Z - info: Pages rebuilt
2025-04-22T16:50:53.258Z - info: Website regeneration complete! Total build time: 0.247s
2025-04-22T16:51:35.184Z - info: [00:51:35] Reload for file change: /Users/damithch/Repos/nus-cs2103/cs2103-website-base/admin/exams.md
2025-04-22T16:51:35.188Z - info: Synchronizing opened pages list before reload
2025-04-22T16:51:35.191Z - info: Current opened pages, from most-to-least recent:
2025-04-22T16:51:35.192Z - info: 1. admin/exams
2025-04-22T16:51:36.205Z - info: Rebuilding 1 pages
2025-04-22T16:51:36.404Z - info: Site data built
2025-04-22T16:51:36.404Z - info: Pages rebuilt
2025-04-22T16:51:36.405Z - info: Website regeneration complete! Total build time: 0.204s
2025-04-22T16:53:05.629Z - info: [00:53:05] Reload for file change: /Users/damithch/Repos/nus-cs2103/cs2103-website-base/admin/exams.md
2025-04-22T16:53:05.637Z - info: Synchronizing opened pages list before reload
2025-04-22T16:53:05.637Z - info: Current opened pages, from most-to-least recent:
2025-04-22T16:53:05.638Z - info: 1. admin/exams
2025-04-22T16:53:06.650Z - info: Rebuilding 1 pages
2025-04-22T16:53:06.879Z - info: Site data built
2025-04-22T16:53:06.879Z - info: Pages rebuilt
2025-04-22T16:53:06.879Z - info: Website regeneration complete! Total build time: 0.236s
2025-04-22T16:54:55.255Z - info: [00:54:55] Reload for file change: /Users/damithch/Repos/nus-cs2103/cs2103-website-base/admin/exams.md
2025-04-22T16:54:55.256Z - info: Synchronizing opened pages list before reload
2025-04-22T16:54:55.257Z - info: Current opened pages, from most-to-least recent:
2025-04-22T16:54:55.257Z - info: 1. admin/exams
2025-04-22T16:54:56.268Z - info: Rebuilding 1 pages
2025-04-22T16:54:56.476Z - info: Site data built
2025-04-22T16:54:56.476Z - info: Pages rebuilt
2025-04-22T16:54:56.476Z - info: Website regeneration complete! Total build time: 0.212s
2025-04-22T16:57:08.280Z - info: Website generation started at 00:57:07
2025-04-22T16:57:08.555Z - warn: ENOENT: no such file or directory, open '/Users/damithch/Repos/nus-cs2103/cs2103-website-base/node_modules/.cache/gh-pages/https!github.com!nus-cs2103-AY2425S2!website.git/book/_markbind/variables.md'
2025-04-22T16:57:08.556Z - warn: ENOENT: no such file or directory, open '/Users/damithch/Repos/nus-cs2103/cs2103-website-base/node_modules/.cache/gh-pages/https!github.com!nus-cs2103-AY2425S2!website.git/_markbind/variables.md'
2025-04-22T16:57:08.575Z - info: Building assets...
2025-04-22T16:57:10.005Z - info: Assets built
2025-04-22T16:57:10.006Z - info: Generating pages...
2025-04-22T16:57:16.887Z - debug:  
2025-04-22T16:57:16.888Z - debug: 2025-04-23 00:57:13.096 java[29671:9729921] +[IMKClient subclass]: chose IMKClient_Modern
2025-04-23 00:57:13.096 java[29671:9729921] +[IMKInputSession subclass]: chose IMKInputSession_Modern

2025-04-22T16:57:16.888Z - debug:  
2025-04-22T16:57:16.888Z - debug:  
2025-04-22T16:57:16.888Z - debug:  
2025-04-22T16:57:16.888Z - debug:  
2025-04-22T16:57:16.888Z - debug:  
2025-04-22T16:57:16.888Z - debug:  
2025-04-22T16:57:16.888Z - debug: 2025-04-23 00:57:14.233 java[29695:9730131] +[IMKClient subclass]: chose IMKClient_Modern
2025-04-23 00:57:14.233 java[29695:9730131] +[IMKInputSession subclass]: chose IMKInputSession_Modern

2025-04-22T16:57:16.888Z - debug:  
2025-04-22T16:57:16.888Z - debug:  
2025-04-22T16:57:16.888Z - debug:  
2025-04-22T16:57:16.888Z - debug:  
2025-04-22T16:57:16.888Z - debug:  
2025-04-22T16:57:16.888Z - debug:  
2025-04-22T16:57:16.888Z - debug:  
2025-04-22T16:57:17.498Z - debug: 2025-04-23 00:57:17.136 java[29736:9730969] +[IMKClient subclass]: chose IMKClient_Modern
2025-04-23 00:57:17.136 java[29736:9730969] +[IMKInputSession subclass]: chose IMKInputSession_Modern

2025-04-22T16:57:27.141Z - debug: 2025-04-23 00:57:26.380 java[29760:9731224] +[IMKClient subclass]: chose IMKClient_Modern
2025-04-23 00:57:26.380 java[29760:9731224] +[IMKInputSession subclass]: chose IMKInputSession_Modern

2025-04-22T16:58:12.813Z - debug: 2025-04-23 00:58:10.417 java[29788:9732023] +[IMKClient subclass]: chose IMKClient_Modern
2025-04-23 00:58:10.417 java[29788:9732023] +[IMKInputSession subclass]: chose IMKInputSession_Modern

2025-04-22T16:58:24.257Z - debug:  
2025-04-22T16:58:24.281Z - debug:  
2025-04-22T16:58:31.843Z - info: Pages built
2025-04-22T16:58:31.922Z - info: Site data built
2025-04-22T16:58:31.922Z - info: Website generation complete! Total build time: 84.319s
2025-04-22T16:58:31.922Z - info: Build success!
2025-04-22T16:58:53.524Z - info: The website has been deployed at: https://nus-cs2103-ay2425s2.github.io/website
2025-04-22T17:20:59.211Z - info: Website generation started at 01:20:58
2025-04-22T17:20:59.484Z - warn: ENOENT: no such file or directory, open '/Users/damithch/Repos/nus-cs2103/cs2103-website-base/node_modules/.cache/gh-pages/https!github.com!nus-cs2103-AY2425S2!website.git/book/_markbind/variables.md'
2025-04-22T17:20:59.484Z - warn: ENOENT: no such file or directory, open '/Users/damithch/Repos/nus-cs2103/cs2103-website-base/node_modules/.cache/gh-pages/https!github.com!nus-cs2103-AY2425S2!website.git/_markbind/variables.md'
2025-04-22T17:20:59.504Z - info: Building assets...
2025-04-22T17:21:01.211Z - info: Assets built
2025-04-22T17:21:01.212Z - info: Generating pages...
2025-04-22T17:21:07.810Z - debug:  
2025-04-22T17:21:07.810Z - debug: 2025-04-23 01:21:04.088 java[30460:9765294] +[IMKClient subclass]: chose IMKClient_Modern
2025-04-23 01:21:04.088 java[30460:9765294] +[IMKInputSession subclass]: chose IMKInputSession_Modern

2025-04-22T17:21:07.810Z - debug:  
2025-04-22T17:21:07.810Z - debug:  
2025-04-22T17:21:07.810Z - debug:  
2025-04-22T17:21:07.810Z - debug:  
2025-04-22T17:21:07.810Z - debug:  
2025-04-22T17:21:07.810Z - debug:  
2025-04-22T17:21:07.810Z - debug:  
2025-04-22T17:21:07.810Z - debug:  
2025-04-22T17:21:07.810Z - debug:  
2025-04-22T17:21:07.810Z - debug:  
2025-04-22T17:21:07.810Z - debug:  
2025-04-22T17:21:07.810Z - debug: 2025-04-23 01:21:05.413 java[30491:9765539] +[IMKClient subclass]: chose IMKClient_Modern
2025-04-23 01:21:05.414 java[30491:9765539] +[IMKInputSession subclass]: chose IMKInputSession_Modern

2025-04-22T17:21:07.945Z - debug:  
2025-04-22T17:21:07.945Z - debug:  
2025-04-22T17:21:08.477Z - debug: 2025-04-23 01:21:08.124 java[30519:9766243] +[IMKClient subclass]: chose IMKClient_Modern
2025-04-23 01:21:08.124 java[30519:9766243] +[IMKInputSession subclass]: chose IMKInputSession_Modern

2025-04-22T17:21:18.591Z - debug:  
2025-04-22T17:22:05.813Z - debug: 2025-04-23 01:22:03.460 java[30570:9767686] +[IMKClient subclass]: chose IMKClient_Modern
2025-04-23 01:22:03.460 java[30570:9767686] +[IMKInputSession subclass]: chose IMKInputSession_Modern

2025-04-22T17:22:16.562Z - debug: 2025-04-23 01:22:16.150 java[30583:9768152] +[IMKClient subclass]: chose IMKClient_Modern
2025-04-23 01:22:16.150 java[30583:9768152] +[IMKInputSession subclass]: chose IMKInputSession_Modern

2025-04-22T17:22:16.952Z - debug:  
2025-04-22T17:22:24.550Z - info: Pages built
2025-04-22T17:22:24.629Z - info: Site data built
2025-04-22T17:22:24.629Z - info: Website generation complete! Total build time: 86.196s
2025-04-22T17:22:24.629Z - info: Build success!
2025-04-22T17:22:54.807Z - info: The website has been deployed at: https://nus-cs2103-ay2425s2.github.io/website
2025-04-22T17:57:08.437Z - info: Website generation started at 01:57:07
2025-04-22T17:57:08.764Z - warn: ENOENT: no such file or directory, open '/Users/damithch/Repos/nus-cs2103/cs2103-website-base/node_modules/.cache/gh-pages/https!github.com!nus-cs2103-AY2425S2!website.git/book/_markbind/variables.md'
2025-04-22T17:57:08.764Z - warn: ENOENT: no such file or directory, open '/Users/damithch/Repos/nus-cs2103/cs2103-website-base/node_modules/.cache/gh-pages/https!github.com!nus-cs2103-AY2425S2!website.git/_markbind/variables.md'
2025-04-22T17:57:08.784Z - info: Building assets...
2025-04-22T17:57:10.242Z - info: Assets built
2025-04-22T17:57:10.242Z - info: Generating pages...
2025-04-22T17:57:16.850Z - debug:  
2025-04-22T17:57:16.850Z - debug: 2025-04-23 01:57:13.177 java[31322:9813991] +[IMKClient subclass]: chose IMKClient_Modern
2025-04-23 01:57:13.177 java[31322:9813991] +[IMKInputSession subclass]: chose IMKInputSession_Modern

2025-04-22T17:57:16.850Z - debug:  
2025-04-22T17:57:16.850Z - debug:  
2025-04-22T17:57:16.850Z - debug:  
2025-04-22T17:57:16.850Z - debug:  
2025-04-22T17:57:16.851Z - debug:  
2025-04-22T17:57:16.851Z - debug: 2025-04-23 01:57:14.462 java[31346:9814209] +[IMKClient subclass]: chose IMKClient_Modern
2025-04-23 01:57:14.462 java[31346:9814209] +[IMKInputSession subclass]: chose IMKInputSession_Modern

2025-04-22T17:57:16.851Z - debug:  
2025-04-22T17:57:16.982Z - debug:  
2025-04-22T17:57:16.982Z - debug:  
2025-04-22T17:57:16.982Z - debug:  
2025-04-22T17:57:16.996Z - debug:  
2025-04-22T17:57:16.996Z - debug:  
2025-04-22T17:57:17.477Z - debug:  
2025-04-22T17:57:17.477Z - debug:  
2025-04-22T17:57:17.666Z - debug: 2025-04-23 01:57:17.199 java[31378:9814953] +[IMKClient subclass]: chose IMKClient_Modern
2025-04-23 01:57:17.199 java[31378:9814953] +[IMKInputSession subclass]: chose IMKInputSession_Modern

2025-04-22T17:57:27.000Z - debug: 2025-04-23 01:57:26.642 java[31412:9815304] +[IMKClient subclass]: chose IMKClient_Modern
2025-04-23 01:57:26.642 java[31412:9815304] +[IMKInputSession subclass]: chose IMKInputSession_Modern

2025-04-22T17:58:13.574Z - debug:  
2025-04-22T17:58:25.394Z - debug:  
2025-04-22T17:58:25.406Z - debug:  
2025-04-22T17:58:33.056Z - info: Pages built
2025-04-22T17:58:33.130Z - info: Site data built
2025-04-22T17:58:33.131Z - info: Website generation complete! Total build time: 85.488s
2025-04-22T17:58:33.131Z - info: Build success!
2025-04-22T17:58:54.591Z - info: The website has been deployed at: https://nus-cs2103-ay2425s2.github.io/website
2025-04-23T06:44:23.476Z - info: Website generation (lazy) started at 14:44:22
2025-04-23T06:44:23.856Z - warn: ENOENT: no such file or directory, open '/Users/damithch/Repos/nus-cs2103/cs2103-website-base/node_modules/.cache/gh-pages/https!github.com!nus-cs2103-AY2425S2!website.git/book/_markbind/variables.md'
2025-04-23T06:44:23.856Z - warn: ENOENT: no such file or directory, open '/Users/damithch/Repos/nus-cs2103/cs2103-website-base/node_modules/.cache/gh-pages/https!github.com!nus-cs2103-AY2425S2!website.git/_markbind/variables.md'
2025-04-23T06:44:23.876Z - info: Building assets...
2025-04-23T06:44:25.339Z - info: Assets built
2025-04-23T06:44:25.339Z - info: Generating landing page...
2025-04-23T06:44:25.633Z - info: Landing page built, other pages will be built as you navigate to them!
2025-04-23T06:44:25.726Z - info: Site data built
2025-04-23T06:44:25.726Z - info: Website generation (lazy) complete! Total build time: 3.098s
2025-04-23T06:44:25.736Z - info: Serving "/Users/damithch/Repos/nus-cs2103/cs2103-website-base/_site" at http://127.0.0.1:8080
2025-04-23T06:44:25.736Z - info: Press CTRL+C to stop ...
2025-04-23T06:44:32.033Z - info: Building /Users/damithch/Repos/nus-cs2103/cs2103-website-base/admin/exams as some of its dependencies were changed since the last visit
2025-04-23T06:44:32.282Z - info: Site data built
2025-04-23T06:44:32.282Z - info: Lazy website regeneration complete! Total build time: 0.25s
2025-04-23T06:45:22.059Z - info: [14:45:22] Reload for file change: /Users/damithch/Repos/nus-cs2103/cs2103-website-base/admin/exams.md
2025-04-23T06:45:22.062Z - info: Synchronizing opened pages list before reload
2025-04-23T06:45:22.064Z - info: Current opened pages, from most-to-least recent:
2025-04-23T06:45:22.065Z - info: 1. admin/exams
2025-04-23T06:45:23.075Z - info: Rebuilding 1 pages
2025-04-23T06:45:23.306Z - info: Site data built
2025-04-23T06:45:23.306Z - info: Pages rebuilt
2025-04-23T06:45:23.306Z - info: Website regeneration complete! Total build time: 0.234s
2025-04-23T06:45:44.393Z - info: [14:45:44] Reload for file change: /Users/damithch/Repos/nus-cs2103/cs2103-website-base/admin/exams.md
2025-04-23T06:45:44.394Z - info: Synchronizing opened pages list before reload
2025-04-23T06:45:44.394Z - info: Current opened pages, from most-to-least recent:
2025-04-23T06:45:44.394Z - info: 1. admin/exams
2025-04-23T06:45:45.405Z - info: Rebuilding 1 pages
2025-04-23T06:45:45.593Z - info: Site data built
2025-04-23T06:45:45.594Z - info: Pages rebuilt
2025-04-23T06:45:45.594Z - info: Website regeneration complete! Total build time: 0.191s
2025-04-23T06:46:02.213Z - info: Building /Users/damithch/Repos/nus-cs2103/cs2103-website-base/schedule/week7/index as some of its dependencies were changed since the last visit
2025-04-23T06:46:02.637Z - info: Site data built
2025-04-23T06:46:02.637Z - info: Lazy website regeneration complete! Total build time: 0.425s
2025-04-23T06:46:06.119Z - info: Building /Users/damithch/Repos/nus-cs2103/cs2103-website-base/schedule/week7/project as some of its dependencies were changed since the last visit
2025-04-23T06:46:07.129Z - info: Site data built
2025-04-23T06:46:07.130Z - info: Lazy website regeneration complete! Total build time: 1.011s
2025-04-23T06:46:10.043Z - info: Building /Users/damithch/Repos/nus-cs2103/cs2103-website-base/schedule/week7/topics as some of its dependencies were changed since the last visit
2025-04-23T06:46:10.512Z - info: Site data built
2025-04-23T06:46:10.513Z - info: Lazy website regeneration complete! Total build time: 0.47s
2025-04-23T06:46:18.446Z - info: Building /Users/damithch/Repos/nus-cs2103/cs2103-website-base/schedule/week8/topics as some of its dependencies were changed since the last visit
2025-04-23T06:46:22.614Z - debug: 2025-04-23 14:46:20.715 java[80168:10080983] +[IMKClient subclass]: chose IMKClient_Modern
2025-04-23 14:46:20.715 java[80168:10080983] +[IMKInputSession subclass]: chose IMKInputSession_Modern

2025-04-23T06:46:22.706Z - debug:  
2025-04-23T06:46:22.754Z - debug:  
2025-04-23T06:46:22.781Z - debug:  
2025-04-23T06:46:22.792Z - debug:  
2025-04-23T06:46:22.821Z - debug:  
2025-04-23T06:46:22.836Z - debug:  
2025-04-23T06:46:22.846Z - debug:  
2025-04-23T06:46:22.848Z - debug:  
2025-04-23T06:46:22.854Z - debug:  
2025-04-23T06:46:22.876Z - debug:  
2025-04-23T06:46:22.886Z - debug:  
2025-04-23T06:46:22.896Z - debug:  
2025-04-23T06:46:22.897Z - debug:  
2025-04-23T06:46:22.898Z - debug: 2025-04-23 14:46:20.132 java[80165:10080953] +[IMKClient subclass]: chose IMKClient_Modern
2025-04-23 14:46:20.132 java[80165:10080953] +[IMKInputSession subclass]: chose IMKInputSession_Modern

2025-04-23T06:46:23.090Z - info: Site data built
2025-04-23T06:46:23.090Z - info: Lazy website regeneration complete! Total build time: 4.645s
2025-04-23T06:49:16.080Z - info: [14:49:16] Reload for file add: /Users/damithch/Repos/nus-cs2103/cs2103-website-base/schedule/common-fragment.md
2025-04-23T06:49:16.082Z - info: Synchronizing opened pages list before reload
2025-04-23T06:49:16.082Z - info: Current opened pages, from most-to-least recent:
2025-04-23T06:49:16.083Z - info: 1. schedule/week8/topics
2025-04-23T06:49:17.214Z - info: Assets built
2025-04-23T06:50:01.873Z - info: [14:50:01] Reload for file change: /Users/damithch/Repos/nus-cs2103/cs2103-website-base/schedule/common-fragment.md
2025-04-23T06:50:01.874Z - info: Synchronizing opened pages list before reload
2025-04-23T06:50:01.874Z - info: Current opened pages, from most-to-least recent:
2025-04-23T06:50:01.874Z - info: 1. schedule/week8/topics
2025-04-23T06:50:01.932Z - info: [14:50:01] Reload for file change: /Users/damithch/Repos/nus-cs2103/cs2103-website-base/schedule/week8/commentary-cs2103-fragment.md
2025-04-23T06:50:01.932Z - info: Synchronizing opened pages list before reload
2025-04-23T06:50:01.932Z - info: Current opened pages, from most-to-least recent:
2025-04-23T06:50:01.932Z - info: 1. schedule/week8/topics
2025-04-23T06:50:02.879Z - info: Assets built
2025-04-23T06:50:02.940Z - info: Rebuilding 1 pages
2025-04-23T06:50:04.004Z - info: Site data built
2025-04-23T06:50:04.004Z - info: Pages rebuilt
2025-04-23T06:50:04.004Z - info: Website regeneration complete! Total build time: 1.066s
2025-04-23T06:50:55.559Z - info: [14:50:55] Reload for file change: /Users/damithch/Repos/nus-cs2103/cs2103-website-base/schedule/common-fragment.md
2025-04-23T06:50:55.570Z - info: Synchronizing opened pages list before reload
2025-04-23T06:50:55.571Z - info: Current opened pages, from most-to-least recent:
2025-04-23T06:50:55.572Z - info: 1. schedule/week8/topics
2025-04-23T06:50:55.579Z - info: [14:50:55] Reload for file change: /Users/damithch/Repos/nus-cs2103/cs2103-website-base/schedule/week8/commentary-cs2103-fragment.md
2025-04-23T06:50:55.579Z - info: Synchronizing opened pages list before reload
2025-04-23T06:50:55.579Z - info: Current opened pages, from most-to-least recent:
2025-04-23T06:50:55.579Z - info: 1. schedule/week8/topics
2025-04-23T06:50:56.589Z - info: Assets built
2025-04-23T06:50:56.593Z - info: Rebuilding 1 pages
2025-04-23T06:50:56.801Z - error:  Template render error: (/Users/damithch/Repos/nus-cs2103/cs2103-website-base/schedule/common-fragment.md) [Line 1, Column 4]
  parseFrom: expected comma
    at Object._prettifyError (/opt/homebrew/lib/node_modules/markbind-cli/node_modules/nunjucks/src/lib.js:32:11)
    at Template.render (/opt/homebrew/lib/node_modules/markbind-cli/node_modules/@markbind/core/src/patches/nunjucks/context-overrides-frame.js:358:19)
    at /opt/homebrew/lib/node_modules/markbind-cli/node_modules/@markbind/core/src/patches/nunjucks/context-overrides-frame.js:54:25
    at createTemplate (/opt/homebrew/lib/node_modules/markbind-cli/node_modules/@markbind/core/src/patches/nunjucks/load-event.js:121:7)
    at handle (/opt/homebrew/lib/node_modules/markbind-cli/node_modules/@markbind/core/src/patches/nunjucks/load-event.js:133:9)
    at /opt/homebrew/lib/node_modules/markbind-cli/node_modules/@markbind/core/src/patches/nunjucks/load-event.js:145:7
    at next (/opt/homebrew/lib/node_modules/markbind-cli/node_modules/nunjucks/src/lib.js:258:7)
    at Object.asyncIter (/opt/homebrew/lib/node_modules/markbind-cli/node_modules/nunjucks/src/lib.js:263:3)
    at Environment.getTemplate (/opt/homebrew/lib/node_modules/markbind-cli/node_modules/@markbind/core/src/patches/nunjucks/load-event.js:127:7)
    at Environment.render (/opt/homebrew/lib/node_modules/markbind-cli/node_modules/@markbind/core/src/patches/nunjucks/context-overrides-frame.js:48:8)
    at VariableRenderer.renderFile (/opt/homebrew/lib/node_modules/markbind-cli/node_modules/@markbind/core/src/variables/VariableRenderer.js:73:24)
    at VariableProcessor.renderWithSiteVariables (/opt/homebrew/lib/node_modules/markbind-cli/node_modules/@markbind/core/src/variables/VariableProcessor.js:154:57)
    at VariableProcessor.renderIncludeFile (/opt/homebrew/lib/node_modules/markbind-cli/node_modules/@markbind/core/src/variables/VariableProcessor.js:231:38)
    at processInclude (/opt/homebrew/lib/node_modules/markbind-cli/node_modules/@markbind/core/src/html/includePanelProcessor.js:198:68)
    at NodeProcessor.processNode (/opt/homebrew/lib/node_modules/markbind-cli/node_modules/@markbind/core/src/html/NodeProcessor.js:173:71)
    at NodeProcessor.traverse (/opt/homebrew/lib/node_modules/markbind-cli/node_modules/@markbind/core/src/html/NodeProcessor.js:342:24)
2025-04-23T06:50:57.642Z - info: Site data built
2025-04-23T06:50:57.642Z - info: Pages rebuilt
2025-04-23T06:50:57.642Z - info: Website regeneration complete! Total build time: 1.052s
2025-04-23T06:51:36.757Z - info: [14:51:36] Reload for file change: /Users/damithch/Repos/nus-cs2103/cs2103-website-base/schedule/week8/commentary-cs2103-fragment.md
2025-04-23T06:51:36.760Z - info: Synchronizing opened pages list before reload
2025-04-23T06:51:36.762Z - info: Current opened pages, from most-to-least recent:
2025-04-23T06:51:36.763Z - info: 1. schedule/week8/topics
2025-04-23T06:51:37.771Z - info: Rebuilding 1 pages
2025-04-23T06:51:37.960Z - error:  Template render error: (/Users/damithch/Repos/nus-cs2103/cs2103-website-base/schedule/common-fragment.md) [Line 1, Column 4]
  parseFrom: expected comma
    at Object._prettifyError (/opt/homebrew/lib/node_modules/markbind-cli/node_modules/nunjucks/src/lib.js:32:11)
    at Template.render (/opt/homebrew/lib/node_modules/markbind-cli/node_modules/@markbind/core/src/patches/nunjucks/context-overrides-frame.js:358:19)
    at /opt/homebrew/lib/node_modules/markbind-cli/node_modules/@markbind/core/src/patches/nunjucks/context-overrides-frame.js:54:25
    at createTemplate (/opt/homebrew/lib/node_modules/markbind-cli/node_modules/@markbind/core/src/patches/nunjucks/load-event.js:121:7)
    at handle (/opt/homebrew/lib/node_modules/markbind-cli/node_modules/@markbind/core/src/patches/nunjucks/load-event.js:133:9)
    at /opt/homebrew/lib/node_modules/markbind-cli/node_modules/@markbind/core/src/patches/nunjucks/load-event.js:145:7
    at next (/opt/homebrew/lib/node_modules/markbind-cli/node_modules/nunjucks/src/lib.js:258:7)
    at Object.asyncIter (/opt/homebrew/lib/node_modules/markbind-cli/node_modules/nunjucks/src/lib.js:263:3)
    at Environment.getTemplate (/opt/homebrew/lib/node_modules/markbind-cli/node_modules/@markbind/core/src/patches/nunjucks/load-event.js:127:7)
    at Environment.render (/opt/homebrew/lib/node_modules/markbind-cli/node_modules/@markbind/core/src/patches/nunjucks/context-overrides-frame.js:48:8)
    at VariableRenderer.renderFile (/opt/homebrew/lib/node_modules/markbind-cli/node_modules/@markbind/core/src/variables/VariableRenderer.js:73:24)
    at VariableProcessor.renderWithSiteVariables (/opt/homebrew/lib/node_modules/markbind-cli/node_modules/@markbind/core/src/variables/VariableProcessor.js:154:57)
    at VariableProcessor.renderIncludeFile (/opt/homebrew/lib/node_modules/markbind-cli/node_modules/@markbind/core/src/variables/VariableProcessor.js:231:38)
    at processInclude (/opt/homebrew/lib/node_modules/markbind-cli/node_modules/@markbind/core/src/html/includePanelProcessor.js:198:68)
    at NodeProcessor.processNode (/opt/homebrew/lib/node_modules/markbind-cli/node_modules/@markbind/core/src/html/NodeProcessor.js:173:71)
    at NodeProcessor.traverse (/opt/homebrew/lib/node_modules/markbind-cli/node_modules/@markbind/core/src/html/NodeProcessor.js:342:24)
2025-04-23T06:51:38.777Z - info: Site data built
2025-04-23T06:51:38.777Z - info: Pages rebuilt
2025-04-23T06:51:38.778Z - info: Website regeneration complete! Total build time: 1.01s
2025-04-23T06:52:33.893Z - info: Website generation (lazy) started at 14:52:33
2025-04-23T06:52:34.146Z - warn: ENOENT: no such file or directory, open '/Users/damithch/Repos/nus-cs2103/cs2103-website-base/node_modules/.cache/gh-pages/https!github.com!nus-cs2103-AY2425S2!website.git/book/_markbind/variables.md'
2025-04-23T06:52:34.146Z - warn: ENOENT: no such file or directory, open '/Users/damithch/Repos/nus-cs2103/cs2103-website-base/node_modules/.cache/gh-pages/https!github.com!nus-cs2103-AY2425S2!website.git/_markbind/variables.md'
2025-04-23T06:52:34.166Z - info: Building assets...
2025-04-23T06:52:35.674Z - info: Assets built
2025-04-23T06:52:35.674Z - info: Generating landing page...
2025-04-23T06:52:36.010Z - info: Landing page built, other pages will be built as you navigate to them!
2025-04-23T06:52:36.085Z - info: Site data built
2025-04-23T06:52:36.085Z - info: Website generation (lazy) complete! Total build time: 2.821s
2025-04-23T06:52:36.091Z - info: Serving "/Users/damithch/Repos/nus-cs2103/cs2103-website-base/_site" at http://127.0.0.1:8080
2025-04-23T06:52:36.091Z - info: Press CTRL+C to stop ...
2025-04-23T06:52:40.620Z - info: Building /Users/damithch/Repos/nus-cs2103/cs2103-website-base/schedule/week8/topics as some of its dependencies were changed since the last visit
2025-04-23T06:52:40.779Z - error:  Template render error: (/Users/damithch/Repos/nus-cs2103/cs2103-website-base/schedule/common-fragment.md) [Line 1, Column 4]
  parseFrom: expected comma
    at Object._prettifyError (/opt/homebrew/lib/node_modules/markbind-cli/node_modules/nunjucks/src/lib.js:32:11)
    at Template.render (/opt/homebrew/lib/node_modules/markbind-cli/node_modules/@markbind/core/src/patches/nunjucks/context-overrides-frame.js:358:19)
    at /opt/homebrew/lib/node_modules/markbind-cli/node_modules/@markbind/core/src/patches/nunjucks/context-overrides-frame.js:54:25
    at createTemplate (/opt/homebrew/lib/node_modules/markbind-cli/node_modules/@markbind/core/src/patches/nunjucks/load-event.js:121:7)
    at handle (/opt/homebrew/lib/node_modules/markbind-cli/node_modules/@markbind/core/src/patches/nunjucks/load-event.js:133:9)
    at /opt/homebrew/lib/node_modules/markbind-cli/node_modules/@markbind/core/src/patches/nunjucks/load-event.js:145:7
    at next (/opt/homebrew/lib/node_modules/markbind-cli/node_modules/nunjucks/src/lib.js:258:7)
    at Object.asyncIter (/opt/homebrew/lib/node_modules/markbind-cli/node_modules/nunjucks/src/lib.js:263:3)
    at Environment.getTemplate (/opt/homebrew/lib/node_modules/markbind-cli/node_modules/@markbind/core/src/patches/nunjucks/load-event.js:127:7)
    at Environment.render (/opt/homebrew/lib/node_modules/markbind-cli/node_modules/@markbind/core/src/patches/nunjucks/context-overrides-frame.js:48:8)
    at VariableRenderer.renderFile (/opt/homebrew/lib/node_modules/markbind-cli/node_modules/@markbind/core/src/variables/VariableRenderer.js:73:24)
    at VariableProcessor.renderWithSiteVariables (/opt/homebrew/lib/node_modules/markbind-cli/node_modules/@markbind/core/src/variables/VariableProcessor.js:154:57)
    at VariableProcessor.renderIncludeFile (/opt/homebrew/lib/node_modules/markbind-cli/node_modules/@markbind/core/src/variables/VariableProcessor.js:231:38)
    at processInclude (/opt/homebrew/lib/node_modules/markbind-cli/node_modules/@markbind/core/src/html/includePanelProcessor.js:198:68)
    at NodeProcessor.processNode (/opt/homebrew/lib/node_modules/markbind-cli/node_modules/@markbind/core/src/html/NodeProcessor.js:173:71)
    at NodeProcessor.traverse (/opt/homebrew/lib/node_modules/markbind-cli/node_modules/@markbind/core/src/html/NodeProcessor.js:342:24)
2025-04-23T06:52:44.435Z - debug:  
2025-04-23T06:52:44.437Z - debug:  
2025-04-23T06:52:44.517Z - debug:  
2025-04-23T06:52:44.568Z - debug:  
2025-04-23T06:52:44.610Z - debug:  
2025-04-23T06:52:44.633Z - debug:  
2025-04-23T06:52:44.654Z - debug:  
2025-04-23T06:52:44.660Z - debug:  
2025-04-23T06:52:44.661Z - debug: 2025-04-23 14:52:41.870 java[80447:10091572] +[IMKClient subclass]: chose IMKClient_Modern
2025-04-23 14:52:41.870 java[80447:10091572] +[IMKInputSession subclass]: chose IMKInputSession_Modern

2025-04-23T06:52:44.668Z - debug:  
2025-04-23T06:52:44.806Z - debug:  
2025-04-23T06:52:44.844Z - debug:  
2025-04-23T06:52:44.887Z - debug:  
2025-04-23T06:52:44.887Z - debug: 2025-04-23 14:52:42.836 java[80466:10092158] +[IMKClient subclass]: chose IMKClient_Modern
2025-04-23 14:52:42.836 java[80466:10092158] +[IMKInputSession subclass]: chose IMKInputSession_Modern

2025-04-23T06:52:45.009Z - debug:  
2025-04-23T06:52:45.218Z - info: Site data built
2025-04-23T06:52:45.218Z - info: Lazy website regeneration complete! Total build time: 4.598s
2025-04-23T06:53:19.017Z - info: [14:53:19] Reload for file change: /Users/damithch/Repos/nus-cs2103/cs2103-website-base/schedule/common-fragment.md
2025-04-23T06:53:19.018Z - info: Synchronizing opened pages list before reload
2025-04-23T06:53:19.018Z - info: Current opened pages, from most-to-least recent:
2025-04-23T06:53:19.018Z - info: 1. schedule/week8/topics
2025-04-23T06:53:19.018Z - info: 2. index
2025-04-23T06:53:20.026Z - info: Rebuilding 1 pages
2025-04-23T06:53:21.044Z - info: Site data built
2025-04-23T06:53:21.044Z - info: Pages rebuilt
2025-04-23T06:53:21.044Z - info: Website regeneration complete! Total build time: 1.02s
2025-04-23T06:54:23.015Z - info: [14:54:23] Reload for file change: /Users/damithch/Repos/nus-cs2103/cs2103-website-base/admin/exams.md
2025-04-23T06:54:23.016Z - info: Synchronizing opened pages list before reload
2025-04-23T06:54:23.023Z - info: Current opened pages, from most-to-least recent:
2025-04-23T06:54:23.026Z - info: 1. schedule/week8/topics
2025-04-23T06:54:23.026Z - info: 2. index
2025-04-23T06:54:24.043Z - info: No pages needed to be rebuilt
2025-04-23T06:54:28.963Z - info: Building /Users/damithch/Repos/nus-cs2103/cs2103-website-base/admin/tp-pe as some of its dependencies were changed since the last visit
2025-04-23T06:54:29.809Z - info: Site data built
2025-04-23T06:54:29.809Z - info: Lazy website regeneration complete! Total build time: 0.846s
2025-04-23T06:54:32.960Z - info: Building /Users/damithch/Repos/nus-cs2103/cs2103-website-base/admin/exams as some of its dependencies were changed since the last visit
2025-04-23T06:54:33.181Z - info: Site data built
2025-04-23T06:54:33.181Z - info: Lazy website regeneration complete! Total build time: 0.221s
2025-04-23T06:55:06.859Z - info: [14:55:06] Reload for file change: /Users/damithch/Repos/nus-cs2103/cs2103-website-base/admin/exams.md
2025-04-23T06:55:06.860Z - info: Synchronizing opened pages list before reload
2025-04-23T06:55:06.862Z - info: Current opened pages, from most-to-least recent:
2025-04-23T06:55:06.864Z - info: 1. admin/exams
2025-04-23T06:55:06.864Z - info: 2. schedule/week8/topics
2025-04-23T06:55:07.879Z - info: Rebuilding 1 pages
2025-04-23T06:55:08.123Z - info: Site data built
2025-04-23T06:55:08.124Z - info: Pages rebuilt
2025-04-23T06:55:08.124Z - info: Website regeneration complete! Total build time: 0.248s
2025-04-23T06:55:36.989Z - info: Building /Users/damithch/Repos/nus-cs2103/cs2103-website-base/schedule/week9/topics as some of its dependencies were changed since the last visit
2025-04-23T06:55:38.429Z - debug: 2025-04-23 14:55:38.044 java[80560:10098751] +[IMKClient subclass]: chose IMKClient_Modern
2025-04-23 14:55:38.044 java[80560:10098751] +[IMKInputSession subclass]: chose IMKInputSession_Modern

2025-04-23T06:55:38.432Z - debug:  
2025-04-23T06:55:38.518Z - info: Site data built
2025-04-23T06:55:38.518Z - info: Lazy website regeneration complete! Total build time: 1.53s
2025-04-23T06:59:20.277Z - info: [14:59:20] Reload for file change: /Users/damithch/Repos/nus-cs2103/cs2103-website-base/admin/common-commentary-fragment.md
2025-04-23T06:59:20.280Z - info: Synchronizing opened pages list before reload
2025-04-23T06:59:20.281Z - info: Current opened pages, from most-to-least recent:
2025-04-23T06:59:20.281Z - info: 1. schedule/week9/topics
2025-04-23T06:59:20.281Z - info: 2. admin/exams
2025-04-23T06:59:20.283Z - info: [14:59:20] Reload for file change: /Users/damithch/Repos/nus-cs2103/cs2103-website-base/admin/exams.md
2025-04-23T06:59:20.283Z - info: Synchronizing opened pages list before reload
2025-04-23T06:59:20.283Z - info: Current opened pages, from most-to-least recent:
2025-04-23T06:59:20.283Z - info: 1. schedule/week9/topics
2025-04-23T06:59:20.283Z - info: 2. admin/exams
2025-04-23T06:59:21.289Z - info: Rebuilding 2 pages
2025-04-23T06:59:22.236Z - error:  Error: No such segment '#uml-worked-examples-ad' in file: /Users/damithch/Repos/nus-cs2103/cs2103-website-base/schedule/common-fragment.md
Missing reference in /Users/damithch/Repos/nus-cs2103/cs2103-website-base/admin/exams.md
    at processInclude (/opt/homebrew/lib/node_modules/markbind-cli/node_modules/@markbind/core/src/html/includePanelProcessor.js:238:27)
    at NodeProcessor.processNode (/opt/homebrew/lib/node_modules/markbind-cli/node_modules/@markbind/core/src/html/NodeProcessor.js:173:71)
    at NodeProcessor.traverse (/opt/homebrew/lib/node_modules/markbind-cli/node_modules/@markbind/core/src/html/NodeProcessor.js:342:24)
    at /opt/homebrew/lib/node_modules/markbind-cli/node_modules/@markbind/core/src/html/NodeProcessor.js:346:22
    at Array.forEach (<anonymous>)
    at NodeProcessor.traverse (/opt/homebrew/lib/node_modules/markbind-cli/node_modules/@markbind/core/src/html/NodeProcessor.js:345:27)
    at /opt/homebrew/lib/node_modules/markbind-cli/node_modules/@markbind/core/src/html/NodeProcessor.js:346:22
    at Array.forEach (<anonymous>)
    at NodeProcessor.traverse (/opt/homebrew/lib/node_modules/markbind-cli/node_modules/@markbind/core/src/html/NodeProcessor.js:345:27)
    at /opt/homebrew/lib/node_modules/markbind-cli/node_modules/@markbind/core/src/html/NodeProcessor.js:346:22
    at Array.forEach (<anonymous>)
    at NodeProcessor.traverse (/opt/homebrew/lib/node_modules/markbind-cli/node_modules/@markbind/core/src/html/NodeProcessor.js:345:27)
    at /opt/homebrew/lib/node_modules/markbind-cli/node_modules/@markbind/core/src/html/NodeProcessor.js:346:22
    at Array.forEach (<anonymous>)
    at NodeProcessor.traverse (/opt/homebrew/lib/node_modules/markbind-cli/node_modules/@markbind/core/src/html/NodeProcessor.js:345:27)
    at /opt/homebrew/lib/node_modules/markbind-cli/node_modules/@markbind/core/src/html/NodeProcessor.js:346:22
2025-04-23T06:59:22.316Z - info: Site data built
2025-04-23T06:59:22.316Z - info: Pages rebuilt
2025-04-23T06:59:22.316Z - info: Website regeneration complete! Total build time: 1.028s
2025-04-23T07:01:01.012Z - info: [15:01:01] Reload for file change: /Users/damithch/Repos/nus-cs2103/cs2103-website-base/schedule/common-fragment.md
2025-04-23T07:01:01.017Z - info: Synchronizing opened pages list before reload
2025-04-23T07:01:01.018Z - info: Current opened pages, from most-to-least recent:
2025-04-23T07:01:01.018Z - info: 1. schedule/week9/topics
2025-04-23T07:01:01.018Z - info: 2. admin/exams
2025-04-23T07:01:02.026Z - info: Rebuilding 1 pages
2025-04-23T07:01:02.199Z - error:  Error: No such segment '#uml-worked-examples-ad' in file: /Users/damithch/Repos/nus-cs2103/cs2103-website-base/schedule/common-fragment.md
Missing reference in /Users/damithch/Repos/nus-cs2103/cs2103-website-base/admin/exams.md
    at processInclude (/opt/homebrew/lib/node_modules/markbind-cli/node_modules/@markbind/core/src/html/includePanelProcessor.js:238:27)
    at NodeProcessor.processNode (/opt/homebrew/lib/node_modules/markbind-cli/node_modules/@markbind/core/src/html/NodeProcessor.js:173:71)
    at NodeProcessor.traverse (/opt/homebrew/lib/node_modules/markbind-cli/node_modules/@markbind/core/src/html/NodeProcessor.js:342:24)
    at /opt/homebrew/lib/node_modules/markbind-cli/node_modules/@markbind/core/src/html/NodeProcessor.js:346:22
    at Array.forEach (<anonymous>)
    at NodeProcessor.traverse (/opt/homebrew/lib/node_modules/markbind-cli/node_modules/@markbind/core/src/html/NodeProcessor.js:345:27)
    at /opt/homebrew/lib/node_modules/markbind-cli/node_modules/@markbind/core/src/html/NodeProcessor.js:346:22
    at Array.forEach (<anonymous>)
    at NodeProcessor.traverse (/opt/homebrew/lib/node_modules/markbind-cli/node_modules/@markbind/core/src/html/NodeProcessor.js:345:27)
    at /opt/homebrew/lib/node_modules/markbind-cli/node_modules/@markbind/core/src/html/NodeProcessor.js:346:22
    at Array.forEach (<anonymous>)
    at NodeProcessor.traverse (/opt/homebrew/lib/node_modules/markbind-cli/node_modules/@markbind/core/src/html/NodeProcessor.js:345:27)
    at /opt/homebrew/lib/node_modules/markbind-cli/node_modules/@markbind/core/src/html/NodeProcessor.js:346:22
    at Array.forEach (<anonymous>)
    at NodeProcessor.traverse (/opt/homebrew/lib/node_modules/markbind-cli/node_modules/@markbind/core/src/html/NodeProcessor.js:345:27)
    at /opt/homebrew/lib/node_modules/markbind-cli/node_modules/@markbind/core/src/html/NodeProcessor.js:346:22
2025-04-23T07:01:02.265Z - info: Site data built
2025-04-23T07:01:02.265Z - info: Pages rebuilt
2025-04-23T07:01:02.265Z - info: Website regeneration complete! Total build time: 0.242s
2025-04-23T07:02:57.096Z - info: [15:02:57] Reload for file deletion: /Users/damithch/Repos/nus-cs2103/cs2103-website-base/schedule/common-fragment.md
2025-04-23T07:02:57.097Z - info: Synchronizing opened pages list before reload
2025-04-23T07:02:57.097Z - info: Current opened pages, from most-to-least recent:
2025-04-23T07:02:57.097Z - info: 1. schedule/week9/topics
2025-04-23T07:02:57.097Z - info: 2. admin/exams
2025-04-23T07:02:57.240Z - info: [15:02:57] Reload for file add: /Users/damithch/Repos/nus-cs2103/cs2103-website-base/schedule/common-schedule-fragment.md
2025-04-23T07:02:57.240Z - info: Synchronizing opened pages list before reload
2025-04-23T07:02:57.240Z - info: Current opened pages, from most-to-least recent:
2025-04-23T07:02:57.240Z - info: 1. schedule/week9/topics
2025-04-23T07:02:57.240Z - info: 2. admin/exams
2025-04-23T07:02:58.239Z - info: Pages or site config modified, updating pages...
2025-04-23T07:02:58.344Z - info: Assets built
2025-04-23T07:02:59.380Z - info: Building /Users/damithch/Repos/nus-cs2103/cs2103-website-base/schedule/week9/topics as some of its dependencies were changed since the last visit
2025-04-23T07:02:59.380Z - info: Building /Users/damithch/Repos/nus-cs2103/cs2103-website-base/admin/exams as some of its dependencies were changed since the last visit
2025-04-23T07:02:59.501Z - error:  Error: No such file: /Users/damithch/Repos/nus-cs2103/cs2103-website-base/schedule/common-fragment.md
Missing reference in /Users/damithch/Repos/nus-cs2103/cs2103-website-base/admin/exams.md
    at _checkAndWarnFileExists (/opt/homebrew/lib/node_modules/markbind-cli/node_modules/@markbind/core/src/html/includePanelProcessor.js:57:23)
    at processInclude (/opt/homebrew/lib/node_modules/markbind-cli/node_modules/@markbind/core/src/html/includePanelProcessor.js:186:24)
    at NodeProcessor.processNode (/opt/homebrew/lib/node_modules/markbind-cli/node_modules/@markbind/core/src/html/NodeProcessor.js:173:71)
    at NodeProcessor.traverse (/opt/homebrew/lib/node_modules/markbind-cli/node_modules/@markbind/core/src/html/NodeProcessor.js:342:24)
    at /opt/homebrew/lib/node_modules/markbind-cli/node_modules/@markbind/core/src/html/NodeProcessor.js:346:22
    at Array.forEach (<anonymous>)
    at NodeProcessor.traverse (/opt/homebrew/lib/node_modules/markbind-cli/node_modules/@markbind/core/src/html/NodeProcessor.js:345:27)
    at /opt/homebrew/lib/node_modules/markbind-cli/node_modules/@markbind/core/src/html/NodeProcessor.js:346:22
    at Array.forEach (<anonymous>)
    at NodeProcessor.traverse (/opt/homebrew/lib/node_modules/markbind-cli/node_modules/@markbind/core/src/html/NodeProcessor.js:345:27)
    at /opt/homebrew/lib/node_modules/markbind-cli/node_modules/@markbind/core/src/html/NodeProcessor.js:346:22
    at Array.forEach (<anonymous>)
    at NodeProcessor.traverse (/opt/homebrew/lib/node_modules/markbind-cli/node_modules/@markbind/core/src/html/NodeProcessor.js:345:27)
    at /opt/homebrew/lib/node_modules/markbind-cli/node_modules/@markbind/core/src/html/NodeProcessor.js:346:22
    at Array.forEach (<anonymous>)
    at NodeProcessor.traverse (/opt/homebrew/lib/node_modules/markbind-cli/node_modules/@markbind/core/src/html/NodeProcessor.js:345:27)
2025-04-23T07:02:59.501Z - error:  Error: No such file: /Users/damithch/Repos/nus-cs2103/cs2103-website-base/schedule/common-fragment.md
Missing reference in /Users/damithch/Repos/nus-cs2103/cs2103-website-base/admin/exams.md
    at _checkAndWarnFileExists (/opt/homebrew/lib/node_modules/markbind-cli/node_modules/@markbind/core/src/html/includePanelProcessor.js:57:23)
    at processInclude (/opt/homebrew/lib/node_modules/markbind-cli/node_modules/@markbind/core/src/html/includePanelProcessor.js:186:24)
    at NodeProcessor.processNode (/opt/homebrew/lib/node_modules/markbind-cli/node_modules/@markbind/core/src/html/NodeProcessor.js:173:71)
    at NodeProcessor.traverse (/opt/homebrew/lib/node_modules/markbind-cli/node_modules/@markbind/core/src/html/NodeProcessor.js:342:24)
    at /opt/homebrew/lib/node_modules/markbind-cli/node_modules/@markbind/core/src/html/NodeProcessor.js:346:22
    at Array.forEach (<anonymous>)
    at NodeProcessor.traverse (/opt/homebrew/lib/node_modules/markbind-cli/node_modules/@markbind/core/src/html/NodeProcessor.js:345:27)
    at /opt/homebrew/lib/node_modules/markbind-cli/node_modules/@markbind/core/src/html/NodeProcessor.js:346:22
    at Array.forEach (<anonymous>)
    at NodeProcessor.traverse (/opt/homebrew/lib/node_modules/markbind-cli/node_modules/@markbind/core/src/html/NodeProcessor.js:345:27)
    at /opt/homebrew/lib/node_modules/markbind-cli/node_modules/@markbind/core/src/html/NodeProcessor.js:346:22
    at Array.forEach (<anonymous>)
    at NodeProcessor.traverse (/opt/homebrew/lib/node_modules/markbind-cli/node_modules/@markbind/core/src/html/NodeProcessor.js:345:27)
    at /opt/homebrew/lib/node_modules/markbind-cli/node_modules/@markbind/core/src/html/NodeProcessor.js:346:22
    at Array.forEach (<anonymous>)
    at NodeProcessor.traverse (/opt/homebrew/lib/node_modules/markbind-cli/node_modules/@markbind/core/src/html/NodeProcessor.js:345:27)
2025-04-23T07:03:00.051Z - info: [15:03:00] Reload for file change: /Users/damithch/Repos/nus-cs2103/cs2103-website-base/schedule/common-schedule-fragment.md
2025-04-23T07:03:00.052Z - info: Synchronizing opened pages list before reload
2025-04-23T07:03:00.052Z - info: Current opened pages, from most-to-least recent:
2025-04-23T07:03:00.052Z - info: 1. schedule/week9/topics
2025-04-23T07:03:00.052Z - info: 2. admin/exams
2025-04-23T07:03:00.327Z - info: Site data built
2025-04-23T07:03:00.327Z - info: Lazy website regeneration complete! Total build time: 0.947s
2025-04-23T07:03:01.054Z - info: Assets built
2025-04-23T07:03:12.944Z - info: [15:03:12] Reload for file deletion: /Users/damithch/Repos/nus-cs2103/cs2103-website-base/schedule/common-schedule-fragment.md
2025-04-23T07:03:12.944Z - info: Synchronizing opened pages list before reload
2025-04-23T07:03:12.944Z - info: Current opened pages, from most-to-least recent:
2025-04-23T07:03:12.944Z - info: 1. schedule/week9/topics
2025-04-23T07:03:12.944Z - info: 2. admin/exams
2025-04-23T07:03:13.034Z - info: [15:03:13] Reload for file add: /Users/damithch/Repos/nus-cs2103/cs2103-website-base/admin/common-schedule-fragment.md
2025-04-23T07:03:13.034Z - info: Synchronizing opened pages list before reload
2025-04-23T07:03:13.034Z - info: Current opened pages, from most-to-least recent:
2025-04-23T07:03:13.034Z - info: 1. schedule/week9/topics
2025-04-23T07:03:13.034Z - info: 2. admin/exams
2025-04-23T07:03:14.034Z - debug: Assets removed
2025-04-23T07:03:14.096Z - info: Assets built
2025-04-23T07:04:04.831Z - info: [15:04:04] Reload for file change: /Users/damithch/Repos/nus-cs2103/cs2103-website-base/schedule/week8/commentary-cs2103-fragment.md
2025-04-23T07:04:04.831Z - info: Synchronizing opened pages list before reload
2025-04-23T07:04:04.832Z - info: Current opened pages, from most-to-least recent:
2025-04-23T07:04:04.832Z - info: 1. schedule/week9/topics
2025-04-23T07:04:04.832Z - info: 2. admin/exams
2025-04-23T07:04:05.841Z - info: Assets built
2025-04-23T07:04:10.530Z - info: Building /Users/damithch/Repos/nus-cs2103/cs2103-website-base/schedule/week8/topics as some of its dependencies were changed since the last visit
2025-04-23T07:04:11.553Z - info: Site data built
2025-04-23T07:04:11.553Z - info: Lazy website regeneration complete! Total build time: 1.023s
2025-04-23T07:04:21.702Z - info: [15:04:21] Reload for file change: /Users/damithch/Repos/nus-cs2103/cs2103-website-base/schedule/week8/commentary-cs2103-fragment.md
2025-04-23T07:04:21.703Z - info: Synchronizing opened pages list before reload
2025-04-23T07:04:21.703Z - info: Current opened pages, from most-to-least recent:
2025-04-23T07:04:21.703Z - info: 1. schedule/week8/topics
2025-04-23T07:04:22.707Z - info: Rebuilding 1 pages
2025-04-23T07:04:23.680Z - info: Site data built
2025-04-23T07:04:23.680Z - info: Pages rebuilt
2025-04-23T07:04:23.680Z - info: Website regeneration complete! Total build time: 0.975s
2025-04-23T07:05:29.975Z - info: [15:05:29] Reload for file change: /Users/damithch/Repos/nus-cs2103/cs2103-website-base/admin/common-commentary-fragment.md
2025-04-23T07:05:29.991Z - info: Synchronizing opened pages list before reload
2025-04-23T07:05:30.001Z - info: Current opened pages, from most-to-least recent:
2025-04-23T07:05:30.010Z - info: 1. schedule/week8/topics
2025-04-23T07:05:30.085Z - info: [15:05:30] Reload for file change: /Users/damithch/Repos/nus-cs2103/cs2103-website-base/admin/exams.md
2025-04-23T07:05:30.085Z - info: Synchronizing opened pages list before reload
2025-04-23T07:05:30.085Z - info: Current opened pages, from most-to-least recent:
2025-04-23T07:05:30.085Z - info: 1. schedule/week8/topics
2025-04-23T07:05:31.026Z - info: Rebuilding 1 pages
2025-04-23T07:05:32.073Z - info: Site data built
2025-04-23T07:05:32.073Z - info: Pages rebuilt
2025-04-23T07:05:32.073Z - info: Website regeneration complete! Total build time: 1.049s
2025-04-23T07:05:33.229Z - info: Building /Users/damithch/Repos/nus-cs2103/cs2103-website-base/admin/exams as some of its dependencies were changed since the last visit
2025-04-23T07:05:33.407Z - info: Site data built
2025-04-23T07:05:33.407Z - info: Lazy website regeneration complete! Total build time: 0.178s
2025-04-23T07:05:52.539Z - info: [15:05:52] Reload for file change: /Users/damithch/Repos/nus-cs2103/cs2103-website-base/admin/exams.md
2025-04-23T07:05:52.544Z - info: Synchronizing opened pages list before reload
2025-04-23T07:05:52.549Z - info: Current opened pages, from most-to-least recent:
2025-04-23T07:05:52.551Z - info: 1. schedule/week8/topics
2025-04-23T07:05:52.551Z - info: 2. admin/exams
2025-04-23T07:05:53.572Z - info: Rebuilding 1 pages
2025-04-23T07:05:53.824Z - info: Site data built
2025-04-23T07:05:53.824Z - info: Pages rebuilt
2025-04-23T07:05:53.824Z - info: Website regeneration complete! Total build time: 0.255s
2025-04-23T07:06:24.462Z - info: Building /Users/damithch/Repos/nus-cs2103/cs2103-website-base/schedule/week9/topics as some of its dependencies were changed since the last visit
2025-04-23T07:06:25.262Z - info: Site data built
2025-04-23T07:06:25.262Z - info: Lazy website regeneration complete! Total build time: 0.8s
2025-04-23T07:06:48.106Z - info: Building /Users/damithch/Repos/nus-cs2103/cs2103-website-base/schedule/week10/topics as some of its dependencies were changed since the last visit
2025-04-23T07:06:49.349Z - debug:  
2025-04-23T07:06:49.422Z - info: Site data built
2025-04-23T07:06:49.422Z - info: Lazy website regeneration complete! Total build time: 1.317s
2025-04-23T07:07:22.315Z - info: [15:07:22] Reload for file change: /Users/damithch/Repos/nus-cs2103/cs2103-website-base/admin/exams.md
2025-04-23T07:07:22.316Z - info: Synchronizing opened pages list before reload
2025-04-23T07:07:22.317Z - info: Current opened pages, from most-to-least recent:
2025-04-23T07:07:22.317Z - info: 1. schedule/week9/topics
2025-04-23T07:07:22.317Z - info: 2. admin/exams
2025-04-23T07:07:23.327Z - info: Rebuilding 1 pages
2025-04-23T07:07:23.600Z - info: Site data built
2025-04-23T07:07:23.600Z - info: Pages rebuilt
2025-04-23T07:07:23.600Z - info: Website regeneration complete! Total build time: 0.276s
2025-04-23T07:08:47.723Z - info: Website generation started at 15:08:47
2025-04-23T07:08:47.980Z - warn: ENOENT: no such file or directory, open '/Users/damithch/Repos/nus-cs2103/cs2103-website-base/node_modules/.cache/gh-pages/https!github.com!nus-cs2103-AY2425S2!website.git/book/_markbind/variables.md'
2025-04-23T07:08:47.980Z - warn: ENOENT: no such file or directory, open '/Users/damithch/Repos/nus-cs2103/cs2103-website-base/node_modules/.cache/gh-pages/https!github.com!nus-cs2103-AY2425S2!website.git/_markbind/variables.md'
2025-04-23T07:08:48.000Z - info: Building assets...
2025-04-23T07:08:49.408Z - info: Assets built
2025-04-23T07:08:49.408Z - info: Generating pages...
2025-04-23T07:08:57.327Z - debug:  
2025-04-23T07:08:57.685Z - debug:  
2025-04-23T07:08:57.685Z - debug:  
2025-04-23T07:08:57.685Z - debug:  
2025-04-23T07:08:57.686Z - debug:  
2025-04-23T07:08:57.686Z - debug:  
2025-04-23T07:08:57.686Z - debug:  
2025-04-23T07:08:57.686Z - debug:  
2025-04-23T07:08:57.686Z - debug:  
2025-04-23T07:08:57.686Z - debug:  
2025-04-23T07:08:57.686Z - debug:  
2025-04-23T07:08:57.686Z - debug:  
2025-04-23T07:08:57.686Z - debug:  
2025-04-23T07:08:57.686Z - debug:  
2025-04-23T07:08:57.785Z - debug: 2025-04-23 15:08:53.981 java[80960:10120155] +[IMKClient subclass]: chose IMKClient_Modern
2025-04-23 15:08:53.981 java[80960:10120155] +[IMKInputSession subclass]: chose IMKInputSession_Modern

2025-04-23T07:08:57.785Z - debug:  
2025-04-23T07:08:58.729Z - debug: 2025-04-23 15:08:58.003 java[81005:10120989] +[IMKClient subclass]: chose IMKClient_Modern
2025-04-23 15:08:58.003 java[81005:10120989] +[IMKInputSession subclass]: chose IMKInputSession_Modern

2025-04-23T07:09:08.058Z - debug: 2025-04-23 15:09:07.316 java[81025:10121274] +[IMKClient subclass]: chose IMKClient_Modern
2025-04-23 15:09:07.316 java[81025:10121274] +[IMKInputSession subclass]: chose IMKInputSession_Modern

2025-04-23T07:09:53.779Z - debug: 2025-04-23 15:09:51.443 java[81085:10122521] +[IMKClient subclass]: chose IMKClient_Modern
2025-04-23 15:09:51.443 java[81085:10122521] +[IMKInputSession subclass]: chose IMKInputSession_Modern

2025-04-23T07:10:05.011Z - debug:  
2025-04-23T07:10:05.038Z - debug: 2025-04-23 15:10:04.230 java[81098:10122857] +[IMKClient subclass]: chose IMKClient_Modern
2025-04-23 15:10:04.230 java[81098:10122857] +[IMKInputSession subclass]: chose IMKInputSession_Modern

2025-04-23T07:10:12.530Z - info: Pages built
2025-04-23T07:10:12.611Z - info: Site data built
2025-04-23T07:10:12.611Z - info: Website generation complete! Total build time: 85.47s
2025-04-23T07:10:12.611Z - info: Build success!
2025-04-23T07:10:34.514Z - info: The website has been deployed at: https://nus-cs2103-ay2425s2.github.io/website
2025-04-23T08:41:16.186Z - info: Website generation (lazy) started at 16:41:15
2025-04-23T08:41:16.508Z - warn: ENOENT: no such file or directory, open '/Users/damithch/Repos/nus-cs2103/cs2103-website-base/node_modules/.cache/gh-pages/https!github.com!nus-cs2103-AY2425S2!website.git/book/_markbind/variables.md'
2025-04-23T08:41:16.509Z - warn: ENOENT: no such file or directory, open '/Users/damithch/Repos/nus-cs2103/cs2103-website-base/node_modules/.cache/gh-pages/https!github.com!nus-cs2103-AY2425S2!website.git/_markbind/variables.md'
2025-04-23T08:41:16.528Z - info: Building assets...
2025-04-23T08:41:18.185Z - info: Assets built
2025-04-23T08:41:18.186Z - info: Generating landing page...
2025-04-23T08:41:18.486Z - info: Landing page built, other pages will be built as you navigate to them!
2025-04-23T08:41:18.600Z - info: Site data built
2025-04-23T08:41:18.600Z - info: Website generation (lazy) complete! Total build time: 3.184s
2025-04-23T08:41:18.609Z - info: Serving "/Users/damithch/Repos/nus-cs2103/cs2103-website-base/_site" at http://127.0.0.1:8080
2025-04-23T08:41:18.609Z - info: Press CTRL+C to stop ...
2025-04-23T08:41:22.980Z - info: Building /Users/damithch/Repos/nus-cs2103/cs2103-website-base/admin/exams as some of its dependencies were changed since the last visit
2025-04-23T08:41:23.224Z - info: Site data built
2025-04-23T08:41:23.224Z - info: Lazy website regeneration complete! Total build time: 0.245s
2025-04-23T08:44:00.875Z - info: [16:44:00] Reload for file change: /Users/damithch/Repos/nus-cs2103/cs2103-website-base/index.md
2025-04-23T08:44:00.877Z - info: Synchronizing opened pages list before reload
2025-04-23T08:44:00.878Z - info: Current opened pages, from most-to-least recent:
2025-04-23T08:44:00.879Z - info: 1. admin/exams
2025-04-23T08:44:00.881Z - info: [16:44:00] Reload for file change: /Users/damithch/Repos/nus-cs2103/cs2103-website-base/_markbind/variables.md
2025-04-23T08:44:00.881Z - info: Synchronizing opened pages list before reload
2025-04-23T08:44:00.881Z - info: Current opened pages, from most-to-least recent:
2025-04-23T08:44:00.881Z - info: 1. admin/exams
2025-04-23T08:44:00.974Z - info: [16:44:00] Reload for file change: /Users/damithch/Repos/nus-cs2103/cs2103-website-base/_markbind/variables.md
2025-04-23T08:44:00.975Z - info: Synchronizing opened pages list before reload
2025-04-23T08:44:00.975Z - info: Current opened pages, from most-to-least recent:
2025-04-23T08:44:00.976Z - info: 1. admin/exams
2025-04-23T08:44:01.913Z - warn: ENOENT: no such file or directory, open '/Users/damithch/Repos/nus-cs2103/cs2103-website-base/node_modules/.cache/gh-pages/https!github.com!nus-cs2103-AY2425S2!website.git/book/_markbind/variables.md'
2025-04-23T08:44:01.913Z - warn: ENOENT: no such file or directory, open '/Users/damithch/Repos/nus-cs2103/cs2103-website-base/node_modules/.cache/gh-pages/https!github.com!nus-cs2103-AY2425S2!website.git/_markbind/variables.md'
2025-04-23T08:44:01.946Z - warn: Rebuilding all pages as variables file was changed, or the --force-reload flag was set
2025-04-23T08:44:01.949Z - info: Rebuilding 1 pages
2025-04-23T08:44:02.166Z - info: Site data built
2025-04-23T08:44:02.166Z - info: Pages rebuilt
2025-04-23T08:44:02.166Z - info: Website regeneration complete! Total build time: 0.273s
2025-04-23T08:44:04.436Z - info: Building /Users/damithch/Repos/nus-cs2103/cs2103-website-base/index as some of its dependencies were changed since the last visit
2025-04-23T08:44:04.444Z - error:  Template render error: (/Users/damithch/Repos/nus-cs2103/cs2103-website-base/index.md) [Line 6, Column 12]
  expected block end in else statement
    at Object._prettifyError (/opt/homebrew/lib/node_modules/markbind-cli/node_modules/nunjucks/src/lib.js:32:11)
    at Template.render (/opt/homebrew/lib/node_modules/markbind-cli/node_modules/@markbind/core/src/patches/nunjucks/context-overrides-frame.js:358:19)
    at /opt/homebrew/lib/node_modules/markbind-cli/node_modules/@markbind/core/src/patches/nunjucks/context-overrides-frame.js:54:25
    at createTemplate (/opt/homebrew/lib/node_modules/markbind-cli/node_modules/@markbind/core/src/patches/nunjucks/load-event.js:121:7)
    at handle (/opt/homebrew/lib/node_modules/markbind-cli/node_modules/@markbind/core/src/patches/nunjucks/load-event.js:133:9)
    at /opt/homebrew/lib/node_modules/markbind-cli/node_modules/@markbind/core/src/patches/nunjucks/load-event.js:145:7
    at next (/opt/homebrew/lib/node_modules/markbind-cli/node_modules/nunjucks/src/lib.js:258:7)
    at Object.asyncIter (/opt/homebrew/lib/node_modules/markbind-cli/node_modules/nunjucks/src/lib.js:263:3)
    at Environment.getTemplate (/opt/homebrew/lib/node_modules/markbind-cli/node_modules/@markbind/core/src/patches/nunjucks/load-event.js:127:7)
    at Environment.render (/opt/homebrew/lib/node_modules/markbind-cli/node_modules/@markbind/core/src/patches/nunjucks/context-overrides-frame.js:48:8)
    at VariableRenderer.renderFile (/opt/homebrew/lib/node_modules/markbind-cli/node_modules/@markbind/core/src/variables/VariableRenderer.js:73:24)
    at VariableProcessor.renderWithSiteVariables (/opt/homebrew/lib/node_modules/markbind-cli/node_modules/@markbind/core/src/variables/VariableProcessor.js:154:57)
    at Page.<anonymous> (/opt/homebrew/lib/node_modules/markbind-cli/node_modules/@markbind/core/src/Page/index.js:494:45)
    at Generator.next (<anonymous>)
    at /opt/homebrew/lib/node_modules/markbind-cli/node_modules/@markbind/core/src/Page/index.js:31:71
    at new Promise (<anonymous>)
2025-04-23T08:44:04.444Z - warn:  Error: Error while generating /Users/damithch/Repos/nus-cs2103/cs2103-website-base/index.md
    at Site.<anonymous> (/opt/homebrew/lib/node_modules/markbind-cli/node_modules/@markbind/core/src/Site/index.js:971:28)
    at Generator.throw (<anonymous>)
    at rejected (/opt/homebrew/lib/node_modules/markbind-cli/node_modules/@markbind/core/src/Site/index.js:29:65)
2025-04-23T08:44:05.591Z - info: Building /Users/damithch/Repos/nus-cs2103/cs2103-website-base/index as some of its dependencies were changed since the last visit
2025-04-23T08:44:05.596Z - error:  Template render error: (/Users/damithch/Repos/nus-cs2103/cs2103-website-base/index.md) [Line 6, Column 12]
  expected block end in else statement
    at Object._prettifyError (/opt/homebrew/lib/node_modules/markbind-cli/node_modules/nunjucks/src/lib.js:32:11)
    at Template.render (/opt/homebrew/lib/node_modules/markbind-cli/node_modules/@markbind/core/src/patches/nunjucks/context-overrides-frame.js:358:19)
    at /opt/homebrew/lib/node_modules/markbind-cli/node_modules/@markbind/core/src/patches/nunjucks/context-overrides-frame.js:54:25
    at createTemplate (/opt/homebrew/lib/node_modules/markbind-cli/node_modules/@markbind/core/src/patches/nunjucks/load-event.js:121:7)
    at handle (/opt/homebrew/lib/node_modules/markbind-cli/node_modules/@markbind/core/src/patches/nunjucks/load-event.js:133:9)
    at /opt/homebrew/lib/node_modules/markbind-cli/node_modules/@markbind/core/src/patches/nunjucks/load-event.js:145:7
    at next (/opt/homebrew/lib/node_modules/markbind-cli/node_modules/nunjucks/src/lib.js:258:7)
    at Object.asyncIter (/opt/homebrew/lib/node_modules/markbind-cli/node_modules/nunjucks/src/lib.js:263:3)
    at Environment.getTemplate (/opt/homebrew/lib/node_modules/markbind-cli/node_modules/@markbind/core/src/patches/nunjucks/load-event.js:127:7)
    at Environment.render (/opt/homebrew/lib/node_modules/markbind-cli/node_modules/@markbind/core/src/patches/nunjucks/context-overrides-frame.js:48:8)
    at VariableRenderer.renderFile (/opt/homebrew/lib/node_modules/markbind-cli/node_modules/@markbind/core/src/variables/VariableRenderer.js:73:24)
    at VariableProcessor.renderWithSiteVariables (/opt/homebrew/lib/node_modules/markbind-cli/node_modules/@markbind/core/src/variables/VariableProcessor.js:154:57)
    at Page.<anonymous> (/opt/homebrew/lib/node_modules/markbind-cli/node_modules/@markbind/core/src/Page/index.js:494:45)
    at Generator.next (<anonymous>)
    at /opt/homebrew/lib/node_modules/markbind-cli/node_modules/@markbind/core/src/Page/index.js:31:71
    at new Promise (<anonymous>)
2025-04-23T08:44:05.597Z - warn:  Error: Error while generating /Users/damithch/Repos/nus-cs2103/cs2103-website-base/index.md
    at Site.<anonymous> (/opt/homebrew/lib/node_modules/markbind-cli/node_modules/@markbind/core/src/Site/index.js:971:28)
    at Generator.throw (<anonymous>)
    at rejected (/opt/homebrew/lib/node_modules/markbind-cli/node_modules/@markbind/core/src/Site/index.js:29:65)
2025-04-23T08:44:50.474Z - info: [16:44:50] Reload for file change: /Users/damithch/Repos/nus-cs2103/cs2103-website-base/index.md
2025-04-23T08:44:50.474Z - info: Synchronizing opened pages list before reload
2025-04-23T08:44:50.474Z - info: No pages are currently opened
2025-04-23T08:44:51.483Z - info: No pages needed to be rebuilt
2025-04-23T08:44:57.485Z - info: Building /Users/damithch/Repos/nus-cs2103/cs2103-website-base/index as some of its dependencies were changed since the last visit
2025-04-23T08:44:57.759Z - info: Site data built
2025-04-23T08:44:57.759Z - info: Lazy website regeneration complete! Total build time: 0.274s
2025-04-23T08:45:10.681Z - info: [16:45:10] Reload for file change: /Users/damithch/Repos/nus-cs2103/cs2103-website-base/index.md
2025-04-23T08:45:10.681Z - info: Synchronizing opened pages list before reload
2025-04-23T08:45:10.681Z - info: No pages are currently opened
2025-04-23T08:45:11.695Z - info: No pages needed to be rebuilt
2025-04-23T08:45:15.433Z - info: Website generation (lazy) started at 16:45:15
2025-04-23T08:45:15.711Z - warn: ENOENT: no such file or directory, open '/Users/damithch/Repos/nus-cs2103/cs2103-website-base/node_modules/.cache/gh-pages/https!github.com!nus-cs2103-AY2425S2!website.git/book/_markbind/variables.md'
2025-04-23T08:45:15.711Z - warn: ENOENT: no such file or directory, open '/Users/damithch/Repos/nus-cs2103/cs2103-website-base/node_modules/.cache/gh-pages/https!github.com!nus-cs2103-AY2425S2!website.git/_markbind/variables.md'
2025-04-23T08:45:15.730Z - info: Building assets...
2025-04-23T08:45:17.441Z - info: Assets built
2025-04-23T08:45:17.441Z - info: Generating landing page...
2025-04-23T08:45:17.456Z - error:  Error: No such file: /Users/damithch/Repos/nus-cs2103/cs2103-website-base/admin/exam.md
Missing reference in /Users/damithch/Repos/nus-cs2103/cs2103-website-base/index.md
    at _checkAndWarnFileExists (/opt/homebrew/lib/node_modules/markbind-cli/node_modules/@markbind/core/src/html/includePanelProcessor.js:57:23)
    at processInclude (/opt/homebrew/lib/node_modules/markbind-cli/node_modules/@markbind/core/src/html/includePanelProcessor.js:186:24)
    at NodeProcessor.processNode (/opt/homebrew/lib/node_modules/markbind-cli/node_modules/@markbind/core/src/html/NodeProcessor.js:173:71)
    at NodeProcessor.traverse (/opt/homebrew/lib/node_modules/markbind-cli/node_modules/@markbind/core/src/html/NodeProcessor.js:342:24)
    at /opt/homebrew/lib/node_modules/markbind-cli/node_modules/@markbind/core/src/html/NodeProcessor.js:346:22
    at Array.forEach (<anonymous>)
    at NodeProcessor.traverse (/opt/homebrew/lib/node_modules/markbind-cli/node_modules/@markbind/core/src/html/NodeProcessor.js:345:27)
    at /opt/homebrew/lib/node_modules/markbind-cli/node_modules/@markbind/core/src/html/NodeProcessor.js:370:42
    at Array.map (<anonymous>)
    at DomHandler._callback (/opt/homebrew/lib/node_modules/markbind-cli/node_modules/@markbind/core/src/html/NodeProcessor.js:367:43)
    at DomHandler._handleCallback.DomHandler.onerror (/opt/homebrew/lib/node_modules/markbind-cli/node_modules/domhandler/index.js:52:8)
    at DomHandler.onend (/opt/homebrew/lib/node_modules/markbind-cli/node_modules/domhandler/index.js:46:7)
    at Parser.onend (/opt/homebrew/lib/node_modules/markbind-cli/node_modules/htmlparser2/lib/Parser.js:340:36)
    at Tokenizer._finish (/opt/homebrew/lib/node_modules/markbind-cli/node_modules/htmlparser2/lib/Tokenizer.js:890:15)
    at Tokenizer.end (/opt/homebrew/lib/node_modules/markbind-cli/node_modules/htmlparser2/lib/Tokenizer.js:881:29)
    at Parser.end (/opt/homebrew/lib/node_modules/markbind-cli/node_modules/htmlparser2/lib/Parser.js:367:21)
2025-04-23T08:45:17.574Z - info: Landing page built, other pages will be built as you navigate to them!
2025-04-23T08:45:17.640Z - info: Site data built
2025-04-23T08:45:17.640Z - info: Website generation (lazy) complete! Total build time: 2.222s
2025-04-23T08:45:17.646Z - info: Serving "/Users/damithch/Repos/nus-cs2103/cs2103-website-base/_site" at http://127.0.0.1:8080
2025-04-23T08:45:17.646Z - info: Press CTRL+C to stop ...
2025-04-23T08:45:29.952Z - info: [16:45:29] Reload for file change: /Users/damithch/Repos/nus-cs2103/cs2103-website-base/index.md
2025-04-23T08:45:29.954Z - info: Synchronizing opened pages list before reload
2025-04-23T08:45:29.955Z - info: Current opened pages, from most-to-least recent:
2025-04-23T08:45:29.956Z - info: 1. index
2025-04-23T08:45:30.966Z - info: Rebuilding 1 pages
2025-04-23T08:45:31.289Z - info: Site data built
2025-04-23T08:45:31.290Z - info: Pages rebuilt
2025-04-23T08:45:31.290Z - info: Website regeneration complete! Total build time: 0.326s
2025-04-23T08:48:04.621Z - info: [16:48:04] Reload for file change: /Users/damithch/Repos/nus-cs2103/cs2103-website-base/admin/exams.md
2025-04-23T08:48:04.627Z - info: Synchronizing opened pages list before reload
2025-04-23T08:48:04.630Z - info: Current opened pages, from most-to-least recent:
2025-04-23T08:48:04.630Z - info: 1. index
2025-04-23T08:48:05.642Z - info: Rebuilding 1 pages
2025-04-23T08:48:05.916Z - info: Site data built
2025-04-23T08:48:05.916Z - info: Pages rebuilt
2025-04-23T08:48:05.916Z - info: Website regeneration complete! Total build time: 0.278s
2025-04-23T08:48:54.687Z - info: [16:48:54] Reload for file change: /Users/damithch/Repos/nus-cs2103/cs2103-website-base/admin/exams.md
2025-04-23T08:48:54.688Z - info: Synchronizing opened pages list before reload
2025-04-23T08:48:54.688Z - info: Current opened pages, from most-to-least recent:
2025-04-23T08:48:54.688Z - info: 1. index
2025-04-23T08:48:55.694Z - info: Rebuilding 1 pages
2025-04-23T08:48:55.893Z - info: Site data built
2025-04-23T08:48:55.893Z - info: Pages rebuilt
2025-04-23T08:48:55.893Z - info: Website regeneration complete! Total build time: 0.202s
2025-04-23T08:49:39.558Z - info: Website generation started at 16:49:38
2025-04-23T08:49:39.870Z - warn: ENOENT: no such file or directory, open '/Users/damithch/Repos/nus-cs2103/cs2103-website-base/node_modules/.cache/gh-pages/https!github.com!nus-cs2103-AY2425S2!website.git/book/_markbind/variables.md'
2025-04-23T08:49:39.870Z - warn: ENOENT: no such file or directory, open '/Users/damithch/Repos/nus-cs2103/cs2103-website-base/node_modules/.cache/gh-pages/https!github.com!nus-cs2103-AY2425S2!website.git/_markbind/variables.md'
2025-04-23T08:49:39.900Z - info: Building assets...
