2025-01-23T03:16:57.491Z - info: Website generation (lazy) started at 11:16:56
2025-01-23T03:16:57.789Z - warn: ENOENT: no such file or directory, open '/Users/damithch/Repos/nus-cs2103/cs2103-website-base/node_modules/.cache/gh-pages/https!github.com!nus-cs2103-AY2425S2!website.git/book/_markbind/variables.md'
2025-01-23T03:16:57.789Z - warn: ENOENT: no such file or directory, open '/Users/damithch/Repos/nus-cs2103/cs2103-website-base/node_modules/.cache/gh-pages/https!github.com!nus-cs2103-AY2425S2!website.git/_markbind/variables.md'
2025-01-23T03:16:57.809Z - info: Building assets...
2025-01-23T03:16:59.190Z - info: Assets built
2025-01-23T03:16:59.191Z - info: Generating landing page...
2025-01-23T03:16:59.540Z - info: Landing page built, other pages will be built as you navigate to them!
2025-01-23T03:16:59.612Z - info: Site data built
2025-01-23T03:16:59.612Z - info: Website generation (lazy) complete! Total build time: 2.909s
2025-01-23T03:16:59.621Z - info: Serving "/Users/damithch/Repos/nus-cs2103/cs2103-website-base/_site" at http://127.0.0.1:8080
2025-01-23T03:16:59.621Z - info: Press CTRL+C to stop ...
2025-01-23T03:17:04.936Z - info: Building /Users/damithch/Repos/nus-cs2103/cs2103-website-base/schedule/week2/project as some of its dependencies were changed since the last visit
2025-01-23T03:17:05.740Z - info: Site data built
2025-01-23T03:17:05.740Z - info: Lazy website regeneration complete! Total build time: 0.804s
2025-01-23T03:18:26.522Z - info: [11:18:26] Reload for file change: /Users/damithch/Repos/nus-cs2103/cs2103-website-base/admin/ip-tasks-fragment.md
2025-01-23T03:18:26.524Z - info: Synchronizing opened pages list before reload
2025-01-23T03:18:26.527Z - info: Current opened pages, from most-to-least recent:
2025-01-23T03:18:26.528Z - info: 1. schedule/week2/project
2025-01-23T03:18:27.539Z - info: Rebuilding 1 pages
2025-01-23T03:18:28.347Z - info: Site data built
2025-01-23T03:18:28.347Z - info: Pages rebuilt
2025-01-23T03:18:28.347Z - info: Website regeneration complete! Total build time: 0.812s
2025-01-23T03:18:51.721Z - info: Website generation started at 11:18:51
2025-01-23T03:18:51.921Z - warn: ENOENT: no such file or directory, open '/Users/damithch/Repos/nus-cs2103/cs2103-website-base/node_modules/.cache/gh-pages/https!github.com!nus-cs2103-AY2425S2!website.git/book/_markbind/variables.md'
2025-01-23T03:18:51.921Z - warn: ENOENT: no such file or directory, open '/Users/damithch/Repos/nus-cs2103/cs2103-website-base/node_modules/.cache/gh-pages/https!github.com!nus-cs2103-AY2425S2!website.git/_markbind/variables.md'
2025-01-23T03:18:51.940Z - info: Building assets...
2025-01-23T03:18:53.288Z - info: Assets built
2025-01-23T03:18:53.288Z - info: Generating pages...
2025-01-23T03:19:00.085Z - debug:  
2025-01-23T03:19:00.085Z - debug:  
2025-01-23T03:19:00.086Z - debug:  
2025-01-23T03:19:00.086Z - debug:  
2025-01-23T03:19:00.086Z - debug:  
2025-01-23T03:19:00.086Z - debug:  
2025-01-23T03:19:00.086Z - debug:  
2025-01-23T03:19:00.086Z - debug:  
2025-01-23T03:19:00.086Z - debug: 2025-01-23 11:18:56.566 java[40171:6228714] +[IMKClient subclass]: chose IMKClient_Modern
2025-01-23 11:18:56.566 java[40171:6228714] +[IMKInputSession subclass]: chose IMKInputSession_Modern

2025-01-23T03:19:00.086Z - debug:  
2025-01-23T03:19:00.086Z - debug:  
2025-01-23T03:19:00.086Z - debug:  
2025-01-23T03:19:00.086Z - debug:  
2025-01-23T03:19:00.086Z - debug:  
2025-01-23T03:19:00.086Z - debug:  
2025-01-23T03:19:00.614Z - debug:  
2025-01-23T03:19:00.755Z - debug: 2025-01-23 11:19:00.386 java[40217:6229955] +[IMKClient subclass]: chose IMKClient_Modern
2025-01-23 11:19:00.386 java[40217:6229955] +[IMKInputSession subclass]: chose IMKInputSession_Modern

2025-01-23T03:19:09.664Z - debug: 2025-01-23 11:19:09.180 java[40233:6230392] +[IMKClient subclass]: chose IMKClient_Modern
2025-01-23 11:19:09.180 java[40233:6230392] +[IMKInputSession subclass]: chose IMKInputSession_Modern

2025-01-23T03:19:53.516Z - debug: 2025-01-23 11:19:51.058 java[40260:6232813] +[IMKClient subclass]: chose IMKClient_Modern
2025-01-23 11:19:51.058 java[40260:6232813] +[IMKInputSession subclass]: chose IMKInputSession_Modern

2025-01-23T03:20:03.834Z - debug: 2025-01-23 11:20:03.167 java[40268:6233510] +[IMKClient subclass]: chose IMKClient_Modern
2025-01-23 11:20:03.167 java[40268:6233510] +[IMKInputSession subclass]: chose IMKInputSession_Modern

2025-01-23T03:20:03.977Z - debug:  
2025-01-23T03:20:09.104Z - info: Pages built
2025-01-23T03:20:09.162Z - info: Site data built
2025-01-23T03:20:09.162Z - info: Website generation complete! Total build time: 77.918s
2025-01-23T03:20:09.162Z - info: Build success!
2025-01-23T03:20:30.123Z - info: The website has been deployed at: https://nus-cs2103-ay2425s2.github.io/website
2025-01-23T03:22:06.929Z - info: Website generation (lazy) started at 11:22:06
2025-01-23T03:22:07.174Z - warn: ENOENT: no such file or directory, open '/Users/damithch/Repos/nus-cs2103/cs2103-website-base/node_modules/.cache/gh-pages/https!github.com!nus-cs2103-AY2425S2!website.git/book/_markbind/variables.md'
2025-01-23T03:22:07.174Z - warn: ENOENT: no such file or directory, open '/Users/damithch/Repos/nus-cs2103/cs2103-website-base/node_modules/.cache/gh-pages/https!github.com!nus-cs2103-AY2425S2!website.git/_markbind/variables.md'
2025-01-23T03:22:07.193Z - info: Building assets...
2025-01-23T03:22:09.032Z - info: Assets built
2025-01-23T03:22:09.033Z - info: Generating landing page...
2025-01-23T03:22:09.624Z - info: Landing page built, other pages will be built as you navigate to them!
2025-01-23T03:22:09.699Z - info: Site data built
2025-01-23T03:22:09.699Z - info: Website generation (lazy) complete! Total build time: 3.362s
2025-01-23T03:22:09.710Z - info: Serving "/Users/damithch/Repos/nus-cs2103/cs2103-website-base/_site" at http://127.0.0.1:8080
2025-01-23T03:22:09.710Z - info: Press CTRL+C to stop ...
2025-01-23T03:23:40.218Z - info: [11:23:40] Reload for file change: /Users/damithch/Repos/nus-cs2103/cs2103-website-base/schedule/week2/notices-cs2103-fragment.md
2025-01-23T03:23:40.222Z - info: Synchronizing opened pages list before reload
2025-01-23T03:23:40.233Z - info: Current opened pages, from most-to-least recent:
2025-01-23T03:23:40.235Z - info: 1. index
2025-01-23T03:23:41.267Z - info: Rebuilding 1 pages
2025-01-23T03:23:41.605Z - info: Site data built
2025-01-23T03:23:41.605Z - info: Pages rebuilt
2025-01-23T03:23:41.605Z - info: Website regeneration complete! Total build time: 0.35s
2025-01-23T03:26:00.681Z - info: [11:26:00] Reload for file change: /Users/damithch/Repos/nus-cs2103/cs2103-website-base/schedule/week2/notices-cs2103-fragment.md
2025-01-23T03:26:00.687Z - info: Synchronizing opened pages list before reload
2025-01-23T03:26:00.692Z - info: Current opened pages, from most-to-least recent:
2025-01-23T03:26:00.693Z - info: 1. index
2025-01-23T03:26:01.728Z - info: Rebuilding 1 pages
2025-01-23T03:26:01.972Z - info: Site data built
2025-01-23T03:26:01.972Z - info: Pages rebuilt
2025-01-23T03:26:01.972Z - info: Website regeneration complete! Total build time: 0.246s
2025-01-23T03:27:10.565Z - info: Website generation started at 11:27:09
2025-01-23T03:27:10.859Z - warn: ENOENT: no such file or directory, open '/Users/damithch/Repos/nus-cs2103/cs2103-website-base/node_modules/.cache/gh-pages/https!github.com!nus-cs2103-AY2425S2!website.git/book/_markbind/variables.md'
2025-01-23T03:27:10.860Z - warn: ENOENT: no such file or directory, open '/Users/damithch/Repos/nus-cs2103/cs2103-website-base/node_modules/.cache/gh-pages/https!github.com!nus-cs2103-AY2425S2!website.git/_markbind/variables.md'
2025-01-23T03:27:10.879Z - info: Building assets...
2025-01-23T03:27:12.384Z - info: Assets built
2025-01-23T03:27:12.385Z - info: Generating pages...
2025-01-23T03:27:18.303Z - debug:  
2025-01-23T03:27:18.303Z - debug: 2025-01-23 11:27:14.569 java[40670:6257160] +[IMKClient subclass]: chose IMKClient_Modern
2025-01-23 11:27:14.569 java[40670:6257160] +[IMKInputSession subclass]: chose IMKInputSession_Modern

2025-01-23T03:27:18.303Z - debug:  
2025-01-23T03:27:18.303Z - debug:  
2025-01-23T03:27:18.303Z - debug:  
2025-01-23T03:27:18.303Z - debug:  
2025-01-23T03:27:18.303Z - debug: 2025-01-23 11:27:15.592 java[40708:6257544] +[IMKClient subclass]: chose IMKClient_Modern
2025-01-23 11:27:15.592 java[40708:6257544] +[IMKInputSession subclass]: chose IMKInputSession_Modern

2025-01-23T03:27:18.303Z - debug:  
2025-01-23T03:27:18.393Z - debug:  
2025-01-23T03:27:18.393Z - debug:  
2025-01-23T03:27:18.393Z - debug:  
2025-01-23T03:27:18.393Z - debug:  
2025-01-23T03:27:18.393Z - debug:  
2025-01-23T03:27:19.046Z - debug:  
2025-01-23T03:27:19.047Z - debug:  
2025-01-23T03:27:19.047Z - debug:  
2025-01-23T03:27:19.597Z - debug: 2025-01-23 11:27:18.649 java[40735:6258341] +[IMKClient subclass]: chose IMKClient_Modern
2025-01-23 11:27:18.649 java[40735:6258341] +[IMKInputSession subclass]: chose IMKInputSession_Modern

2025-01-23T03:27:28.678Z - debug: 2025-01-23 11:27:28.260 java[40758:6258947] +[IMKClient subclass]: chose IMKClient_Modern
2025-01-23 11:27:28.260 java[40758:6258947] +[IMKInputSession subclass]: chose IMKInputSession_Modern

2025-01-23T03:28:10.977Z - debug: 2025-01-23 11:28:08.779 java[40793:6260923] +[IMKClient subclass]: chose IMKClient_Modern
2025-01-23 11:28:08.779 java[40793:6260923] +[IMKInputSession subclass]: chose IMKInputSession_Modern

2025-01-23T03:28:20.850Z - debug: 2025-01-23 11:28:20.437 java[40800:6261652] +[IMKClient subclass]: chose IMKClient_Modern
2025-01-23 11:28:20.437 java[40800:6261652] +[IMKInputSession subclass]: chose IMKInputSession_Modern

2025-01-23T03:28:21.256Z - debug:  
2025-01-23T03:28:26.563Z - info: Pages built
2025-01-23T03:28:26.630Z - info: Site data built
2025-01-23T03:28:26.630Z - info: Website generation complete! Total build time: 76.699s
2025-01-23T03:28:26.630Z - info: Build success!
2025-01-23T03:28:46.134Z - info: The website has been deployed at: https://nus-cs2103-ay2425s2.github.io/website
2025-01-23T10:19:23.145Z - info: Website generation started at 18:19:22
2025-01-23T10:19:23.449Z - warn: ENOENT: no such file or directory, open '/Users/damithch/Repos/nus-cs2103/cs2103-website-base/node_modules/.cache/gh-pages/https!github.com!nus-cs2103-AY2425S2!website.git/book/_markbind/variables.md'
2025-01-23T10:19:23.449Z - warn: ENOENT: no such file or directory, open '/Users/damithch/Repos/nus-cs2103/cs2103-website-base/node_modules/.cache/gh-pages/https!github.com!nus-cs2103-AY2425S2!website.git/_markbind/variables.md'
2025-01-23T10:19:23.469Z - info: Building assets...
2025-01-23T10:19:24.829Z - info: Assets built
2025-01-23T10:19:24.829Z - info: Generating pages...
2025-01-23T10:19:31.309Z - debug:  
2025-01-23T10:19:31.309Z - debug:  
2025-01-23T10:19:31.309Z - debug:  
2025-01-23T10:19:31.309Z - debug:  
2025-01-23T10:19:31.309Z - debug:  
2025-01-23T10:19:31.309Z - debug:  
2025-01-23T10:19:31.310Z - debug:  
2025-01-23T10:19:31.310Z - debug:  
2025-01-23T10:19:31.310Z - debug:  
2025-01-23T10:19:31.310Z - debug:  
2025-01-23T10:19:31.310Z - debug:  
2025-01-23T10:19:31.310Z - debug:  
2025-01-23T10:19:31.310Z - debug:  
2025-01-23T10:19:31.310Z - debug: 2025-01-23 18:19:28.574 java[61761:6856014] +[IMKClient subclass]: chose IMKClient_Modern
2025-01-23 18:19:28.574 java[61761:6856014] +[IMKInputSession subclass]: chose IMKInputSession_Modern

2025-01-23T10:19:31.310Z - debug:  
2025-01-23T10:19:31.310Z - debug:  
2025-01-23T10:19:32.248Z - debug: 2025-01-23 18:19:31.607 java[61795:6856819] +[IMKClient subclass]: chose IMKClient_Modern
2025-01-23 18:19:31.607 java[61795:6856819] +[IMKInputSession subclass]: chose IMKInputSession_Modern

2025-01-23T10:19:41.689Z - debug: 2025-01-23 18:19:41.016 java[61812:6857140] +[IMKClient subclass]: chose IMKClient_Modern
2025-01-23 18:19:41.016 java[61812:6857140] +[IMKInputSession subclass]: chose IMKInputSession_Modern

2025-01-23T10:20:26.130Z - debug: 2025-01-23 18:20:23.579 java[61840:6857983] +[IMKClient subclass]: chose IMKClient_Modern
2025-01-23 18:20:23.579 java[61840:6857983] +[IMKInputSession subclass]: chose IMKInputSession_Modern

2025-01-23T10:20:37.214Z - debug: 2025-01-23 18:20:36.522 java[61867:6858535] +[IMKClient subclass]: chose IMKClient_Modern
2025-01-23 18:20:36.522 java[61867:6858535] +[IMKInputSession subclass]: chose IMKInputSession_Modern

2025-01-23T10:20:37.456Z - debug:  
2025-01-23T10:20:43.062Z - info: Pages built
2025-01-23T10:20:43.135Z - info: Site data built
2025-01-23T10:20:43.136Z - info: Website generation complete! Total build time: 80.759s
2025-01-23T10:20:43.136Z - info: Build success!
2025-01-23T10:21:12.428Z - info: The website has been deployed at: https://nus-cs2103-ay2425s2.github.io/website
2025-01-23T11:15:53.263Z - info: Website generation started at 19:15:52
2025-01-23T11:15:53.574Z - warn: ENOENT: no such file or directory, open '/Users/damithch/Repos/nus-cs2103/cs2103-website-base/node_modules/.cache/gh-pages/https!github.com!nus-cs2103-AY2425S2!website.git/book/_markbind/variables.md'
2025-01-23T11:15:53.574Z - warn: ENOENT: no such file or directory, open '/Users/damithch/Repos/nus-cs2103/cs2103-website-base/node_modules/.cache/gh-pages/https!github.com!nus-cs2103-AY2425S2!website.git/_markbind/variables.md'
2025-01-23T11:15:53.594Z - info: Building assets...
2025-01-23T11:15:54.995Z - info: Assets built
2025-01-23T11:15:54.995Z - info: Generating pages...
2025-01-23T11:16:00.333Z - debug:  
2025-01-23T11:16:00.333Z - debug: 2025-01-23 19:15:57.229 java[65141:6924241] +[IMKClient subclass]: chose IMKClient_Modern
2025-01-23 19:15:57.229 java[65141:6924241] +[IMKInputSession subclass]: chose IMKInputSession_Modern

2025-01-23T11:16:00.333Z - debug:  
2025-01-23T11:16:00.334Z - debug:  
2025-01-23T11:16:00.334Z - debug:  
2025-01-23T11:16:00.334Z - debug:  
2025-01-23T11:16:00.334Z - debug:  
2025-01-23T11:16:00.334Z - debug:  
2025-01-23T11:16:00.334Z - debug: 2025-01-23 19:15:58.159 java[65168:6924527] +[IMKClient subclass]: chose IMKClient_Modern
2025-01-23 19:15:58.159 java[65168:6924527] +[IMKInputSession subclass]: chose IMKInputSession_Modern

2025-01-23T11:16:00.334Z - debug:  
2025-01-23T11:16:00.410Z - debug:  
2025-01-23T11:16:00.410Z - debug:  
2025-01-23T11:16:00.869Z - debug:  
2025-01-23T11:16:00.869Z - debug:  
2025-01-23T11:16:00.869Z - debug:  
2025-01-23T11:16:00.869Z - debug:  
2025-01-23T11:16:01.087Z - debug: 2025-01-23 19:16:00.652 java[65209:6925288] +[IMKClient subclass]: chose IMKClient_Modern
2025-01-23 19:16:00.652 java[65209:6925288] +[IMKInputSession subclass]: chose IMKInputSession_Modern

2025-01-23T11:16:10.592Z - debug: 2025-01-23 19:16:10.153 java[65230:6925943] +[IMKClient subclass]: chose IMKClient_Modern
2025-01-23 19:16:10.153 java[65230:6925943] +[IMKInputSession subclass]: chose IMKInputSession_Modern

2025-01-23T11:16:54.588Z - debug: 2025-01-23 19:16:51.970 java[65266:6927236] +[IMKClient subclass]: chose IMKClient_Modern
2025-01-23 19:16:51.970 java[65266:6927236] +[IMKInputSession subclass]: chose IMKInputSession_Modern

2025-01-23T11:17:04.743Z - debug: 2025-01-23 19:17:04.069 java[65294:6927880] +[IMKClient subclass]: chose IMKClient_Modern
2025-01-23 19:17:04.069 java[65294:6927880] +[IMKInputSession subclass]: chose IMKInputSession_Modern

2025-01-23T11:17:04.838Z - debug:  
2025-01-23T11:17:10.221Z - info: Pages built
2025-01-23T11:17:10.287Z - info: Site data built
2025-01-23T11:17:10.288Z - info: Website generation complete! Total build time: 77.816s
2025-01-23T11:17:10.288Z - info: Build success!
2025-01-23T11:17:30.727Z - info: The website has been deployed at: https://nus-cs2103-ay2425s2.github.io/website
2025-01-23T13:22:36.683Z - info: Website generation (lazy) started at 21:22:35
2025-01-23T13:22:37.002Z - warn: ENOENT: no such file or directory, open '/Users/damithch/Repos/nus-cs2103/cs2103-website-base/node_modules/.cache/gh-pages/https!github.com!nus-cs2103-AY2425S2!website.git/book/_markbind/variables.md'
2025-01-23T13:22:37.002Z - warn: ENOENT: no such file or directory, open '/Users/damithch/Repos/nus-cs2103/cs2103-website-base/node_modules/.cache/gh-pages/https!github.com!nus-cs2103-AY2425S2!website.git/_markbind/variables.md'
2025-01-23T13:22:37.021Z - info: Building assets...
2025-01-23T13:22:38.570Z - info: Assets built
2025-01-23T13:22:38.570Z - info: Generating landing page...
2025-01-23T13:22:38.960Z - info: Landing page built, other pages will be built as you navigate to them!
2025-01-23T13:22:39.029Z - info: Site data built
2025-01-23T13:22:39.029Z - info: Website generation (lazy) complete! Total build time: 3.139s
2025-01-23T13:22:39.039Z - info: Serving "/Users/damithch/Repos/nus-cs2103/cs2103-website-base/_site" at http://127.0.0.1:8080
2025-01-23T13:22:39.039Z - info: Press CTRL+C to stop ...
2025-01-23T13:22:49.895Z - info: Building /Users/damithch/Repos/nus-cs2103/cs2103-website-base/se-book-adapted/index as some of its dependencies were changed since the last visit
2025-01-23T13:22:50.042Z - info: Site data built
2025-01-23T13:22:50.042Z - info: Lazy website regeneration complete! Total build time: 0.148s
2025-01-23T13:22:54.306Z - info: Building /Users/damithch/Repos/nus-cs2103/cs2103-website-base/se-book-adapted/projectDuke/index as some of its dependencies were changed since the last visit
2025-01-23T13:22:54.542Z - info: Site data built
2025-01-23T13:22:54.542Z - info: Lazy website regeneration complete! Total build time: 0.236s
2025-01-23T13:23:46.382Z - info: [21:23:46] Reload for file change: /Users/damithch/Repos/nus-cs2103/cs2103-website-base/book/projectDuke/text.md
2025-01-23T13:23:46.383Z - info: Synchronizing opened pages list before reload
2025-01-23T13:23:46.384Z - info: Current opened pages, from most-to-least recent:
2025-01-23T13:23:46.385Z - info: 1. se-book-adapted/projectDuke/index
2025-01-23T13:23:47.393Z - info: Rebuilding 1 pages
2025-01-23T13:23:47.650Z - info: Site data built
2025-01-23T13:23:47.650Z - info: Pages rebuilt
2025-01-23T13:23:47.650Z - info: Website regeneration complete! Total build time: 0.259s
2025-01-23T13:33:29.816Z - info: [21:33:29] Reload for file change: /Users/damithch/Repos/nus-cs2103/cs2103-website-base/admin/ip-tasks-fragment.md
2025-01-23T13:33:29.817Z - info: Synchronizing opened pages list before reload
2025-01-23T13:33:29.817Z - info: Current opened pages, from most-to-least recent:
2025-01-23T13:33:29.817Z - info: 1. se-book-adapted/projectDuke/index
2025-01-23T13:33:30.829Z - info: No pages needed to be rebuilt
2025-01-23T14:05:27.341Z - info: Building /Users/damithch/Repos/nus-cs2103/cs2103-website-base/index as some of its dependencies were changed since the last visit
2025-01-23T14:05:27.658Z - info: Site data built
2025-01-23T14:05:27.658Z - info: Lazy website regeneration complete! Total build time: 0.318s
2025-01-23T14:05:31.084Z - info: Building /Users/damithch/Repos/nus-cs2103/cs2103-website-base/schedule/week2/project as some of its dependencies were changed since the last visit
2025-01-23T14:05:31.848Z - info: Site data built
2025-01-23T14:05:31.848Z - info: Lazy website regeneration complete! Total build time: 0.764s
2025-01-23T14:15:21.311Z - info: [22:15:21] Reload for file change: /Users/damithch/Repos/nus-cs2103/cs2103-website-base/admin/ip-tasks-fragment.md
2025-01-23T14:15:21.313Z - info: Synchronizing opened pages list before reload
2025-01-23T14:15:21.315Z - info: Current opened pages, from most-to-least recent:
2025-01-23T14:15:21.315Z - info: 1. schedule/week2/project
2025-01-23T14:15:22.324Z - info: Rebuilding 1 pages
2025-01-23T14:15:23.157Z - info: Site data built
2025-01-23T14:15:23.157Z - info: Pages rebuilt
2025-01-23T14:15:23.157Z - info: Website regeneration complete! Total build time: 0.835s
2025-01-23T14:15:31.295Z - info: Website generation started at 22:15:30
2025-01-23T14:15:31.582Z - warn: ENOENT: no such file or directory, open '/Users/damithch/Repos/nus-cs2103/cs2103-website-base/node_modules/.cache/gh-pages/https!github.com!nus-cs2103-AY2425S2!website.git/book/_markbind/variables.md'
2025-01-23T14:15:31.582Z - warn: ENOENT: no such file or directory, open '/Users/damithch/Repos/nus-cs2103/cs2103-website-base/node_modules/.cache/gh-pages/https!github.com!nus-cs2103-AY2425S2!website.git/_markbind/variables.md'
2025-01-23T14:15:31.601Z - info: Building assets...
2025-01-23T14:15:32.994Z - info: Assets built
2025-01-23T14:15:32.995Z - info: Generating pages...
2025-01-23T14:15:39.680Z - debug:  
2025-01-23T14:15:40.041Z - debug: 2025-01-23 22:15:35.517 java[69375:7110291] +[IMKClient subclass]: chose IMKClient_Modern
2025-01-23 22:15:35.517 java[69375:7110291] +[IMKInputSession subclass]: chose IMKInputSession_Modern

2025-01-23T14:15:40.041Z - debug:  
2025-01-23T14:15:40.041Z - debug:  
2025-01-23T14:15:40.041Z - debug:  
2025-01-23T14:15:40.041Z - debug:  
2025-01-23T14:15:40.041Z - debug:  
2025-01-23T14:15:40.041Z - debug:  
2025-01-23T14:15:40.041Z - debug:  
2025-01-23T14:15:40.041Z - debug:  
2025-01-23T14:15:40.041Z - debug:  
2025-01-23T14:15:40.041Z - debug:  
2025-01-23T14:15:40.041Z - debug:  
2025-01-23T14:15:40.041Z - debug:  
2025-01-23T14:15:40.041Z - debug:  
2025-01-23T14:15:40.041Z - debug:  
2025-01-23T14:15:40.663Z - debug: 2025-01-23 22:15:40.303 java[69435:7111329] +[IMKClient subclass]: chose IMKClient_Modern
2025-01-23 22:15:40.303 java[69435:7111329] +[IMKInputSession subclass]: chose IMKInputSession_Modern

2025-01-23T14:15:49.662Z - debug: 2025-01-23 22:15:49.333 java[69454:7111567] +[IMKClient subclass]: chose IMKClient_Modern
2025-01-23 22:15:49.333 java[69454:7111567] +[IMKInputSession subclass]: chose IMKInputSession_Modern

2025-01-23T14:16:32.595Z - debug: 2025-01-23 22:16:30.366 java[69483:7112346] +[IMKClient subclass]: chose IMKClient_Modern
2025-01-23 22:16:30.366 java[69483:7112346] +[IMKInputSession subclass]: chose IMKInputSession_Modern

2025-01-23T14:16:42.924Z - debug: 2025-01-23 22:16:42.481 java[69495:7112741] +[IMKClient subclass]: chose IMKClient_Modern
2025-01-23 22:16:42.481 java[69495:7112741] +[IMKInputSession subclass]: chose IMKInputSession_Modern

2025-01-23T14:16:43.333Z - debug:  
2025-01-23T14:16:48.738Z - info: Pages built
2025-01-23T14:16:48.803Z - info: Site data built
2025-01-23T14:16:48.803Z - info: Website generation complete! Total build time: 78.124s
2025-01-23T14:16:48.803Z - info: Build success!
2025-01-23T14:17:09.508Z - info: The website has been deployed at: https://nus-cs2103-ay2425s2.github.io/website
