2025-02-19T05:26:13.133Z - info: Website generation (lazy) started at 13:26:11
2025-02-19T05:26:13.575Z - warn: ENOENT: no such file or directory, open '/Users/damithch/Repos/nus-cs2103/cs2103-website-base/node_modules/.cache/gh-pages/https!github.com!nus-cs2103-AY2425S2!website.git/book/_markbind/variables.md'
2025-02-19T05:26:13.575Z - warn: ENOENT: no such file or directory, open '/Users/damithch/Repos/nus-cs2103/cs2103-website-base/node_modules/.cache/gh-pages/https!github.com!nus-cs2103-AY2425S2!website.git/_markbind/variables.md'
2025-02-19T05:26:13.594Z - info: Building assets...
2025-02-19T05:26:15.038Z - info: Assets built
2025-02-19T05:26:15.038Z - info: Generating landing page...
2025-02-19T05:26:15.489Z - info: Landing page built, other pages will be built as you navigate to them!
2025-02-19T05:26:15.554Z - info: Site data built
2025-02-19T05:26:15.554Z - info: Website generation (lazy) complete! Total build time: 3.591s
2025-02-19T05:26:15.564Z - info: Serving "/Users/damithch/Repos/nus-cs2103/cs2103-website-base/_site" at http://127.0.0.1:8080
2025-02-19T05:26:15.564Z - info: Press CTRL+C to stop ...
2025-02-19T05:30:47.528Z - info: [13:30:47] Reload for file change: /Users/damithch/Repos/nus-cs2103/cs2103-website-base/admin/faq-fragment.md
2025-02-19T05:30:47.531Z - info: Synchronizing opened pages list before reload
2025-02-19T05:30:47.533Z - info: Current opened pages, from most-to-least recent:
2025-02-19T05:30:47.534Z - info: 1. index
2025-02-19T05:30:48.541Z - info: Assets built
2025-02-19T05:33:37.974Z - info: [13:33:37] Reload for file change: /Users/damithch/Repos/nus-cs2103/cs2103-website-base/admin/appendixC-faq.md
2025-02-19T05:33:37.975Z - info: Synchronizing opened pages list before reload
2025-02-19T05:33:37.976Z - info: Current opened pages, from most-to-least recent:
2025-02-19T05:33:37.976Z - info: 1. index
2025-02-19T05:33:37.977Z - info: [13:33:37] Reload for file change: /Users/damithch/Repos/nus-cs2103/cs2103-website-base/admin/faq-fragment.md
2025-02-19T05:33:37.977Z - info: Synchronizing opened pages list before reload
2025-02-19T05:33:37.977Z - info: Current opened pages, from most-to-least recent:
2025-02-19T05:33:37.977Z - info: 1. index
2025-02-19T05:33:38.989Z - info: No pages needed to be rebuilt
2025-02-19T05:33:38.991Z - info: Assets built
2025-02-19T05:34:13.555Z - info: Building /Users/damithch/Repos/nus-cs2103/cs2103-website-base/admin/appendixC-faq as some of its dependencies were changed since the last visit
2025-02-19T05:34:14.892Z - info: Site data built
2025-02-19T05:34:14.893Z - info: Lazy website regeneration complete! Total build time: 1.338s
2025-02-19T05:35:08.174Z - info: [13:35:08] Reload for file change: /Users/damithch/Repos/nus-cs2103/cs2103-website-base/admin/faq-fragment.md
2025-02-19T05:35:08.178Z - info: Synchronizing opened pages list before reload
2025-02-19T05:35:08.179Z - info: Current opened pages, from most-to-least recent:
2025-02-19T05:35:08.179Z - info: 1. admin/appendixC-faq
2025-02-19T05:35:09.184Z - info: Rebuilding 1 pages
2025-02-19T05:35:10.604Z - info: Site data built
2025-02-19T05:35:10.605Z - info: Pages rebuilt
2025-02-19T05:35:10.605Z - info: Website regeneration complete! Total build time: 1.423s
2025-02-19T05:36:52.822Z - info: [13:36:52] Reload for file change: /Users/damithch/Repos/nus-cs2103/cs2103-website-base/admin/faq-fragment.md
2025-02-19T05:36:52.832Z - info: Synchronizing opened pages list before reload
2025-02-19T05:36:52.834Z - info: Current opened pages, from most-to-least recent:
2025-02-19T05:36:52.834Z - info: 1. admin/appendixC-faq
2025-02-19T05:36:53.846Z - info: Rebuilding 1 pages
2025-02-19T05:36:55.159Z - info: Site data built
2025-02-19T05:36:55.160Z - info: Pages rebuilt
2025-02-19T05:36:55.160Z - info: Website regeneration complete! Total build time: 1.316s
2025-02-19T05:37:24.254Z - info: Building /Users/damithch/Repos/nus-cs2103/cs2103-website-base/schedule/week6/project as some of its dependencies were changed since the last visit
2025-02-19T05:37:25.393Z - info: Site data built
2025-02-19T05:37:25.393Z - info: Lazy website regeneration complete! Total build time: 1.139s
2025-02-19T05:38:19.340Z - info: [13:38:19] Reload for file change: /Users/damithch/Repos/nus-cs2103/cs2103-website-base/admin/ip-tasks-fragment.md
2025-02-19T05:38:19.344Z - info: Synchronizing opened pages list before reload
2025-02-19T05:38:19.346Z - info: Current opened pages, from most-to-least recent:
2025-02-19T05:38:19.347Z - info: 1. schedule/week6/project
2025-02-19T05:38:20.362Z - info: Rebuilding 1 pages
2025-02-19T05:38:20.923Z - error:  Error: No such segment '#faq--Q' in file: /Users/damithch/Repos/nus-cs2103/cs2103-website-base/admin/faq-fragment.md
Missing reference in /Users/damithch/Repos/nus-cs2103/cs2103-website-base/admin/ip-tasks-fragment.md
    at processInclude (/opt/homebrew/lib/node_modules/markbind-cli/node_modules/@markbind/core/src/html/includePanelProcessor.js:238:27)
    at NodeProcessor.processNode (/opt/homebrew/lib/node_modules/markbind-cli/node_modules/@markbind/core/src/html/NodeProcessor.js:173:71)
    at NodeProcessor.traverse (/opt/homebrew/lib/node_modules/markbind-cli/node_modules/@markbind/core/src/html/NodeProcessor.js:342:24)
    at /opt/homebrew/lib/node_modules/markbind-cli/node_modules/@markbind/core/src/html/NodeProcessor.js:346:22
    at Array.forEach (<anonymous>)
    at NodeProcessor.traverse (/opt/homebrew/lib/node_modules/markbind-cli/node_modules/@markbind/core/src/html/NodeProcessor.js:345:27)
    at /opt/homebrew/lib/node_modules/markbind-cli/node_modules/@markbind/core/src/html/NodeProcessor.js:346:22
    at Array.forEach (<anonymous>)
    at NodeProcessor.traverse (/opt/homebrew/lib/node_modules/markbind-cli/node_modules/@markbind/core/src/html/NodeProcessor.js:345:27)
    at /opt/homebrew/lib/node_modules/markbind-cli/node_modules/@markbind/core/src/html/NodeProcessor.js:346:22
    at Array.forEach (<anonymous>)
    at NodeProcessor.traverse (/opt/homebrew/lib/node_modules/markbind-cli/node_modules/@markbind/core/src/html/NodeProcessor.js:345:27)
    at /opt/homebrew/lib/node_modules/markbind-cli/node_modules/@markbind/core/src/html/NodeProcessor.js:346:22
    at Array.forEach (<anonymous>)
    at NodeProcessor.traverse (/opt/homebrew/lib/node_modules/markbind-cli/node_modules/@markbind/core/src/html/NodeProcessor.js:345:27)
    at /opt/homebrew/lib/node_modules/markbind-cli/node_modules/@markbind/core/src/html/NodeProcessor.js:346:22
2025-02-19T05:38:20.929Z - error:  Error: No such segment '#faq--A' in file: /Users/damithch/Repos/nus-cs2103/cs2103-website-base/admin/faq-fragment.md
Missing reference in /Users/damithch/Repos/nus-cs2103/cs2103-website-base/admin/ip-tasks-fragment.md
    at processInclude (/opt/homebrew/lib/node_modules/markbind-cli/node_modules/@markbind/core/src/html/includePanelProcessor.js:238:27)
    at NodeProcessor.processNode (/opt/homebrew/lib/node_modules/markbind-cli/node_modules/@markbind/core/src/html/NodeProcessor.js:173:71)
    at NodeProcessor.traverse (/opt/homebrew/lib/node_modules/markbind-cli/node_modules/@markbind/core/src/html/NodeProcessor.js:342:24)
    at /opt/homebrew/lib/node_modules/markbind-cli/node_modules/@markbind/core/src/html/NodeProcessor.js:346:22
    at Array.forEach (<anonymous>)
    at NodeProcessor.traverse (/opt/homebrew/lib/node_modules/markbind-cli/node_modules/@markbind/core/src/html/NodeProcessor.js:345:27)
    at /opt/homebrew/lib/node_modules/markbind-cli/node_modules/@markbind/core/src/html/NodeProcessor.js:346:22
    at Array.forEach (<anonymous>)
    at NodeProcessor.traverse (/opt/homebrew/lib/node_modules/markbind-cli/node_modules/@markbind/core/src/html/NodeProcessor.js:345:27)
    at /opt/homebrew/lib/node_modules/markbind-cli/node_modules/@markbind/core/src/html/NodeProcessor.js:346:22
    at Array.forEach (<anonymous>)
    at NodeProcessor.traverse (/opt/homebrew/lib/node_modules/markbind-cli/node_modules/@markbind/core/src/html/NodeProcessor.js:345:27)
    at /opt/homebrew/lib/node_modules/markbind-cli/node_modules/@markbind/core/src/html/NodeProcessor.js:346:22
    at Array.forEach (<anonymous>)
    at NodeProcessor.traverse (/opt/homebrew/lib/node_modules/markbind-cli/node_modules/@markbind/core/src/html/NodeProcessor.js:345:27)
    at /opt/homebrew/lib/node_modules/markbind-cli/node_modules/@markbind/core/src/html/NodeProcessor.js:346:22
2025-02-19T05:38:21.489Z - info: Site data built
2025-02-19T05:38:21.489Z - info: Pages rebuilt
2025-02-19T05:38:21.489Z - info: Website regeneration complete! Total build time: 1.13s
2025-02-19T05:38:26.109Z - info: [13:38:26] Reload for file change: /Users/damithch/Repos/nus-cs2103/cs2103-website-base/admin/ip-tasks-fragment.md
2025-02-19T05:38:26.110Z - info: Synchronizing opened pages list before reload
2025-02-19T05:38:26.110Z - info: Current opened pages, from most-to-least recent:
2025-02-19T05:38:26.110Z - info: 1. schedule/week6/project
2025-02-19T05:38:27.127Z - info: Rebuilding 1 pages
2025-02-19T05:38:28.104Z - info: Site data built
2025-02-19T05:38:28.104Z - info: Pages rebuilt
2025-02-19T05:38:28.104Z - info: Website regeneration complete! Total build time: 0.98s
2025-02-19T05:39:13.623Z - info: Website generation started at 13:39:12
2025-02-19T05:39:13.946Z - warn: ENOENT: no such file or directory, open '/Users/damithch/Repos/nus-cs2103/cs2103-website-base/node_modules/.cache/gh-pages/https!github.com!nus-cs2103-AY2425S2!website.git/book/_markbind/variables.md'
2025-02-19T05:39:13.946Z - warn: ENOENT: no such file or directory, open '/Users/damithch/Repos/nus-cs2103/cs2103-website-base/node_modules/.cache/gh-pages/https!github.com!nus-cs2103-AY2425S2!website.git/_markbind/variables.md'
2025-02-19T05:39:13.966Z - info: Building assets...
