2025-02-21T05:45:33.288Z - info: Website generation (lazy) started at 13:45:32
2025-02-21T05:45:33.615Z - warn: ENOENT: no such file or directory, open '/Users/damithch/Repos/nus-cs2103/cs2103-website-base/node_modules/.cache/gh-pages/https!github.com!nus-cs2103-AY2425S2!website.git/book/_markbind/variables.md'
2025-02-21T05:45:33.616Z - warn: ENOENT: no such file or directory, open '/Users/damithch/Repos/nus-cs2103/cs2103-website-base/node_modules/.cache/gh-pages/https!github.com!nus-cs2103-AY2425S2!website.git/_markbind/variables.md'
2025-02-21T05:45:33.635Z - info: Building assets...
2025-02-21T05:45:35.025Z - info: Assets built
2025-02-21T05:45:35.025Z - info: Generating landing page...
2025-02-21T05:45:35.472Z - info: Landing page built, other pages will be built as you navigate to them!
2025-02-21T05:45:35.538Z - info: Site data built
2025-02-21T05:45:35.538Z - info: Website generation (lazy) complete! Total build time: 2.986s
2025-02-21T05:45:35.547Z - info: Serving "/Users/damithch/Repos/nus-cs2103/cs2103-website-base/_site" at http://127.0.0.1:8080
2025-02-21T05:45:35.547Z - info: Press CTRL+C to stop ...
2025-02-21T05:45:39.463Z - info: Building /Users/damithch/Repos/nus-cs2103/cs2103-website-base/schedule/week6/project as some of its dependencies were changed since the last visit
2025-02-21T05:45:40.598Z - info: Site data built
2025-02-21T05:45:40.598Z - info: Lazy website regeneration complete! Total build time: 1.136s
2025-02-21T05:46:05.449Z - info: Website generation started at 13:46:04
2025-02-21T05:46:05.640Z - warn: ENOENT: no such file or directory, open '/Users/damithch/Repos/nus-cs2103/cs2103-website-base/node_modules/.cache/gh-pages/https!github.com!nus-cs2103-AY2425S2!website.git/book/_markbind/variables.md'
2025-02-21T05:46:05.640Z - warn: ENOENT: no such file or directory, open '/Users/damithch/Repos/nus-cs2103/cs2103-website-base/node_modules/.cache/gh-pages/https!github.com!nus-cs2103-AY2425S2!website.git/_markbind/variables.md'
2025-02-21T05:46:05.659Z - info: Building assets...
2025-02-21T05:46:06.980Z - info: Assets built
2025-02-21T05:46:06.980Z - info: Generating pages...
2025-02-21T05:46:13.664Z - debug: 2025-02-21 13:46:09.478 java[83854:1323340] +[IMKClient subclass]: chose IMKClient_Modern
2025-02-21 13:46:09.478 java[83854:1323340] +[IMKInputSession subclass]: chose IMKInputSession_Modern

2025-02-21T05:46:14.237Z - debug:  
2025-02-21T05:46:14.237Z - debug:  
2025-02-21T05:46:14.237Z - debug:  
2025-02-21T05:46:14.237Z - debug:  
2025-02-21T05:46:14.237Z - debug:  
2025-02-21T05:46:14.237Z - debug:  
2025-02-21T05:46:14.238Z - debug:  
2025-02-21T05:46:14.238Z - debug:  
2025-02-21T05:46:14.238Z - debug:  
2025-02-21T05:46:14.238Z - debug:  
2025-02-21T05:46:14.238Z - debug: 2025-02-21 13:46:10.782 java[83892:1323645] +[IMKClient subclass]: chose IMKClient_Modern
2025-02-21 13:46:10.782 java[83892:1323645] +[IMKInputSession subclass]: chose IMKInputSession_Modern

2025-02-21T05:46:14.238Z - debug:  
2025-02-21T05:46:14.238Z - debug:  
2025-02-21T05:46:14.238Z - debug:  
2025-02-21T05:46:14.238Z - debug:  
2025-02-21T05:46:15.291Z - debug: 2025-02-21 13:46:14.454 java[83928:1324541] +[IMKClient subclass]: chose IMKClient_Modern
2025-02-21 13:46:14.454 java[83928:1324541] +[IMKInputSession subclass]: chose IMKInputSession_Modern

2025-02-21T05:46:24.308Z - debug: 2025-02-21 13:46:23.938 java[83946:1324837] +[IMKClient subclass]: chose IMKClient_Modern
2025-02-21 13:46:23.938 java[83946:1324837] +[IMKInputSession subclass]: chose IMKInputSession_Modern

2025-02-21T05:47:09.532Z - debug: 2025-02-21 13:47:07.039 java[83982:1325922] +[IMKClient subclass]: chose IMKClient_Modern
2025-02-21 13:47:07.039 java[83982:1325922] +[IMKInputSession subclass]: chose IMKInputSession_Modern

2025-02-21T05:47:19.748Z - debug: 2025-02-21 13:47:19.156 java[83993:1326307] +[IMKClient subclass]: chose IMKClient_Modern
2025-02-21 13:47:19.156 java[83993:1326307] +[IMKInputSession subclass]: chose IMKInputSession_Modern

2025-02-21T05:47:20.005Z - debug:  
2025-02-21T05:47:25.844Z - info: Pages built
2025-02-21T05:47:25.918Z - info: Site data built
2025-02-21T05:47:25.918Z - info: Website generation complete! Total build time: 80.935s
2025-02-21T05:47:25.918Z - info: Build success!
2025-02-21T05:47:47.396Z - info: The website has been deployed at: https://nus-cs2103-ay2425s2.github.io/website
2025-02-21T10:54:49.821Z - info: Website generation (lazy) started at 18:54:49
2025-02-21T10:54:50.158Z - warn: ENOENT: no such file or directory, open '/Users/damithch/Repos/nus-cs2103/cs2103-website-base/node_modules/.cache/gh-pages/https!github.com!nus-cs2103-AY2425S2!website.git/book/_markbind/variables.md'
2025-02-21T10:54:50.159Z - warn: ENOENT: no such file or directory, open '/Users/damithch/Repos/nus-cs2103/cs2103-website-base/node_modules/.cache/gh-pages/https!github.com!nus-cs2103-AY2425S2!website.git/_markbind/variables.md'
2025-02-21T10:54:50.180Z - info: Building assets...
2025-02-21T10:54:51.625Z - info: Assets built
2025-02-21T10:54:51.626Z - info: Generating landing page...
2025-02-21T10:54:52.071Z - info: Landing page built, other pages will be built as you navigate to them!
2025-02-21T10:54:52.140Z - info: Site data built
2025-02-21T10:54:52.140Z - info: Website generation (lazy) complete! Total build time: 3.035s
2025-02-21T10:54:52.150Z - info: Serving "/Users/damithch/Repos/nus-cs2103/cs2103-website-base/_site" at http://127.0.0.1:8080
2025-02-21T10:54:52.150Z - info: Press CTRL+C to stop ...
2025-02-21T10:54:58.588Z - info: Building /Users/damithch/Repos/nus-cs2103/cs2103-website-base/schedule/week6/project as some of its dependencies were changed since the last visit
2025-02-21T10:54:59.857Z - info: Site data built
2025-02-21T10:54:59.857Z - info: Lazy website regeneration complete! Total build time: 1.269s
2025-02-21T10:56:48.594Z - info: [18:56:48] Reload for file change: /Users/damithch/Repos/nus-cs2103/cs2103-website-base/admin/ip-tasks-fragment.md
2025-02-21T10:56:48.596Z - info: Synchronizing opened pages list before reload
2025-02-21T10:56:48.596Z - info: Current opened pages, from most-to-least recent:
2025-02-21T10:56:48.597Z - info: 1. schedule/week6/project
2025-02-21T10:56:49.609Z - info: Rebuilding 1 pages
2025-02-21T10:56:50.779Z - info: Site data built
2025-02-21T10:56:50.779Z - info: Pages rebuilt
2025-02-21T10:56:50.779Z - info: Website regeneration complete! Total build time: 1.173s
2025-02-21T10:58:39.291Z - info: [18:58:39] Reload for file change: /Users/damithch/Repos/nus-cs2103/cs2103-website-base/admin/ip-tasks-fragment.md
2025-02-21T10:58:39.293Z - info: Synchronizing opened pages list before reload
2025-02-21T10:58:39.299Z - info: Current opened pages, from most-to-least recent:
2025-02-21T10:58:39.300Z - info: 1. schedule/week6/project
2025-02-21T10:58:40.315Z - info: Rebuilding 1 pages
2025-02-21T10:58:41.466Z - info: Site data built
2025-02-21T10:58:41.466Z - info: Pages rebuilt
2025-02-21T10:58:41.466Z - info: Website regeneration complete! Total build time: 1.154s
2025-02-21T11:01:10.393Z - info: [19:01:10] Reload for file change: /Users/damithch/Repos/nus-cs2103/cs2103-website-base/admin/ip-grading.md
2025-02-21T11:01:10.403Z - info: Synchronizing opened pages list before reload
2025-02-21T11:01:10.408Z - info: Current opened pages, from most-to-least recent:
2025-02-21T11:01:10.409Z - info: 1. schedule/week6/project
2025-02-21T11:01:11.434Z - info: Rebuilding 1 pages
2025-02-21T11:01:12.605Z - info: Site data built
2025-02-21T11:01:12.605Z - info: Pages rebuilt
2025-02-21T11:01:12.605Z - info: Website regeneration complete! Total build time: 1.174s
2025-02-21T11:01:40.145Z - info: [19:01:40] Reload for file change: /Users/damithch/Repos/nus-cs2103/cs2103-website-base/admin/ip-grading.md
2025-02-21T11:01:40.145Z - info: Synchronizing opened pages list before reload
2025-02-21T11:01:40.146Z - info: Current opened pages, from most-to-least recent:
2025-02-21T11:01:40.146Z - info: 1. schedule/week6/project
2025-02-21T11:01:41.151Z - info: Rebuilding 1 pages
2025-02-21T11:01:42.289Z - info: Site data built
2025-02-21T11:01:42.289Z - info: Pages rebuilt
2025-02-21T11:01:42.289Z - info: Website regeneration complete! Total build time: 1.139s
2025-02-21T11:02:59.734Z - info: [19:02:59] Reload for file change: /Users/damithch/Repos/nus-cs2103/cs2103-website-base/admin/ip-tasks-fragment.md
2025-02-21T11:02:59.748Z - info: Synchronizing opened pages list before reload
2025-02-21T11:02:59.750Z - info: Current opened pages, from most-to-least recent:
2025-02-21T11:02:59.751Z - info: 1. schedule/week6/project
2025-02-21T11:03:00.784Z - info: Rebuilding 1 pages
2025-02-21T11:03:02.294Z - info: Site data built
2025-02-21T11:03:02.294Z - info: Pages rebuilt
2025-02-21T11:03:02.294Z - info: Website regeneration complete! Total build time: 1.512s
2025-02-21T11:03:06.393Z - info: Website generation started at 19:03:05
2025-02-21T11:03:06.801Z - warn: ENOENT: no such file or directory, open '/Users/damithch/Repos/nus-cs2103/cs2103-website-base/node_modules/.cache/gh-pages/https!github.com!nus-cs2103-AY2425S2!website.git/book/_markbind/variables.md'
2025-02-21T11:03:06.801Z - warn: ENOENT: no such file or directory, open '/Users/damithch/Repos/nus-cs2103/cs2103-website-base/node_modules/.cache/gh-pages/https!github.com!nus-cs2103-AY2425S2!website.git/_markbind/variables.md'
2025-02-21T11:03:06.821Z - info: Building assets...
2025-02-21T11:03:08.499Z - info: Assets built
2025-02-21T11:03:08.500Z - info: Generating pages...
2025-02-21T11:03:14.796Z - debug:  
2025-02-21T11:03:14.796Z - debug: 2025-02-21 19:03:10.950 java[30515:1848107] +[IMKClient subclass]: chose IMKClient_Modern
2025-02-21 19:03:10.950 java[30515:1848107] +[IMKInputSession subclass]: chose IMKInputSession_Modern

2025-02-21T11:03:14.796Z - debug:  
2025-02-21T11:03:14.796Z - debug:  
2025-02-21T11:03:14.796Z - debug:  
2025-02-21T11:03:14.797Z - debug:  
2025-02-21T11:03:14.797Z - debug:  
2025-02-21T11:03:14.797Z - debug:  
2025-02-21T11:03:15.226Z - debug:  
2025-02-21T11:03:15.226Z - debug:  
2025-02-21T11:03:15.226Z - debug:  
2025-02-21T11:03:15.227Z - debug:  
2025-02-21T11:03:15.227Z - debug: 2025-02-21 19:03:12.202 java[30543:1848320] +[IMKClient subclass]: chose IMKClient_Modern
2025-02-21 19:03:12.202 java[30543:1848320] +[IMKInputSession subclass]: chose IMKInputSession_Modern

2025-02-21T11:03:15.227Z - debug:  
2025-02-21T11:03:15.227Z - debug:  
2025-02-21T11:03:15.227Z - debug:  
2025-02-21T11:03:16.434Z - debug:  
2025-02-21T11:03:26.235Z - debug: 2025-02-21 19:03:25.466 java[30693:1850239] +[IMKClient subclass]: chose IMKClient_Modern
2025-02-21 19:03:25.466 java[30693:1850239] +[IMKInputSession subclass]: chose IMKInputSession_Modern

2025-02-21T11:04:10.973Z - debug: 2025-02-21 19:04:08.672 java[30734:1851308] +[IMKClient subclass]: chose IMKClient_Modern
2025-02-21 19:04:08.672 java[30734:1851308] +[IMKInputSession subclass]: chose IMKInputSession_Modern

2025-02-21T11:04:21.117Z - debug: 2025-02-21 19:04:20.358 java[30743:1851589] +[IMKClient subclass]: chose IMKClient_Modern
2025-02-21 19:04:20.358 java[30743:1851589] +[IMKInputSession subclass]: chose IMKInputSession_Modern

2025-02-21T11:04:21.150Z - debug:  
2025-02-21T11:04:27.611Z - info: Pages built
2025-02-21T11:04:27.680Z - info: Site data built
2025-02-21T11:04:27.680Z - info: Website generation complete! Total build time: 81.915s
2025-02-21T11:04:27.680Z - info: Build success!
2025-02-21T11:04:48.779Z - info: The website has been deployed at: https://nus-cs2103-ay2425s2.github.io/website
