2025-03-19T15:02:03.703Z - info: Website generation (lazy) started at 23:02:02
2025-03-19T15:02:04.046Z - warn: ENOENT: no such file or directory, open '/Users/damithch/Repos/nus-cs2103/cs2103-website-base/node_modules/.cache/gh-pages/https!github.com!nus-cs2103-AY2425S2!website.git/book/_markbind/variables.md'
2025-03-19T15:02:04.046Z - warn: ENOENT: no such file or directory, open '/Users/damithch/Repos/nus-cs2103/cs2103-website-base/node_modules/.cache/gh-pages/https!github.com!nus-cs2103-AY2425S2!website.git/_markbind/variables.md'
2025-03-19T15:02:04.066Z - info: Building assets...
2025-03-19T15:02:05.885Z - info: Assets built
2025-03-19T15:02:05.885Z - info: Generating landing page...
2025-03-19T15:02:06.283Z - info: Landing page built, other pages will be built as you navigate to them!
2025-03-19T15:02:06.348Z - info: Site data built
2025-03-19T15:02:06.348Z - info: Website generation (lazy) complete! Total build time: 3.446s
2025-03-19T15:02:06.358Z - info: Serving "/Users/damithch/Repos/nus-cs2103/cs2103-website-base/_site" at http://127.0.0.1:8080
2025-03-19T15:02:06.358Z - info: Press CTRL+C to stop ...
2025-03-19T15:02:16.680Z - info: Building /Users/damithch/Repos/nus-cs2103/cs2103-website-base/schedule/week10/index as some of its dependencies were changed since the last visit
2025-03-19T15:02:17.094Z - info: Site data built
2025-03-19T15:02:17.095Z - info: Lazy website regeneration complete! Total build time: 0.416s
2025-03-19T15:02:21.959Z - info: Building /Users/damithch/Repos/nus-cs2103/cs2103-website-base/schedule/week10/project as some of its dependencies were changed since the last visit
2025-03-19T15:02:22.838Z - info: Site data built
2025-03-19T15:02:22.839Z - info: Lazy website regeneration complete! Total build time: 0.879s
2025-03-19T15:06:01.023Z - info: [23:06:01] Reload for file change: /Users/damithch/Repos/nus-cs2103/cs2103-website-base/admin/tp-tasks-fragment.md
2025-03-19T15:06:01.025Z - info: Synchronizing opened pages list before reload
2025-03-19T15:06:01.026Z - info: Current opened pages, from most-to-least recent:
2025-03-19T15:06:01.026Z - info: 1. schedule/week10/project
2025-03-19T15:06:02.035Z - info: Rebuilding 1 pages
2025-03-19T15:06:03.000Z - info: Site data built
2025-03-19T15:06:03.000Z - info: Pages rebuilt
2025-03-19T15:06:03.000Z - info: Website regeneration complete! Total build time: 0.968s
2025-03-19T15:07:25.997Z - info: [23:07:25] Reload for file change: /Users/damithch/Repos/nus-cs2103/cs2103-website-base/admin/tp-tasks-fragment.md
2025-03-19T15:07:25.999Z - info: Synchronizing opened pages list before reload
2025-03-19T15:07:25.999Z - info: Current opened pages, from most-to-least recent:
2025-03-19T15:07:26.000Z - info: 1. schedule/week10/project
2025-03-19T15:07:27.009Z - info: Rebuilding 1 pages
2025-03-19T15:07:27.987Z - info: Site data built
2025-03-19T15:07:27.987Z - info: Pages rebuilt
2025-03-19T15:07:27.987Z - info: Website regeneration complete! Total build time: 0.982s
2025-03-19T15:09:13.239Z - info: [23:09:13] Reload for file change: /Users/damithch/Repos/nus-cs2103/cs2103-website-base/admin/tp-tasks-fragment.md
2025-03-19T15:09:13.246Z - info: Synchronizing opened pages list before reload
2025-03-19T15:09:13.247Z - info: Current opened pages, from most-to-least recent:
2025-03-19T15:09:13.247Z - info: 1. schedule/week10/project
2025-03-19T15:09:14.254Z - info: Rebuilding 1 pages
2025-03-19T15:09:15.223Z - info: Site data built
2025-03-19T15:09:15.223Z - info: Pages rebuilt
2025-03-19T15:09:15.223Z - info: Website regeneration complete! Total build time: 0.972s
2025-03-19T15:17:17.025Z - info: [23:17:17] Reload for file change: /Users/damithch/Repos/nus-cs2103/cs2103-website-base/admin/tp-tasks-fragment.md
2025-03-19T15:17:17.027Z - info: Synchronizing opened pages list before reload
2025-03-19T15:17:17.027Z - info: Current opened pages, from most-to-least recent:
2025-03-19T15:17:17.027Z - info: 1. schedule/week10/project
2025-03-19T15:17:18.035Z - info: Rebuilding 1 pages
2025-03-19T15:17:18.989Z - info: Site data built
2025-03-19T15:17:18.989Z - info: Pages rebuilt
2025-03-19T15:17:18.989Z - info: Website regeneration complete! Total build time: 0.958s
2025-03-19T15:21:18.066Z - info: [23:21:18] Reload for file change: /Users/damithch/Repos/nus-cs2103/cs2103-website-base/admin/tp-tasks-fragment.md
2025-03-19T15:21:18.068Z - info: Synchronizing opened pages list before reload
2025-03-19T15:21:18.069Z - info: Current opened pages, from most-to-least recent:
2025-03-19T15:21:18.070Z - info: 1. schedule/week10/project
2025-03-19T15:21:19.084Z - info: Rebuilding 1 pages
2025-03-19T15:21:20.051Z - info: Site data built
2025-03-19T15:21:20.051Z - info: Pages rebuilt
2025-03-19T15:21:20.051Z - info: Website regeneration complete! Total build time: 0.97s
2025-03-19T15:23:29.176Z - info: [23:23:29] Reload for file change: /Users/damithch/Repos/nus-cs2103/cs2103-website-base/admin/tp-tasks-fragment.md
2025-03-19T15:23:29.176Z - info: Synchronizing opened pages list before reload
2025-03-19T15:23:29.177Z - info: Current opened pages, from most-to-least recent:
2025-03-19T15:23:29.177Z - info: 1. schedule/week10/project
2025-03-19T15:23:30.185Z - info: Rebuilding 1 pages
2025-03-19T15:23:31.141Z - info: Site data built
2025-03-19T15:23:31.141Z - info: Pages rebuilt
2025-03-19T15:23:31.141Z - info: Website regeneration complete! Total build time: 0.959s
2025-03-19T15:24:18.669Z - info: [23:24:18] Reload for file change: /Users/damithch/Repos/nus-cs2103/cs2103-website-base/admin/tp-tasks-fragment.md
2025-03-19T15:24:18.669Z - info: Synchronizing opened pages list before reload
2025-03-19T15:24:18.669Z - info: Current opened pages, from most-to-least recent:
2025-03-19T15:24:18.669Z - info: 1. schedule/week10/project
2025-03-19T15:24:19.676Z - info: Rebuilding 1 pages
2025-03-19T15:24:20.628Z - info: Site data built
2025-03-19T15:24:20.628Z - info: Pages rebuilt
2025-03-19T15:24:20.628Z - info: Website regeneration complete! Total build time: 0.955s
2025-03-19T15:28:21.570Z - info: [23:28:21] Reload for file change: /Users/damithch/Repos/nus-cs2103/cs2103-website-base/admin/faq-fragment.md
2025-03-19T15:28:21.573Z - info: Synchronizing opened pages list before reload
2025-03-19T15:28:21.574Z - info: Current opened pages, from most-to-least recent:
2025-03-19T15:28:21.574Z - info: 1. schedule/week10/project
2025-03-19T15:28:22.585Z - info: Rebuilding 1 pages
2025-03-19T15:28:23.550Z - info: Site data built
2025-03-19T15:28:23.550Z - info: Pages rebuilt
2025-03-19T15:28:23.550Z - info: Website regeneration complete! Total build time: 0.969s
2025-03-19T15:30:35.470Z - info: [23:30:35] Reload for file change: /Users/damithch/Repos/nus-cs2103/cs2103-website-base/admin/tp-tasks-fragment.md
2025-03-19T15:30:35.471Z - info: Synchronizing opened pages list before reload
2025-03-19T15:30:35.472Z - info: Current opened pages, from most-to-least recent:
2025-03-19T15:30:35.472Z - info: 1. schedule/week10/project
2025-03-19T15:30:36.482Z - info: Rebuilding 1 pages
2025-03-19T15:30:37.456Z - info: Site data built
2025-03-19T15:30:37.456Z - info: Pages rebuilt
2025-03-19T15:30:37.456Z - info: Website regeneration complete! Total build time: 0.977s
2025-03-19T15:31:27.320Z - info: [23:31:27] Reload for file change: /Users/damithch/Repos/nus-cs2103/cs2103-website-base/admin/tp-tasks-fragment.md
2025-03-19T15:31:27.321Z - info: Synchronizing opened pages list before reload
2025-03-19T15:31:27.321Z - info: Current opened pages, from most-to-least recent:
2025-03-19T15:31:27.321Z - info: 1. schedule/week10/project
2025-03-19T15:31:28.326Z - info: Rebuilding 1 pages
2025-03-19T15:31:29.359Z - info: Site data built
2025-03-19T15:31:29.359Z - info: Pages rebuilt
2025-03-19T15:31:29.359Z - info: Website regeneration complete! Total build time: 1.035s
2025-03-19T15:34:05.157Z - info: [23:34:05] Reload for file change: /Users/damithch/Repos/nus-cs2103/cs2103-website-base/admin/tp-tasks-fragment.md
2025-03-19T15:34:05.158Z - info: Synchronizing opened pages list before reload
2025-03-19T15:34:05.159Z - info: Current opened pages, from most-to-least recent:
2025-03-19T15:34:05.159Z - info: 1. schedule/week10/project
2025-03-19T15:34:06.168Z - info: Rebuilding 1 pages
2025-03-19T15:34:07.161Z - info: Site data built
2025-03-19T15:34:07.161Z - info: Pages rebuilt
2025-03-19T15:34:07.161Z - info: Website regeneration complete! Total build time: 0.997s
2025-03-19T15:34:39.995Z - info: [23:34:39] Reload for file change: /Users/damithch/Repos/nus-cs2103/cs2103-website-base/admin/tp-tasks-fragment.md
2025-03-19T15:34:39.996Z - info: Synchronizing opened pages list before reload
2025-03-19T15:34:39.996Z - info: Current opened pages, from most-to-least recent:
2025-03-19T15:34:39.997Z - info: 1. schedule/week10/project
2025-03-19T15:34:41.008Z - info: Rebuilding 1 pages
2025-03-19T15:34:41.974Z - info: Site data built
2025-03-19T15:34:41.974Z - info: Pages rebuilt
2025-03-19T15:34:41.974Z - info: Website regeneration complete! Total build time: 0.969s
2025-03-19T15:37:09.348Z - info: [23:37:09] Reload for file change: /Users/damithch/Repos/nus-cs2103/cs2103-website-base/admin/tp-tasks-fragment.md
2025-03-19T15:37:09.351Z - info: Synchronizing opened pages list before reload
2025-03-19T15:37:09.351Z - info: Current opened pages, from most-to-least recent:
2025-03-19T15:37:09.351Z - info: 1. schedule/week10/project
2025-03-19T15:37:10.357Z - info: Rebuilding 1 pages
2025-03-19T15:37:11.405Z - info: Site data built
2025-03-19T15:37:11.405Z - info: Pages rebuilt
2025-03-19T15:37:11.405Z - info: Website regeneration complete! Total build time: 1.051s
2025-03-19T15:37:39.156Z - info: [23:37:39] Reload for file change: /Users/damithch/Repos/nus-cs2103/cs2103-website-base/admin/tp-tasks-fragment.md
2025-03-19T15:37:39.156Z - info: Synchronizing opened pages list before reload
2025-03-19T15:37:39.157Z - info: Current opened pages, from most-to-least recent:
2025-03-19T15:37:39.157Z - info: 1. schedule/week10/project
2025-03-19T15:37:40.163Z - info: Rebuilding 1 pages
2025-03-19T15:37:41.073Z - info: Site data built
2025-03-19T15:37:41.073Z - info: Pages rebuilt
2025-03-19T15:37:41.073Z - info: Website regeneration complete! Total build time: 0.911s
2025-03-19T15:38:08.130Z - info: [23:38:08] Reload for file change: /Users/damithch/Repos/nus-cs2103/cs2103-website-base/admin/tp-tasks-fragment.md
2025-03-19T15:38:08.130Z - info: Synchronizing opened pages list before reload
2025-03-19T15:38:08.131Z - info: Current opened pages, from most-to-least recent:
2025-03-19T15:38:08.131Z - info: 1. schedule/week10/project
2025-03-19T15:38:09.136Z - info: Rebuilding 1 pages
2025-03-19T15:38:10.092Z - info: Site data built
2025-03-19T15:38:10.092Z - info: Pages rebuilt
2025-03-19T15:38:10.092Z - info: Website regeneration complete! Total build time: 0.957s
2025-03-19T15:38:32.473Z - info: Building /Users/damithch/Repos/nus-cs2103/cs2103-website-base/schedule/week10/tutorial as some of its dependencies were changed since the last visit
2025-03-19T15:38:32.749Z - info: Site data built
2025-03-19T15:38:32.749Z - info: Lazy website regeneration complete! Total build time: 0.276s
2025-03-19T15:53:11.106Z - info: [23:53:11] Reload for file change: /Users/damithch/Repos/nus-cs2103/cs2103-website-base/admin/tp-deliverables-dg-fragment.md
2025-03-19T15:53:11.110Z - info: Synchronizing opened pages list before reload
2025-03-19T15:53:11.112Z - info: Current opened pages, from most-to-least recent:
2025-03-19T15:53:11.112Z - info: 1. schedule/week10/tutorial
2025-03-19T15:53:12.140Z - info: Rebuilding 1 pages
2025-03-19T15:53:12.402Z - info: Site data built
2025-03-19T15:53:12.402Z - info: Pages rebuilt
2025-03-19T15:53:12.402Z - info: Website regeneration complete! Total build time: 0.277s
2025-03-19T15:54:03.202Z - info: [23:54:03] Reload for file change: /Users/damithch/Repos/nus-cs2103/cs2103-website-base/admin/tp-deliverables-dg-fragment.md
2025-03-19T15:54:03.202Z - info: Synchronizing opened pages list before reload
2025-03-19T15:54:03.202Z - info: Current opened pages, from most-to-least recent:
2025-03-19T15:54:03.203Z - info: 1. schedule/week10/tutorial
2025-03-19T15:54:04.206Z - info: Rebuilding 1 pages
2025-03-19T15:54:04.454Z - info: Site data built
2025-03-19T15:54:04.454Z - info: Pages rebuilt
2025-03-19T15:54:04.454Z - info: Website regeneration complete! Total build time: 0.25s
2025-03-19T15:55:16.171Z - info: Website generation started at 23:55:15
2025-03-19T15:55:16.526Z - warn: ENOENT: no such file or directory, open '/Users/damithch/Repos/nus-cs2103/cs2103-website-base/node_modules/.cache/gh-pages/https!github.com!nus-cs2103-AY2425S2!website.git/book/_markbind/variables.md'
2025-03-19T15:55:16.527Z - warn: ENOENT: no such file or directory, open '/Users/damithch/Repos/nus-cs2103/cs2103-website-base/node_modules/.cache/gh-pages/https!github.com!nus-cs2103-AY2425S2!website.git/_markbind/variables.md'
2025-03-19T15:55:16.546Z - info: Building assets...
2025-03-19T15:55:17.929Z - info: Assets built
2025-03-19T15:55:17.929Z - info: Generating pages...
2025-03-19T15:55:24.965Z - debug:  
2025-03-19T15:55:24.965Z - debug: 2025-03-19 23:55:21.014 java[36260:2581919] +[IMKClient subclass]: chose IMKClient_Modern
2025-03-19 23:55:21.014 java[36260:2581919] +[IMKInputSession subclass]: chose IMKInputSession_Modern

2025-03-19T15:55:24.965Z - debug:  
2025-03-19T15:55:24.965Z - debug:  
2025-03-19T15:55:24.965Z - debug:  
2025-03-19T15:55:24.965Z - debug:  
2025-03-19T15:55:24.965Z - debug:  
2025-03-19T15:55:24.965Z - debug:  
2025-03-19T15:55:24.966Z - debug:  
2025-03-19T15:55:24.969Z - debug:  
2025-03-19T15:55:24.970Z - debug: 2025-03-19 23:55:22.209 java[36286:2582143] +[IMKClient subclass]: chose IMKClient_Modern
2025-03-19 23:55:22.209 java[36286:2582143] +[IMKInputSession subclass]: chose IMKInputSession_Modern

2025-03-19T15:55:24.970Z - debug:  
2025-03-19T15:55:24.970Z - debug:  
2025-03-19T15:55:24.971Z - debug:  
2025-03-19T15:55:24.971Z - debug:  
2025-03-19T15:55:25.104Z - debug:  
2025-03-19T15:55:25.647Z - debug: 2025-03-19 23:55:25.263 java[36321:2583105] +[IMKClient subclass]: chose IMKClient_Modern
2025-03-19 23:55:25.263 java[36321:2583105] +[IMKInputSession subclass]: chose IMKInputSession_Modern

2025-03-19T15:55:35.142Z - debug: 2025-03-19 23:55:34.772 java[36351:2583683] +[IMKClient subclass]: chose IMKClient_Modern
2025-03-19 23:55:34.772 java[36351:2583683] +[IMKInputSession subclass]: chose IMKInputSession_Modern

2025-03-19T15:56:22.249Z - debug: 2025-03-19 23:56:19.872 java[36423:2585811] +[IMKClient subclass]: chose IMKClient_Modern
2025-03-19 23:56:19.872 java[36423:2585811] +[IMKInputSession subclass]: chose IMKInputSession_Modern

2025-03-19T15:56:34.231Z - debug: 2025-03-19 23:56:33.419 java[36448:2586411] +[IMKClient subclass]: chose IMKClient_Modern
2025-03-19 23:56:33.419 java[36448:2586411] +[IMKInputSession subclass]: chose IMKInputSession_Modern

2025-03-19T15:56:34.243Z - debug:  
2025-03-19T15:56:41.607Z - info: Pages built
2025-03-19T15:56:41.696Z - info: Site data built
2025-03-19T15:56:41.696Z - info: Website generation complete! Total build time: 86.155s
2025-03-19T15:56:41.696Z - info: Build success!
2025-03-19T15:57:03.030Z - info: The website has been deployed at: https://nus-cs2103-ay2425s2.github.io/website
