2025-03-26T03:53:17.342Z - info: Website generation (lazy) started at 11:53:16
2025-03-26T03:53:17.671Z - warn: ENOENT: no such file or directory, open '/Users/damithch/Repos/nus-cs2103/cs2103-website-base/node_modules/.cache/gh-pages/https!github.com!nus-cs2103-AY2425S2!website.git/book/_markbind/variables.md'
2025-03-26T03:53:17.671Z - warn: ENOENT: no such file or directory, open '/Users/damithch/Repos/nus-cs2103/cs2103-website-base/node_modules/.cache/gh-pages/https!github.com!nus-cs2103-AY2425S2!website.git/_markbind/variables.md'
2025-03-26T03:53:17.691Z - info: Building assets...
2025-03-26T03:53:19.172Z - info: Assets built
2025-03-26T03:53:19.172Z - info: Generating landing page...
2025-03-26T03:53:19.645Z - info: Landing page built, other pages will be built as you navigate to them!
2025-03-26T03:53:19.720Z - info: Site data built
2025-03-26T03:53:19.720Z - info: Website generation (lazy) complete! Total build time: 3.196s
2025-03-26T03:53:19.729Z - info: Serving "/Users/damithch/Repos/nus-cs2103/cs2103-website-base/_site" at http://127.0.0.1:8080
2025-03-26T03:53:19.729Z - info: Press CTRL+C to stop ...
2025-03-26T03:53:32.749Z - info: Building /Users/damithch/Repos/nus-cs2103/cs2103-website-base/admin/tp-expectations as some of its dependencies were changed since the last visit
2025-03-26T03:53:33.062Z - info: Site data built
2025-03-26T03:53:33.062Z - info: Lazy website regeneration complete! Total build time: 0.314s
2025-03-26T04:00:30.146Z - info: [12:00:30] Reload for file change: /Users/damithch/Repos/nus-cs2103/cs2103-website-base/admin/faq-fragment.md
2025-03-26T04:00:30.153Z - info: Synchronizing opened pages list before reload
2025-03-26T04:00:30.167Z - info: Current opened pages, from most-to-least recent:
2025-03-26T04:00:30.177Z - info: 1. admin/tp-expectations
2025-03-26T04:00:31.190Z - info: Rebuilding 1 pages
2025-03-26T04:00:31.436Z - info: Site data built
2025-03-26T04:00:31.436Z - info: Pages rebuilt
2025-03-26T04:00:31.436Z - info: Website regeneration complete! Total build time: 0.248s
2025-03-26T04:01:06.124Z - info: [12:01:06] Reload for file change: /Users/damithch/Repos/nus-cs2103/cs2103-website-base/admin/tp-expectations.md
2025-03-26T04:01:06.125Z - info: Synchronizing opened pages list before reload
2025-03-26T04:01:06.125Z - info: Current opened pages, from most-to-least recent:
2025-03-26T04:01:06.126Z - info: 1. admin/tp-expectations
2025-03-26T04:01:07.132Z - info: Rebuilding 1 pages
2025-03-26T04:01:07.403Z - info: Site data built
2025-03-26T04:01:07.403Z - info: Pages rebuilt
2025-03-26T04:01:07.403Z - info: Website regeneration complete! Total build time: 0.274s
2025-03-26T04:01:33.414Z - info: [12:01:33] Reload for file change: /Users/damithch/Repos/nus-cs2103/cs2103-website-base/admin/faq-fragment.md
2025-03-26T04:01:33.416Z - info: Synchronizing opened pages list before reload
2025-03-26T04:01:33.417Z - info: Current opened pages, from most-to-least recent:
2025-03-26T04:01:33.418Z - info: 1. admin/tp-expectations
2025-03-26T04:01:34.442Z - info: Rebuilding 1 pages
2025-03-26T04:01:34.701Z - info: Site data built
2025-03-26T04:01:34.701Z - info: Pages rebuilt
2025-03-26T04:01:34.701Z - info: Website regeneration complete! Total build time: 0.263s
2025-03-26T04:04:39.689Z - info: [12:04:39] Reload for file change: /Users/damithch/Repos/nus-cs2103/cs2103-website-base/admin/faq-fragment.md
2025-03-26T04:04:39.690Z - info: Synchronizing opened pages list before reload
2025-03-26T04:04:39.691Z - info: Current opened pages, from most-to-least recent:
2025-03-26T04:04:39.691Z - info: 1. admin/tp-expectations
2025-03-26T04:04:40.695Z - info: Rebuilding 1 pages
2025-03-26T04:04:41.667Z - info: Site data built
2025-03-26T04:04:41.668Z - info: Pages rebuilt
2025-03-26T04:04:41.668Z - info: Website regeneration complete! Total build time: 0.974s
2025-03-26T04:06:28.328Z - info: [12:06:28] Reload for file change: /Users/damithch/Repos/nus-cs2103/cs2103-website-base/admin/faq-fragment.md
2025-03-26T04:06:28.330Z - info: Synchronizing opened pages list before reload
2025-03-26T04:06:28.332Z - info: Current opened pages, from most-to-least recent:
2025-03-26T04:06:28.335Z - info: 1. admin/tp-expectations
2025-03-26T04:06:29.344Z - info: Rebuilding 1 pages
2025-03-26T04:06:29.571Z - info: Site data built
2025-03-26T04:06:29.571Z - info: Pages rebuilt
2025-03-26T04:06:29.572Z - info: Website regeneration complete! Total build time: 0.235s
2025-03-26T04:09:12.455Z - info: [12:09:12] Reload for file change: /Users/damithch/Repos/nus-cs2103/cs2103-website-base/admin/faq-fragment.md
2025-03-26T04:09:12.456Z - info: Synchronizing opened pages list before reload
2025-03-26T04:09:12.456Z - info: Current opened pages, from most-to-least recent:
2025-03-26T04:09:12.456Z - info: 1. admin/tp-expectations
2025-03-26T04:09:13.466Z - info: Rebuilding 1 pages
2025-03-26T04:09:13.747Z - info: Site data built
2025-03-26T04:09:13.748Z - info: Pages rebuilt
2025-03-26T04:09:13.748Z - info: Website regeneration complete! Total build time: 0.287s
2025-03-26T04:16:35.743Z - info: [12:16:35] Reload for file change: /Users/damithch/Repos/nus-cs2103/cs2103-website-base/admin/faq-fragment.md
2025-03-26T04:16:35.744Z - info: Synchronizing opened pages list before reload
2025-03-26T04:16:35.745Z - info: Current opened pages, from most-to-least recent:
2025-03-26T04:16:35.745Z - info: 1. admin/tp-expectations
2025-03-26T04:16:36.759Z - info: Rebuilding 1 pages
2025-03-26T04:16:36.998Z - info: Site data built
2025-03-26T04:16:36.998Z - info: Pages rebuilt
2025-03-26T04:16:36.998Z - info: Website regeneration complete! Total build time: 0.242s
2025-03-26T04:18:10.782Z - info: [12:18:10] Reload for file change: /Users/damithch/Repos/nus-cs2103/cs2103-website-base/admin/faq-fragment.md
2025-03-26T04:18:10.784Z - info: Synchronizing opened pages list before reload
2025-03-26T04:18:10.784Z - info: Current opened pages, from most-to-least recent:
2025-03-26T04:18:10.784Z - info: 1. admin/tp-expectations
2025-03-26T04:18:11.793Z - info: Rebuilding 1 pages
2025-03-26T04:18:12.069Z - info: Site data built
2025-03-26T04:18:12.069Z - info: Pages rebuilt
2025-03-26T04:18:12.069Z - info: Website regeneration complete! Total build time: 0.28s
2025-03-26T04:18:30.838Z - info: [12:18:30] Reload for file change: /Users/damithch/Repos/nus-cs2103/cs2103-website-base/admin/faq-fragment.md
2025-03-26T04:18:30.838Z - info: Synchronizing opened pages list before reload
2025-03-26T04:18:30.838Z - info: Current opened pages, from most-to-least recent:
2025-03-26T04:18:30.838Z - info: 1. admin/tp-expectations
2025-03-26T04:18:31.841Z - info: Rebuilding 1 pages
2025-03-26T04:18:32.061Z - info: Site data built
2025-03-26T04:18:32.062Z - info: Pages rebuilt
2025-03-26T04:18:32.062Z - info: Website regeneration complete! Total build time: 0.223s
2025-03-26T04:21:54.997Z - info: [12:21:54] Reload for file change: /Users/damithch/Repos/nus-cs2103/cs2103-website-base/admin/tp-expectations.md
2025-03-26T04:21:54.998Z - info: Synchronizing opened pages list before reload
2025-03-26T04:21:54.999Z - info: Current opened pages, from most-to-least recent:
2025-03-26T04:21:54.999Z - info: 1. admin/tp-expectations
2025-03-26T04:21:56.007Z - info: Rebuilding 1 pages
2025-03-26T04:21:56.300Z - info: Site data built
2025-03-26T04:21:56.300Z - info: Pages rebuilt
2025-03-26T04:21:56.300Z - info: Website regeneration complete! Total build time: 0.296s
2025-03-26T04:22:40.052Z - info: [12:22:40] Reload for file change: /Users/damithch/Repos/nus-cs2103/cs2103-website-base/admin/tp-expectations.md
2025-03-26T04:22:40.053Z - info: Synchronizing opened pages list before reload
2025-03-26T04:22:40.054Z - info: Current opened pages, from most-to-least recent:
2025-03-26T04:22:40.054Z - info: 1. admin/tp-expectations
2025-03-26T04:22:41.063Z - info: Rebuilding 1 pages
2025-03-26T04:22:41.295Z - info: Site data built
2025-03-26T04:22:41.295Z - info: Pages rebuilt
2025-03-26T04:22:41.295Z - info: Website regeneration complete! Total build time: 0.235s
2025-03-26T04:23:20.138Z - info: [12:23:20] Reload for file change: /Users/damithch/Repos/nus-cs2103/cs2103-website-base/admin/tp-expectations.md
2025-03-26T04:23:20.138Z - info: Synchronizing opened pages list before reload
2025-03-26T04:23:20.139Z - info: Current opened pages, from most-to-least recent:
2025-03-26T04:23:20.140Z - info: 1. admin/tp-expectations
2025-03-26T04:23:21.146Z - info: Rebuilding 1 pages
2025-03-26T04:23:21.393Z - info: Site data built
2025-03-26T04:23:21.393Z - info: Pages rebuilt
2025-03-26T04:23:21.393Z - info: Website regeneration complete! Total build time: 0.249s
2025-03-26T04:25:09.256Z - info: Website generation started at 12:25:08
2025-03-26T04:25:09.637Z - warn: ENOENT: no such file or directory, open '/Users/damithch/Repos/nus-cs2103/cs2103-website-base/node_modules/.cache/gh-pages/https!github.com!nus-cs2103-AY2425S2!website.git/book/_markbind/variables.md'
2025-03-26T04:25:09.637Z - warn: ENOENT: no such file or directory, open '/Users/damithch/Repos/nus-cs2103/cs2103-website-base/node_modules/.cache/gh-pages/https!github.com!nus-cs2103-AY2425S2!website.git/_markbind/variables.md'
2025-03-26T04:25:09.656Z - info: Building assets...
2025-03-26T04:25:11.167Z - info: Assets built
2025-03-26T04:25:11.168Z - info: Generating pages...
2025-03-26T04:25:18.339Z - debug:  
2025-03-26T04:25:18.339Z - debug:  
2025-03-26T04:25:18.339Z - debug:  
2025-03-26T04:25:18.339Z - debug:  
2025-03-26T04:25:18.339Z - debug:  
2025-03-26T04:25:18.339Z - debug:  
2025-03-26T04:25:18.339Z - debug:  
2025-03-26T04:25:18.339Z - debug:  
2025-03-26T04:25:18.340Z - debug:  
2025-03-26T04:25:18.340Z - debug:  
2025-03-26T04:25:18.340Z - debug:  
2025-03-26T04:25:18.340Z - debug:  
2025-03-26T04:25:18.340Z - debug:  
2025-03-26T04:25:18.340Z - debug:  
2025-03-26T04:25:18.340Z - debug: 2025-03-26 12:25:15.430 java[49108:3887045] +[IMKClient subclass]: chose IMKClient_Modern
2025-03-26 12:25:15.430 java[49108:3887045] +[IMKInputSession subclass]: chose IMKInputSession_Modern

2025-03-26T04:25:18.340Z - debug:  
2025-03-26T04:25:18.953Z - debug: 2025-03-26 12:25:18.610 java[49141:3887795] +[IMKClient subclass]: chose IMKClient_Modern
2025-03-26 12:25:18.610 java[49141:3887795] +[IMKInputSession subclass]: chose IMKInputSession_Modern

2025-03-26T04:25:28.013Z - debug: 2025-03-26 12:25:27.651 java[49166:3888131] +[IMKClient subclass]: chose IMKClient_Modern
2025-03-26 12:25:27.651 java[49166:3888131] +[IMKInputSession subclass]: chose IMKInputSession_Modern

2025-03-26T04:26:13.256Z - debug: 2025-03-26 12:26:11.020 java[49182:3889123] +[IMKClient subclass]: chose IMKClient_Modern
2025-03-26 12:26:11.020 java[49182:3889123] +[IMKInputSession subclass]: chose IMKInputSession_Modern

2025-03-26T04:26:24.587Z - debug: 2025-03-26 12:26:23.759 java[49187:3889463] +[IMKClient subclass]: chose IMKClient_Modern
2025-03-26 12:26:23.759 java[49187:3889463] +[IMKInputSession subclass]: chose IMKInputSession_Modern

2025-03-26T04:26:24.601Z - debug:  
2025-03-26T04:26:31.914Z - info: Pages built
2025-03-26T04:26:31.991Z - info: Site data built
2025-03-26T04:26:31.991Z - info: Website generation complete! Total build time: 83.435s
2025-03-26T04:26:31.991Z - info: Build success!
2025-03-26T04:26:54.019Z - info: The website has been deployed at: https://nus-cs2103-ay2425s2.github.io/website
