2025-03-06T16:08:57.470Z - info: [00:08:57] Reload for file change: /Users/damithch/Repos/nus-cs2103/cs2103-website-base/_markbind/layouts/header.md
2025-03-06T16:08:57.512Z - info: Synchronizing opened pages list before reload
2025-03-06T16:08:57.512Z - info: Current opened pages, from most-to-least recent:
2025-03-06T16:08:57.512Z - info: 1. index
2025-03-06T16:08:58.620Z - info: Rebuilding 1 pages
2025-03-06T16:08:58.944Z - info: Site data built
2025-03-06T16:08:58.944Z - info: Pages rebuilt
2025-03-06T16:08:58.944Z - info: Website regeneration complete! Total build time: 0.325s
2025-03-06T16:09:05.737Z - info: Building /Users/damithch/Repos/nus-cs2103/cs2103-website-base/schedule/week7/admin as some of its dependencies were changed since the last visit
2025-03-06T16:09:05.858Z - info: Site data built
2025-03-06T16:09:05.858Z - info: Lazy website regeneration complete! Total build time: 0.121s
2025-03-06T16:09:42.119Z - info: [00:09:42] Reload for file change: /Users/damithch/Repos/nus-cs2103/cs2103-website-base/_markbind/layouts/header.md
2025-03-06T16:09:42.123Z - info: Synchronizing opened pages list before reload
2025-03-06T16:09:42.124Z - info: No pages are currently opened
2025-03-06T16:09:43.225Z - info: No pages needed to be rebuilt
2025-03-06T16:09:49.259Z - info: Building /Users/damithch/Repos/nus-cs2103/cs2103-website-base/index as some of its dependencies were changed since the last visit
2025-03-06T16:09:49.669Z - info: Site data built
2025-03-06T16:09:49.669Z - info: Lazy website regeneration complete! Total build time: 0.41s
2025-03-06T16:10:37.128Z - info: [00:10:37] Reload for file change: /Users/damithch/Repos/nus-cs2103/cs2103-website-base/_markbind/layouts/header.md
2025-03-06T16:10:37.135Z - info: Synchronizing opened pages list before reload
2025-03-06T16:10:37.136Z - info: Current opened pages, from most-to-least recent:
2025-03-06T16:10:37.136Z - info: 1. index
2025-03-06T16:10:38.249Z - info: Rebuilding 1 pages
2025-03-06T16:10:38.583Z - info: Site data built
2025-03-06T16:10:38.583Z - info: Pages rebuilt
2025-03-06T16:10:38.583Z - info: Website regeneration complete! Total build time: 0.334s
2025-03-06T16:10:53.579Z - info: [00:10:53] Reload for file change: /Users/damithch/Repos/nus-cs2103/cs2103-website-base/_markbind/layouts/header.md
2025-03-06T16:10:53.579Z - info: Synchronizing opened pages list before reload
2025-03-06T16:10:53.579Z - info: Current opened pages, from most-to-least recent:
2025-03-06T16:10:53.580Z - info: 1. index
2025-03-06T16:10:54.677Z - info: Rebuilding 1 pages
2025-03-06T16:10:54.991Z - info: Site data built
2025-03-06T16:10:54.991Z - info: Pages rebuilt
2025-03-06T16:10:54.991Z - info: Website regeneration complete! Total build time: 0.314s
2025-03-06T16:11:34.435Z - info: [00:11:34] Reload for file change: /Users/damithch/Repos/nus-cs2103/cs2103-website-base/_markbind/layouts/header.md
2025-03-06T16:11:34.438Z - info: Synchronizing opened pages list before reload
2025-03-06T16:11:34.438Z - info: Current opened pages, from most-to-least recent:
2025-03-06T16:11:34.438Z - info: 1. index
2025-03-06T16:11:35.538Z - info: Rebuilding 1 pages
2025-03-06T16:11:35.872Z - info: Site data built
2025-03-06T16:11:35.872Z - info: Pages rebuilt
2025-03-06T16:11:35.872Z - info: Website regeneration complete! Total build time: 0.335s
2025-03-06T16:13:14.668Z - info: [00:13:14] Reload for file change: /Users/damithch/Repos/nus-cs2103/cs2103-website-base/_markbind/layouts/header.md
2025-03-06T16:13:14.671Z - info: Synchronizing opened pages list before reload
2025-03-06T16:13:14.671Z - info: Current opened pages, from most-to-least recent:
2025-03-06T16:13:14.672Z - info: 1. index
2025-03-06T16:13:15.775Z - info: Rebuilding 1 pages
2025-03-06T16:13:16.131Z - info: Site data built
2025-03-06T16:13:16.131Z - info: Pages rebuilt
2025-03-06T16:13:16.131Z - info: Website regeneration complete! Total build time: 0.356s
2025-03-06T16:15:35.052Z - info: [00:15:35] Reload for file change: /Users/damithch/Repos/nus-cs2103/cs2103-website-base/_markbind/layouts/header.md
2025-03-06T16:15:35.055Z - info: Synchronizing opened pages list before reload
2025-03-06T16:15:35.057Z - info: Current opened pages, from most-to-least recent:
2025-03-06T16:15:35.057Z - info: 1. index
2025-03-06T16:15:36.175Z - info: Rebuilding 1 pages
2025-03-06T16:15:36.501Z - info: Site data built
2025-03-06T16:15:36.501Z - info: Pages rebuilt
2025-03-06T16:15:36.501Z - info: Website regeneration complete! Total build time: 0.327s
2025-03-06T16:15:58.161Z - info: [00:15:58] Reload for file change: /Users/damithch/Repos/nus-cs2103/cs2103-website-base/_markbind/layouts/header.md
2025-03-06T16:15:58.162Z - info: Synchronizing opened pages list before reload
2025-03-06T16:15:58.162Z - info: Current opened pages, from most-to-least recent:
2025-03-06T16:15:58.162Z - info: 1. index
2025-03-06T16:15:59.256Z - info: Rebuilding 1 pages
2025-03-06T16:15:59.565Z - info: Site data built
2025-03-06T16:15:59.565Z - info: Pages rebuilt
2025-03-06T16:15:59.565Z - info: Website regeneration complete! Total build time: 0.309s
2025-03-06T16:16:15.589Z - info: [00:16:15] Reload for file change: /Users/damithch/Repos/nus-cs2103/cs2103-website-base/_markbind/layouts/header.md
2025-03-06T16:16:15.589Z - info: Synchronizing opened pages list before reload
2025-03-06T16:16:15.589Z - info: Current opened pages, from most-to-least recent:
2025-03-06T16:16:15.589Z - info: 1. index
2025-03-06T16:16:16.682Z - info: Rebuilding 1 pages
2025-03-06T16:16:16.994Z - info: Site data built
2025-03-06T16:16:16.994Z - info: Pages rebuilt
2025-03-06T16:16:16.994Z - info: Website regeneration complete! Total build time: 0.312s
2025-03-06T16:16:24.419Z - info: [00:16:24] Reload for file change: /Users/damithch/Repos/nus-cs2103/cs2103-website-base/_markbind/layouts/header.md
2025-03-06T16:16:24.420Z - info: Synchronizing opened pages list before reload
2025-03-06T16:16:24.420Z - info: Current opened pages, from most-to-least recent:
2025-03-06T16:16:24.420Z - info: 1. index
2025-03-06T16:16:25.521Z - info: Rebuilding 1 pages
2025-03-06T16:16:25.815Z - info: Site data built
2025-03-06T16:16:25.815Z - info: Pages rebuilt
2025-03-06T16:16:25.815Z - info: Website regeneration complete! Total build time: 0.295s
2025-03-06T16:16:56.650Z - info: [00:16:56] Reload for file change: /Users/damithch/Repos/nus-cs2103/cs2103-website-base/_markbind/layouts/header.md
2025-03-06T16:16:56.651Z - info: Synchronizing opened pages list before reload
2025-03-06T16:16:56.651Z - info: Current opened pages, from most-to-least recent:
2025-03-06T16:16:56.651Z - info: 1. index
2025-03-06T16:16:57.764Z - info: Rebuilding 1 pages
2025-03-06T16:16:58.083Z - info: Site data built
2025-03-06T16:16:58.084Z - info: Pages rebuilt
2025-03-06T16:16:58.084Z - info: Website regeneration complete! Total build time: 0.321s
2025-03-06T16:17:11.555Z - info: [00:17:11] Reload for file change: /Users/damithch/Repos/nus-cs2103/cs2103-website-base/_markbind/layouts/header.md
2025-03-06T16:17:11.556Z - info: Synchronizing opened pages list before reload
2025-03-06T16:17:11.556Z - info: Current opened pages, from most-to-least recent:
2025-03-06T16:17:11.556Z - info: 1. index
2025-03-06T16:17:12.667Z - info: Rebuilding 1 pages
2025-03-06T16:17:12.987Z - info: Site data built
2025-03-06T16:17:12.987Z - info: Pages rebuilt
2025-03-06T16:17:12.987Z - info: Website regeneration complete! Total build time: 0.321s
2025-03-06T16:17:23.458Z - info: [00:17:23] Reload for file change: /Users/damithch/Repos/nus-cs2103/cs2103-website-base/_markbind/layouts/header.md
2025-03-06T16:17:23.458Z - info: Synchronizing opened pages list before reload
2025-03-06T16:17:23.458Z - info: Current opened pages, from most-to-least recent:
2025-03-06T16:17:23.458Z - info: 1. index
2025-03-06T16:17:24.565Z - info: Rebuilding 1 pages
2025-03-06T16:17:24.889Z - info: Site data built
2025-03-06T16:17:24.889Z - info: Pages rebuilt
2025-03-06T16:17:24.889Z - info: Website regeneration complete! Total build time: 0.325s
2025-03-06T16:18:47.534Z - info: [00:18:47] Reload for file change: /Users/damithch/Repos/nus-cs2103/cs2103-website-base/_markbind/layouts/header.md
2025-03-06T16:18:47.540Z - info: Synchronizing opened pages list before reload
2025-03-06T16:18:47.541Z - info: Current opened pages, from most-to-least recent:
2025-03-06T16:18:47.541Z - info: 1. index
2025-03-06T16:18:48.648Z - info: Rebuilding 1 pages
2025-03-06T16:18:48.972Z - info: Site data built
2025-03-06T16:18:48.972Z - info: Pages rebuilt
2025-03-06T16:18:48.973Z - info: Website regeneration complete! Total build time: 0.326s
2025-03-06T16:19:36.462Z - info: [00:19:36] Reload for file change: /Users/damithch/Repos/nus-cs2103/cs2103-website-base/_markbind/layouts/header.md
2025-03-06T16:19:36.463Z - info: Synchronizing opened pages list before reload
2025-03-06T16:19:36.463Z - info: Current opened pages, from most-to-least recent:
2025-03-06T16:19:36.464Z - info: 1. index
2025-03-06T16:19:37.568Z - info: Rebuilding 1 pages
2025-03-06T16:19:37.899Z - info: Site data built
2025-03-06T16:19:37.899Z - info: Pages rebuilt
2025-03-06T16:19:37.899Z - info: Website regeneration complete! Total build time: 0.334s
2025-03-06T16:20:00.599Z - info: [00:20:00] Reload for file change: /Users/damithch/Repos/nus-cs2103/cs2103-website-base/_markbind/layouts/header.md
2025-03-06T16:20:00.600Z - info: Synchronizing opened pages list before reload
2025-03-06T16:20:00.600Z - info: Current opened pages, from most-to-least recent:
2025-03-06T16:20:00.600Z - info: 1. index
2025-03-06T16:20:01.697Z - info: Rebuilding 1 pages
2025-03-06T16:20:02.015Z - info: Site data built
2025-03-06T16:20:02.015Z - info: Pages rebuilt
2025-03-06T16:20:02.015Z - info: Website regeneration complete! Total build time: 0.318s
2025-03-06T16:20:13.476Z - info: [00:20:13] Reload for file change: /Users/damithch/Repos/nus-cs2103/cs2103-website-base/_markbind/layouts/header.md
2025-03-06T16:20:13.477Z - info: Synchronizing opened pages list before reload
2025-03-06T16:20:13.477Z - info: Current opened pages, from most-to-least recent:
2025-03-06T16:20:13.477Z - info: 1. index
2025-03-06T16:20:14.584Z - info: Rebuilding 1 pages
2025-03-06T16:20:14.890Z - info: Site data built
2025-03-06T16:20:14.890Z - info: Pages rebuilt
2025-03-06T16:20:14.890Z - info: Website regeneration complete! Total build time: 0.307s
2025-03-06T16:20:33.413Z - info: [00:20:33] Reload for file change: /Users/damithch/Repos/nus-cs2103/cs2103-website-base/_markbind/layouts/header.md
2025-03-06T16:20:33.414Z - info: Synchronizing opened pages list before reload
2025-03-06T16:20:33.414Z - info: Current opened pages, from most-to-least recent:
2025-03-06T16:20:33.414Z - info: 1. index
2025-03-06T16:20:34.523Z - info: Rebuilding 1 pages
2025-03-06T16:20:34.848Z - info: Site data built
2025-03-06T16:20:34.849Z - info: Pages rebuilt
2025-03-06T16:20:34.849Z - info: Website regeneration complete! Total build time: 0.326s
2025-03-06T16:20:43.084Z - info: Building /Users/damithch/Repos/nus-cs2103/cs2103-website-base/schedule/week7/topics as some of its dependencies were changed since the last visit
2025-03-06T16:20:43.676Z - info: Site data built
2025-03-06T16:20:43.676Z - info: Lazy website regeneration complete! Total build time: 0.592s
2025-03-06T16:20:48.848Z - info: Building /Users/damithch/Repos/nus-cs2103/cs2103-website-base/schedule/week7/project as some of its dependencies were changed since the last visit
2025-03-06T16:20:49.887Z - info: Site data built
2025-03-06T16:20:49.887Z - info: Lazy website regeneration complete! Total build time: 1.039s
2025-03-06T16:20:54.641Z - info: Building /Users/damithch/Repos/nus-cs2103/cs2103-website-base/schedule/week7/tutorial as some of its dependencies were changed since the last visit
2025-03-06T16:20:54.771Z - info: Site data built
2025-03-06T16:20:54.771Z - info: Lazy website regeneration complete! Total build time: 0.13s
2025-03-06T16:21:07.852Z - info: Website generation started at 00:21:07
2025-03-06T16:21:08.129Z - warn: ENOENT: no such file or directory, open '/Users/damithch/Repos/nus-cs2103/cs2103-website-base/node_modules/.cache/gh-pages/https!github.com!nus-cs2103-AY2425S2!website.git/book/_markbind/variables.md'
2025-03-06T16:21:08.129Z - warn: ENOENT: no such file or directory, open '/Users/damithch/Repos/nus-cs2103/cs2103-website-base/node_modules/.cache/gh-pages/https!github.com!nus-cs2103-AY2425S2!website.git/_markbind/variables.md'
2025-03-06T16:21:08.150Z - info: Building assets...
2025-03-06T16:21:09.585Z - info: Assets built
2025-03-06T16:21:09.585Z - info: Generating pages...
2025-03-06T16:21:16.064Z - debug:  
2025-03-06T16:21:16.064Z - debug: 2025-03-07 00:21:12.257 java[66952:2639363] +[IMKClient subclass]: chose IMKClient_Modern
2025-03-07 00:21:12.257 java[66952:2639363] +[IMKInputSession subclass]: chose IMKInputSession_Modern

2025-03-06T16:21:16.065Z - debug:  
2025-03-06T16:21:16.065Z - debug:  
2025-03-06T16:21:16.065Z - debug:  
2025-03-06T16:21:16.065Z - debug:  
2025-03-06T16:21:16.065Z - debug:  
2025-03-06T16:21:16.065Z - debug:  
2025-03-06T16:21:16.065Z - debug:  
2025-03-06T16:21:16.065Z - debug:  
2025-03-06T16:21:16.065Z - debug:  
2025-03-06T16:21:16.065Z - debug:  
2025-03-06T16:21:16.065Z - debug:  
2025-03-06T16:21:16.065Z - debug:  
2025-03-06T16:21:16.065Z - debug: 2025-03-07 00:21:13.447 java[66984:2639667] +[IMKClient subclass]: chose IMKClient_Modern
2025-03-07 00:21:13.447 java[66984:2639667] +[IMKInputSession subclass]: chose IMKInputSession_Modern

2025-03-06T16:21:16.065Z - debug:  
2025-03-06T16:21:16.661Z - debug: 2025-03-07 00:21:16.309 java[67015:2640363] +[IMKClient subclass]: chose IMKClient_Modern
2025-03-07 00:21:16.309 java[67015:2640363] +[IMKInputSession subclass]: chose IMKInputSession_Modern

2025-03-06T16:21:26.089Z - debug: 2025-03-07 00:21:25.666 java[67046:2640829] +[IMKClient subclass]: chose IMKClient_Modern
2025-03-07 00:21:25.666 java[67046:2640829] +[IMKInputSession subclass]: chose IMKInputSession_Modern

2025-03-06T16:22:14.969Z - debug: 2025-03-07 00:22:12.802 java[67284:2643511] +[IMKClient subclass]: chose IMKClient_Modern
2025-03-07 00:22:12.802 java[67284:2643511] +[IMKInputSession subclass]: chose IMKInputSession_Modern

2025-03-06T16:22:25.921Z - debug: 2025-03-07 00:22:25.123 java[67294:2643835] +[IMKClient subclass]: chose IMKClient_Modern
2025-03-07 00:22:25.123 java[67294:2643835] +[IMKInputSession subclass]: chose IMKInputSession_Modern

2025-03-06T16:22:25.953Z - debug:  
2025-03-06T16:22:32.913Z - info: Pages built
2025-03-06T16:22:32.976Z - info: Site data built
2025-03-06T16:22:32.976Z - info: Website generation complete! Total build time: 85.754s
2025-03-06T16:22:32.976Z - info: Build success!
2025-03-06T16:22:53.844Z - info: The website has been deployed at: https://nus-cs2103-ay2425s2.github.io/website
2025-03-07T10:14:24.676Z - info: Website generation started at 18:14:23
2025-03-07T10:14:25.068Z - warn: ENOENT: no such file or directory, open '/Users/damithch/Repos/nus-cs2103/cs2103-website-base/node_modules/.cache/gh-pages/https!github.com!nus-cs2103-AY2425S2!website.git/book/_markbind/variables.md'
2025-03-07T10:14:25.069Z - warn: ENOENT: no such file or directory, open '/Users/damithch/Repos/nus-cs2103/cs2103-website-base/node_modules/.cache/gh-pages/https!github.com!nus-cs2103-AY2425S2!website.git/_markbind/variables.md'
2025-03-07T10:14:25.088Z - info: Building assets...
2025-03-07T10:14:26.843Z - info: Assets built
2025-03-07T10:14:26.844Z - info: Generating pages...
2025-03-07T10:14:35.286Z - debug:  
2025-03-07T10:14:35.286Z - debug: 2025-03-07 18:14:29.812 java[38647:3698082] +[IMKClient subclass]: chose IMKClient_Modern
2025-03-07 18:14:29.812 java[38647:3698082] +[IMKInputSession subclass]: chose IMKInputSession_Modern

2025-03-07T10:14:35.286Z - debug:  
2025-03-07T10:14:35.287Z - debug:  
2025-03-07T10:14:35.287Z - debug:  
2025-03-07T10:14:35.287Z - debug:  
2025-03-07T10:14:35.287Z - debug:  
2025-03-07T10:14:35.287Z - debug:  
2025-03-07T10:14:35.287Z - debug:  
2025-03-07T10:14:35.287Z - debug:  
2025-03-07T10:14:35.287Z - debug:  
2025-03-07T10:14:35.287Z - debug:  
2025-03-07T10:14:35.287Z - debug:  
2025-03-07T10:14:35.287Z - debug:  
2025-03-07T10:14:35.287Z - debug:  
2025-03-07T10:14:35.287Z - debug: 2025-03-07 18:14:31.352 java[38676:3698324] +[IMKClient subclass]: chose IMKClient_Modern
2025-03-07 18:14:31.352 java[38676:3698324] +[IMKInputSession subclass]: chose IMKInputSession_Modern

2025-03-07T10:14:37.039Z - debug: 2025-03-07 18:14:35.473 java[38712:3699199] +[IMKClient subclass]: chose IMKClient_Modern
2025-03-07 18:14:35.473 java[38712:3699199] +[IMKInputSession subclass]: chose IMKInputSession_Modern

2025-03-07T10:14:46.663Z - debug: 2025-03-07 18:14:45.923 java[38896:3700018] +[IMKClient subclass]: chose IMKClient_Modern
2025-03-07 18:14:45.923 java[38896:3700018] +[IMKInputSession subclass]: chose IMKInputSession_Modern

2025-03-07T10:15:35.078Z - debug: 2025-03-07 18:15:32.795 java[38937:3701650] +[IMKClient subclass]: chose IMKClient_Modern
2025-03-07 18:15:32.795 java[38937:3701650] +[IMKInputSession subclass]: chose IMKInputSession_Modern

2025-03-07T10:15:46.198Z - debug:  
2025-03-07T10:15:46.234Z - debug: 2025-03-07 18:15:45.418 java[38945:3701995] +[IMKClient subclass]: chose IMKClient_Modern
2025-03-07 18:15:45.419 java[38945:3701995] +[IMKInputSession subclass]: chose IMKInputSession_Modern

2025-03-07T10:15:53.269Z - info: Pages built
2025-03-07T10:15:53.328Z - info: Site data built
2025-03-07T10:15:53.328Z - info: Website generation complete! Total build time: 89.456s
2025-03-07T10:15:53.328Z - info: Build success!
2025-03-07T10:16:14.070Z - info: The website has been deployed at: https://nus-cs2103-ay2425s2.github.io/website
2025-03-07T14:55:27.446Z - info: Website generation (lazy) started at 22:55:26
2025-03-07T14:55:27.773Z - warn: ENOENT: no such file or directory, open '/Users/damithch/Repos/nus-cs2103/cs2103-website-base/node_modules/.cache/gh-pages/https!github.com!nus-cs2103-AY2425S2!website.git/book/_markbind/variables.md'
2025-03-07T14:55:27.774Z - warn: ENOENT: no such file or directory, open '/Users/damithch/Repos/nus-cs2103/cs2103-website-base/node_modules/.cache/gh-pages/https!github.com!nus-cs2103-AY2425S2!website.git/_markbind/variables.md'
2025-03-07T14:55:27.792Z - info: Building assets...
2025-03-07T14:55:29.245Z - info: Assets built
2025-03-07T14:55:29.245Z - info: Generating landing page...
2025-03-07T14:55:29.678Z - info: Landing page built, other pages will be built as you navigate to them!
2025-03-07T14:55:29.745Z - info: Site data built
2025-03-07T14:55:29.746Z - info: Website generation (lazy) complete! Total build time: 3.106s
2025-03-07T14:55:29.755Z - info: Serving "/Users/damithch/Repos/nus-cs2103/cs2103-website-base/_site" at http://127.0.0.1:8080
2025-03-07T14:55:29.755Z - info: Press CTRL+C to stop ...
2025-03-07T14:55:42.522Z - info: Building /Users/damithch/Repos/nus-cs2103/cs2103-website-base/admin/ip-w4 as some of its dependencies were changed since the last visit
2025-03-07T14:55:43.293Z - info: Site data built
2025-03-07T14:55:43.293Z - info: Lazy website regeneration complete! Total build time: 0.773s
2025-03-07T14:56:51.037Z - info: [22:56:51] Reload for file change: /Users/damithch/Repos/nus-cs2103/cs2103-website-base/admin/ip-tasks-fragment.md
2025-03-07T14:56:51.043Z - info: Synchronizing opened pages list before reload
2025-03-07T14:56:51.048Z - info: Current opened pages, from most-to-least recent:
2025-03-07T14:56:51.053Z - info: 1. admin/ip-w4
2025-03-07T14:56:52.104Z - info: Rebuilding 1 pages
2025-03-07T14:56:52.777Z - info: Site data built
2025-03-07T14:56:52.777Z - info: Pages rebuilt
2025-03-07T14:56:52.777Z - info: Website regeneration complete! Total build time: 0.678s
2025-03-07T14:59:36.151Z - info: [22:59:36] Reload for file change: /Users/damithch/Repos/nus-cs2103/cs2103-website-base/admin/ip-tasks-fragment.md
2025-03-07T14:59:36.154Z - info: Synchronizing opened pages list before reload
2025-03-07T14:59:36.156Z - info: Current opened pages, from most-to-least recent:
2025-03-07T14:59:36.156Z - info: 1. admin/ip-w4
2025-03-07T14:59:37.169Z - info: Rebuilding 1 pages
2025-03-07T14:59:37.842Z - info: Site data built
2025-03-07T14:59:37.842Z - info: Pages rebuilt
2025-03-07T14:59:37.843Z - info: Website regeneration complete! Total build time: 0.678s
2025-03-07T15:00:33.213Z - info: [23:00:33] Reload for file change: /Users/damithch/Repos/nus-cs2103/cs2103-website-base/admin/ip-tasks-fragment.md
2025-03-07T15:00:33.214Z - info: Synchronizing opened pages list before reload
2025-03-07T15:00:33.215Z - info: Current opened pages, from most-to-least recent:
2025-03-07T15:00:33.215Z - info: 1. admin/ip-w4
2025-03-07T15:00:34.224Z - info: Rebuilding 1 pages
2025-03-07T15:00:34.929Z - info: Site data built
2025-03-07T15:00:34.929Z - info: Pages rebuilt
2025-03-07T15:00:34.929Z - info: Website regeneration complete! Total build time: 0.708s
2025-03-07T15:02:03.403Z - info: [23:02:03] Reload for file change: /Users/damithch/Repos/nus-cs2103/cs2103-website-base/admin/ip-tasks-fragment.md
2025-03-07T15:02:03.406Z - info: Synchronizing opened pages list before reload
2025-03-07T15:02:03.406Z - info: Current opened pages, from most-to-least recent:
2025-03-07T15:02:03.406Z - info: 1. admin/ip-w4
2025-03-07T15:02:04.413Z - info: Rebuilding 1 pages
2025-03-07T15:02:05.114Z - info: Site data built
2025-03-07T15:02:05.114Z - info: Pages rebuilt
2025-03-07T15:02:05.114Z - info: Website regeneration complete! Total build time: 0.703s
2025-03-07T15:26:18.604Z - info: [23:26:18] Reload for file change: /Users/damithch/Repos/nus-cs2103/cs2103-website-base/admin/ip-tasks-fragment.md
2025-03-07T15:26:18.613Z - info: Synchronizing opened pages list before reload
2025-03-07T15:26:18.614Z - info: No pages are currently opened
2025-03-07T15:26:19.623Z - info: No pages needed to be rebuilt
2025-03-07T15:26:26.122Z - info: Building /Users/damithch/Repos/nus-cs2103/cs2103-website-base/admin/ip-w4 as some of its dependencies were changed since the last visit
2025-03-07T15:26:26.862Z - info: Site data built
2025-03-07T15:26:26.862Z - info: Lazy website regeneration complete! Total build time: 0.74s
2025-03-07T15:26:49.762Z - info: [23:26:49] Reload for file change: /Users/damithch/Repos/nus-cs2103/cs2103-website-base/admin/ip-tasks-fragment.md
2025-03-07T15:26:49.763Z - info: Synchronizing opened pages list before reload
2025-03-07T15:26:49.764Z - info: Current opened pages, from most-to-least recent:
2025-03-07T15:26:49.764Z - info: 1. admin/ip-w4
2025-03-07T15:26:50.783Z - info: Rebuilding 1 pages
2025-03-07T15:26:51.476Z - info: Site data built
2025-03-07T15:26:51.476Z - info: Pages rebuilt
2025-03-07T15:26:51.476Z - info: Website regeneration complete! Total build time: 0.698s
2025-03-07T15:27:18.095Z - info: [23:27:18] Reload for file change: /Users/damithch/Repos/nus-cs2103/cs2103-website-base/admin/ip-tasks-fragment.md
2025-03-07T15:27:18.097Z - info: Synchronizing opened pages list before reload
2025-03-07T15:27:18.097Z - info: Current opened pages, from most-to-least recent:
2025-03-07T15:27:18.097Z - info: 1. admin/ip-w4
2025-03-07T15:27:19.108Z - info: Rebuilding 1 pages
2025-03-07T15:27:19.784Z - info: Site data built
2025-03-07T15:27:19.784Z - info: Pages rebuilt
2025-03-07T15:27:19.784Z - info: Website regeneration complete! Total build time: 0.68s
2025-03-07T15:27:51.299Z - info: [23:27:51] Reload for file change: /Users/damithch/Repos/nus-cs2103/cs2103-website-base/admin/ip-tasks-fragment.md
2025-03-07T15:27:51.300Z - info: Synchronizing opened pages list before reload
2025-03-07T15:27:51.301Z - info: Current opened pages, from most-to-least recent:
2025-03-07T15:27:51.301Z - info: 1. admin/ip-w4
2025-03-07T15:27:52.310Z - info: Rebuilding 1 pages
2025-03-07T15:27:53.020Z - info: Site data built
2025-03-07T15:27:53.021Z - info: Pages rebuilt
2025-03-07T15:27:53.021Z - info: Website regeneration complete! Total build time: 0.715s
2025-03-07T15:28:11.367Z - info: [23:28:11] Reload for file change: /Users/damithch/Repos/nus-cs2103/cs2103-website-base/admin/ip-tasks-fragment.md
2025-03-07T15:28:11.369Z - info: Synchronizing opened pages list before reload
2025-03-07T15:28:11.369Z - info: Current opened pages, from most-to-least recent:
2025-03-07T15:28:11.369Z - info: 1. admin/ip-w4
2025-03-07T15:28:12.379Z - info: Rebuilding 1 pages
2025-03-07T15:28:13.069Z - info: Site data built
2025-03-07T15:28:13.069Z - info: Pages rebuilt
2025-03-07T15:28:13.069Z - info: Website regeneration complete! Total build time: 0.693s
2025-03-07T15:28:21.783Z - info: [23:28:21] Reload for file change: /Users/damithch/Repos/nus-cs2103/cs2103-website-base/admin/ip-tasks-fragment.md
2025-03-07T15:28:21.784Z - info: Synchronizing opened pages list before reload
2025-03-07T15:28:21.784Z - info: Current opened pages, from most-to-least recent:
2025-03-07T15:28:21.784Z - info: 1. admin/ip-w4
2025-03-07T15:28:22.800Z - info: Rebuilding 1 pages
2025-03-07T15:28:23.461Z - info: Site data built
2025-03-07T15:28:23.461Z - info: Pages rebuilt
2025-03-07T15:28:23.461Z - info: Website regeneration complete! Total build time: 0.669s
2025-03-07T15:28:35.470Z - info: Website generation started at 23:28:34
2025-03-07T15:28:35.778Z - warn: ENOENT: no such file or directory, open '/Users/damithch/Repos/nus-cs2103/cs2103-website-base/node_modules/.cache/gh-pages/https!github.com!nus-cs2103-AY2425S2!website.git/book/_markbind/variables.md'
2025-03-07T15:28:35.778Z - warn: ENOENT: no such file or directory, open '/Users/damithch/Repos/nus-cs2103/cs2103-website-base/node_modules/.cache/gh-pages/https!github.com!nus-cs2103-AY2425S2!website.git/_markbind/variables.md'
2025-03-07T15:28:35.797Z - info: Building assets...
2025-03-07T15:28:37.530Z - info: Assets built
2025-03-07T15:28:37.530Z - info: Generating pages...
2025-03-07T15:28:43.754Z - debug:  
2025-03-07T15:28:43.754Z - debug: 2025-03-07 23:28:40.463 java[72263:4159549] +[IMKClient subclass]: chose IMKClient_Modern
2025-03-07 23:28:40.463 java[72263:4159549] +[IMKInputSession subclass]: chose IMKInputSession_Modern

2025-03-07T15:28:44.204Z - debug:  
2025-03-07T15:28:44.204Z - debug: 2025-03-07 23:28:41.100 java[72268:4159656] +[IMKClient subclass]: chose IMKClient_Modern
2025-03-07 23:28:41.100 java[72268:4159656] +[IMKInputSession subclass]: chose IMKInputSession_Modern

2025-03-07T15:28:44.204Z - debug:  
2025-03-07T15:28:44.204Z - debug:  
2025-03-07T15:28:44.204Z - debug:  
2025-03-07T15:28:44.204Z - debug:  
2025-03-07T15:28:44.204Z - debug: 2025-03-07 23:28:41.707 java[72279:4159732] +[IMKClient subclass]: chose IMKClient_Modern
2025-03-07 23:28:41.707 java[72279:4159732] +[IMKInputSession subclass]: chose IMKInputSession_Modern

2025-03-07T15:28:44.204Z - debug:  
2025-03-07T15:28:44.204Z - debug:  
2025-03-07T15:28:44.204Z - debug:  
2025-03-07T15:28:44.204Z - debug:  
2025-03-07T15:28:44.204Z - debug:  
2025-03-07T15:28:44.204Z - debug:  
2025-03-07T15:28:44.204Z - debug:  
2025-03-07T15:28:45.138Z - debug: 2025-03-07 23:28:44.415 java[72320:4160541] +[IMKClient subclass]: chose IMKClient_Modern
2025-03-07 23:28:44.415 java[72320:4160541] +[IMKInputSession subclass]: chose IMKInputSession_Modern

2025-03-07T15:28:54.843Z - debug: 2025-03-07 23:28:54.125 java[72342:4160854] +[IMKClient subclass]: chose IMKClient_Modern
2025-03-07 23:28:54.125 java[72342:4160854] +[IMKInputSession subclass]: chose IMKInputSession_Modern

2025-03-07T15:29:39.027Z - debug: 2025-03-07 23:29:36.627 java[72383:4161873] +[IMKClient subclass]: chose IMKClient_Modern
2025-03-07 23:29:36.627 java[72383:4161873] +[IMKInputSession subclass]: chose IMKInputSession_Modern

2025-03-07T15:29:49.337Z - debug:  
2025-03-07T15:29:49.384Z - debug: 2025-03-07 23:29:48.560 java[72394:4162185] +[IMKClient subclass]: chose IMKClient_Modern
2025-03-07 23:29:48.560 java[72394:4162185] +[IMKInputSession subclass]: chose IMKInputSession_Modern

2025-03-07T15:29:55.623Z - info: Pages built
2025-03-07T15:29:55.687Z - info: Site data built
2025-03-07T15:29:55.687Z - info: Website generation complete! Total build time: 80.865s
2025-03-07T15:29:55.687Z - info: Build success!
2025-03-07T15:30:16.711Z - info: The website has been deployed at: https://nus-cs2103-ay2425s2.github.io/website
