2025-03-28T09:56:43.611Z - info: Website generation started at 17:56:42
2025-03-28T09:56:43.980Z - warn: ENOENT: no such file or directory, open '/Users/damithch/Repos/nus-cs2103/cs2103-website-base/node_modules/.cache/gh-pages/https!github.com!nus-cs2103-AY2425S2!website.git/book/_markbind/variables.md'
2025-03-28T09:56:43.980Z - warn: ENOENT: no such file or directory, open '/Users/damithch/Repos/nus-cs2103/cs2103-website-base/node_modules/.cache/gh-pages/https!github.com!nus-cs2103-AY2425S2!website.git/_markbind/variables.md'
2025-03-28T09:56:43.998Z - info: Building assets...
2025-03-28T09:56:45.868Z - info: Assets built
2025-03-28T09:56:45.868Z - info: Generating pages...
2025-03-28T09:56:53.917Z - debug:  
2025-03-28T09:56:53.917Z - debug:  
2025-03-28T09:56:53.917Z - debug:  
2025-03-28T09:56:53.917Z - debug:  
2025-03-28T09:56:54.363Z - debug:  
2025-03-28T09:56:54.363Z - debug:  
2025-03-28T09:56:54.363Z - debug:  
2025-03-28T09:56:54.363Z - debug:  
2025-03-28T09:56:54.363Z - debug:  
2025-03-28T09:56:54.363Z - debug:  
2025-03-28T09:56:54.363Z - debug:  
2025-03-28T09:56:54.363Z - debug:  
2025-03-28T09:56:54.363Z - debug:  
2025-03-28T09:56:54.363Z - debug:  
2025-03-28T09:56:54.363Z - debug: 2025-03-28 17:56:51.588 java[27831:6579887] +[IMKClient subclass]: chose IMKClient_Modern
2025-03-28 17:56:51.588 java[27831:6579887] +[IMKInputSession subclass]: chose IMKInputSession_Modern

2025-03-28T09:56:54.363Z - debug:  
2025-03-28T09:56:54.988Z - debug:  
2025-03-28T09:57:03.934Z - debug: 2025-03-28 17:57:03.548 java[28071:6581098] +[IMKClient subclass]: chose IMKClient_Modern
2025-03-28 17:57:03.548 java[28071:6581098] +[IMKInputSession subclass]: chose IMKInputSession_Modern

2025-03-28T09:57:51.638Z - debug:  
2025-03-28T09:58:02.521Z - debug:  
2025-03-28T09:58:02.550Z - debug:  
2025-03-28T09:58:08.956Z - info: Pages built
2025-03-28T09:58:09.026Z - info: Site data built
2025-03-28T09:58:09.026Z - info: Website generation complete! Total build time: 86.249s
2025-03-28T09:58:09.026Z - info: Build success!
2025-03-28T09:58:30.658Z - info: The website has been deployed at: https://nus-cs2103-ay2425s2.github.io/website
