2025-04-06T17:16:00.908Z - info: Website generation (lazy) started at 01:16:00
2025-04-06T17:16:01.209Z - warn: ENOENT: no such file or directory, open '/Users/damithch/Repos/nus-cs2103/cs2103-website-base/node_modules/.cache/gh-pages/https!github.com!nus-cs2103-AY2425S2!website.git/book/_markbind/variables.md'
2025-04-06T17:16:01.209Z - warn: ENOENT: no such file or directory, open '/Users/damithch/Repos/nus-cs2103/cs2103-website-base/node_modules/.cache/gh-pages/https!github.com!nus-cs2103-AY2425S2!website.git/_markbind/variables.md'
2025-04-06T17:16:01.228Z - info: Building assets...
2025-04-06T17:16:02.801Z - info: Assets built
2025-04-06T17:16:02.802Z - info: Generating landing page...
2025-04-06T17:16:03.248Z - info: Landing page built, other pages will be built as you navigate to them!
2025-04-06T17:16:03.311Z - info: Site data built
2025-04-06T17:16:03.311Z - info: Website generation (lazy) complete! Total build time: 3.133s
2025-04-06T17:16:03.322Z - info: Serving "/Users/damithch/Repos/nus-cs2103/cs2103-website-base/_site" at http://127.0.0.1:8080
2025-04-06T17:16:03.322Z - info: Press CTRL+C to stop ...
2025-04-06T17:16:06.955Z - info: Building /Users/damithch/Repos/nus-cs2103/cs2103-website-base/schedule/week12/project as some of its dependencies were changed since the last visit
2025-04-06T17:16:09.117Z - info: Site data built
2025-04-06T17:16:09.118Z - info: Lazy website regeneration complete! Total build time: 2.164s
2025-04-06T17:17:55.962Z - info: [01:17:55] Reload for file change: /Users/damithch/Repos/nus-cs2103/cs2103-website-base/admin/tp-ped-fragment.md
2025-04-06T17:17:55.964Z - info: Synchronizing opened pages list before reload
2025-04-06T17:17:55.965Z - info: Current opened pages, from most-to-least recent:
2025-04-06T17:17:55.965Z - info: 1. schedule/week12/project
2025-04-06T17:17:56.979Z - info: Rebuilding 1 pages
2025-04-06T17:17:58.813Z - info: Site data built
2025-04-06T17:17:58.813Z - info: Pages rebuilt
2025-04-06T17:17:58.813Z - info: Website regeneration complete! Total build time: 1.837s
2025-04-07T06:56:20.262Z - info: Website generation started at 14:56:19
2025-04-07T06:56:20.613Z - warn: ENOENT: no such file or directory, open '/Users/damithch/Repos/nus-cs2103/cs2103-website-base/node_modules/.cache/gh-pages/https!github.com!nus-cs2103-AY2425S2!website.git/book/_markbind/variables.md'
2025-04-07T06:56:20.614Z - warn: ENOENT: no such file or directory, open '/Users/damithch/Repos/nus-cs2103/cs2103-website-base/node_modules/.cache/gh-pages/https!github.com!nus-cs2103-AY2425S2!website.git/_markbind/variables.md'
2025-04-07T06:56:20.633Z - info: Building assets...
2025-04-07T06:56:21.958Z - info: Assets built
2025-04-07T06:56:21.958Z - info: Generating pages...
2025-04-07T06:56:28.607Z - debug:  
2025-04-07T06:56:28.607Z - debug: 2025-04-07 14:56:24.686 java[27486:6527627] +[IMKClient subclass]: chose IMKClient_Modern
2025-04-07 14:56:24.686 java[27486:6527627] +[IMKInputSession subclass]: chose IMKInputSession_Modern

2025-04-07T06:56:28.607Z - debug:  
2025-04-07T06:56:28.607Z - debug:  
2025-04-07T06:56:28.607Z - debug:  
2025-04-07T06:56:28.607Z - debug:  
2025-04-07T06:56:28.607Z - debug:  
2025-04-07T06:56:28.607Z - debug:  
2025-04-07T06:56:28.607Z - debug:  
2025-04-07T06:56:28.607Z - debug:  
2025-04-07T06:56:28.607Z - debug:  
2025-04-07T06:56:28.607Z - debug:  
2025-04-07T06:56:28.607Z - debug:  
2025-04-07T06:56:28.607Z - debug:  
2025-04-07T06:56:28.607Z - debug: 2025-04-07 14:56:26.010 java[27520:6527969] +[IMKClient subclass]: chose IMKClient_Modern
2025-04-07 14:56:26.010 java[27520:6527969] +[IMKInputSession subclass]: chose IMKInputSession_Modern

2025-04-07T06:56:28.607Z - debug:  
2025-04-07T06:56:29.261Z - debug: 2025-04-07 14:56:28.898 java[27554:6528653] +[IMKClient subclass]: chose IMKClient_Modern
2025-04-07 14:56:28.898 java[27554:6528653] +[IMKInputSession subclass]: chose IMKInputSession_Modern

2025-04-07T06:56:38.717Z - debug: 2025-04-07 14:56:38.368 java[27575:6528954] +[IMKClient subclass]: chose IMKClient_Modern
2025-04-07 14:56:38.368 java[27575:6528954] +[IMKInputSession subclass]: chose IMKInputSession_Modern

2025-04-07T06:57:25.627Z - debug: 2025-04-07 14:57:23.161 java[27616:6530485] +[IMKClient subclass]: chose IMKClient_Modern
2025-04-07 14:57:23.161 java[27616:6530485] +[IMKInputSession subclass]: chose IMKInputSession_Modern

2025-04-07T06:57:36.771Z - debug: 2025-04-07 14:57:35.960 java[27626:6530879] +[IMKClient subclass]: chose IMKClient_Modern
2025-04-07 14:57:35.960 java[27626:6530879] +[IMKInputSession subclass]: chose IMKInputSession_Modern

2025-04-07T06:57:36.774Z - debug:  
2025-04-07T06:57:43.737Z - info: Pages built
2025-04-07T06:57:43.805Z - info: Site data built
2025-04-07T06:57:43.806Z - info: Website generation complete! Total build time: 84.171s
2025-04-07T06:57:43.806Z - info: Build success!
2025-04-07T06:58:04.702Z - info: The website has been deployed at: https://nus-cs2103-ay2425s2.github.io/website
2025-04-07T09:09:33.597Z - info: Website generation (lazy) started at 17:09:32
2025-04-07T09:09:33.936Z - warn: ENOENT: no such file or directory, open '/Users/damithch/Repos/nus-cs2103/cs2103-website-base/node_modules/.cache/gh-pages/https!github.com!nus-cs2103-AY2425S2!website.git/book/_markbind/variables.md'
2025-04-07T09:09:33.937Z - warn: ENOENT: no such file or directory, open '/Users/damithch/Repos/nus-cs2103/cs2103-website-base/node_modules/.cache/gh-pages/https!github.com!nus-cs2103-AY2425S2!website.git/_markbind/variables.md'
2025-04-07T09:09:33.956Z - info: Building assets...
2025-04-07T09:09:35.970Z - info: Assets built
2025-04-07T09:09:35.971Z - info: Generating landing page...
2025-04-07T09:09:36.595Z - info: Landing page built, other pages will be built as you navigate to them!
2025-04-07T09:09:36.677Z - info: Site data built
2025-04-07T09:09:36.677Z - info: Website generation (lazy) complete! Total build time: 3.826s
2025-04-07T09:09:36.688Z - info: Serving "/Users/damithch/Repos/nus-cs2103/cs2103-website-base/_site" at http://127.0.0.1:8080
2025-04-07T09:09:36.688Z - info: Press CTRL+C to stop ...
2025-04-07T09:09:52.121Z - info: Building /Users/damithch/Repos/nus-cs2103/cs2103-website-base/schedule/week12/project as some of its dependencies were changed since the last visit
2025-04-07T09:09:54.195Z - info: Site data built
2025-04-07T09:09:54.195Z - info: Lazy website regeneration complete! Total build time: 2.074s
2025-04-07T09:10:20.129Z - info: Building /Users/damithch/Repos/nus-cs2103/cs2103-website-base/admin/appendixC-faq as some of its dependencies were changed since the last visit
2025-04-07T09:10:21.825Z - info: Site data built
2025-04-07T09:10:21.825Z - info: Lazy website regeneration complete! Total build time: 1.696s
2025-04-07T09:24:51.530Z - info: [17:24:51] Reload for file change: /Users/damithch/Repos/nus-cs2103/cs2103-website-base/admin/faq-fragment.md
2025-04-07T09:24:51.531Z - info: Synchronizing opened pages list before reload
2025-04-07T09:24:51.532Z - info: Current opened pages, from most-to-least recent:
2025-04-07T09:24:51.533Z - info: 1. admin/appendixC-faq
2025-04-07T09:24:51.535Z - info: [17:24:51] Reload for file change: /Users/damithch/Repos/nus-cs2103/cs2103-website-base/admin/appendixC-faq.md
2025-04-07T09:24:51.535Z - info: Synchronizing opened pages list before reload
2025-04-07T09:24:51.535Z - info: Current opened pages, from most-to-least recent:
2025-04-07T09:24:51.535Z - info: 1. admin/appendixC-faq
2025-04-07T09:24:52.541Z - info: Rebuilding 1 pages
2025-04-07T09:24:54.351Z - info: Site data built
2025-04-07T09:24:54.352Z - info: Pages rebuilt
2025-04-07T09:24:54.352Z - info: Website regeneration complete! Total build time: 1.813s
2025-04-07T11:43:46.588Z - info: Website generation (lazy) started at 19:43:45
2025-04-07T11:43:46.957Z - warn: ENOENT: no such file or directory, open '/Users/damithch/Repos/nus-cs2103/cs2103-website-base/node_modules/.cache/gh-pages/https!github.com!nus-cs2103-AY2425S2!website.git/book/_markbind/variables.md'
2025-04-07T11:43:46.958Z - warn: ENOENT: no such file or directory, open '/Users/damithch/Repos/nus-cs2103/cs2103-website-base/node_modules/.cache/gh-pages/https!github.com!nus-cs2103-AY2425S2!website.git/_markbind/variables.md'
2025-04-07T11:43:46.978Z - info: Building assets...
2025-04-07T11:43:48.549Z - info: Assets built
2025-04-07T11:43:48.550Z - info: Generating landing page...
2025-04-07T11:43:48.993Z - info: Landing page built, other pages will be built as you navigate to them!
2025-04-07T11:43:49.056Z - info: Site data built
2025-04-07T11:43:49.056Z - info: Website generation (lazy) complete! Total build time: 3.072s
2025-04-07T11:43:49.066Z - info: Serving "/Users/damithch/Repos/nus-cs2103/cs2103-website-base/_site" at http://127.0.0.1:8080
2025-04-07T11:43:49.066Z - info: Press CTRL+C to stop ...
2025-04-07T11:44:07.439Z - info: Building /Users/damithch/Repos/nus-cs2103/cs2103-website-base/admin/appendixC-faq as some of its dependencies were changed since the last visit
2025-04-07T11:44:09.105Z - info: Site data built
2025-04-07T11:44:09.105Z - info: Lazy website regeneration complete! Total build time: 1.667s
2025-04-07T11:44:56.881Z - info: [19:44:56] Reload for file change: /Users/damithch/Repos/nus-cs2103/cs2103-website-base/admin/faq-fragment.md
2025-04-07T11:44:56.883Z - info: Synchronizing opened pages list before reload
2025-04-07T11:44:56.883Z - info: Current opened pages, from most-to-least recent:
2025-04-07T11:44:56.883Z - info: 1. admin/appendixC-faq
2025-04-07T11:44:57.898Z - info: Rebuilding 1 pages
2025-04-07T11:44:59.515Z - info: Site data built
2025-04-07T11:44:59.515Z - info: Pages rebuilt
2025-04-07T11:44:59.515Z - info: Website regeneration complete! Total build time: 1.621s
2025-04-07T11:52:05.852Z - info: [19:52:05] Reload for file change: /Users/damithch/Repos/nus-cs2103/cs2103-website-base/admin/faq-fragment.md
2025-04-07T11:52:05.857Z - info: Synchronizing opened pages list before reload
2025-04-07T11:52:05.858Z - info: Current opened pages, from most-to-least recent:
2025-04-07T11:52:05.858Z - info: 1. admin/appendixC-faq
2025-04-07T11:52:06.871Z - info: Rebuilding 1 pages
2025-04-07T11:52:08.524Z - info: Site data built
2025-04-07T11:52:08.524Z - info: Pages rebuilt
2025-04-07T11:52:08.524Z - info: Website regeneration complete! Total build time: 1.656s
2025-04-07T11:52:54.806Z - info: Building /Users/damithch/Repos/nus-cs2103/cs2103-website-base/schedule/week12/project as some of its dependencies were changed since the last visit
2025-04-07T11:52:56.634Z - info: Site data built
2025-04-07T11:52:56.634Z - info: Lazy website regeneration complete! Total build time: 1.829s
2025-04-07T11:53:32.336Z - info: [19:53:32] Reload for file change: /Users/damithch/Repos/nus-cs2103/cs2103-website-base/admin/tp-tasks-fragment.md
2025-04-07T11:53:32.337Z - info: Synchronizing opened pages list before reload
2025-04-07T11:53:32.339Z - info: Current opened pages, from most-to-least recent:
2025-04-07T11:53:32.339Z - info: 1. schedule/week12/project
2025-04-07T11:53:33.350Z - info: Rebuilding 1 pages
2025-04-07T11:53:35.107Z - info: Site data built
2025-04-07T11:53:35.107Z - info: Pages rebuilt
2025-04-07T11:53:35.107Z - info: Website regeneration complete! Total build time: 1.76s
2025-04-07T11:56:31.736Z - info: [19:56:31] Reload for file change: /Users/damithch/Repos/nus-cs2103/cs2103-website-base/admin/faq-fragment.md
2025-04-07T11:56:31.737Z - info: Synchronizing opened pages list before reload
2025-04-07T11:56:31.738Z - info: Current opened pages, from most-to-least recent:
2025-04-07T11:56:31.738Z - info: 1. schedule/week12/project
2025-04-07T11:56:32.744Z - info: Rebuilding 1 pages
2025-04-07T11:56:34.498Z - info: Site data built
2025-04-07T11:56:34.498Z - info: Pages rebuilt
2025-04-07T11:56:34.498Z - info: Website regeneration complete! Total build time: 1.756s
2025-04-07T11:58:01.385Z - info: [19:58:01] Reload for file change: /Users/damithch/Repos/nus-cs2103/cs2103-website-base/admin/faq-fragment.md
2025-04-07T11:58:01.387Z - info: Synchronizing opened pages list before reload
2025-04-07T11:58:01.387Z - info: Current opened pages, from most-to-least recent:
2025-04-07T11:58:01.387Z - info: 1. schedule/week12/project
2025-04-07T11:58:02.404Z - info: Rebuilding 1 pages
2025-04-07T11:58:04.164Z - info: Site data built
2025-04-07T11:58:04.164Z - info: Pages rebuilt
2025-04-07T11:58:04.164Z - info: Website regeneration complete! Total build time: 1.763s
2025-04-07T11:58:31.033Z - info: Building /Users/damithch/Repos/nus-cs2103/cs2103-website-base/schedule/week10/index as some of its dependencies were changed since the last visit
2025-04-07T11:58:31.462Z - info: Site data built
2025-04-07T11:58:31.462Z - info: Lazy website regeneration complete! Total build time: 0.43s
2025-04-07T11:58:36.037Z - info: Building /Users/damithch/Repos/nus-cs2103/cs2103-website-base/schedule/week10/project as some of its dependencies were changed since the last visit
2025-04-07T11:58:36.923Z - info: Site data built
2025-04-07T11:58:36.923Z - info: Lazy website regeneration complete! Total build time: 0.887s
2025-04-07T12:00:00.165Z - info: [20:00:00] Reload for file change: /Users/damithch/Repos/nus-cs2103/cs2103-website-base/admin/tp-tasks-fragment.md
2025-04-07T12:00:00.166Z - info: Synchronizing opened pages list before reload
2025-04-07T12:00:00.167Z - info: Current opened pages, from most-to-least recent:
2025-04-07T12:00:00.167Z - info: 1. schedule/week10/project
2025-04-07T12:00:01.183Z - info: Rebuilding 1 pages
2025-04-07T12:00:02.156Z - info: Site data built
2025-04-07T12:00:02.156Z - info: Pages rebuilt
2025-04-07T12:00:02.156Z - info: Website regeneration complete! Total build time: 0.979s
2025-04-07T12:00:13.855Z - info: [20:00:13] Reload for file change: /Users/damithch/Repos/nus-cs2103/cs2103-website-base/admin/tp-tasks-fragment.md
2025-04-07T12:00:13.859Z - info: Synchronizing opened pages list before reload
2025-04-07T12:00:13.859Z - info: Current opened pages, from most-to-least recent:
2025-04-07T12:00:13.860Z - info: 1. schedule/week10/project
2025-04-07T12:00:14.863Z - info: Rebuilding 1 pages
2025-04-07T12:00:15.839Z - info: Site data built
2025-04-07T12:00:15.839Z - info: Pages rebuilt
2025-04-07T12:00:15.839Z - info: Website regeneration complete! Total build time: 0.977s
2025-04-07T12:00:49.050Z - info: [20:00:49] Reload for file change: /Users/damithch/Repos/nus-cs2103/cs2103-website-base/admin/tp-tasks-fragment.md
2025-04-07T12:00:49.051Z - info: Synchronizing opened pages list before reload
2025-04-07T12:00:49.051Z - info: Current opened pages, from most-to-least recent:
2025-04-07T12:00:49.055Z - info: 1. schedule/week10/project
2025-04-07T12:00:50.067Z - info: Rebuilding 1 pages
2025-04-07T12:00:51.100Z - info: Site data built
2025-04-07T12:00:51.100Z - info: Pages rebuilt
2025-04-07T12:00:51.100Z - info: Website regeneration complete! Total build time: 1.037s
2025-04-07T12:03:09.475Z - info: Website generation started at 20:03:08
2025-04-07T12:03:09.745Z - warn: ENOENT: no such file or directory, open '/Users/damithch/Repos/nus-cs2103/cs2103-website-base/node_modules/.cache/gh-pages/https!github.com!nus-cs2103-AY2425S2!website.git/book/_markbind/variables.md'
2025-04-07T12:03:09.745Z - warn: ENOENT: no such file or directory, open '/Users/damithch/Repos/nus-cs2103/cs2103-website-base/node_modules/.cache/gh-pages/https!github.com!nus-cs2103-AY2425S2!website.git/_markbind/variables.md'
2025-04-07T12:03:09.765Z - info: Building assets...
2025-04-07T12:03:11.153Z - info: Assets built
2025-04-07T12:03:11.153Z - info: Generating pages...
2025-04-07T12:03:18.864Z - debug:  
2025-04-07T12:03:18.865Z - debug: 2025-04-07 20:03:14.596 java[36587:6959228] +[IMKClient subclass]: chose IMKClient_Modern
2025-04-07 20:03:14.596 java[36587:6959228] +[IMKInputSession subclass]: chose IMKInputSession_Modern

2025-04-07T12:03:18.865Z - debug:  
2025-04-07T12:03:18.865Z - debug:  
2025-04-07T12:03:18.865Z - debug:  
2025-04-07T12:03:18.866Z - debug:  
2025-04-07T12:03:18.866Z - debug:  
2025-04-07T12:03:18.866Z - debug:  
2025-04-07T12:03:18.866Z - debug:  
2025-04-07T12:03:18.866Z - debug: 2025-04-07 20:03:15.775 java[36606:6959409] +[IMKClient subclass]: chose IMKClient_Modern
2025-04-07 20:03:15.776 java[36606:6959409] +[IMKInputSession subclass]: chose IMKInputSession_Modern

2025-04-07T12:03:18.866Z - debug:  
2025-04-07T12:03:18.866Z - debug:  
2025-04-07T12:03:18.866Z - debug:  
2025-04-07T12:03:18.866Z - debug:  
2025-04-07T12:03:18.867Z - debug:  
2025-04-07T12:03:18.867Z - debug:  
2025-04-07T12:03:20.174Z - debug: 2025-04-07 20:03:19.165 java[36647:6960273] +[IMKClient subclass]: chose IMKClient_Modern
2025-04-07 20:03:19.165 java[36647:6960273] +[IMKInputSession subclass]: chose IMKInputSession_Modern

2025-04-07T12:03:29.628Z - debug: 2025-04-07 20:03:28.884 java[36682:6960657] +[IMKClient subclass]: chose IMKClient_Modern
2025-04-07 20:03:28.884 java[36682:6960657] +[IMKInputSession subclass]: chose IMKInputSession_Modern

2025-04-07T12:04:15.244Z - debug: 2025-04-07 20:04:12.929 java[36716:6961709] +[IMKClient subclass]: chose IMKClient_Modern
2025-04-07 20:04:12.929 java[36716:6961709] +[IMKInputSession subclass]: chose IMKInputSession_Modern

2025-04-07T12:04:27.118Z - debug: 2025-04-07 20:04:26.319 java[36740:6962247] +[IMKClient subclass]: chose IMKClient_Modern
2025-04-07 20:04:26.319 java[36740:6962247] +[IMKInputSession subclass]: chose IMKInputSession_Modern

2025-04-07T12:04:27.134Z - debug:  
2025-04-07T12:04:34.189Z - info: Pages built
2025-04-07T12:04:34.262Z - info: Site data built
2025-04-07T12:04:34.262Z - info: Website generation complete! Total build time: 85.396s
2025-04-07T12:04:34.262Z - info: Build success!
2025-04-07T12:04:56.124Z - info: The website has been deployed at: https://nus-cs2103-ay2425s2.github.io/website
2025-04-07T15:54:21.997Z - info: Website generation (lazy) started at 23:54:21
2025-04-07T15:54:22.324Z - warn: ENOENT: no such file or directory, open '/Users/damithch/Repos/nus-cs2103/cs2103-website-base/node_modules/.cache/gh-pages/https!github.com!nus-cs2103-AY2425S2!website.git/book/_markbind/variables.md'
2025-04-07T15:54:22.324Z - warn: ENOENT: no such file or directory, open '/Users/damithch/Repos/nus-cs2103/cs2103-website-base/node_modules/.cache/gh-pages/https!github.com!nus-cs2103-AY2425S2!website.git/_markbind/variables.md'
2025-04-07T15:54:22.344Z - info: Building assets...
2025-04-07T15:54:23.755Z - info: Assets built
2025-04-07T15:54:23.755Z - info: Generating landing page...
2025-04-07T15:54:24.214Z - info: Landing page built, other pages will be built as you navigate to them!
2025-04-07T15:54:24.294Z - info: Site data built
2025-04-07T15:54:24.294Z - info: Website generation (lazy) complete! Total build time: 3.081s
2025-04-07T15:54:24.304Z - info: Serving "/Users/damithch/Repos/nus-cs2103/cs2103-website-base/_site" at http://127.0.0.1:8080
2025-04-07T15:54:24.304Z - info: Press CTRL+C to stop ...
2025-04-07T15:54:27.720Z - info: Building /Users/damithch/Repos/nus-cs2103/cs2103-website-base/schedule/week11/index as some of its dependencies were changed since the last visit
2025-04-07T15:54:28.135Z - info: Site data built
2025-04-07T15:54:28.135Z - info: Lazy website regeneration complete! Total build time: 0.415s
2025-04-07T15:54:30.527Z - info: Building /Users/damithch/Repos/nus-cs2103/cs2103-website-base/schedule/week11/project as some of its dependencies were changed since the last visit
2025-04-07T15:54:32.340Z - info: Site data built
2025-04-07T15:54:32.340Z - info: Lazy website regeneration complete! Total build time: 1.814s
