2025-02-06T17:48:09.592Z - info: Website generation (lazy) started at 01:48:08
2025-02-06T17:48:09.864Z - warn: ENOENT: no such file or directory, open '/Users/damithch/Repos/nus-cs2103/cs2103-website-base/node_modules/.cache/gh-pages/https!github.com!nus-cs2103-AY2425S2!website.git/book/_markbind/variables.md'
2025-02-06T17:48:09.864Z - warn: ENOENT: no such file or directory, open '/Users/damithch/Repos/nus-cs2103/cs2103-website-base/node_modules/.cache/gh-pages/https!github.com!nus-cs2103-AY2425S2!website.git/_markbind/variables.md'
2025-02-06T17:48:09.884Z - info: Building assets...
2025-02-06T17:48:11.236Z - info: Assets built
2025-02-06T17:48:11.236Z - info: Generating landing page...
2025-02-06T17:48:11.722Z - info: Landing page built, other pages will be built as you navigate to them!
2025-02-06T17:48:11.784Z - info: Site data built
2025-02-06T17:48:11.785Z - info: Website generation (lazy) complete! Total build time: 2.868s
2025-02-06T17:48:11.793Z - info: Serving "/Users/damithch/Repos/nus-cs2103/cs2103-website-base/_site" at http://127.0.0.1:8080
2025-02-06T17:48:11.794Z - info: Press CTRL+C to stop ...
2025-02-06T17:48:49.703Z - info: Building /Users/damithch/Repos/nus-cs2103/cs2103-website-base/schedule/week5/index as some of its dependencies were changed since the last visit
2025-02-06T17:48:50.097Z - info: Site data built
2025-02-06T17:48:50.097Z - info: Lazy website regeneration complete! Total build time: 0.394s
2025-02-06T17:49:13.797Z - info: Building /Users/damithch/Repos/nus-cs2103/cs2103-website-base/schedule/week5/admin as some of its dependencies were changed since the last visit
2025-02-06T17:49:14.174Z - info: Site data built
2025-02-06T17:49:14.174Z - info: Lazy website regeneration complete! Total build time: 0.378s
2025-02-06T17:52:21.576Z - info: [01:52:21] Reload for file change: /Users/damithch/Repos/nus-cs2103/cs2103-website-base/_course-CS2103/weeklyAdminTasks-fragment.md
2025-02-06T17:52:21.577Z - info: Synchronizing opened pages list before reload
2025-02-06T17:52:21.578Z - info: Current opened pages, from most-to-least recent:
2025-02-06T17:52:21.578Z - info: 1. schedule/week5/admin
2025-02-06T17:52:22.588Z - info: Rebuilding 1 pages
2025-02-06T17:52:23.031Z - info: Site data built
2025-02-06T17:52:23.031Z - info: Pages rebuilt
2025-02-06T17:52:23.031Z - info: Website regeneration complete! Total build time: 0.447s
2025-02-06T17:53:53.152Z - info: [01:53:53] Reload for file change: /Users/damithch/Repos/nus-cs2103/cs2103-website-base/_course-CS2103/weeklyAdminTasks-fragment.md
2025-02-06T17:53:53.152Z - info: Synchronizing opened pages list before reload
2025-02-06T17:53:53.153Z - info: Current opened pages, from most-to-least recent:
2025-02-06T17:53:53.153Z - info: 1. schedule/week5/admin
2025-02-06T17:53:54.164Z - info: Rebuilding 1 pages
2025-02-06T17:53:54.561Z - info: Site data built
2025-02-06T17:53:54.561Z - info: Pages rebuilt
2025-02-06T17:53:54.561Z - info: Website regeneration complete! Total build time: 0.4s
2025-02-06T17:54:04.957Z - info: Building /Users/damithch/Repos/nus-cs2103/cs2103-website-base/schedule/week6/admin as some of its dependencies were changed since the last visit
2025-02-06T17:54:05.162Z - info: Site data built
2025-02-06T17:54:05.162Z - info: Lazy website regeneration complete! Total build time: 0.206s
2025-02-06T17:54:24.457Z - info: [01:54:24] Reload for file change: /Users/damithch/Repos/nus-cs2103/cs2103-website-base/_course-CS2103/weeklyAdminTasks-fragment.md
2025-02-06T17:54:24.457Z - info: Synchronizing opened pages list before reload
2025-02-06T17:54:24.457Z - info: Current opened pages, from most-to-least recent:
2025-02-06T17:54:24.458Z - info: 1. schedule/week6/admin
2025-02-06T17:54:25.463Z - info: Rebuilding 1 pages
2025-02-06T17:54:25.640Z - info: Site data built
2025-02-06T17:54:25.640Z - info: Pages rebuilt
2025-02-06T17:54:25.640Z - info: Website regeneration complete! Total build time: 0.18s
2025-02-06T17:54:52.512Z - info: Building /Users/damithch/Repos/nus-cs2103/cs2103-website-base/schedule/week5/index as some of its dependencies were changed since the last visit
2025-02-06T17:54:52.885Z - info: Site data built
2025-02-06T17:54:52.885Z - info: Lazy website regeneration complete! Total build time: 0.374s
2025-02-06T17:54:56.215Z - info: Building /Users/damithch/Repos/nus-cs2103/cs2103-website-base/schedule/week5/admin as some of its dependencies were changed since the last visit
2025-02-06T17:54:56.544Z - info: Site data built
2025-02-06T17:54:56.544Z - info: Lazy website regeneration complete! Total build time: 0.33s
2025-02-06T17:56:00.797Z - info: Building /Users/damithch/Repos/nus-cs2103/cs2103-website-base/schedule/week5/topics as some of its dependencies were changed since the last visit
2025-02-06T17:56:01.568Z - info: Site data built
2025-02-06T17:56:01.568Z - info: Lazy website regeneration complete! Total build time: 0.771s
2025-02-06T17:56:56.308Z - info: Building /Users/damithch/Repos/nus-cs2103/cs2103-website-base/schedule/week5/project as some of its dependencies were changed since the last visit
2025-02-06T17:56:57.206Z - info: Site data built
2025-02-06T17:56:57.206Z - info: Lazy website regeneration complete! Total build time: 0.899s
2025-02-06T18:02:47.884Z - info: [02:02:47] Reload for file change: /Users/damithch/Repos/nus-cs2103/cs2103-website-base/book/gitAndGithub/managePRs/text.md
2025-02-06T18:02:47.887Z - info: Synchronizing opened pages list before reload
2025-02-06T18:02:47.889Z - info: Current opened pages, from most-to-least recent:
2025-02-06T18:02:47.889Z - info: 1. schedule/week5/topics
2025-02-06T18:02:48.899Z - info: Rebuilding 1 pages
2025-02-06T18:02:49.686Z - info: Site data built
2025-02-06T18:02:49.686Z - info: Pages rebuilt
2025-02-06T18:02:49.686Z - info: Website regeneration complete! Total build time: 0.79s
2025-02-06T18:03:58.392Z - info: [02:03:58] Reload for file change: /Users/damithch/Repos/nus-cs2103/cs2103-website-base/book/gitAndGithub/managePRs/text.md
2025-02-06T18:03:58.401Z - info: Synchronizing opened pages list before reload
2025-02-06T18:03:58.404Z - info: Current opened pages, from most-to-least recent:
2025-02-06T18:03:58.404Z - info: 1. schedule/week5/topics
2025-02-06T18:03:59.411Z - info: Rebuilding 1 pages
2025-02-06T18:04:00.176Z - info: Site data built
2025-02-06T18:04:00.176Z - info: Pages rebuilt
2025-02-06T18:04:00.176Z - info: Website regeneration complete! Total build time: 0.767s
2025-02-06T18:04:39.214Z - info: Website generation started at 02:04:38
2025-02-06T18:04:39.483Z - warn: ENOENT: no such file or directory, open '/Users/damithch/Repos/nus-cs2103/cs2103-website-base/node_modules/.cache/gh-pages/https!github.com!nus-cs2103-AY2425S2!website.git/book/_markbind/variables.md'
2025-02-06T18:04:39.483Z - warn: ENOENT: no such file or directory, open '/Users/damithch/Repos/nus-cs2103/cs2103-website-base/node_modules/.cache/gh-pages/https!github.com!nus-cs2103-AY2425S2!website.git/_markbind/variables.md'
2025-02-06T18:04:39.503Z - info: Building assets...
2025-02-06T18:04:40.850Z - info: Assets built
2025-02-06T18:04:40.850Z - info: Generating pages...
2025-02-06T18:04:46.618Z - debug: 2025-02-07 02:04:43.071 java[65884:3775862] +[IMKClient subclass]: chose IMKClient_Modern
2025-02-07 02:04:43.071 java[65884:3775862] +[IMKInputSession subclass]: chose IMKInputSession_Modern

2025-02-06T18:04:46.918Z - debug:  
2025-02-06T18:04:46.918Z - debug:  
2025-02-06T18:04:46.918Z - debug:  
2025-02-06T18:04:46.918Z - debug:  
2025-02-06T18:04:46.918Z - debug:  
2025-02-06T18:04:46.918Z - debug:  
2025-02-06T18:04:46.918Z - debug:  
2025-02-06T18:04:46.918Z - debug:  
2025-02-06T18:04:46.918Z - debug: 2025-02-07 02:04:44.177 java[65902:3776026] +[IMKClient subclass]: chose IMKClient_Modern
2025-02-07 02:04:44.177 java[65902:3776026] +[IMKInputSession subclass]: chose IMKInputSession_Modern

2025-02-06T18:04:46.918Z - debug:  
2025-02-06T18:04:46.918Z - debug:  
2025-02-06T18:04:46.918Z - debug:  
2025-02-06T18:04:46.918Z - debug:  
2025-02-06T18:04:46.918Z - debug:  
2025-02-06T18:04:46.919Z - debug:  
2025-02-06T18:04:47.581Z - debug: 2025-02-07 02:04:47.237 java[65950:3776877] +[IMKClient subclass]: chose IMKClient_Modern
2025-02-07 02:04:47.237 java[65950:3776877] +[IMKInputSession subclass]: chose IMKInputSession_Modern

2025-02-06T18:04:56.804Z - debug: 2025-02-07 02:04:56.472 java[65967:3777478] +[IMKClient subclass]: chose IMKClient_Modern
2025-02-07 02:04:56.472 java[65967:3777478] +[IMKInputSession subclass]: chose IMKInputSession_Modern

2025-02-06T18:05:40.535Z - debug: 2025-02-07 02:05:40.210 java[66033:3779181] +[IMKClient subclass]: chose IMKClient_Modern
2025-02-07 02:05:40.210 java[66033:3779181] +[IMKInputSession subclass]: chose IMKInputSession_Modern

2025-02-06T18:05:54.013Z - debug: 2025-02-07 02:05:53.176 java[66051:3779801] +[IMKClient subclass]: chose IMKClient_Modern
2025-02-07 02:05:53.176 java[66051:3779801] +[IMKInputSession subclass]: chose IMKInputSession_Modern

2025-02-06T18:05:54.040Z - debug:  
2025-02-06T18:06:00.130Z - info: Pages built
2025-02-06T18:06:00.213Z - info: Site data built
2025-02-06T18:06:00.213Z - info: Website generation complete! Total build time: 81.691s
2025-02-06T18:06:00.213Z - info: Build success!
2025-02-06T18:06:21.206Z - info: The website has been deployed at: https://nus-cs2103-ay2425s2.github.io/website
2025-02-07T12:04:41.244Z - info: Website generation (lazy) started at 20:04:40
2025-02-07T12:04:41.566Z - warn: ENOENT: no such file or directory, open '/Users/damithch/Repos/nus-cs2103/cs2103-website-base/node_modules/.cache/gh-pages/https!github.com!nus-cs2103-AY2425S2!website.git/book/_markbind/variables.md'
2025-02-07T12:04:41.566Z - warn: ENOENT: no such file or directory, open '/Users/damithch/Repos/nus-cs2103/cs2103-website-base/node_modules/.cache/gh-pages/https!github.com!nus-cs2103-AY2425S2!website.git/_markbind/variables.md'
2025-02-07T12:04:41.588Z - info: Building assets...
2025-02-07T12:04:43.013Z - info: Assets built
2025-02-07T12:04:43.013Z - info: Generating landing page...
2025-02-07T12:04:43.499Z - info: Landing page built, other pages will be built as you navigate to them!
2025-02-07T12:04:43.573Z - info: Site data built
2025-02-07T12:04:43.573Z - info: Website generation (lazy) complete! Total build time: 3.202s
2025-02-07T12:04:43.595Z - info: Serving "/Users/damithch/Repos/nus-cs2103/cs2103-website-base/_site" at http://127.0.0.1:8080
2025-02-07T12:04:43.595Z - info: Press CTRL+C to stop ...
2025-02-07T12:07:09.443Z - info: [20:07:09] Reload for file change: /Users/damithch/Repos/nus-cs2103/cs2103-website-base/_course-CS2103/weeklyTpTasks-fragment.md
2025-02-07T12:07:09.444Z - info: Synchronizing opened pages list before reload
2025-02-07T12:07:09.445Z - info: Current opened pages, from most-to-least recent:
2025-02-07T12:07:09.445Z - info: 1. index
2025-02-07T12:07:10.553Z - info: Rebuilding 1 pages
2025-02-07T12:07:10.919Z - info: Site data built
2025-02-07T12:07:10.919Z - info: Pages rebuilt
2025-02-07T12:07:10.919Z - info: Website regeneration complete! Total build time: 0.366s
2025-02-07T12:07:26.914Z - info: [20:07:26] Reload for file change: /Users/damithch/Repos/nus-cs2103/cs2103-website-base/_course-CS2103/weeklyTpTasks-fragment.md
2025-02-07T12:07:26.915Z - info: Synchronizing opened pages list before reload
2025-02-07T12:07:26.915Z - info: Current opened pages, from most-to-least recent:
2025-02-07T12:07:26.915Z - info: 1. index
2025-02-07T12:07:28.019Z - info: Rebuilding 1 pages
2025-02-07T12:07:28.350Z - info: Site data built
2025-02-07T12:07:28.350Z - info: Pages rebuilt
2025-02-07T12:07:28.350Z - info: Website regeneration complete! Total build time: 0.332s
2025-02-07T12:07:41.125Z - info: [20:07:41] Reload for file change: /Users/damithch/Repos/nus-cs2103/cs2103-website-base/_course-CS2103/weeklyTpTasks-fragment.md
2025-02-07T12:07:41.126Z - info: Synchronizing opened pages list before reload
2025-02-07T12:07:41.126Z - info: Current opened pages, from most-to-least recent:
2025-02-07T12:07:41.127Z - info: 1. index
2025-02-07T12:07:42.221Z - info: Rebuilding 1 pages
2025-02-07T12:07:42.553Z - info: Site data built
2025-02-07T12:07:42.553Z - info: Pages rebuilt
2025-02-07T12:07:42.554Z - info: Website regeneration complete! Total build time: 0.333s
2025-02-07T12:08:08.101Z - info: Building /Users/damithch/Repos/nus-cs2103/cs2103-website-base/schedule/week5/index as some of its dependencies were changed since the last visit
2025-02-07T12:08:08.474Z - info: Site data built
2025-02-07T12:08:08.474Z - info: Lazy website regeneration complete! Total build time: 0.375s
2025-02-07T12:09:18.624Z - info: [20:09:18] Reload for file change: /Users/damithch/Repos/nus-cs2103/cs2103-website-base/_markbind/variables.md
2025-02-07T12:09:18.626Z - info: Synchronizing opened pages list before reload
2025-02-07T12:09:18.626Z - info: Current opened pages, from most-to-least recent:
2025-02-07T12:09:18.627Z - info: 1. schedule/week5/index
2025-02-07T12:09:19.650Z - warn: ENOENT: no such file or directory, open '/Users/damithch/Repos/nus-cs2103/cs2103-website-base/node_modules/.cache/gh-pages/https!github.com!nus-cs2103-AY2425S2!website.git/book/_markbind/variables.md'
2025-02-07T12:09:19.651Z - warn: ENOENT: no such file or directory, open '/Users/damithch/Repos/nus-cs2103/cs2103-website-base/node_modules/.cache/gh-pages/https!github.com!nus-cs2103-AY2425S2!website.git/_markbind/variables.md'
2025-02-07T12:09:19.681Z - warn: Rebuilding all pages as variables file was changed, or the --force-reload flag was set
2025-02-07T12:09:19.684Z - info: Rebuilding 1 pages
2025-02-07T12:09:19.976Z - info: Site data built
2025-02-07T12:09:19.976Z - info: Pages rebuilt
2025-02-07T12:09:19.976Z - info: Website regeneration complete! Total build time: 0.346s
2025-02-07T12:09:24.386Z - info: Building /Users/damithch/Repos/nus-cs2103/cs2103-website-base/index as some of its dependencies were changed since the last visit
2025-02-07T12:09:24.687Z - info: Site data built
2025-02-07T12:09:24.687Z - info: Lazy website regeneration complete! Total build time: 0.301s
2025-02-07T12:09:46.828Z - info: Website generation started at 20:09:46
2025-02-07T12:09:47.111Z - warn: ENOENT: no such file or directory, open '/Users/damithch/Repos/nus-cs2103/cs2103-website-base/node_modules/.cache/gh-pages/https!github.com!nus-cs2103-AY2425S2!website.git/book/_markbind/variables.md'
2025-02-07T12:09:47.112Z - warn: ENOENT: no such file or directory, open '/Users/damithch/Repos/nus-cs2103/cs2103-website-base/node_modules/.cache/gh-pages/https!github.com!nus-cs2103-AY2425S2!website.git/_markbind/variables.md'
2025-02-07T12:09:47.134Z - info: Building assets...
