2025-02-14T11:56:34.235Z - info: Website generation started at 19:56:33
2025-02-14T11:56:34.547Z - warn: ENOENT: no such file or directory, open '/Users/damithch/Repos/nus-cs2103/cs2103-website-base/node_modules/.cache/gh-pages/https!github.com!nus-cs2103-AY2425S2!website.git/book/_markbind/variables.md'
2025-02-14T11:56:34.547Z - warn: ENOENT: no such file or directory, open '/Users/damithch/Repos/nus-cs2103/cs2103-website-base/node_modules/.cache/gh-pages/https!github.com!nus-cs2103-AY2425S2!website.git/_markbind/variables.md'
2025-02-14T11:56:34.566Z - info: Building assets...
2025-02-14T11:56:35.994Z - info: Assets built
2025-02-14T11:56:35.994Z - info: Generating pages...
2025-02-14T11:56:42.271Z - debug:  
2025-02-14T11:56:42.271Z - debug: 2025-02-14 19:56:38.314 java[82656:6842242] +[IMKClient subclass]: chose IMKClient_Modern
2025-02-14 19:56:38.314 java[82656:6842242] +[IMKInputSession subclass]: chose IMKInputSession_Modern

2025-02-14T11:56:42.271Z - debug:  
2025-02-14T11:56:42.271Z - debug:  
2025-02-14T11:56:42.271Z - debug:  
2025-02-14T11:56:42.271Z - debug:  
2025-02-14T11:56:42.271Z - debug:  
2025-02-14T11:56:42.271Z - debug:  
2025-02-14T11:56:42.271Z - debug:  
2025-02-14T11:56:42.271Z - debug:  
2025-02-14T11:56:42.271Z - debug:  
2025-02-14T11:56:42.271Z - debug:  
2025-02-14T11:56:42.271Z - debug:  
2025-02-14T11:56:42.271Z - debug:  
2025-02-14T11:56:42.271Z - debug:  
2025-02-14T11:56:42.271Z - debug: 2025-02-14 19:56:39.517 java[82690:6842502] +[IMKClient subclass]: chose IMKClient_Modern
2025-02-14 19:56:39.517 java[82690:6842502] +[IMKInputSession subclass]: chose IMKInputSession_Modern

2025-02-14T11:56:42.936Z - debug: 2025-02-14 19:56:42.580 java[82713:6843233] +[IMKClient subclass]: chose IMKClient_Modern
2025-02-14 19:56:42.580 java[82713:6843233] +[IMKInputSession subclass]: chose IMKInputSession_Modern

2025-02-14T11:56:52.006Z - debug: 2025-02-14 19:56:51.632 java[82743:6843559] +[IMKClient subclass]: chose IMKClient_Modern
2025-02-14 19:56:51.632 java[82743:6843559] +[IMKInputSession subclass]: chose IMKInputSession_Modern

2025-02-14T11:57:34.188Z - debug: 2025-02-14 19:57:33.850 java[82766:6844840] +[IMKClient subclass]: chose IMKClient_Modern
2025-02-14 19:57:33.850 java[82766:6844840] +[IMKInputSession subclass]: chose IMKInputSession_Modern

2025-02-14T11:57:46.701Z - debug:  
2025-02-14T11:57:46.727Z - debug: 2025-02-14 19:57:45.948 java[82777:6845229] +[IMKClient subclass]: chose IMKClient_Modern
2025-02-14 19:57:45.948 java[82777:6845229] +[IMKInputSession subclass]: chose IMKInputSession_Modern

2025-02-14T11:57:52.944Z - info: Pages built
2025-02-14T11:57:53.009Z - info: Site data built
2025-02-14T11:57:53.009Z - info: Website generation complete! Total build time: 79.581s
2025-02-14T11:57:53.009Z - info: Build success!
2025-02-14T11:58:13.502Z - info: The website has been deployed at: https://nus-cs2103-ay2425s2.github.io/website
2025-02-14T14:31:54.858Z - info: Website generation (lazy) started at 22:31:54
2025-02-14T14:31:55.173Z - warn: ENOENT: no such file or directory, open '/Users/damithch/Repos/nus-cs2103/cs2103-website-base/node_modules/.cache/gh-pages/https!github.com!nus-cs2103-AY2425S2!website.git/book/_markbind/variables.md'
2025-02-14T14:31:55.174Z - warn: ENOENT: no such file or directory, open '/Users/damithch/Repos/nus-cs2103/cs2103-website-base/node_modules/.cache/gh-pages/https!github.com!nus-cs2103-AY2425S2!website.git/_markbind/variables.md'
2025-02-14T14:31:55.193Z - info: Building assets...
2025-02-14T14:31:56.452Z - info: Assets built
2025-02-14T14:31:56.453Z - info: Generating landing page...
2025-02-14T14:31:56.901Z - info: Landing page built, other pages will be built as you navigate to them!
2025-02-14T14:31:56.967Z - info: Site data built
2025-02-14T14:31:56.967Z - info: Website generation (lazy) complete! Total build time: 2.939s
2025-02-14T14:31:56.976Z - info: Serving "/Users/damithch/Repos/nus-cs2103/cs2103-website-base/_site" at http://127.0.0.1:8080
2025-02-14T14:31:56.976Z - info: Press CTRL+C to stop ...
2025-02-14T14:32:58.543Z - info: Building /Users/damithch/Repos/nus-cs2103/cs2103-website-base/schedule/week7/index as some of its dependencies were changed since the last visit
2025-02-14T14:32:58.972Z - info: Site data built
2025-02-14T14:32:58.972Z - info: Lazy website regeneration complete! Total build time: 0.43s
2025-02-14T14:33:41.816Z - info: Website generation started at 22:33:41
2025-02-14T14:33:42.092Z - warn: ENOENT: no such file or directory, open '/Users/damithch/Repos/nus-cs2103/cs2103-website-base/node_modules/.cache/gh-pages/https!github.com!nus-cs2103-AY2425S2!website.git/book/_markbind/variables.md'
2025-02-14T14:33:42.093Z - warn: ENOENT: no such file or directory, open '/Users/damithch/Repos/nus-cs2103/cs2103-website-base/node_modules/.cache/gh-pages/https!github.com!nus-cs2103-AY2425S2!website.git/_markbind/variables.md'
2025-02-14T14:33:42.112Z - info: Building assets...
2025-02-14T14:33:43.430Z - info: Assets built
2025-02-14T14:33:43.431Z - info: Generating pages...
2025-02-14T14:33:49.761Z - debug:  
2025-02-14T14:33:49.761Z - debug:  
2025-02-14T14:33:49.761Z - debug:  
2025-02-14T14:33:49.761Z - debug: 2025-02-14 22:33:46.983 java[85820:7022376] +[IMKClient subclass]: chose IMKClient_Modern
2025-02-14 22:33:46.983 java[85820:7022376] +[IMKInputSession subclass]: chose IMKInputSession_Modern

2025-02-14T14:33:50.195Z - debug:  
2025-02-14T14:33:50.195Z - debug:  
2025-02-14T14:33:50.195Z - debug:  
2025-02-14T14:33:50.195Z - debug:  
2025-02-14T14:33:50.195Z - debug:  
2025-02-14T14:33:50.195Z - debug:  
2025-02-14T14:33:50.195Z - debug:  
2025-02-14T14:33:50.195Z - debug:  
2025-02-14T14:33:50.195Z - debug:  
2025-02-14T14:33:50.195Z - debug:  
2025-02-14T14:33:50.195Z - debug:  
2025-02-14T14:33:50.195Z - debug:  
2025-02-14T14:33:50.854Z - debug: 2025-02-14 22:33:50.505 java[85856:7023369] +[IMKClient subclass]: chose IMKClient_Modern
2025-02-14 22:33:50.505 java[85856:7023369] +[IMKInputSession subclass]: chose IMKInputSession_Modern

2025-02-14T14:34:00.632Z - debug: 2025-02-14 22:33:59.866 java[85879:7023823] +[IMKClient subclass]: chose IMKClient_Modern
2025-02-14 22:33:59.866 java[85879:7023823] +[IMKInputSession subclass]: chose IMKInputSession_Modern

2025-02-14T14:34:43.864Z - debug: 2025-02-14 22:34:41.767 java[85910:7024662] +[IMKClient subclass]: chose IMKClient_Modern
2025-02-14 22:34:41.767 java[85910:7024662] +[IMKInputSession subclass]: chose IMKInputSession_Modern

2025-02-14T14:34:54.286Z - debug:  
2025-02-14T14:34:54.305Z - debug: 2025-02-14 22:34:53.484 java[85920:7024978] +[IMKClient subclass]: chose IMKClient_Modern
2025-02-14 22:34:53.484 java[85920:7024978] +[IMKInputSession subclass]: chose IMKInputSession_Modern

2025-02-14T14:35:00.913Z - info: Pages built
2025-02-14T14:35:00.972Z - info: Site data built
2025-02-14T14:35:00.972Z - info: Website generation complete! Total build time: 79.748s
2025-02-14T14:35:00.972Z - info: Build success!
2025-02-14T14:35:21.916Z - info: The website has been deployed at: https://nus-cs2103-ay2425s2.github.io/website
