2025-01-10T18:12:48.815Z - info: Website generation (lazy) started at 02:12:48
2025-01-10T18:12:49.149Z - warn: ENOENT: no such file or directory, open '/Users/damithch/Repos/nus-cs2103/cs2103-website-base/node_modules/.cache/gh-pages/https!github.com!nus-cs2103-AY2425S2!website.git/book/_markbind/variables.md'
2025-01-10T18:12:49.149Z - warn: ENOENT: no such file or directory, open '/Users/damithch/Repos/nus-cs2103/cs2103-website-base/node_modules/.cache/gh-pages/https!github.com!nus-cs2103-AY2425S2!website.git/_markbind/variables.md'
2025-01-10T18:12:49.168Z - info: Building assets...
2025-01-10T18:12:50.427Z - info: Assets built
2025-01-10T18:12:50.427Z - info: Generating landing page...
2025-01-10T18:12:50.618Z - info: Landing page built, other pages will be built as you navigate to them!
2025-01-10T18:12:50.686Z - info: Site data built
2025-01-10T18:12:50.686Z - info: Website generation (lazy) complete! Total build time: 2.674s
2025-01-10T18:12:50.699Z - info: Serving "/Users/damithch/Repos/nus-cs2103/cs2103-website-base/_site" at http://127.0.0.1:8080
2025-01-10T18:12:50.699Z - info: Press CTRL+C to stop ...
2025-01-10T18:12:57.313Z - info: Building /Users/damithch/Repos/nus-cs2103/cs2103-website-base/admin/instructors as some of its dependencies were changed since the last visit
2025-01-10T18:12:57.454Z - info: Site data built
2025-01-10T18:12:57.454Z - info: Lazy website regeneration complete! Total build time: 0.141s
2025-01-10T18:27:47.186Z - info: [02:27:47] Reload for file change: /Users/damithch/Repos/nus-cs2103/cs2103-website-base/_course-CS2103/timetables-fragment.md
2025-01-10T18:27:47.189Z - info: Synchronizing opened pages list before reload
2025-01-10T18:27:47.190Z - info: Current opened pages, from most-to-least recent:
2025-01-10T18:27:47.190Z - info: 1. admin/instructors
2025-01-10T18:27:48.200Z - info: Assets built
2025-01-10T18:27:51.038Z - info: Building /Users/damithch/Repos/nus-cs2103/cs2103-website-base/admin/tutorials as some of its dependencies were changed since the last visit
2025-01-10T18:27:51.450Z - info: Site data built
2025-01-10T18:27:51.450Z - info: Lazy website regeneration complete! Total build time: 0.412s
2025-01-10T18:29:01.317Z - info: Website generation started at 02:29:00
2025-01-10T18:29:01.587Z - warn: ENOENT: no such file or directory, open '/Users/damithch/Repos/nus-cs2103/cs2103-website-base/node_modules/.cache/gh-pages/https!github.com!nus-cs2103-AY2425S2!website.git/book/_markbind/variables.md'
2025-01-10T18:29:01.587Z - warn: ENOENT: no such file or directory, open '/Users/damithch/Repos/nus-cs2103/cs2103-website-base/node_modules/.cache/gh-pages/https!github.com!nus-cs2103-AY2425S2!website.git/_markbind/variables.md'
2025-01-10T18:29:01.606Z - info: Building assets...
2025-01-10T18:29:02.944Z - info: Assets built
2025-01-10T18:29:02.945Z - info: Generating pages...
2025-01-10T18:29:09.339Z - debug:  
2025-01-10T18:29:09.339Z - debug: 2025-01-11 02:29:05.366 java[7373:5321100] +[IMKClient subclass]: chose IMKClient_Modern
2025-01-11 02:29:05.366 java[7373:5321100] +[IMKInputSession subclass]: chose IMKInputSession_Modern

2025-01-10T18:29:09.339Z - debug:  
2025-01-10T18:29:09.339Z - debug:  
2025-01-10T18:29:09.339Z - debug:  
2025-01-10T18:29:09.339Z - debug:  
2025-01-10T18:29:09.339Z - debug:  
2025-01-10T18:29:09.339Z - debug:  
2025-01-10T18:29:09.339Z - debug:  
2025-01-10T18:29:09.339Z - debug:  
2025-01-10T18:29:09.339Z - debug: 2025-01-11 02:29:06.608 java[7405:5321393] +[IMKClient subclass]: chose IMKClient_Modern
2025-01-11 02:29:06.608 java[7405:5321393] +[IMKInputSession subclass]: chose IMKInputSession_Modern

2025-01-10T18:29:09.339Z - debug:  
2025-01-10T18:29:09.339Z - debug:  
2025-01-10T18:29:09.339Z - debug:  
2025-01-10T18:29:09.955Z - debug:  
2025-01-10T18:29:09.955Z - debug:  
2025-01-10T18:29:10.052Z - debug: 2025-01-11 02:29:09.613 java[7432:5322131] +[IMKClient subclass]: chose IMKClient_Modern
2025-01-11 02:29:09.613 java[7432:5322131] +[IMKInputSession subclass]: chose IMKInputSession_Modern

2025-01-10T18:29:17.351Z - debug: 2025-01-11 02:29:16.986 java[7466:5322453] +[IMKClient subclass]: chose IMKClient_Modern
2025-01-11 02:29:16.986 java[7466:5322453] +[IMKInputSession subclass]: chose IMKInputSession_Modern

2025-01-10T18:29:56.565Z - debug: 2025-01-11 02:29:54.117 java[7512:5323198] +[IMKClient subclass]: chose IMKClient_Modern
2025-01-11 02:29:54.117 java[7512:5323198] +[IMKInputSession subclass]: chose IMKInputSession_Modern

2025-01-10T18:30:06.904Z - debug: 2025-01-11 02:30:06.464 java[7533:5323605] +[IMKClient subclass]: chose IMKClient_Modern
2025-01-11 02:30:06.464 java[7533:5323605] +[IMKInputSession subclass]: chose IMKInputSession_Modern

2025-01-10T18:30:07.219Z - debug:  
2025-01-10T18:30:11.978Z - info: Pages built
2025-01-10T18:30:12.053Z - info: Site data built
2025-01-10T18:30:12.053Z - info: Website generation complete! Total build time: 71.332s
2025-01-10T18:30:12.053Z - info: Build success!
2025-01-10T18:30:31.478Z - info: The website has been deployed at: https://nus-cs2103-ay2425s2.github.io/website
