2025-04-03T03:08:14.431Z - info: Website generation (lazy) started at 11:08:13
2025-04-03T03:08:14.718Z - warn: ENOENT: no such file or directory, open '/Users/damithch/Repos/nus-cs2103/cs2103-website-base/node_modules/.cache/gh-pages/https!github.com!nus-cs2103-AY2425S2!website.git/book/_markbind/variables.md'
2025-04-03T03:08:14.718Z - warn: ENOENT: no such file or directory, open '/Users/damithch/Repos/nus-cs2103/cs2103-website-base/node_modules/.cache/gh-pages/https!github.com!nus-cs2103-AY2425S2!website.git/_markbind/variables.md'
2025-04-03T03:08:14.736Z - info: Building assets...
2025-04-03T03:08:16.092Z - info: Assets built
2025-04-03T03:08:16.092Z - info: Generating landing page...
2025-04-03T03:08:16.573Z - info: Landing page built, other pages will be built as you navigate to them!
2025-04-03T03:08:16.644Z - info: Site data built
2025-04-03T03:08:16.644Z - info: Website generation (lazy) complete! Total build time: 2.972s
2025-04-03T03:08:16.652Z - info: Serving "/Users/damithch/Repos/nus-cs2103/cs2103-website-base/_site" at http://127.0.0.1:8080
2025-04-03T03:08:16.652Z - info: Press CTRL+C to stop ...
2025-04-03T03:08:21.946Z - info: Building /Users/damithch/Repos/nus-cs2103/cs2103-website-base/admin/tp-ped as some of its dependencies were changed since the last visit
2025-04-03T03:08:22.712Z - info: Site data built
2025-04-03T03:08:22.712Z - info: Lazy website regeneration complete! Total build time: 0.766s
2025-04-03T03:08:36.790Z - info: Building /Users/damithch/Repos/nus-cs2103/cs2103-website-base/admin/tp-pe as some of its dependencies were changed since the last visit
2025-04-03T03:08:37.547Z - info: Site data built
2025-04-03T03:08:37.547Z - info: Lazy website regeneration complete! Total build time: 0.758s
2025-04-03T03:11:36.322Z - info: [11:11:36] Reload for file change: /Users/damithch/Repos/nus-cs2103/cs2103-website-base/admin/tp-pe-fragment.md
2025-04-03T03:11:36.324Z - info: Synchronizing opened pages list before reload
2025-04-03T03:11:36.327Z - info: Current opened pages, from most-to-least recent:
2025-04-03T03:11:36.328Z - info: 1. admin/tp-pe
2025-04-03T03:11:37.339Z - info: Rebuilding 1 pages
2025-04-03T03:11:38.094Z - info: Site data built
2025-04-03T03:11:38.094Z - info: Pages rebuilt
2025-04-03T03:11:38.095Z - info: Website regeneration complete! Total build time: 0.759s
2025-04-03T03:11:54.504Z - info: [11:11:54] Reload for file change: /Users/damithch/Repos/nus-cs2103/cs2103-website-base/admin/tp-pe-fragment.md
2025-04-03T03:11:54.504Z - info: Synchronizing opened pages list before reload
2025-04-03T03:11:54.505Z - info: Current opened pages, from most-to-least recent:
2025-04-03T03:11:54.505Z - info: 1. admin/tp-pe
2025-04-03T03:11:55.510Z - info: Rebuilding 1 pages
2025-04-03T03:11:56.269Z - info: Site data built
2025-04-03T03:11:56.269Z - info: Pages rebuilt
2025-04-03T03:11:56.269Z - info: Website regeneration complete! Total build time: 0.761s
2025-04-03T03:14:24.712Z - info: [11:14:24] Reload for file change: /Users/damithch/Repos/nus-cs2103/cs2103-website-base/admin/tp-pe-fragment.md
2025-04-03T03:14:24.714Z - info: Synchronizing opened pages list before reload
2025-04-03T03:14:24.714Z - info: Current opened pages, from most-to-least recent:
2025-04-03T03:14:24.714Z - info: 1. admin/tp-pe
2025-04-03T03:14:25.729Z - info: Rebuilding 1 pages
2025-04-03T03:14:26.492Z - info: Site data built
2025-04-03T03:14:26.492Z - info: Pages rebuilt
2025-04-03T03:14:26.492Z - info: Website regeneration complete! Total build time: 0.767s
2025-04-03T03:17:25.998Z - info: [11:17:25] Reload for file change: /Users/damithch/Repos/nus-cs2103/cs2103-website-base/admin/tp-pe-fragment.md
2025-04-03T03:17:25.999Z - info: Synchronizing opened pages list before reload
2025-04-03T03:17:26.000Z - info: Current opened pages, from most-to-least recent:
2025-04-03T03:17:26.000Z - info: 1. admin/tp-pe
2025-04-03T03:17:27.016Z - info: Rebuilding 1 pages
2025-04-03T03:17:27.778Z - info: Site data built
2025-04-03T03:17:27.779Z - info: Pages rebuilt
2025-04-03T03:17:27.779Z - info: Website regeneration complete! Total build time: 0.766s
2025-04-03T03:17:55.393Z - info: [11:17:55] Reload for file change: /Users/damithch/Repos/nus-cs2103/cs2103-website-base/admin/tp-pe-fragment.md
2025-04-03T03:17:55.394Z - info: Synchronizing opened pages list before reload
2025-04-03T03:17:55.394Z - info: Current opened pages, from most-to-least recent:
2025-04-03T03:17:55.394Z - info: 1. admin/tp-pe
2025-04-03T03:17:56.410Z - info: Rebuilding 1 pages
2025-04-03T03:17:57.189Z - info: Site data built
2025-04-03T03:17:57.189Z - info: Pages rebuilt
2025-04-03T03:17:57.189Z - info: Website regeneration complete! Total build time: 0.782s
2025-04-03T03:24:32.177Z - info: [11:24:32] Reload for file change: /Users/damithch/Repos/nus-cs2103/cs2103-website-base/admin/tp-pe-fragment.md
2025-04-03T03:24:32.178Z - info: Synchronizing opened pages list before reload
2025-04-03T03:24:32.179Z - info: Current opened pages, from most-to-least recent:
2025-04-03T03:24:32.179Z - info: 1. admin/tp-pe
2025-04-03T03:24:33.189Z - info: Rebuilding 1 pages
2025-04-03T03:24:33.948Z - info: Site data built
2025-04-03T03:24:33.948Z - info: Pages rebuilt
2025-04-03T03:24:33.948Z - info: Website regeneration complete! Total build time: 0.761s
2025-04-03T03:26:12.145Z - info: [11:26:12] Reload for file change: /Users/damithch/Repos/nus-cs2103/cs2103-website-base/admin/tp-pe-fragment.md
2025-04-03T03:26:12.148Z - info: Synchronizing opened pages list before reload
2025-04-03T03:26:12.149Z - info: Current opened pages, from most-to-least recent:
2025-04-03T03:26:12.149Z - info: 1. admin/tp-pe
2025-04-03T03:26:13.156Z - info: Rebuilding 1 pages
2025-04-03T03:26:13.946Z - info: Site data built
2025-04-03T03:26:13.946Z - info: Pages rebuilt
2025-04-03T03:26:13.946Z - info: Website regeneration complete! Total build time: 0.794s
2025-04-03T03:26:40.094Z - info: [11:26:40] Reload for file change: /Users/damithch/Repos/nus-cs2103/cs2103-website-base/admin/tp-pe-fragment.md
2025-04-03T03:26:40.095Z - info: Synchronizing opened pages list before reload
2025-04-03T03:26:40.095Z - info: Current opened pages, from most-to-least recent:
2025-04-03T03:26:40.095Z - info: 1. admin/tp-pe
2025-04-03T03:26:41.116Z - info: Rebuilding 1 pages
2025-04-03T03:26:41.926Z - info: Site data built
2025-04-03T03:26:41.926Z - info: Pages rebuilt
2025-04-03T03:26:41.926Z - info: Website regeneration complete! Total build time: 0.814s
2025-04-03T03:41:52.205Z - info: [11:41:52] Reload for file change: /Users/damithch/Repos/nus-cs2103/cs2103-website-base/admin/tp-pe-fragment.md
2025-04-03T03:41:52.208Z - info: Synchronizing opened pages list before reload
2025-04-03T03:41:52.210Z - info: Current opened pages, from most-to-least recent:
2025-04-03T03:41:52.210Z - info: 1. admin/tp-pe
2025-04-03T03:41:53.227Z - info: Rebuilding 1 pages
2025-04-03T03:41:53.976Z - info: Site data built
2025-04-03T03:41:53.976Z - info: Pages rebuilt
2025-04-03T03:41:53.976Z - info: Website regeneration complete! Total build time: 0.753s
2025-04-03T03:43:20.646Z - info: [11:43:20] Reload for file change: /Users/damithch/Repos/nus-cs2103/cs2103-website-base/admin/tp-pe-fragment.md
2025-04-03T03:43:20.647Z - info: Synchronizing opened pages list before reload
2025-04-03T03:43:20.647Z - info: Current opened pages, from most-to-least recent:
2025-04-03T03:43:20.647Z - info: 1. admin/tp-pe
2025-04-03T03:43:21.653Z - info: Rebuilding 1 pages
2025-04-03T03:43:22.410Z - info: Site data built
2025-04-03T03:43:22.410Z - info: Pages rebuilt
2025-04-03T03:43:22.410Z - info: Website regeneration complete! Total build time: 0.759s
2025-04-03T03:45:37.818Z - info: [11:45:37] Reload for file change: /Users/damithch/Repos/nus-cs2103/cs2103-website-base/admin/tp-pe-fragment.md
2025-04-03T03:45:37.819Z - info: Synchronizing opened pages list before reload
2025-04-03T03:45:37.819Z - info: Current opened pages, from most-to-least recent:
2025-04-03T03:45:37.819Z - info: 1. admin/tp-pe
2025-04-03T03:45:38.826Z - info: Rebuilding 1 pages
2025-04-03T03:45:39.579Z - info: Site data built
2025-04-03T03:45:39.579Z - info: Pages rebuilt
2025-04-03T03:45:39.579Z - info: Website regeneration complete! Total build time: 0.755s
2025-04-03T03:45:44.342Z - info: Website generation started at 11:45:43
2025-04-03T03:45:44.635Z - warn: ENOENT: no such file or directory, open '/Users/damithch/Repos/nus-cs2103/cs2103-website-base/node_modules/.cache/gh-pages/https!github.com!nus-cs2103-AY2425S2!website.git/book/_markbind/variables.md'
2025-04-03T03:45:44.636Z - warn: ENOENT: no such file or directory, open '/Users/damithch/Repos/nus-cs2103/cs2103-website-base/node_modules/.cache/gh-pages/https!github.com!nus-cs2103-AY2425S2!website.git/_markbind/variables.md'
2025-04-03T03:45:44.654Z - info: Building assets...
2025-04-03T03:45:46.078Z - info: Assets built
2025-04-03T03:45:46.079Z - info: Generating pages...
2025-04-03T03:45:52.454Z - debug:  
2025-04-03T03:45:52.455Z - debug:  
2025-04-03T03:45:52.455Z - debug:  
2025-04-03T03:45:52.455Z - debug:  
2025-04-03T03:45:52.455Z - debug:  
2025-04-03T03:45:52.455Z - debug:  
2025-04-03T03:45:52.455Z - debug:  
2025-04-03T03:45:52.455Z - debug:  
2025-04-03T03:45:52.455Z - debug:  
2025-04-03T03:45:52.455Z - debug: 2025-04-03 11:45:50.003 java[57010:1252871] +[IMKClient subclass]: chose IMKClient_Modern
2025-04-03 11:45:50.003 java[57010:1252871] +[IMKInputSession subclass]: chose IMKInputSession_Modern

2025-04-03T03:45:52.455Z - debug:  
2025-04-03T03:45:52.455Z - debug:  
2025-04-03T03:45:52.455Z - debug:  
2025-04-03T03:45:52.455Z - debug:  
2025-04-03T03:45:52.455Z - debug:  
2025-04-03T03:45:52.455Z - debug:  
2025-04-03T03:45:53.655Z - debug: 2025-04-03 11:45:52.750 java[57049:1253699] +[IMKClient subclass]: chose IMKClient_Modern
2025-04-03 11:45:52.750 java[57049:1253699] +[IMKInputSession subclass]: chose IMKInputSession_Modern

2025-04-03T03:46:02.412Z - debug: 2025-04-03 11:46:02.061 java[57068:1254033] +[IMKClient subclass]: chose IMKClient_Modern
2025-04-03 11:46:02.061 java[57068:1254033] +[IMKInputSession subclass]: chose IMKInputSession_Modern

2025-04-03T03:46:45.622Z - debug: 2025-04-03 11:46:43.268 java[57113:1255008] +[IMKClient subclass]: chose IMKClient_Modern
2025-04-03 11:46:43.268 java[57113:1255008] +[IMKInputSession subclass]: chose IMKInputSession_Modern

2025-04-03T03:46:56.457Z - debug: 2025-04-03 11:46:55.693 java[57139:1255400] +[IMKClient subclass]: chose IMKClient_Modern
2025-04-03 11:46:55.693 java[57139:1255400] +[IMKInputSession subclass]: chose IMKInputSession_Modern

2025-04-03T03:46:56.475Z - debug:  
2025-04-03T03:47:03.516Z - info: Pages built
2025-04-03T03:47:03.582Z - info: Site data built
2025-04-03T03:47:03.583Z - info: Website generation complete! Total build time: 79.858s
2025-04-03T03:47:03.583Z - info: Build success!
2025-04-03T03:47:25.299Z - info: The website has been deployed at: https://nus-cs2103-ay2425s2.github.io/website
2025-04-03T04:00:10.905Z - info: Website generation started at 12:00:10
2025-04-03T04:00:11.191Z - warn: ENOENT: no such file or directory, open '/Users/damithch/Repos/nus-cs2103/cs2103-website-base/node_modules/.cache/gh-pages/https!github.com!nus-cs2103-AY2425S2!website.git/book/_markbind/variables.md'
2025-04-03T04:00:11.191Z - warn: ENOENT: no such file or directory, open '/Users/damithch/Repos/nus-cs2103/cs2103-website-base/node_modules/.cache/gh-pages/https!github.com!nus-cs2103-AY2425S2!website.git/_markbind/variables.md'
2025-04-03T04:00:11.210Z - info: Building assets...
2025-04-03T04:00:12.633Z - info: Assets built
2025-04-03T04:00:12.633Z - info: Generating pages...
2025-04-03T04:00:19.218Z - debug:  
2025-04-03T04:00:19.218Z - debug: 2025-04-03 12:00:15.619 java[57501:1264877] +[IMKClient subclass]: chose IMKClient_Modern
2025-04-03 12:00:15.619 java[57501:1264877] +[IMKInputSession subclass]: chose IMKInputSession_Modern

2025-04-03T04:00:19.218Z - debug:  
2025-04-03T04:00:19.218Z - debug:  
2025-04-03T04:00:19.218Z - debug:  
2025-04-03T04:00:19.218Z - debug:  
2025-04-03T04:00:19.218Z - debug:  
2025-04-03T04:00:19.219Z - debug:  
2025-04-03T04:00:19.219Z - debug:  
2025-04-03T04:00:19.219Z - debug:  
2025-04-03T04:00:19.219Z - debug:  
2025-04-03T04:00:19.219Z - debug:  
2025-04-03T04:00:19.219Z - debug:  
2025-04-03T04:00:19.219Z - debug:  
2025-04-03T04:00:19.310Z - debug: 2025-04-03 12:00:16.750 java[57530:1265093] +[IMKClient subclass]: chose IMKClient_Modern
2025-04-03 12:00:16.750 java[57530:1265093] +[IMKInputSession subclass]: chose IMKInputSession_Modern

2025-04-03T04:00:19.310Z - debug:  
2025-04-03T04:00:19.897Z - debug: 2025-04-03 12:00:19.530 java[57574:1265931] +[IMKClient subclass]: chose IMKClient_Modern
2025-04-03 12:00:19.530 java[57574:1265931] +[IMKInputSession subclass]: chose IMKInputSession_Modern

2025-04-03T04:00:29.084Z - debug: 2025-04-03 12:00:28.345 java[57594:1266271] +[IMKClient subclass]: chose IMKClient_Modern
2025-04-03 12:00:28.345 java[57594:1266271] +[IMKInputSession subclass]: chose IMKInputSession_Modern

2025-04-03T04:01:13.082Z - debug: 2025-04-03 12:01:10.794 java[57625:1267244] +[IMKClient subclass]: chose IMKClient_Modern
2025-04-03 12:01:10.794 java[57625:1267244] +[IMKInputSession subclass]: chose IMKInputSession_Modern

2025-04-03T04:01:23.984Z - debug:  
2025-04-03T04:01:24.017Z - debug:  
2025-04-03T04:01:31.997Z - info: Pages built
2025-04-03T04:01:32.079Z - info: Site data built
2025-04-03T04:01:32.079Z - info: Website generation complete! Total build time: 81.989s
2025-04-03T04:01:32.079Z - info: Build success!
2025-04-03T04:01:52.962Z - info: The website has been deployed at: https://nus-cs2103-ay2425s2.github.io/website
