2025-01-16T03:11:23.483Z - info: Website generation started at 11:11:22
2025-01-16T03:11:23.825Z - warn: ENOENT: no such file or directory, open '/Users/damithch/Repos/nus-cs2103/cs2103-website-base/node_modules/.cache/gh-pages/https!github.com!nus-cs2103-AY2425S2!website.git/book/_markbind/variables.md'
2025-01-16T03:11:23.825Z - warn: ENOENT: no such file or directory, open '/Users/damithch/Repos/nus-cs2103/cs2103-website-base/node_modules/.cache/gh-pages/https!github.com!nus-cs2103-AY2425S2!website.git/_markbind/variables.md'
2025-01-16T03:11:23.845Z - info: Building assets...
2025-01-16T03:11:25.123Z - info: Assets built
2025-01-16T03:11:25.124Z - info: Generating pages...
2025-01-16T03:11:31.500Z - debug:  
2025-01-16T03:11:31.500Z - debug:  
2025-01-16T03:11:31.500Z - debug:  
2025-01-16T03:11:31.501Z - debug:  
2025-01-16T03:11:31.501Z - debug:  
2025-01-16T03:11:31.501Z - debug:  
2025-01-16T03:11:31.501Z - debug:  
2025-01-16T03:11:31.501Z - debug:  
2025-01-16T03:11:31.501Z - debug:  
2025-01-16T03:11:31.501Z - debug:  
2025-01-16T03:11:31.501Z - debug:  
2025-01-16T03:11:31.501Z - debug:  
2025-01-16T03:11:31.501Z - debug:  
2025-01-16T03:11:31.501Z - debug:  
2025-01-16T03:11:31.501Z - debug:  
2025-01-16T03:11:31.501Z - debug: 2025-01-16 11:11:28.680 java[10625:1957108] +[IMKClient subclass]: chose IMKClient_Modern
2025-01-16 11:11:28.680 java[10625:1957108] +[IMKInputSession subclass]: chose IMKInputSession_Modern

2025-01-16T03:11:32.172Z - debug: 2025-01-16 11:11:31.796 java[10659:1958084] +[IMKClient subclass]: chose IMKClient_Modern
2025-01-16 11:11:31.796 java[10659:1958084] +[IMKInputSession subclass]: chose IMKInputSession_Modern

2025-01-16T03:11:39.746Z - debug: 2025-01-16 11:11:39.374 java[10679:1958384] +[IMKClient subclass]: chose IMKClient_Modern
2025-01-16 11:11:39.374 java[10679:1958384] +[IMKInputSession subclass]: chose IMKInputSession_Modern

2025-01-16T03:12:19.525Z - debug: 2025-01-16 11:12:17.381 java[10707:1959266] +[IMKClient subclass]: chose IMKClient_Modern
2025-01-16 11:12:17.381 java[10707:1959266] +[IMKInputSession subclass]: chose IMKInputSession_Modern

2025-01-16T03:12:29.546Z - debug: 2025-01-16 11:12:28.868 java[10716:1959708] +[IMKClient subclass]: chose IMKClient_Modern
2025-01-16 11:12:28.868 java[10716:1959708] +[IMKInputSession subclass]: chose IMKInputSession_Modern

2025-01-16T03:12:29.569Z - debug:  
2025-01-16T03:12:34.569Z - info: Pages built
2025-01-16T03:12:34.639Z - info: Site data built
2025-01-16T03:12:34.639Z - info: Website generation complete! Total build time: 71.924s
2025-01-16T03:12:34.639Z - info: Build success!
2025-01-16T03:12:54.294Z - info: The website has been deployed at: https://nus-cs2103-ay2425s2.github.io/website
2025-01-16T03:18:20.889Z - info: Website generation started at 11:18:20
2025-01-16T03:18:21.165Z - warn: ENOENT: no such file or directory, open '/Users/damithch/Repos/nus-cs2103/cs2103-website-base/node_modules/.cache/gh-pages/https!github.com!nus-cs2103-AY2425S2!website.git/book/_markbind/variables.md'
2025-01-16T03:18:21.165Z - warn: ENOENT: no such file or directory, open '/Users/damithch/Repos/nus-cs2103/cs2103-website-base/node_modules/.cache/gh-pages/https!github.com!nus-cs2103-AY2425S2!website.git/_markbind/variables.md'
2025-01-16T03:18:21.183Z - info: Building assets...
2025-01-16T03:18:22.488Z - info: Assets built
2025-01-16T03:18:22.488Z - info: Generating pages...
2025-01-16T03:18:27.791Z - debug:  
2025-01-16T03:18:27.791Z - debug: 2025-01-16 11:18:24.453 java[11066:1967936] +[IMKClient subclass]: chose IMKClient_Modern
2025-01-16 11:18:24.453 java[11066:1967936] +[IMKInputSession subclass]: chose IMKInputSession_Modern

2025-01-16T03:18:27.791Z - debug:  
2025-01-16T03:18:27.791Z - debug:  
2025-01-16T03:18:27.791Z - debug:  
2025-01-16T03:18:27.791Z - debug:  
2025-01-16T03:18:27.791Z - debug:  
2025-01-16T03:18:27.791Z - debug:  
2025-01-16T03:18:27.791Z - debug:  
2025-01-16T03:18:27.791Z - debug: 2025-01-16 11:18:25.383 java[11086:1968090] +[IMKClient subclass]: chose IMKClient_Modern
2025-01-16 11:18:25.383 java[11086:1968090] +[IMKInputSession subclass]: chose IMKInputSession_Modern

2025-01-16T03:18:27.791Z - debug:  
2025-01-16T03:18:27.791Z - debug:  
2025-01-16T03:18:27.791Z - debug:  
2025-01-16T03:18:27.791Z - debug:  
2025-01-16T03:18:27.791Z - debug:  
2025-01-16T03:18:27.791Z - debug:  
2025-01-16T03:18:28.505Z - debug: 2025-01-16 11:18:28.151 java[11127:1969186] +[IMKClient subclass]: chose IMKClient_Modern
2025-01-16 11:18:28.151 java[11127:1969186] +[IMKInputSession subclass]: chose IMKInputSession_Modern

2025-01-16T03:18:36.460Z - debug: 2025-01-16 11:18:35.826 java[11151:1969550] +[IMKClient subclass]: chose IMKClient_Modern
2025-01-16 11:18:35.826 java[11151:1969550] +[IMKInputSession subclass]: chose IMKInputSession_Modern

2025-01-16T03:19:16.900Z - debug: 2025-01-16 11:19:14.787 java[11184:1970744] +[IMKClient subclass]: chose IMKClient_Modern
2025-01-16 11:19:14.787 java[11184:1970744] +[IMKInputSession subclass]: chose IMKInputSession_Modern

2025-01-16T03:19:27.241Z - debug: 2025-01-16 11:19:26.786 java[11213:1971372] +[IMKClient subclass]: chose IMKClient_Modern
2025-01-16 11:19:26.786 java[11213:1971372] +[IMKInputSession subclass]: chose IMKInputSession_Modern

2025-01-16T03:19:27.467Z - debug:  
2025-01-16T03:19:32.464Z - info: Pages built
2025-01-16T03:19:32.534Z - info: Site data built
2025-01-16T03:19:32.534Z - info: Website generation complete! Total build time: 72.421s
2025-01-16T03:19:32.534Z - info: Build success!
2025-01-16T03:19:51.856Z - info: The website has been deployed at: https://nus-cs2103-ay2425s2.github.io/website
2025-01-16T03:24:19.787Z - info: Website generation (lazy) started at 11:24:19
2025-01-16T03:24:19.988Z - warn: ENOENT: no such file or directory, open '/Users/damithch/Repos/nus-cs2103/cs2103-website-base/node_modules/.cache/gh-pages/https!github.com!nus-cs2103-AY2425S2!website.git/book/_markbind/variables.md'
2025-01-16T03:24:19.988Z - warn: ENOENT: no such file or directory, open '/Users/damithch/Repos/nus-cs2103/cs2103-website-base/node_modules/.cache/gh-pages/https!github.com!nus-cs2103-AY2425S2!website.git/_markbind/variables.md'
2025-01-16T03:24:20.007Z - info: Building assets...
2025-01-16T03:24:21.263Z - info: Assets built
2025-01-16T03:24:21.264Z - info: Generating landing page...
2025-01-16T03:24:21.632Z - info: Landing page built, other pages will be built as you navigate to them!
2025-01-16T03:24:21.765Z - info: Site data built
2025-01-16T03:24:21.765Z - info: Website generation (lazy) complete! Total build time: 2.663s
2025-01-16T03:24:21.779Z - info: Serving "/Users/damithch/Repos/nus-cs2103/cs2103-website-base/_site" at http://127.0.0.1:8080
2025-01-16T03:24:21.779Z - info: Press CTRL+C to stop ...
2025-01-16T03:24:29.623Z - info: Building /Users/damithch/Repos/nus-cs2103/cs2103-website-base/admin/instructors as some of its dependencies were changed since the last visit
2025-01-16T03:24:29.782Z - info: Site data built
2025-01-16T03:24:29.782Z - info: Lazy website regeneration complete! Total build time: 0.16s
2025-01-16T03:25:01.335Z - info: [11:25:01] Reload for file change: /Users/damithch/Repos/nus-cs2103/cs2103-website-base/admin/tutors-info.md
2025-01-16T03:25:01.336Z - info: Synchronizing opened pages list before reload
2025-01-16T03:25:01.336Z - info: Current opened pages, from most-to-least recent:
2025-01-16T03:25:01.336Z - info: 1. admin/instructors
2025-01-16T03:25:02.348Z - info: Rebuilding 1 pages
2025-01-16T03:25:02.478Z - info: Site data built
2025-01-16T03:25:02.478Z - info: Pages rebuilt
2025-01-16T03:25:02.478Z - info: Website regeneration complete! Total build time: 0.132s
2025-01-16T03:25:32.436Z - info: Website generation started at 11:25:31
2025-01-16T03:25:32.624Z - warn: ENOENT: no such file or directory, open '/Users/damithch/Repos/nus-cs2103/cs2103-website-base/node_modules/.cache/gh-pages/https!github.com!nus-cs2103-AY2425S2!website.git/book/_markbind/variables.md'
2025-01-16T03:25:32.624Z - warn: ENOENT: no such file or directory, open '/Users/damithch/Repos/nus-cs2103/cs2103-website-base/node_modules/.cache/gh-pages/https!github.com!nus-cs2103-AY2425S2!website.git/_markbind/variables.md'
2025-01-16T03:25:32.643Z - info: Building assets...
2025-01-16T03:25:33.833Z - info: Assets built
2025-01-16T03:25:33.833Z - info: Generating pages...
2025-01-16T03:25:39.756Z - debug:  
2025-01-16T03:25:39.756Z - debug: 2025-01-16 11:25:35.823 java[11599:1981605] +[IMKClient subclass]: chose IMKClient_Modern
2025-01-16 11:25:35.823 java[11599:1981605] +[IMKInputSession subclass]: chose IMKInputSession_Modern

2025-01-16T03:25:39.756Z - debug:  
2025-01-16T03:25:39.756Z - debug:  
2025-01-16T03:25:39.756Z - debug:  
2025-01-16T03:25:39.756Z - debug:  
2025-01-16T03:25:39.756Z - debug:  
2025-01-16T03:25:39.756Z - debug:  
2025-01-16T03:25:39.756Z - debug: 2025-01-16 11:25:36.844 java[11623:1981821] +[IMKClient subclass]: chose IMKClient_Modern
2025-01-16 11:25:36.844 java[11623:1981821] +[IMKInputSession subclass]: chose IMKInputSession_Modern

2025-01-16T03:25:39.756Z - debug:  
2025-01-16T03:25:39.756Z - debug:  
2025-01-16T03:25:39.756Z - debug:  
2025-01-16T03:25:39.756Z - debug:  
2025-01-16T03:25:39.756Z - debug:  
2025-01-16T03:25:39.756Z - debug:  
2025-01-16T03:25:40.067Z - debug:  
2025-01-16T03:25:40.690Z - debug: 2025-01-16 11:25:40.368 java[11671:1982941] +[IMKClient subclass]: chose IMKClient_Modern
2025-01-16 11:25:40.368 java[11671:1982941] +[IMKInputSession subclass]: chose IMKInputSession_Modern

2025-01-16T03:25:48.482Z - debug: 2025-01-16 11:25:47.722 java[11694:1983235] +[IMKClient subclass]: chose IMKClient_Modern
2025-01-16 11:25:47.722 java[11694:1983235] +[IMKInputSession subclass]: chose IMKInputSession_Modern

2025-01-16T03:26:28.618Z - debug: 2025-01-16 11:26:26.190 java[11749:1984493] +[IMKClient subclass]: chose IMKClient_Modern
2025-01-16 11:26:26.190 java[11749:1984493] +[IMKInputSession subclass]: chose IMKInputSession_Modern

2025-01-16T03:26:38.493Z - debug: 2025-01-16 11:26:38.030 java[11758:1984877] +[IMKClient subclass]: chose IMKClient_Modern
2025-01-16 11:26:38.030 java[11758:1984877] +[IMKInputSession subclass]: chose IMKInputSession_Modern

2025-01-16T03:26:38.518Z - debug:  
2025-01-16T03:26:43.606Z - info: Pages built
2025-01-16T03:26:43.664Z - info: Site data built
2025-01-16T03:26:43.664Z - info: Website generation complete! Total build time: 71.689s
2025-01-16T03:26:43.664Z - info: Build success!
2025-01-16T03:27:02.414Z - info: The website has been deployed at: https://nus-cs2103-ay2425s2.github.io/website
2025-01-16T03:29:43.341Z - info: Website generation (lazy) started at 11:29:42
2025-01-16T03:29:43.591Z - warn: ENOENT: no such file or directory, open '/Users/damithch/Repos/nus-cs2103/cs2103-website-base/node_modules/.cache/gh-pages/https!github.com!nus-cs2103-AY2425S2!website.git/book/_markbind/variables.md'
2025-01-16T03:29:43.592Z - warn: ENOENT: no such file or directory, open '/Users/damithch/Repos/nus-cs2103/cs2103-website-base/node_modules/.cache/gh-pages/https!github.com!nus-cs2103-AY2425S2!website.git/_markbind/variables.md'
2025-01-16T03:29:43.611Z - info: Building assets...
2025-01-16T03:29:44.830Z - info: Assets built
2025-01-16T03:29:44.831Z - info: Generating landing page...
2025-01-16T03:29:45.230Z - info: Landing page built, other pages will be built as you navigate to them!
2025-01-16T03:29:45.295Z - info: Site data built
2025-01-16T03:29:45.295Z - info: Website generation (lazy) complete! Total build time: 2.682s
2025-01-16T03:29:45.303Z - info: Serving "/Users/damithch/Repos/nus-cs2103/cs2103-website-base/_site" at http://127.0.0.1:8080
2025-01-16T03:29:45.303Z - info: Press CTRL+C to stop ...
2025-01-16T03:29:50.380Z - info: Building /Users/damithch/Repos/nus-cs2103/cs2103-website-base/admin/instructors as some of its dependencies were changed since the last visit
2025-01-16T03:29:50.518Z - info: Site data built
2025-01-16T03:29:50.518Z - info: Lazy website regeneration complete! Total build time: 0.138s
