2025-01-31T05:11:02.429Z - info: Website generation (lazy) started at 13:11:01
2025-01-31T05:11:02.798Z - warn: ENOENT: no such file or directory, open '/Users/damithch/Repos/nus-cs2103/cs2103-website-base/node_modules/.cache/gh-pages/https!github.com!nus-cs2103-AY2425S2!website.git/book/_markbind/variables.md'
2025-01-31T05:11:02.798Z - warn: ENOENT: no such file or directory, open '/Users/damithch/Repos/nus-cs2103/cs2103-website-base/node_modules/.cache/gh-pages/https!github.com!nus-cs2103-AY2425S2!website.git/_markbind/variables.md'
2025-01-31T05:11:02.816Z - info: Building assets...
2025-01-31T05:11:04.606Z - info: Assets built
2025-01-31T05:11:04.608Z - info: Generating landing page...
2025-01-31T05:11:05.045Z - info: Landing page built, other pages will be built as you navigate to them!
2025-01-31T05:11:05.111Z - info: Site data built
2025-01-31T05:11:05.112Z - info: Website generation (lazy) complete! Total build time: 3.527s
2025-01-31T05:11:05.123Z - info: Serving "/Users/damithch/Repos/nus-cs2103/cs2103-website-base/_site" at http://127.0.0.1:8080
2025-01-31T05:11:05.123Z - info: Press CTRL+C to stop ...
2025-01-31T05:11:26.475Z - info: [13:11:26] Reload for file change: /Users/damithch/Repos/nus-cs2103/cs2103-website-base/schedule/week3/notices-cs2103-fragment.md
2025-01-31T05:11:26.476Z - info: Synchronizing opened pages list before reload
2025-01-31T05:11:26.476Z - info: Current opened pages, from most-to-least recent:
2025-01-31T05:11:26.477Z - info: 1. index
2025-01-31T05:11:27.486Z - info: Rebuilding 1 pages
2025-01-31T05:11:27.868Z - info: Site data built
2025-01-31T05:11:27.868Z - info: Pages rebuilt
2025-01-31T05:11:27.869Z - info: Website regeneration complete! Total build time: 0.386s
2025-01-31T05:12:13.900Z - info: Building /Users/damithch/Repos/nus-cs2103/cs2103-website-base/schedule/week3/tutorial as some of its dependencies were changed since the last visit
2025-01-31T05:12:14.051Z - info: Site data built
2025-01-31T05:12:14.051Z - info: Lazy website regeneration complete! Total build time: 0.152s
2025-01-31T05:12:18.147Z - info: Building /Users/damithch/Repos/nus-cs2103/cs2103-website-base/schedule/week4/index as some of its dependencies were changed since the last visit
2025-01-31T05:12:18.524Z - info: Site data built
2025-01-31T05:12:18.524Z - info: Lazy website regeneration complete! Total build time: 0.378s
2025-01-31T05:14:26.885Z - info: [13:14:26] Reload for file change: /Users/damithch/Repos/nus-cs2103/cs2103-website-base/schedule/week2/notices-cs2103-fragment.md
2025-01-31T05:14:26.887Z - info: Synchronizing opened pages list before reload
2025-01-31T05:14:26.889Z - info: Current opened pages, from most-to-least recent:
2025-01-31T05:14:26.889Z - info: 1. schedule/week4/index
2025-01-31T05:14:26.890Z - info: [13:14:26] Reload for file change: /Users/damithch/Repos/nus-cs2103/cs2103-website-base/schedule/week3/notices-cs2103-fragment.md
2025-01-31T05:14:26.891Z - info: Synchronizing opened pages list before reload
2025-01-31T05:14:26.891Z - info: Current opened pages, from most-to-least recent:
2025-01-31T05:14:26.891Z - info: 1. schedule/week4/index
2025-01-31T05:14:27.897Z - info: Assets built
2025-01-31T05:14:27.899Z - info: No pages needed to be rebuilt
2025-01-31T05:14:33.326Z - info: Building /Users/damithch/Repos/nus-cs2103/cs2103-website-base/schedule/week3/index as some of its dependencies were changed since the last visit
2025-01-31T05:14:33.693Z - info: Site data built
2025-01-31T05:14:33.693Z - info: Lazy website regeneration complete! Total build time: 0.367s
2025-01-31T05:14:36.701Z - info: Building /Users/damithch/Repos/nus-cs2103/cs2103-website-base/schedule/week2/index as some of its dependencies were changed since the last visit
2025-01-31T05:14:36.775Z - error:  Template render error: (/Users/damithch/Repos/nus-cs2103/cs2103-website-base/schedule/week2/notices-cs2103-fragment.md) [Line 19, Column 186]
  Template render error: (/Users/damithch/Repos/nus-cs2103/cs2103-website-base/schedule/week2/notices-cs2103-fragment.md)
  Template render error: (/Users/damithch/Repos/nus-cs2103/cs2103-website-base/schedule/week2/notices-cs2103-fragment.md)
  Template render error: (/Users/damithch/Repos/nus-cs2103/cs2103-website-base/schedule/week2/notices-cs2103-fragment.md)
  Template render error: (/Users/damithch/Repos/nus-cs2103/cs2103-website-base/schedule/week2/notices-cs2103-fragment.md)
  Template render error: (/Users/damithch/Repos/nus-cs2103/cs2103-website-base/schedule/week2/notices-cs2103-fragment.md)
  Template render error: (/Users/damithch/Repos/nus-cs2103/cs2103-website-base/schedule/week2/notices-cs2103-fragment.md)
  Template render error: (/Users/damithch/Repos/nus-cs2103/cs2103-website-base/schedule/week2/notices-cs2103-fragment.md)
  Template render error: (/Users/damithch/Repos/nus-cs2103/cs2103-website-base/schedule/week2/notices-cs2103-fragment.md)
  Template render error: (/Users/damithch/Repos/nus-cs2103/cs2103-website-base/schedule/week2/notices-cs2103-fragment.md)
  Template render error: (/Users/damithch/Repos/nus-cs2103/cs2103-website-base/schedule/week2/notices-cs2103-fragment.md)
  Error: Unable to call `get_date`, which is undefined or falsey
    at Object._prettifyError (/opt/homebrew/lib/node_modules/markbind-cli/node_modules/nunjucks/src/lib.js:32:11)
    at /opt/homebrew/lib/node_modules/markbind-cli/node_modules/@markbind/core/src/patches/nunjucks/context-overrides-frame.js:383:17
    at Template.root [as rootRenderFunc] (eval at _compile (/opt/homebrew/lib/node_modules/markbind-cli/node_modules/nunjucks/src/environment.js:527:18), <anonymous>:62:3)
    at Template.render (/opt/homebrew/lib/node_modules/markbind-cli/node_modules/@markbind/core/src/patches/nunjucks/context-overrides-frame.js:372:8)
    at /opt/homebrew/lib/node_modules/markbind-cli/node_modules/@markbind/core/src/patches/nunjucks/context-overrides-frame.js:54:25
    at createTemplate (/opt/homebrew/lib/node_modules/markbind-cli/node_modules/@markbind/core/src/patches/nunjucks/load-event.js:121:7)
    at handle (/opt/homebrew/lib/node_modules/markbind-cli/node_modules/@markbind/core/src/patches/nunjucks/load-event.js:133:9)
    at /opt/homebrew/lib/node_modules/markbind-cli/node_modules/@markbind/core/src/patches/nunjucks/load-event.js:145:7
    at next (/opt/homebrew/lib/node_modules/markbind-cli/node_modules/nunjucks/src/lib.js:258:7)
    at Object.asyncIter (/opt/homebrew/lib/node_modules/markbind-cli/node_modules/nunjucks/src/lib.js:263:3)
    at Environment.getTemplate (/opt/homebrew/lib/node_modules/markbind-cli/node_modules/@markbind/core/src/patches/nunjucks/load-event.js:127:7)
    at Environment.render (/opt/homebrew/lib/node_modules/markbind-cli/node_modules/@markbind/core/src/patches/nunjucks/context-overrides-frame.js:48:8)
    at VariableRenderer.renderFile (/opt/homebrew/lib/node_modules/markbind-cli/node_modules/@markbind/core/src/variables/VariableRenderer.js:73:24)
    at VariableProcessor.renderWithSiteVariables (/opt/homebrew/lib/node_modules/markbind-cli/node_modules/@markbind/core/src/variables/VariableProcessor.js:154:57)
    at VariableProcessor.renderIncludeFile (/opt/homebrew/lib/node_modules/markbind-cli/node_modules/@markbind/core/src/variables/VariableProcessor.js:231:38)
    at processInclude (/opt/homebrew/lib/node_modules/markbind-cli/node_modules/@markbind/core/src/html/includePanelProcessor.js:198:68)
2025-01-31T05:14:36.886Z - info: Site data built
2025-01-31T05:14:36.886Z - info: Lazy website regeneration complete! Total build time: 0.186s
2025-01-31T05:15:28.949Z - info: [13:15:28] Reload for file change: /Users/damithch/Repos/nus-cs2103/cs2103-website-base/schedule/week2/notices-cs2103-fragment.md
2025-01-31T05:15:28.950Z - info: Synchronizing opened pages list before reload
2025-01-31T05:15:28.953Z - info: Current opened pages, from most-to-least recent:
2025-01-31T05:15:28.953Z - info: 1. schedule/week2/index
2025-01-31T05:15:29.957Z - info: Rebuilding 1 pages
2025-01-31T05:15:30.225Z - info: Site data built
2025-01-31T05:15:30.226Z - info: Pages rebuilt
2025-01-31T05:15:30.226Z - info: Website regeneration complete! Total build time: 0.272s
2025-01-31T05:16:25.335Z - info: [13:16:25] Reload for file change: /Users/damithch/Repos/nus-cs2103/cs2103-website-base/schedule/week2/notices-cs2103-fragment.md
2025-01-31T05:16:25.335Z - info: Synchronizing opened pages list before reload
2025-01-31T05:16:25.336Z - info: Current opened pages, from most-to-least recent:
2025-01-31T05:16:25.336Z - info: 1. schedule/week2/index
2025-01-31T05:16:26.346Z - info: Rebuilding 1 pages
2025-01-31T05:16:26.586Z - info: Site data built
2025-01-31T05:16:26.586Z - info: Pages rebuilt
2025-01-31T05:16:26.586Z - info: Website regeneration complete! Total build time: 0.246s
2025-01-31T05:17:28.142Z - info: [13:17:28] Reload for file change: /Users/damithch/Repos/nus-cs2103/cs2103-website-base/schedule/week2/notices-cs2103-fragment.md
2025-01-31T05:17:28.146Z - info: Synchronizing opened pages list before reload
2025-01-31T05:17:28.147Z - info: Current opened pages, from most-to-least recent:
2025-01-31T05:17:28.147Z - info: 1. schedule/week2/index
2025-01-31T05:17:29.152Z - info: Rebuilding 1 pages
2025-01-31T05:17:29.425Z - info: Site data built
2025-01-31T05:17:29.425Z - info: Pages rebuilt
2025-01-31T05:17:29.425Z - info: Website regeneration complete! Total build time: 0.276s
2025-01-31T05:17:49.623Z - info: [13:17:49] Reload for file change: /Users/damithch/Repos/nus-cs2103/cs2103-website-base/schedule/week2/notices-cs2103-fragment.md
2025-01-31T05:17:49.623Z - info: Synchronizing opened pages list before reload
2025-01-31T05:17:49.623Z - info: Current opened pages, from most-to-least recent:
2025-01-31T05:17:49.623Z - info: 1. schedule/week2/index
2025-01-31T05:17:50.629Z - info: Rebuilding 1 pages
2025-01-31T05:17:50.839Z - info: Site data built
2025-01-31T05:17:50.839Z - info: Pages rebuilt
2025-01-31T05:17:50.839Z - info: Website regeneration complete! Total build time: 0.213s
2025-01-31T05:17:57.694Z - info: [13:17:57] Reload for file change: /Users/damithch/Repos/nus-cs2103/cs2103-website-base/schedule/week2/notices-cs2103-fragment.md
2025-01-31T05:17:57.695Z - info: Synchronizing opened pages list before reload
2025-01-31T05:17:57.695Z - info: Current opened pages, from most-to-least recent:
2025-01-31T05:17:57.695Z - info: 1. schedule/week2/index
2025-01-31T05:17:58.706Z - info: Rebuilding 1 pages
2025-01-31T05:17:58.906Z - info: Site data built
2025-01-31T05:17:58.906Z - info: Pages rebuilt
2025-01-31T05:17:58.906Z - info: Website regeneration complete! Total build time: 0.203s
2025-01-31T05:18:18.484Z - info: [13:18:18] Reload for file change: /Users/damithch/Repos/nus-cs2103/cs2103-website-base/schedule/week2/notices-cs2103-fragment.md
2025-01-31T05:18:18.485Z - info: Synchronizing opened pages list before reload
2025-01-31T05:18:18.485Z - info: Current opened pages, from most-to-least recent:
2025-01-31T05:18:18.486Z - info: 1. schedule/week2/index
2025-01-31T05:18:19.495Z - info: Rebuilding 1 pages
2025-01-31T05:18:19.756Z - info: Site data built
2025-01-31T05:18:19.756Z - info: Pages rebuilt
2025-01-31T05:18:19.756Z - info: Website regeneration complete! Total build time: 0.263s
2025-01-31T05:19:37.584Z - info: [13:19:37] Reload for file change: /Users/damithch/Repos/nus-cs2103/cs2103-website-base/schedule/week4/notices-cs2103-fragment.md
2025-01-31T05:19:37.585Z - info: Synchronizing opened pages list before reload
2025-01-31T05:19:37.585Z - info: Current opened pages, from most-to-least recent:
2025-01-31T05:19:37.585Z - info: 1. schedule/week4/index
2025-01-31T05:19:38.590Z - info: Rebuilding 1 pages
2025-01-31T05:19:38.949Z - info: Site data built
2025-01-31T05:19:38.949Z - info: Pages rebuilt
2025-01-31T05:19:38.949Z - info: Website regeneration complete! Total build time: 0.362s
2025-01-31T05:19:58.234Z - info: [13:19:58] Reload for file change: /Users/damithch/Repos/nus-cs2103/cs2103-website-base/schedule/week3/notices-cs2103-fragment.md
2025-01-31T05:19:58.235Z - info: Synchronizing opened pages list before reload
2025-01-31T05:19:58.235Z - info: Current opened pages, from most-to-least recent:
2025-01-31T05:19:58.235Z - info: 1. schedule/week3/index
2025-01-31T05:19:59.240Z - info: Rebuilding 1 pages
2025-01-31T05:19:59.611Z - info: Site data built
2025-01-31T05:19:59.611Z - info: Pages rebuilt
2025-01-31T05:19:59.611Z - info: Website regeneration complete! Total build time: 0.374s
2025-01-31T05:21:36.110Z - info: [13:21:36] Reload for file change: /Users/damithch/Repos/nus-cs2103/cs2103-website-base/schedule/week3/notices-cs2103-fragment.md
2025-01-31T05:21:36.111Z - info: Synchronizing opened pages list before reload
2025-01-31T05:21:36.111Z - info: Current opened pages, from most-to-least recent:
2025-01-31T05:21:36.111Z - info: 1. schedule/week3/index
2025-01-31T05:21:37.125Z - info: Rebuilding 1 pages
2025-01-31T05:21:37.487Z - info: Site data built
2025-01-31T05:21:37.487Z - info: Pages rebuilt
2025-01-31T05:21:37.487Z - info: Website regeneration complete! Total build time: 0.366s
2025-01-31T05:22:00.778Z - info: [13:22:00] Reload for file change: /Users/damithch/Repos/nus-cs2103/cs2103-website-base/schedule/week3/notices-cs2103-fragment.md
2025-01-31T05:22:00.783Z - info: Synchronizing opened pages list before reload
2025-01-31T05:22:00.785Z - info: Current opened pages, from most-to-least recent:
2025-01-31T05:22:00.786Z - info: 1. schedule/week3/index
2025-01-31T05:22:01.787Z - info: Rebuilding 1 pages
2025-01-31T05:22:02.130Z - info: Site data built
2025-01-31T05:22:02.130Z - info: Pages rebuilt
2025-01-31T05:22:02.131Z - info: Website regeneration complete! Total build time: 0.344s
2025-01-31T05:24:22.680Z - info: [13:24:22] Reload for file change: /Users/damithch/Repos/nus-cs2103/cs2103-website-base/schedule/week3/notices-cs2103-fragment.md
2025-01-31T05:24:22.681Z - info: Synchronizing opened pages list before reload
2025-01-31T05:24:22.682Z - info: Current opened pages, from most-to-least recent:
2025-01-31T05:24:22.682Z - info: 1. schedule/week3/index
2025-01-31T05:24:23.688Z - info: Rebuilding 1 pages
2025-01-31T05:24:24.054Z - info: Site data built
2025-01-31T05:24:24.054Z - info: Pages rebuilt
2025-01-31T05:24:24.054Z - info: Website regeneration complete! Total build time: 0.369s
2025-01-31T05:24:39.776Z - info: Website generation started at 13:24:39
2025-01-31T05:24:40.070Z - warn: ENOENT: no such file or directory, open '/Users/damithch/Repos/nus-cs2103/cs2103-website-base/node_modules/.cache/gh-pages/https!github.com!nus-cs2103-AY2425S2!website.git/book/_markbind/variables.md'
2025-01-31T05:24:40.071Z - warn: ENOENT: no such file or directory, open '/Users/damithch/Repos/nus-cs2103/cs2103-website-base/node_modules/.cache/gh-pages/https!github.com!nus-cs2103-AY2425S2!website.git/_markbind/variables.md'
2025-01-31T05:24:40.091Z - info: Building assets...
2025-01-31T05:24:41.795Z - info: Assets built
2025-01-31T05:24:41.796Z - info: Generating pages...
2025-01-31T05:24:46.994Z - debug:  
2025-01-31T05:24:46.994Z - debug:  
2025-01-31T05:24:46.994Z - debug:  
2025-01-31T05:24:46.994Z - debug:  
2025-01-31T05:24:47.266Z - debug:  
2025-01-31T05:24:47.266Z - debug:  
2025-01-31T05:24:47.266Z - debug:  
2025-01-31T05:24:47.266Z - debug:  
2025-01-31T05:24:47.266Z - debug:  
2025-01-31T05:24:47.266Z - debug:  
2025-01-31T05:24:47.266Z - debug:  
2025-01-31T05:24:47.266Z - debug:  
2025-01-31T05:24:47.266Z - debug:  
2025-01-31T05:24:47.266Z - debug: 2025-01-31 13:24:44.992 java[51098:7894981] +[IMKClient subclass]: chose IMKClient_Modern
2025-01-31 13:24:44.992 java[51098:7894981] +[IMKInputSession subclass]: chose IMKInputSession_Modern

2025-01-31T05:24:47.267Z - debug:  
2025-01-31T05:24:47.773Z - debug:  
2025-01-31T05:24:47.964Z - debug: 2025-01-31 13:24:47.566 java[51122:7895632] +[IMKClient subclass]: chose IMKClient_Modern
2025-01-31 13:24:47.566 java[51122:7895632] +[IMKInputSession subclass]: chose IMKInputSession_Modern

2025-01-31T05:24:58.206Z - debug: 2025-01-31 13:24:57.442 java[51153:7896089] +[IMKClient subclass]: chose IMKClient_Modern
2025-01-31 13:24:57.442 java[51153:7896089] +[IMKInputSession subclass]: chose IMKInputSession_Modern

2025-01-31T05:25:43.160Z - debug: 2025-01-31 13:25:40.784 java[51172:7896869] +[IMKClient subclass]: chose IMKClient_Modern
2025-01-31 13:25:40.784 java[51172:7896869] +[IMKInputSession subclass]: chose IMKInputSession_Modern

2025-01-31T05:25:52.991Z - debug:  
2025-01-31T05:25:53.008Z - debug: 2025-01-31 13:25:52.150 java[51182:7897147] +[IMKClient subclass]: chose IMKClient_Modern
2025-01-31 13:25:52.150 java[51182:7897147] +[IMKInputSession subclass]: chose IMKInputSession_Modern

2025-01-31T05:25:57.433Z - info: Pages built
2025-01-31T05:25:57.496Z - info: Site data built
2025-01-31T05:25:57.496Z - info: Website generation complete! Total build time: 78.413s
2025-01-31T05:25:57.496Z - info: Build success!
2025-01-31T05:26:17.382Z - info: The website has been deployed at: https://nus-cs2103-ay2425s2.github.io/website
2025-01-31T11:04:19.797Z - info: Website generation started at 19:04:18
2025-01-31T11:04:20.154Z - warn: ENOENT: no such file or directory, open '/Users/damithch/Repos/nus-cs2103/cs2103-website-base/node_modules/.cache/gh-pages/https!github.com!nus-cs2103-AY2425S2!website.git/book/_markbind/variables.md'
2025-01-31T11:04:20.154Z - warn: ENOENT: no such file or directory, open '/Users/damithch/Repos/nus-cs2103/cs2103-website-base/node_modules/.cache/gh-pages/https!github.com!nus-cs2103-AY2425S2!website.git/_markbind/variables.md'
2025-01-31T11:04:20.173Z - info: Building assets...
