2025-02-20T09:03:32.905Z - info: Website generation (lazy) started at 17:03:32
2025-02-20T09:03:33.246Z - warn: ENOENT: no such file or directory, open '/Users/damithch/Repos/nus-cs2103/cs2103-website-base/node_modules/.cache/gh-pages/https!github.com!nus-cs2103-AY2425S2!website.git/book/_markbind/variables.md'
2025-02-20T09:03:33.246Z - warn: ENOENT: no such file or directory, open '/Users/damithch/Repos/nus-cs2103/cs2103-website-base/node_modules/.cache/gh-pages/https!github.com!nus-cs2103-AY2425S2!website.git/_markbind/variables.md'
2025-02-20T09:03:33.265Z - info: Building assets...
2025-02-20T09:03:34.658Z - info: Assets built
2025-02-20T09:03:34.658Z - info: Generating landing page...
2025-02-20T09:03:35.110Z - info: Landing page built, other pages will be built as you navigate to them!
2025-02-20T09:03:35.184Z - info: Site data built
2025-02-20T09:03:35.185Z - info: Website generation (lazy) complete! Total build time: 3.092s
2025-02-20T09:03:35.202Z - info: Serving "/Users/damithch/Repos/nus-cs2103/cs2103-website-base/_site" at http://127.0.0.1:8080
2025-02-20T09:03:35.202Z - info: Press CTRL+C to stop ...
2025-02-20T09:03:40.628Z - info: Building /Users/damithch/Repos/nus-cs2103/cs2103-website-base/schedule/week6/project as some of its dependencies were changed since the last visit
2025-02-20T09:03:41.765Z - info: Site data built
2025-02-20T09:03:41.765Z - info: Lazy website regeneration complete! Total build time: 1.137s
2025-02-20T09:05:05.473Z - info: [17:05:05] Reload for file change: /Users/damithch/Repos/nus-cs2103/cs2103-website-base/admin/ip-tasks-fragment.md
2025-02-20T09:05:05.475Z - info: Synchronizing opened pages list before reload
2025-02-20T09:05:05.476Z - info: Current opened pages, from most-to-least recent:
2025-02-20T09:05:05.477Z - info: 1. schedule/week6/project
2025-02-20T09:05:06.487Z - info: Rebuilding 1 pages
2025-02-20T09:05:07.700Z - info: Site data built
2025-02-20T09:05:07.700Z - info: Pages rebuilt
2025-02-20T09:05:07.700Z - info: Website regeneration complete! Total build time: 1.217s
2025-02-20T09:14:58.124Z - info: Website generation started at 17:14:57
2025-02-20T09:14:58.408Z - warn: ENOENT: no such file or directory, open '/Users/damithch/Repos/nus-cs2103/cs2103-website-base/node_modules/.cache/gh-pages/https!github.com!nus-cs2103-AY2425S2!website.git/book/_markbind/variables.md'
2025-02-20T09:14:58.409Z - warn: ENOENT: no such file or directory, open '/Users/damithch/Repos/nus-cs2103/cs2103-website-base/node_modules/.cache/gh-pages/https!github.com!nus-cs2103-AY2425S2!website.git/_markbind/variables.md'
2025-02-20T09:14:58.429Z - info: Building assets...
