2025-02-23T16:02:03.433Z - info: [00:02:03] Reload for file change: /Users/damithch/Repos/nus-cs2103/cs2103-website-base/admin/appendixF-teamworkIssues.md
2025-02-23T16:02:03.449Z - info: Synchronizing opened pages list before reload
2025-02-23T16:02:03.450Z - info: Current opened pages, from most-to-least recent:
2025-02-23T16:02:03.450Z - info: 1. admin/appendixF-teamworkIssues
2025-02-23T16:02:04.461Z - info: Rebuilding 1 pages
2025-02-23T16:02:04.560Z - info: Site data built
2025-02-23T16:02:04.560Z - info: Pages rebuilt
2025-02-23T16:02:04.560Z - info: Website regeneration complete! Total build time: 0.102s
2025-02-23T16:04:43.525Z - info: [00:04:43] Reload for file change: /Users/damithch/Repos/nus-cs2103/cs2103-website-base/admin/appendixF-teamworkIssues.md
2025-02-23T16:04:43.527Z - info: Synchronizing opened pages list before reload
2025-02-23T16:04:43.533Z - info: Current opened pages, from most-to-least recent:
2025-02-23T16:04:43.533Z - info: 1. admin/appendixF-teamworkIssues
2025-02-23T16:04:44.539Z - info: Rebuilding 1 pages
2025-02-23T16:04:44.633Z - info: Site data built
2025-02-23T16:04:44.633Z - info: Pages rebuilt
2025-02-23T16:04:44.634Z - info: Website regeneration complete! Total build time: 0.097s
2025-02-23T16:06:27.561Z - info: [00:06:27] Reload for file change: /Users/damithch/Repos/nus-cs2103/cs2103-website-base/admin/appendixF-teamworkIssues.md
2025-02-23T16:06:27.562Z - info: Synchronizing opened pages list before reload
2025-02-23T16:06:27.563Z - info: Current opened pages, from most-to-least recent:
2025-02-23T16:06:27.563Z - info: 1. admin/appendixF-teamworkIssues
2025-02-23T16:06:28.575Z - info: Rebuilding 1 pages
2025-02-23T16:06:28.657Z - info: Site data built
2025-02-23T16:06:28.657Z - info: Pages rebuilt
2025-02-23T16:06:28.657Z - info: Website regeneration complete! Total build time: 0.084s
2025-02-23T16:09:03.274Z - info: [00:09:03] Reload for file change: /Users/damithch/Repos/nus-cs2103/cs2103-website-base/admin/appendixF-teamworkIssues.md
2025-02-23T16:09:03.275Z - info: Synchronizing opened pages list before reload
2025-02-23T16:09:03.275Z - info: Current opened pages, from most-to-least recent:
2025-02-23T16:09:03.275Z - info: 1. admin/appendixF-teamworkIssues
2025-02-23T16:09:04.294Z - info: Rebuilding 1 pages
2025-02-23T16:09:04.370Z - info: Site data built
2025-02-23T16:09:04.370Z - info: Pages rebuilt
2025-02-23T16:09:04.370Z - info: Website regeneration complete! Total build time: 0.078s
2025-02-23T16:11:50.436Z - info: [00:11:50] Reload for file change: /Users/damithch/Repos/nus-cs2103/cs2103-website-base/admin/appendixF-teamworkIssues.md
2025-02-23T16:11:50.436Z - info: Synchronizing opened pages list before reload
2025-02-23T16:11:50.436Z - info: Current opened pages, from most-to-least recent:
2025-02-23T16:11:50.436Z - info: 1. admin/appendixF-teamworkIssues
2025-02-23T16:11:51.452Z - info: Rebuilding 1 pages
2025-02-23T16:11:51.543Z - info: Site data built
2025-02-23T16:11:51.543Z - info: Pages rebuilt
2025-02-23T16:11:51.543Z - info: Website regeneration complete! Total build time: 0.093s
2025-02-23T16:30:44.692Z - info: [00:30:44] Reload for file change: /Users/damithch/Repos/nus-cs2103/cs2103-website-base/admin/appendixF-teamworkIssues.md
2025-02-23T16:30:44.697Z - info: Synchronizing opened pages list before reload
2025-02-23T16:30:44.703Z - info: Current opened pages, from most-to-least recent:
2025-02-23T16:30:44.703Z - info: 1. admin/appendixF-teamworkIssues
2025-02-23T16:30:45.727Z - info: Rebuilding 1 pages
2025-02-23T16:30:45.854Z - info: Site data built
2025-02-23T16:30:45.854Z - info: Pages rebuilt
2025-02-23T16:30:45.854Z - info: Website regeneration complete! Total build time: 0.145s
2025-02-23T16:35:43.657Z - info: [00:35:43] Reload for file change: /Users/damithch/Repos/nus-cs2103/cs2103-website-base/admin/appendixF-teamworkIssues.md
2025-02-23T16:35:43.658Z - info: Synchronizing opened pages list before reload
2025-02-23T16:35:43.659Z - info: Current opened pages, from most-to-least recent:
2025-02-23T16:35:43.659Z - info: 1. admin/appendixF-teamworkIssues
2025-02-23T16:35:44.674Z - info: Rebuilding 1 pages
2025-02-23T16:35:44.772Z - info: Site data built
2025-02-23T16:35:44.772Z - info: Pages rebuilt
2025-02-23T16:35:44.772Z - info: Website regeneration complete! Total build time: 0.104s
2025-02-23T17:42:09.745Z - info: [01:42:09] Reload for file change: /Users/damithch/Repos/nus-cs2103/cs2103-website-base/admin/appendixF-teamworkIssues.md
2025-02-23T17:42:09.748Z - info: Synchronizing opened pages list before reload
2025-02-23T17:42:09.749Z - info: Current opened pages, from most-to-least recent:
2025-02-23T17:42:09.749Z - info: 1. admin/appendixF-teamworkIssues
2025-02-23T17:42:10.756Z - info: Rebuilding 1 pages
2025-02-23T17:42:10.894Z - info: Site data built
2025-02-23T17:42:10.894Z - info: Pages rebuilt
2025-02-23T17:42:10.894Z - info: Website regeneration complete! Total build time: 0.14s
2025-02-23T17:46:37.808Z - info: [01:46:37] Reload for file change: /Users/damithch/Repos/nus-cs2103/cs2103-website-base/admin/appendixF-teamworkIssues.md
2025-02-23T17:46:37.808Z - info: Synchronizing opened pages list before reload
2025-02-23T17:46:37.808Z - info: Current opened pages, from most-to-least recent:
2025-02-23T17:46:37.808Z - info: 1. admin/appendixF-teamworkIssues
2025-02-23T17:46:38.812Z - info: Rebuilding 1 pages
2025-02-23T17:46:38.926Z - info: Site data built
2025-02-23T17:46:38.926Z - info: Pages rebuilt
2025-02-23T17:46:38.926Z - info: Website regeneration complete! Total build time: 0.117s
2025-02-23T17:48:12.755Z - info: [01:48:12] Reload for file change: /Users/damithch/Repos/nus-cs2103/cs2103-website-base/admin/appendixF-teamworkIssues.md
2025-02-23T17:48:12.755Z - info: Synchronizing opened pages list before reload
2025-02-23T17:48:12.756Z - info: Current opened pages, from most-to-least recent:
2025-02-23T17:48:12.756Z - info: 1. admin/appendixF-teamworkIssues
2025-02-23T17:48:13.763Z - info: Rebuilding 1 pages
2025-02-23T17:48:13.897Z - info: Site data built
2025-02-23T17:48:13.897Z - info: Pages rebuilt
2025-02-23T17:48:13.897Z - info: Website regeneration complete! Total build time: 0.137s
2025-02-23T17:50:53.323Z - info: [01:50:53] Reload for file change: /Users/damithch/Repos/nus-cs2103/cs2103-website-base/admin/appendixF-teamworkIssues.md
2025-02-23T17:50:53.323Z - info: Synchronizing opened pages list before reload
2025-02-23T17:50:53.323Z - info: Current opened pages, from most-to-least recent:
2025-02-23T17:50:53.323Z - info: 1. admin/appendixF-teamworkIssues
2025-02-23T17:50:54.331Z - info: Rebuilding 1 pages
2025-02-23T17:50:54.439Z - info: Site data built
2025-02-23T17:50:54.440Z - info: Pages rebuilt
2025-02-23T17:50:54.440Z - info: Website regeneration complete! Total build time: 0.11s
2025-02-23T17:54:06.358Z - info: [01:54:06] Reload for file change: /Users/damithch/Repos/nus-cs2103/cs2103-website-base/admin/appendixF-teamworkIssues.md
2025-02-23T17:54:06.362Z - info: Synchronizing opened pages list before reload
2025-02-23T17:54:06.362Z - info: Current opened pages, from most-to-least recent:
2025-02-23T17:54:06.363Z - info: 1. admin/appendixF-teamworkIssues
2025-02-23T17:54:07.368Z - info: Rebuilding 1 pages
2025-02-23T17:54:07.498Z - info: Site data built
2025-02-23T17:54:07.498Z - info: Pages rebuilt
2025-02-23T17:54:07.498Z - info: Website regeneration complete! Total build time: 0.133s
2025-02-23T17:55:48.009Z - info: [01:55:48] Reload for file change: /Users/damithch/Repos/nus-cs2103/cs2103-website-base/admin/appendixF-teamworkIssues.md
2025-02-23T17:55:48.009Z - info: Synchronizing opened pages list before reload
2025-02-23T17:55:48.009Z - info: Current opened pages, from most-to-least recent:
2025-02-23T17:55:48.010Z - info: 1. admin/appendixF-teamworkIssues
2025-02-23T17:55:49.022Z - info: Rebuilding 1 pages
2025-02-23T17:55:49.132Z - info: Site data built
2025-02-23T17:55:49.132Z - info: Pages rebuilt
2025-02-23T17:55:49.132Z - info: Website regeneration complete! Total build time: 0.112s
2025-02-23T17:56:03.856Z - info: [01:56:03] Reload for file change: /Users/damithch/Repos/nus-cs2103/cs2103-website-base/admin/appendixF-teamworkIssues.md
2025-02-23T17:56:03.857Z - info: Synchronizing opened pages list before reload
2025-02-23T17:56:03.857Z - info: Current opened pages, from most-to-least recent:
2025-02-23T17:56:03.857Z - info: 1. admin/appendixF-teamworkIssues
2025-02-23T17:56:04.868Z - info: Rebuilding 1 pages
2025-02-23T17:56:04.997Z - info: Site data built
2025-02-23T17:56:04.997Z - info: Pages rebuilt
2025-02-23T17:56:04.997Z - info: Website regeneration complete! Total build time: 0.13s
2025-02-23T17:59:05.179Z - info: [01:59:05] Reload for file change: /Users/damithch/Repos/nus-cs2103/cs2103-website-base/admin/appendixF-teamworkIssues.md
2025-02-23T17:59:05.180Z - info: Synchronizing opened pages list before reload
2025-02-23T17:59:05.181Z - info: Current opened pages, from most-to-least recent:
2025-02-23T17:59:05.181Z - info: 1. admin/appendixF-teamworkIssues
2025-02-23T17:59:06.194Z - info: Rebuilding 1 pages
2025-02-23T17:59:06.302Z - info: Site data built
2025-02-23T17:59:06.302Z - info: Pages rebuilt
2025-02-23T17:59:06.302Z - info: Website regeneration complete! Total build time: 0.111s
2025-02-23T17:59:51.204Z - info: [01:59:51] Reload for file change: /Users/damithch/Repos/nus-cs2103/cs2103-website-base/admin/appendixF-teamworkIssues.md
2025-02-23T17:59:51.204Z - info: Synchronizing opened pages list before reload
2025-02-23T17:59:51.207Z - info: Current opened pages, from most-to-least recent:
2025-02-23T17:59:51.207Z - info: 1. admin/appendixF-teamworkIssues
2025-02-23T17:59:52.218Z - info: Rebuilding 1 pages
2025-02-23T17:59:52.321Z - info: Site data built
2025-02-23T17:59:52.322Z - info: Pages rebuilt
2025-02-23T17:59:52.322Z - info: Website regeneration complete! Total build time: 0.106s
2025-02-23T18:01:16.293Z - info: [02:01:16] Reload for file change: /Users/damithch/Repos/nus-cs2103/cs2103-website-base/admin/appendixF-teamworkIssues.md
2025-02-23T18:01:16.294Z - info: Synchronizing opened pages list before reload
2025-02-23T18:01:16.294Z - info: Current opened pages, from most-to-least recent:
2025-02-23T18:01:16.294Z - info: 1. admin/appendixF-teamworkIssues
2025-02-23T18:01:17.302Z - info: Rebuilding 1 pages
2025-02-23T18:01:17.441Z - info: Site data built
2025-02-23T18:01:17.441Z - info: Pages rebuilt
2025-02-23T18:01:17.441Z - info: Website regeneration complete! Total build time: 0.143s
2025-02-23T18:01:38.107Z - info: [02:01:38] Reload for file change: /Users/damithch/Repos/nus-cs2103/cs2103-website-base/admin/appendixF-teamworkIssues.md
2025-02-23T18:01:38.108Z - info: Synchronizing opened pages list before reload
2025-02-23T18:01:38.108Z - info: Current opened pages, from most-to-least recent:
2025-02-23T18:01:38.108Z - info: 1. admin/appendixF-teamworkIssues
2025-02-23T18:01:39.114Z - info: Rebuilding 1 pages
2025-02-23T18:01:39.208Z - info: Site data built
2025-02-23T18:01:39.208Z - info: Pages rebuilt
2025-02-23T18:01:39.208Z - info: Website regeneration complete! Total build time: 0.096s
2025-02-23T18:02:42.918Z - info: [02:02:42] Reload for file change: /Users/damithch/Repos/nus-cs2103/cs2103-website-base/admin/appendixF-teamworkIssues.md
2025-02-23T18:02:42.918Z - info: Synchronizing opened pages list before reload
2025-02-23T18:02:42.918Z - info: Current opened pages, from most-to-least recent:
2025-02-23T18:02:42.918Z - info: 1. admin/appendixF-teamworkIssues
2025-02-23T18:02:43.927Z - info: Rebuilding 1 pages
2025-02-23T18:02:44.023Z - info: Site data built
2025-02-23T18:02:44.023Z - info: Pages rebuilt
2025-02-23T18:02:44.023Z - info: Website regeneration complete! Total build time: 0.097s
2025-02-23T18:05:59.535Z - info: [02:05:59] Reload for file change: /Users/damithch/Repos/nus-cs2103/cs2103-website-base/admin/appendixF-teamworkIssues.md
2025-02-23T18:05:59.535Z - info: Synchronizing opened pages list before reload
2025-02-23T18:05:59.535Z - info: Current opened pages, from most-to-least recent:
2025-02-23T18:05:59.536Z - info: 1. admin/appendixF-teamworkIssues
2025-02-23T18:06:00.544Z - info: Rebuilding 1 pages
2025-02-23T18:06:00.653Z - info: Site data built
2025-02-23T18:06:00.653Z - info: Pages rebuilt
2025-02-23T18:06:00.653Z - info: Website regeneration complete! Total build time: 0.111s
2025-02-23T18:09:06.585Z - info: [02:09:06] Reload for file change: /Users/damithch/Repos/nus-cs2103/cs2103-website-base/admin/appendixF-teamworkIssues.md
2025-02-23T18:09:06.586Z - info: Synchronizing opened pages list before reload
2025-02-23T18:09:06.586Z - info: Current opened pages, from most-to-least recent:
2025-02-23T18:09:06.586Z - info: 1. admin/appendixF-teamworkIssues
2025-02-23T18:09:07.602Z - info: Rebuilding 1 pages
2025-02-23T18:09:07.725Z - info: Site data built
2025-02-23T18:09:07.725Z - info: Pages rebuilt
2025-02-23T18:09:07.725Z - info: Website regeneration complete! Total build time: 0.125s
2025-02-23T18:09:25.427Z - info: Website generation started at 02:09:24
2025-02-23T18:09:25.769Z - warn: ENOENT: no such file or directory, open '/Users/damithch/Repos/nus-cs2103/cs2103-website-base/node_modules/.cache/gh-pages/https!github.com!nus-cs2103-AY2425S2!website.git/book/_markbind/variables.md'
2025-02-23T18:09:25.769Z - warn: ENOENT: no such file or directory, open '/Users/damithch/Repos/nus-cs2103/cs2103-website-base/node_modules/.cache/gh-pages/https!github.com!nus-cs2103-AY2425S2!website.git/_markbind/variables.md'
2025-02-23T18:09:25.789Z - info: Building assets...
2025-02-23T18:09:27.085Z - info: Assets built
2025-02-23T18:09:27.086Z - info: Generating pages...
2025-02-23T18:09:32.814Z - debug: 2025-02-24 02:09:29.610 java[30507:1105032] +[IMKClient subclass]: chose IMKClient_Modern
2025-02-24 02:09:29.610 java[30507:1105032] +[IMKInputSession subclass]: chose IMKInputSession_Modern

2025-02-23T18:09:33.306Z - debug:  
2025-02-23T18:09:33.306Z - debug:  
2025-02-23T18:09:33.306Z - debug:  
2025-02-23T18:09:33.306Z - debug:  
2025-02-23T18:09:33.306Z - debug:  
2025-02-23T18:09:33.306Z - debug:  
2025-02-23T18:09:33.306Z - debug:  
2025-02-23T18:09:33.306Z - debug:  
2025-02-23T18:09:33.306Z - debug:  
2025-02-23T18:09:33.306Z - debug: 2025-02-24 02:09:30.698 java[30534:1105324] +[IMKClient subclass]: chose IMKClient_Modern
2025-02-24 02:09:30.698 java[30534:1105324] +[IMKInputSession subclass]: chose IMKInputSession_Modern

2025-02-23T18:09:33.306Z - debug:  
2025-02-23T18:09:33.306Z - debug:  
2025-02-23T18:09:33.306Z - debug:  
2025-02-23T18:09:33.307Z - debug:  
2025-02-23T18:09:33.307Z - debug:  
2025-02-23T18:09:34.236Z - debug: 2025-02-24 02:09:33.473 java[30572:1106034] +[IMKClient subclass]: chose IMKClient_Modern
2025-02-24 02:09:33.473 java[30572:1106034] +[IMKInputSession subclass]: chose IMKInputSession_Modern

2025-02-23T18:09:43.537Z - debug: 2025-02-24 02:09:43.182 java[30595:1106482] +[IMKClient subclass]: chose IMKClient_Modern
2025-02-24 02:09:43.182 java[30595:1106482] +[IMKInputSession subclass]: chose IMKInputSession_Modern

2025-02-23T18:10:29.285Z - debug: 2025-02-24 02:10:26.764 java[30618:1108194] +[IMKClient subclass]: chose IMKClient_Modern
2025-02-24 02:10:26.764 java[30618:1108194] +[IMKInputSession subclass]: chose IMKInputSession_Modern

2025-02-23T18:10:39.434Z - debug: 2025-02-24 02:10:38.854 java[30643:1108561] +[IMKClient subclass]: chose IMKClient_Modern
2025-02-24 02:10:38.854 java[30643:1108561] +[IMKInputSession subclass]: chose IMKInputSession_Modern

2025-02-23T18:10:39.650Z - debug:  
2025-02-23T18:10:46.550Z - info: Pages built
2025-02-23T18:10:46.613Z - info: Site data built
2025-02-23T18:10:46.614Z - info: Website generation complete! Total build time: 81.787s
2025-02-23T18:10:46.614Z - info: Build success!
2025-02-23T18:11:06.972Z - info: The website has been deployed at: https://nus-cs2103-ay2425s2.github.io/website
2025-02-24T03:41:05.502Z - info: Website generation (lazy) started at 11:41:04
2025-02-24T03:41:05.834Z - warn: ENOENT: no such file or directory, open '/Users/damithch/Repos/nus-cs2103/cs2103-website-base/node_modules/.cache/gh-pages/https!github.com!nus-cs2103-AY2425S2!website.git/book/_markbind/variables.md'
2025-02-24T03:41:05.834Z - warn: ENOENT: no such file or directory, open '/Users/damithch/Repos/nus-cs2103/cs2103-website-base/node_modules/.cache/gh-pages/https!github.com!nus-cs2103-AY2425S2!website.git/_markbind/variables.md'
2025-02-24T03:41:05.853Z - info: Building assets...
2025-02-24T03:41:07.232Z - info: Assets built
2025-02-24T03:41:07.232Z - info: Generating landing page...
2025-02-24T03:41:07.693Z - info: Landing page built, other pages will be built as you navigate to them!
2025-02-24T03:41:07.767Z - info: Site data built
2025-02-24T03:41:07.768Z - info: Website generation (lazy) complete! Total build time: 3.041s
2025-02-24T03:41:07.777Z - info: Serving "/Users/damithch/Repos/nus-cs2103/cs2103-website-base/_site" at http://127.0.0.1:8080
2025-02-24T03:41:07.777Z - info: Press CTRL+C to stop ...
2025-02-24T03:41:18.070Z - info: Building /Users/damithch/Repos/nus-cs2103/cs2103-website-base/admin/appendixC-faq as some of its dependencies were changed since the last visit
2025-02-24T03:41:19.513Z - info: Site data built
2025-02-24T03:41:19.513Z - info: Lazy website regeneration complete! Total build time: 1.444s
2025-02-24T03:42:36.235Z - info: [11:42:36] Reload for file change: /Users/damithch/Repos/nus-cs2103/cs2103-website-base/admin/faq-fragment.md
2025-02-24T03:42:36.236Z - info: Synchronizing opened pages list before reload
2025-02-24T03:42:36.237Z - info: Current opened pages, from most-to-least recent:
2025-02-24T03:42:36.237Z - info: 1. admin/appendixC-faq
2025-02-24T03:42:37.250Z - info: Rebuilding 1 pages
2025-02-24T03:42:38.599Z - info: Site data built
2025-02-24T03:42:38.599Z - info: Pages rebuilt
2025-02-24T03:42:38.599Z - info: Website regeneration complete! Total build time: 1.352s
2025-02-24T03:43:03.698Z - info: Building /Users/damithch/Repos/nus-cs2103/cs2103-website-base/admin/appendixF-teamworkIssues as some of its dependencies were changed since the last visit
2025-02-24T03:43:03.848Z - info: Site data built
2025-02-24T03:43:03.848Z - info: Lazy website regeneration complete! Total build time: 0.151s
2025-02-24T03:44:02.361Z - info: [11:44:02] Reload for file change: /Users/damithch/Repos/nus-cs2103/cs2103-website-base/admin/faq-fragment.md
2025-02-24T03:44:02.362Z - info: Synchronizing opened pages list before reload
2025-02-24T03:44:02.363Z - info: Current opened pages, from most-to-least recent:
2025-02-24T03:44:02.363Z - info: 1. admin/appendixF-teamworkIssues
2025-02-24T03:44:03.373Z - info: No pages needed to be rebuilt
2025-02-24T03:44:08.922Z - info: Building /Users/damithch/Repos/nus-cs2103/cs2103-website-base/admin/appendixC-faq as some of its dependencies were changed since the last visit
2025-02-24T03:44:10.319Z - info: Site data built
2025-02-24T03:44:10.319Z - info: Lazy website regeneration complete! Total build time: 1.397s
2025-02-24T03:46:17.218Z - info: [11:46:17] Reload for file change: /Users/damithch/Repos/nus-cs2103/cs2103-website-base/admin/appendixF-teamworkIssues.md
2025-02-24T03:46:17.219Z - info: Synchronizing opened pages list before reload
2025-02-24T03:46:17.219Z - info: No pages are currently opened
2025-02-24T03:46:17.219Z - info: [11:46:17] Reload for file change: /Users/damithch/Repos/nus-cs2103/cs2103-website-base/admin/faq-fragment.md
2025-02-24T03:46:17.219Z - info: Synchronizing opened pages list before reload
2025-02-24T03:46:17.219Z - info: No pages are currently opened
2025-02-24T03:46:18.224Z - info: No pages needed to be rebuilt
2025-02-24T03:46:54.867Z - info: [11:46:54] Reload for file change: /Users/damithch/Repos/nus-cs2103/cs2103-website-base/admin/faq-fragment.md
2025-02-24T03:46:54.867Z - info: Synchronizing opened pages list before reload
2025-02-24T03:46:54.867Z - info: No pages are currently opened
2025-02-24T03:46:55.873Z - info: No pages needed to be rebuilt
2025-02-24T03:47:06.923Z - info: Building /Users/damithch/Repos/nus-cs2103/cs2103-website-base/admin/appendixC-faq as some of its dependencies were changed since the last visit
2025-02-24T03:47:08.376Z - info: Site data built
2025-02-24T03:47:08.376Z - info: Lazy website regeneration complete! Total build time: 1.454s
2025-02-24T03:48:09.653Z - info: [11:48:09] Reload for file change: /Users/damithch/Repos/nus-cs2103/cs2103-website-base/admin/appendixF-teamworkIssues.md
2025-02-24T03:48:09.655Z - info: Synchronizing opened pages list before reload
2025-02-24T03:48:09.655Z - info: Current opened pages, from most-to-least recent:
2025-02-24T03:48:09.655Z - info: 1. admin/appendixC-faq
2025-02-24T03:48:10.666Z - info: Rebuilding 1 pages
2025-02-24T03:48:11.216Z - error:  Error: No such segment '#team-problems-mia-member' in file: /Users/damithch/Repos/nus-cs2103/cs2103-website-base/admin/appendixF-teamworkIssues.md
Missing reference in /Users/damithch/Repos/nus-cs2103/cs2103-website-base/admin/faq-fragment.md
    at processInclude (/opt/homebrew/lib/node_modules/markbind-cli/node_modules/@markbind/core/src/html/includePanelProcessor.js:238:27)
    at NodeProcessor.processNode (/opt/homebrew/lib/node_modules/markbind-cli/node_modules/@markbind/core/src/html/NodeProcessor.js:173:71)
    at NodeProcessor.traverse (/opt/homebrew/lib/node_modules/markbind-cli/node_modules/@markbind/core/src/html/NodeProcessor.js:342:24)
    at /opt/homebrew/lib/node_modules/markbind-cli/node_modules/@markbind/core/src/html/NodeProcessor.js:346:22
    at Array.forEach (<anonymous>)
    at NodeProcessor.traverse (/opt/homebrew/lib/node_modules/markbind-cli/node_modules/@markbind/core/src/html/NodeProcessor.js:345:27)
    at /opt/homebrew/lib/node_modules/markbind-cli/node_modules/@markbind/core/src/html/NodeProcessor.js:346:22
    at Array.forEach (<anonymous>)
    at NodeProcessor.traverse (/opt/homebrew/lib/node_modules/markbind-cli/node_modules/@markbind/core/src/html/NodeProcessor.js:345:27)
    at /opt/homebrew/lib/node_modules/markbind-cli/node_modules/@markbind/core/src/html/NodeProcessor.js:346:22
    at Array.forEach (<anonymous>)
    at NodeProcessor.traverse (/opt/homebrew/lib/node_modules/markbind-cli/node_modules/@markbind/core/src/html/NodeProcessor.js:345:27)
    at /opt/homebrew/lib/node_modules/markbind-cli/node_modules/@markbind/core/src/html/NodeProcessor.js:346:22
    at Array.forEach (<anonymous>)
    at NodeProcessor.traverse (/opt/homebrew/lib/node_modules/markbind-cli/node_modules/@markbind/core/src/html/NodeProcessor.js:345:27)
    at /opt/homebrew/lib/node_modules/markbind-cli/node_modules/@markbind/core/src/html/NodeProcessor.js:346:22
2025-02-24T03:48:12.088Z - info: Site data built
2025-02-24T03:48:12.088Z - info: Pages rebuilt
2025-02-24T03:48:12.088Z - info: Website regeneration complete! Total build time: 1.425s
2025-02-24T03:48:53.425Z - info: [11:48:53] Reload for file change: /Users/damithch/Repos/nus-cs2103/cs2103-website-base/admin/appendixF-teamworkIssues.md
2025-02-24T03:48:53.425Z - info: Synchronizing opened pages list before reload
2025-02-24T03:48:53.426Z - info: Current opened pages, from most-to-least recent:
2025-02-24T03:48:53.426Z - info: 1. admin/appendixC-faq
2025-02-24T03:48:54.441Z - info: Rebuilding 1 pages
2025-02-24T03:48:55.790Z - info: Site data built
2025-02-24T03:48:55.790Z - info: Pages rebuilt
2025-02-24T03:48:55.790Z - info: Website regeneration complete! Total build time: 1.358s
2025-02-24T03:49:41.104Z - info: Website generation started at 11:49:40
2025-02-24T03:49:41.373Z - warn: ENOENT: no such file or directory, open '/Users/damithch/Repos/nus-cs2103/cs2103-website-base/node_modules/.cache/gh-pages/https!github.com!nus-cs2103-AY2425S2!website.git/book/_markbind/variables.md'
2025-02-24T03:49:41.374Z - warn: ENOENT: no such file or directory, open '/Users/damithch/Repos/nus-cs2103/cs2103-website-base/node_modules/.cache/gh-pages/https!github.com!nus-cs2103-AY2425S2!website.git/_markbind/variables.md'
2025-02-24T03:49:41.394Z - info: Building assets...
