2025-01-29T19:12:26.067Z - info: Website generation started at 03:12:25
2025-01-29T19:12:26.377Z - warn: ENOENT: no such file or directory, open '/Users/damithch/Repos/nus-cs2103/cs2103-website-base/node_modules/.cache/gh-pages/https!github.com!nus-cs2103-AY2425S2!website.git/book/_markbind/variables.md'
2025-01-29T19:12:26.377Z - warn: ENOENT: no such file or directory, open '/Users/damithch/Repos/nus-cs2103/cs2103-website-base/node_modules/.cache/gh-pages/https!github.com!nus-cs2103-AY2425S2!website.git/_markbind/variables.md'
2025-01-29T19:12:26.395Z - info: Building assets...
2025-01-29T19:12:27.835Z - info: Assets built
2025-01-29T19:12:27.835Z - info: Generating pages...
2025-01-29T19:12:33.776Z - debug:  
2025-01-29T19:12:33.776Z - debug: 2025-01-30 03:12:30.407 java[73447:6497028] +[IMKClient subclass]: chose IMKClient_Modern
2025-01-30 03:12:30.407 java[73447:6497028] +[IMKInputSession subclass]: chose IMKInputSession_Modern

2025-01-29T19:12:33.776Z - debug:  
2025-01-29T19:12:33.776Z - debug:  
2025-01-29T19:12:33.776Z - debug:  
2025-01-29T19:12:33.776Z - debug:  
2025-01-29T19:12:33.776Z - debug:  
2025-01-29T19:12:33.776Z - debug:  
2025-01-29T19:12:33.776Z - debug:  
2025-01-29T19:12:33.776Z - debug:  
2025-01-29T19:12:33.776Z - debug:  
2025-01-29T19:12:33.776Z - debug:  
2025-01-29T19:12:33.776Z - debug: 2025-01-30 03:12:31.425 java[73476:6497259] +[IMKClient subclass]: chose IMKClient_Modern
2025-01-30 03:12:31.425 java[73476:6497259] +[IMKInputSession subclass]: chose IMKInputSession_Modern

2025-01-29T19:12:33.872Z - debug:  
2025-01-29T19:12:33.872Z - debug:  
2025-01-29T19:12:33.872Z - debug:  
2025-01-29T19:12:34.901Z - debug: 2025-01-30 03:12:34.134 java[73505:6497993] +[IMKClient subclass]: chose IMKClient_Modern
2025-01-30 03:12:34.134 java[73505:6497993] +[IMKInputSession subclass]: chose IMKInputSession_Modern

2025-01-29T19:12:44.078Z - debug: 2025-01-30 03:12:43.337 java[73520:6498208] +[IMKClient subclass]: chose IMKClient_Modern
2025-01-30 03:12:43.337 java[73520:6498208] +[IMKInputSession subclass]: chose IMKInputSession_Modern

2025-01-29T19:13:26.043Z - debug: 2025-01-30 03:13:23.702 java[73539:6498788] +[IMKClient subclass]: chose IMKClient_Modern
2025-01-30 03:13:23.702 java[73539:6498788] +[IMKInputSession subclass]: chose IMKInputSession_Modern

2025-01-29T19:13:36.028Z - debug:  
2025-01-29T19:13:36.051Z - debug: 2025-01-30 03:13:35.262 java[73549:6499062] +[IMKClient subclass]: chose IMKClient_Modern
2025-01-30 03:13:35.262 java[73549:6499062] +[IMKInputSession subclass]: chose IMKInputSession_Modern

2025-01-29T19:13:41.563Z - info: Pages built
2025-01-29T19:13:41.627Z - info: Site data built
2025-01-29T19:13:41.628Z - info: Website generation complete! Total build time: 76.339s
2025-01-29T19:13:41.628Z - info: Build success!
2025-01-29T19:14:01.775Z - info: The website has been deployed at: https://nus-cs2103-ay2425s2.github.io/website
2025-01-30T05:22:45.027Z - info: Website generation (lazy) started at 13:22:44
2025-01-30T05:22:45.361Z - warn: ENOENT: no such file or directory, open '/Users/damithch/Repos/nus-cs2103/cs2103-website-base/node_modules/.cache/gh-pages/https!github.com!nus-cs2103-AY2425S2!website.git/book/_markbind/variables.md'
2025-01-30T05:22:45.361Z - warn: ENOENT: no such file or directory, open '/Users/damithch/Repos/nus-cs2103/cs2103-website-base/node_modules/.cache/gh-pages/https!github.com!nus-cs2103-AY2425S2!website.git/_markbind/variables.md'
2025-01-30T05:22:45.380Z - info: Building assets...
2025-01-30T05:22:47.312Z - info: Assets built
2025-01-30T05:22:47.313Z - info: Generating landing page...
2025-01-30T05:22:47.816Z - info: Landing page built, other pages will be built as you navigate to them!
2025-01-30T05:22:47.883Z - info: Site data built
2025-01-30T05:22:47.883Z - info: Website generation (lazy) complete! Total build time: 3.657s
2025-01-30T05:22:47.894Z - info: Serving "/Users/damithch/Repos/nus-cs2103/cs2103-website-base/_site" at http://127.0.0.1:8080
2025-01-30T05:22:47.894Z - info: Press CTRL+C to stop ...
2025-01-30T05:23:25.948Z - info: Building /Users/damithch/Repos/nus-cs2103/cs2103-website-base/admin/tp-w9 as some of its dependencies were changed since the last visit
2025-01-30T05:23:26.773Z - info: Site data built
2025-01-30T05:23:26.773Z - info: Lazy website regeneration complete! Total build time: 0.826s
2025-01-30T05:23:34.517Z - info: Building /Users/damithch/Repos/nus-cs2103/cs2103-website-base/admin/tp-timeline as some of its dependencies were changed since the last visit
2025-01-30T05:23:35.972Z - debug: 2025-01-30 13:23:35.248 java[88056:6742437] +[IMKClient subclass]: chose IMKClient_Modern
2025-01-30 13:23:35.248 java[88056:6742437] +[IMKInputSession subclass]: chose IMKInputSession_Modern

2025-01-30T05:23:35.973Z - debug:  
2025-01-30T05:23:36.062Z - info: Site data built
2025-01-30T05:23:36.062Z - info: Lazy website regeneration complete! Total build time: 1.545s
2025-01-30T05:27:17.589Z - info: Building /Users/damithch/Repos/nus-cs2103/cs2103-website-base/admin/tp-w10 as some of its dependencies were changed since the last visit
2025-01-30T05:27:18.538Z - info: Site data built
2025-01-30T05:27:18.538Z - info: Lazy website regeneration complete! Total build time: 0.95s
2025-01-30T05:30:28.413Z - info: Building /Users/damithch/Repos/nus-cs2103/cs2103-website-base/admin/tp-w11 as some of its dependencies were changed since the last visit
2025-01-30T05:30:30.170Z - info: Site data built
2025-01-30T05:30:30.170Z - info: Lazy website regeneration complete! Total build time: 1.758s
2025-01-30T05:31:13.227Z - info: Building /Users/damithch/Repos/nus-cs2103/cs2103-website-base/admin/tp-w12 as some of its dependencies were changed since the last visit
2025-01-30T05:31:14.908Z - info: Site data built
2025-01-30T05:31:14.908Z - info: Lazy website regeneration complete! Total build time: 1.682s
2025-01-30T06:14:11.545Z - info: [14:14:11] Reload for file change: /Users/damithch/Repos/nus-cs2103/cs2103-website-base/admin/tp-tasks-fragment.md
2025-01-30T06:14:11.546Z - info: Synchronizing opened pages list before reload
2025-01-30T06:14:11.547Z - info: Current opened pages, from most-to-least recent:
2025-01-30T06:14:11.548Z - info: 1. admin/tp-w12
2025-01-30T06:14:12.554Z - info: Rebuilding 1 pages
2025-01-30T06:14:14.310Z - info: Site data built
2025-01-30T06:14:14.310Z - info: Pages rebuilt
2025-01-30T06:14:14.311Z - info: Website regeneration complete! Total build time: 1.757s
2025-01-30T06:21:29.981Z - info: [14:21:29] Reload for file change: /Users/damithch/Repos/nus-cs2103/cs2103-website-base/admin/tp-tasks-fragment.md
2025-01-30T06:21:29.986Z - info: Synchronizing opened pages list before reload
2025-01-30T06:21:29.987Z - info: Current opened pages, from most-to-least recent:
2025-01-30T06:21:29.987Z - info: 1. admin/tp-w12
2025-01-30T06:21:30.994Z - info: Rebuilding 1 pages
2025-01-30T06:21:32.762Z - info: Site data built
2025-01-30T06:21:32.762Z - info: Pages rebuilt
2025-01-30T06:21:32.762Z - info: Website regeneration complete! Total build time: 1.77s
2025-01-30T06:24:53.581Z - info: [14:24:53] Reload for file change: /Users/damithch/Repos/nus-cs2103/cs2103-website-base/admin/tp-tasks-fragment.md
2025-01-30T06:24:53.589Z - info: Synchronizing opened pages list before reload
2025-01-30T06:24:53.590Z - info: Current opened pages, from most-to-least recent:
2025-01-30T06:24:53.592Z - info: 1. admin/tp-w12
2025-01-30T06:24:54.610Z - info: Rebuilding 1 pages
2025-01-30T06:24:56.341Z - info: Site data built
2025-01-30T06:24:56.341Z - info: Pages rebuilt
2025-01-30T06:24:56.341Z - info: Website regeneration complete! Total build time: 1.734s
2025-01-30T06:28:45.139Z - info: [14:28:45] Reload for file change: /Users/damithch/Repos/nus-cs2103/cs2103-website-base/admin/tp-tasks-fragment.md
2025-01-30T06:28:45.142Z - info: Synchronizing opened pages list before reload
2025-01-30T06:28:45.143Z - info: Current opened pages, from most-to-least recent:
2025-01-30T06:28:45.144Z - info: 1. admin/tp-w12
2025-01-30T06:28:46.156Z - info: Rebuilding 1 pages
2025-01-30T06:28:47.891Z - info: Site data built
2025-01-30T06:28:47.891Z - info: Pages rebuilt
2025-01-30T06:28:47.891Z - info: Website regeneration complete! Total build time: 1.74s
2025-01-30T06:30:55.854Z - info: [14:30:55] Reload for file change: /Users/damithch/Repos/nus-cs2103/cs2103-website-base/admin/tp-tasks-fragment.md
2025-01-30T06:30:55.862Z - info: Synchronizing opened pages list before reload
2025-01-30T06:30:55.865Z - info: Current opened pages, from most-to-least recent:
2025-01-30T06:30:55.866Z - info: 1. admin/tp-w12
2025-01-30T06:30:56.896Z - info: Rebuilding 1 pages
2025-01-30T06:30:58.648Z - info: Site data built
2025-01-30T06:30:58.648Z - info: Pages rebuilt
2025-01-30T06:30:58.648Z - info: Website regeneration complete! Total build time: 1.756s
2025-01-30T06:32:35.722Z - info: [14:32:35] Reload for file change: /Users/damithch/Repos/nus-cs2103/cs2103-website-base/admin/tp-tasks-fragment.md
2025-01-30T06:32:35.724Z - info: Synchronizing opened pages list before reload
2025-01-30T06:32:35.725Z - info: Current opened pages, from most-to-least recent:
2025-01-30T06:32:35.726Z - info: 1. admin/tp-w12
2025-01-30T06:32:36.767Z - info: Rebuilding 1 pages
2025-01-30T06:32:38.516Z - info: Site data built
2025-01-30T06:32:38.516Z - info: Pages rebuilt
2025-01-30T06:32:38.516Z - info: Website regeneration complete! Total build time: 1.753s
2025-01-30T06:40:37.416Z - info: [14:40:37] Reload for file change: /Users/damithch/Repos/nus-cs2103/cs2103-website-base/admin/tp-tasks-fragment.md
2025-01-30T06:40:37.418Z - info: Synchronizing opened pages list before reload
2025-01-30T06:40:37.418Z - info: Current opened pages, from most-to-least recent:
2025-01-30T06:40:37.419Z - info: 1. admin/tp-w12
2025-01-30T06:40:38.432Z - info: Rebuilding 1 pages
2025-01-30T06:40:40.083Z - info: Site data built
2025-01-30T06:40:40.083Z - info: Pages rebuilt
2025-01-30T06:40:40.083Z - info: Website regeneration complete! Total build time: 1.655s
2025-01-30T06:41:32.519Z - info: [14:41:32] Reload for file change: /Users/damithch/Repos/nus-cs2103/cs2103-website-base/admin/tp-tasks-fragment.md
2025-01-30T06:41:32.520Z - info: Synchronizing opened pages list before reload
2025-01-30T06:41:32.520Z - info: Current opened pages, from most-to-least recent:
2025-01-30T06:41:32.520Z - info: 1. admin/tp-w12
2025-01-30T06:41:33.538Z - info: Rebuilding 1 pages
2025-01-30T06:41:35.236Z - info: Site data built
2025-01-30T06:41:35.237Z - info: Pages rebuilt
2025-01-30T06:41:35.237Z - info: Website regeneration complete! Total build time: 1.702s
2025-01-30T06:45:09.687Z - info: [14:45:09] Reload for file change: /Users/damithch/Repos/nus-cs2103/cs2103-website-base/admin/tp-tasks-fragment.md
2025-01-30T06:45:09.700Z - info: Synchronizing opened pages list before reload
2025-01-30T06:45:09.701Z - info: Current opened pages, from most-to-least recent:
2025-01-30T06:45:09.701Z - info: 1. admin/tp-w12
2025-01-30T06:45:10.720Z - info: Rebuilding 1 pages
2025-01-30T06:45:12.381Z - info: Site data built
2025-01-30T06:45:12.381Z - info: Pages rebuilt
2025-01-30T06:45:12.381Z - info: Website regeneration complete! Total build time: 1.666s
2025-01-30T06:51:59.992Z - info: [14:51:59] Reload for file change: /Users/damithch/Repos/nus-cs2103/cs2103-website-base/admin/tp-tasks-fragment.md
2025-01-30T06:51:59.993Z - info: Synchronizing opened pages list before reload
2025-01-30T06:51:59.998Z - info: Current opened pages, from most-to-least recent:
2025-01-30T06:51:59.999Z - info: 1. admin/tp-w12
2025-01-30T06:52:01.024Z - info: Rebuilding 1 pages
2025-01-30T06:52:02.708Z - info: Site data built
2025-01-30T06:52:02.708Z - info: Pages rebuilt
2025-01-30T06:52:02.708Z - info: Website regeneration complete! Total build time: 1.687s
2025-01-30T06:57:40.791Z - info: [14:57:40] Reload for file change: /Users/damithch/Repos/nus-cs2103/cs2103-website-base/admin/tp-tasks-fragment.md
2025-01-30T06:57:40.796Z - info: Synchronizing opened pages list before reload
2025-01-30T06:57:40.797Z - info: Current opened pages, from most-to-least recent:
2025-01-30T06:57:40.797Z - info: 1. admin/tp-w12
2025-01-30T06:57:41.804Z - info: Rebuilding 1 pages
2025-01-30T06:57:43.480Z - info: Site data built
2025-01-30T06:57:43.480Z - info: Pages rebuilt
2025-01-30T06:57:43.480Z - info: Website regeneration complete! Total build time: 1.678s
2025-01-30T06:58:57.874Z - info: [14:58:57] Reload for file change: /Users/damithch/Repos/nus-cs2103/cs2103-website-base/admin/tp-tasks-fragment.md
2025-01-30T06:58:57.883Z - info: Synchronizing opened pages list before reload
2025-01-30T06:58:57.885Z - info: Current opened pages, from most-to-least recent:
2025-01-30T06:58:57.885Z - info: 1. admin/tp-w12
2025-01-30T06:58:58.896Z - info: Rebuilding 1 pages
2025-01-30T06:59:00.588Z - info: Site data built
2025-01-30T06:59:00.588Z - info: Pages rebuilt
2025-01-30T06:59:00.588Z - info: Website regeneration complete! Total build time: 1.695s
2025-01-30T07:05:11.016Z - info: [15:05:11] Reload for file change: /Users/damithch/Repos/nus-cs2103/cs2103-website-base/admin/tp-tasks-fragment.md
2025-01-30T07:05:11.017Z - info: Synchronizing opened pages list before reload
2025-01-30T07:05:11.018Z - info: Current opened pages, from most-to-least recent:
2025-01-30T07:05:11.018Z - info: 1. admin/tp-w12
2025-01-30T07:05:12.030Z - info: Rebuilding 1 pages
2025-01-30T07:05:13.670Z - info: Site data built
2025-01-30T07:05:13.670Z - info: Pages rebuilt
2025-01-30T07:05:13.670Z - info: Website regeneration complete! Total build time: 1.643s
2025-01-30T07:09:00.955Z - info: [15:09:00] Reload for file change: /Users/damithch/Repos/nus-cs2103/cs2103-website-base/admin/tp-tasks-fragment.md
2025-01-30T07:09:00.957Z - info: Synchronizing opened pages list before reload
2025-01-30T07:09:00.958Z - info: Current opened pages, from most-to-least recent:
2025-01-30T07:09:00.958Z - info: 1. admin/tp-w12
2025-01-30T07:09:01.970Z - info: Rebuilding 1 pages
2025-01-30T07:09:03.679Z - info: Site data built
2025-01-30T07:09:03.679Z - info: Pages rebuilt
2025-01-30T07:09:03.679Z - info: Website regeneration complete! Total build time: 1.712s
2025-01-30T07:12:30.454Z - info: [15:12:30] Reload for file change: /Users/damithch/Repos/nus-cs2103/cs2103-website-base/admin/tp-tasks-fragment.md
2025-01-30T07:12:30.466Z - info: Synchronizing opened pages list before reload
2025-01-30T07:12:30.468Z - info: Current opened pages, from most-to-least recent:
2025-01-30T07:12:30.468Z - info: 1. admin/tp-w12
2025-01-30T07:12:31.476Z - info: Rebuilding 1 pages
2025-01-30T07:12:33.175Z - info: Site data built
2025-01-30T07:12:33.175Z - info: Pages rebuilt
2025-01-30T07:12:33.175Z - info: Website regeneration complete! Total build time: 1.702s
2025-01-30T07:16:01.019Z - info: [15:16:01] Reload for file change: /Users/damithch/Repos/nus-cs2103/cs2103-website-base/admin/tp-tasks-fragment.md
2025-01-30T07:16:01.020Z - info: Synchronizing opened pages list before reload
2025-01-30T07:16:01.024Z - info: Current opened pages, from most-to-least recent:
2025-01-30T07:16:01.024Z - info: 1. admin/tp-w12
2025-01-30T07:16:02.039Z - info: Rebuilding 1 pages
2025-01-30T07:16:03.709Z - info: Site data built
2025-01-30T07:16:03.710Z - info: Pages rebuilt
2025-01-30T07:16:03.710Z - info: Website regeneration complete! Total build time: 1.675s
2025-01-30T07:18:58.538Z - info: [15:18:58] Reload for file change: /Users/damithch/Repos/nus-cs2103/cs2103-website-base/admin/tp-tasks-fragment.md
2025-01-30T07:18:58.543Z - info: Synchronizing opened pages list before reload
2025-01-30T07:18:58.544Z - info: Current opened pages, from most-to-least recent:
2025-01-30T07:18:58.544Z - info: 1. admin/tp-w12
2025-01-30T07:18:59.556Z - info: Rebuilding 1 pages
2025-01-30T07:19:01.240Z - info: Site data built
2025-01-30T07:19:01.240Z - info: Pages rebuilt
2025-01-30T07:19:01.240Z - info: Website regeneration complete! Total build time: 1.688s
2025-01-30T07:25:22.991Z - info: [15:25:22] Reload for file change: /Users/damithch/Repos/nus-cs2103/cs2103-website-base/admin/tp-tasks-fragment.md
2025-01-30T07:25:22.992Z - info: Synchronizing opened pages list before reload
2025-01-30T07:25:22.994Z - info: Current opened pages, from most-to-least recent:
2025-01-30T07:25:22.995Z - info: 1. admin/tp-w12
2025-01-30T07:25:24.008Z - info: Rebuilding 1 pages
2025-01-30T07:25:25.733Z - info: Site data built
2025-01-30T07:25:25.733Z - info: Pages rebuilt
2025-01-30T07:25:25.733Z - info: Website regeneration complete! Total build time: 1.727s
2025-01-30T07:32:09.557Z - info: [15:32:09] Reload for file change: /Users/damithch/Repos/nus-cs2103/cs2103-website-base/admin/tp-tasks-fragment.md
2025-01-30T07:32:09.565Z - info: Synchronizing opened pages list before reload
2025-01-30T07:32:09.568Z - info: Current opened pages, from most-to-least recent:
2025-01-30T07:32:09.569Z - info: 1. admin/tp-w12
2025-01-30T07:32:10.582Z - info: Rebuilding 1 pages
2025-01-30T07:32:12.269Z - info: Site data built
2025-01-30T07:32:12.269Z - info: Pages rebuilt
2025-01-30T07:32:12.269Z - info: Website regeneration complete! Total build time: 1.691s
2025-01-30T07:32:47.566Z - info: [15:32:47] Reload for file change: /Users/damithch/Repos/nus-cs2103/cs2103-website-base/admin/tp-tasks-fragment.md
2025-01-30T07:32:47.567Z - info: Synchronizing opened pages list before reload
2025-01-30T07:32:47.568Z - info: Current opened pages, from most-to-least recent:
2025-01-30T07:32:47.568Z - info: 1. admin/tp-w12
2025-01-30T07:32:48.582Z - info: Rebuilding 1 pages
2025-01-30T07:32:50.282Z - info: Site data built
2025-01-30T07:32:50.282Z - info: Pages rebuilt
2025-01-30T07:32:50.282Z - info: Website regeneration complete! Total build time: 1.704s
2025-01-30T07:38:37.306Z - info: [15:38:37] Reload for file change: /Users/damithch/Repos/nus-cs2103/cs2103-website-base/admin/tp-tasks-fragment.md
2025-01-30T07:38:37.312Z - info: Synchronizing opened pages list before reload
2025-01-30T07:38:37.315Z - info: Current opened pages, from most-to-least recent:
2025-01-30T07:38:37.316Z - info: 1. admin/tp-w12
2025-01-30T07:38:38.356Z - info: Rebuilding 1 pages
2025-01-30T07:38:40.002Z - info: Site data built
2025-01-30T07:38:40.002Z - info: Pages rebuilt
2025-01-30T07:38:40.002Z - info: Website regeneration complete! Total build time: 1.653s
2025-01-30T07:41:55.970Z - info: [15:41:55] Reload for file change: /Users/damithch/Repos/nus-cs2103/cs2103-website-base/admin/tp-tasks-fragment.md
2025-01-30T07:41:55.987Z - info: Synchronizing opened pages list before reload
2025-01-30T07:41:56.006Z - info: Current opened pages, from most-to-least recent:
2025-01-30T07:41:56.007Z - info: 1. admin/tp-w12
2025-01-30T07:41:57.022Z - info: Rebuilding 1 pages
2025-01-30T07:41:58.675Z - info: Site data built
2025-01-30T07:41:58.675Z - info: Pages rebuilt
2025-01-30T07:41:58.675Z - info: Website regeneration complete! Total build time: 1.656s
2025-01-30T07:42:14.771Z - info: [15:42:14] Reload for file change: /Users/damithch/Repos/nus-cs2103/cs2103-website-base/admin/tp-tasks-fragment.md
2025-01-30T07:42:14.772Z - info: Synchronizing opened pages list before reload
2025-01-30T07:42:14.773Z - info: Current opened pages, from most-to-least recent:
2025-01-30T07:42:14.773Z - info: 1. admin/tp-w12
2025-01-30T07:42:15.787Z - info: Rebuilding 1 pages
2025-01-30T07:42:17.421Z - info: Site data built
2025-01-30T07:42:17.421Z - info: Pages rebuilt
2025-01-30T07:42:17.421Z - info: Website regeneration complete! Total build time: 1.637s
2025-01-30T08:06:56.692Z - info: [16:06:56] Reload for file change: /Users/damithch/Repos/nus-cs2103/cs2103-website-base/admin/tp-tasks-fragment.md
2025-01-30T08:06:56.694Z - info: Synchronizing opened pages list before reload
2025-01-30T08:06:56.695Z - info: Current opened pages, from most-to-least recent:
2025-01-30T08:06:56.695Z - info: 1. admin/tp-w12
2025-01-30T08:06:57.707Z - info: Rebuilding 1 pages
2025-01-30T08:06:59.352Z - info: Site data built
2025-01-30T08:06:59.352Z - info: Pages rebuilt
2025-01-30T08:06:59.352Z - info: Website regeneration complete! Total build time: 1.65s
2025-01-30T08:09:52.276Z - info: [16:09:52] Reload for file change: /Users/damithch/Repos/nus-cs2103/cs2103-website-base/admin/tp-tasks-fragment.md
2025-01-30T08:09:52.279Z - info: Synchronizing opened pages list before reload
2025-01-30T08:09:52.280Z - info: Current opened pages, from most-to-least recent:
2025-01-30T08:09:52.280Z - info: 1. admin/tp-w12
2025-01-30T08:09:53.295Z - info: Rebuilding 1 pages
2025-01-30T08:09:54.945Z - info: Site data built
2025-01-30T08:09:54.945Z - info: Pages rebuilt
2025-01-30T08:09:54.945Z - info: Website regeneration complete! Total build time: 1.655s
2025-01-30T08:10:10.558Z - info: [16:10:10] Reload for file change: /Users/damithch/Repos/nus-cs2103/cs2103-website-base/admin/tp-tasks-fragment.md
2025-01-30T08:10:10.560Z - info: Synchronizing opened pages list before reload
2025-01-30T08:10:10.560Z - info: Current opened pages, from most-to-least recent:
2025-01-30T08:10:10.560Z - info: 1. admin/tp-w12
2025-01-30T08:10:11.571Z - info: Rebuilding 1 pages
2025-01-30T08:10:13.190Z - info: Site data built
2025-01-30T08:10:13.190Z - info: Pages rebuilt
2025-01-30T08:10:13.190Z - info: Website regeneration complete! Total build time: 1.62s
2025-01-30T08:12:02.503Z - info: [16:12:02] Reload for file change: /Users/damithch/Repos/nus-cs2103/cs2103-website-base/admin/tp-tasks-fragment.md
2025-01-30T08:12:02.508Z - info: Synchronizing opened pages list before reload
2025-01-30T08:12:02.512Z - info: Current opened pages, from most-to-least recent:
2025-01-30T08:12:02.512Z - info: 1. admin/tp-w12
2025-01-30T08:12:03.533Z - info: Rebuilding 1 pages
2025-01-30T08:12:05.247Z - info: Site data built
2025-01-30T08:12:05.247Z - info: Pages rebuilt
2025-01-30T08:12:05.247Z - info: Website regeneration complete! Total build time: 1.717s
2025-01-30T08:12:51.867Z - info: [16:12:51] Reload for file change: /Users/damithch/Repos/nus-cs2103/cs2103-website-base/admin/tp-tasks-fragment.md
2025-01-30T08:12:51.869Z - info: Synchronizing opened pages list before reload
2025-01-30T08:12:51.869Z - info: Current opened pages, from most-to-least recent:
2025-01-30T08:12:51.870Z - info: 1. admin/tp-w12
2025-01-30T08:12:52.882Z - info: Rebuilding 1 pages
2025-01-30T08:12:54.539Z - info: Site data built
2025-01-30T08:12:54.539Z - info: Pages rebuilt
2025-01-30T08:12:54.539Z - info: Website regeneration complete! Total build time: 1.66s
2025-01-30T08:13:05.522Z - info: [16:13:05] Reload for file change: /Users/damithch/Repos/nus-cs2103/cs2103-website-base/admin/tp-tasks-fragment.md
2025-01-30T08:13:05.522Z - info: Synchronizing opened pages list before reload
2025-01-30T08:13:05.523Z - info: Current opened pages, from most-to-least recent:
2025-01-30T08:13:05.523Z - info: 1. admin/tp-w12
2025-01-30T08:13:06.532Z - info: Rebuilding 1 pages
2025-01-30T08:13:08.197Z - info: Site data built
2025-01-30T08:13:08.197Z - info: Pages rebuilt
2025-01-30T08:13:08.197Z - info: Website regeneration complete! Total build time: 1.669s
2025-01-30T08:15:51.806Z - info: [16:15:51] Reload for file change: /Users/damithch/Repos/nus-cs2103/cs2103-website-base/admin/tp-tasks-fragment.md
2025-01-30T08:15:51.807Z - info: Synchronizing opened pages list before reload
2025-01-30T08:15:51.808Z - info: Current opened pages, from most-to-least recent:
2025-01-30T08:15:51.809Z - info: 1. admin/tp-w12
2025-01-30T08:15:52.823Z - info: Rebuilding 1 pages
2025-01-30T08:15:54.475Z - info: Site data built
2025-01-30T08:15:54.475Z - info: Pages rebuilt
2025-01-30T08:15:54.475Z - info: Website regeneration complete! Total build time: 1.66s
2025-01-30T08:16:41.702Z - info: Building /Users/damithch/Repos/nus-cs2103/cs2103-website-base/admin/tp-w11 as some of its dependencies were changed since the last visit
2025-01-30T08:16:43.424Z - info: Site data built
2025-01-30T08:16:43.424Z - info: Lazy website regeneration complete! Total build time: 1.723s
2025-01-30T08:21:04.799Z - info: [16:21:04] Reload for file change: /Users/damithch/Repos/nus-cs2103/cs2103-website-base/admin/tp-tasks-fragment.md
2025-01-30T08:21:04.817Z - info: Synchronizing opened pages list before reload
2025-01-30T08:21:04.830Z - info: Current opened pages, from most-to-least recent:
2025-01-30T08:21:04.830Z - info: 1. admin/tp-w11
2025-01-30T08:21:05.901Z - info: Rebuilding 1 pages
2025-01-30T08:21:07.637Z - info: Site data built
2025-01-30T08:21:07.637Z - info: Pages rebuilt
2025-01-30T08:21:07.637Z - info: Website regeneration complete! Total build time: 1.739s
2025-01-30T08:30:17.473Z - info: [16:30:17] Reload for file change: /Users/damithch/Repos/nus-cs2103/cs2103-website-base/admin/tp-tasks-fragment.md
2025-01-30T08:30:17.499Z - info: Synchronizing opened pages list before reload
2025-01-30T08:30:17.506Z - info: Current opened pages, from most-to-least recent:
2025-01-30T08:30:17.508Z - info: 1. admin/tp-w11
2025-01-30T08:30:18.522Z - info: Rebuilding 1 pages
2025-01-30T08:30:20.248Z - info: Site data built
2025-01-30T08:30:20.248Z - info: Pages rebuilt
2025-01-30T08:30:20.248Z - info: Website regeneration complete! Total build time: 1.73s
2025-01-30T08:33:53.384Z - info: [16:33:53] Reload for file change: /Users/damithch/Repos/nus-cs2103/cs2103-website-base/admin/tp-tasks-fragment.md
2025-01-30T08:33:53.387Z - info: Synchronizing opened pages list before reload
2025-01-30T08:33:53.388Z - info: Current opened pages, from most-to-least recent:
2025-01-30T08:33:53.388Z - info: 1. admin/tp-w11
2025-01-30T08:33:54.411Z - info: Rebuilding 1 pages
2025-01-30T08:33:56.168Z - info: Site data built
2025-01-30T08:33:56.168Z - info: Pages rebuilt
2025-01-30T08:33:56.168Z - info: Website regeneration complete! Total build time: 1.765s
2025-01-30T08:34:43.750Z - info: [16:34:43] Reload for file change: /Users/damithch/Repos/nus-cs2103/cs2103-website-base/admin/tp-tasks-fragment.md
2025-01-30T08:34:43.751Z - info: Synchronizing opened pages list before reload
2025-01-30T08:34:43.751Z - info: Current opened pages, from most-to-least recent:
2025-01-30T08:34:43.751Z - info: 1. admin/tp-w11
2025-01-30T08:34:44.768Z - info: Rebuilding 1 pages
2025-01-30T08:34:46.511Z - info: Site data built
2025-01-30T08:34:46.511Z - info: Pages rebuilt
2025-01-30T08:34:46.511Z - info: Website regeneration complete! Total build time: 1.745s
2025-01-30T08:37:46.000Z - info: [16:37:46] Reload for file change: /Users/damithch/Repos/nus-cs2103/cs2103-website-base/admin/tp-tasks-fragment.md
2025-01-30T08:37:46.001Z - info: Synchronizing opened pages list before reload
2025-01-30T08:37:46.002Z - info: Current opened pages, from most-to-least recent:
2025-01-30T08:37:46.002Z - info: 1. admin/tp-w11
2025-01-30T08:37:47.017Z - info: Rebuilding 1 pages
2025-01-30T08:37:48.754Z - info: Site data built
2025-01-30T08:37:48.754Z - info: Pages rebuilt
2025-01-30T08:37:48.754Z - info: Website regeneration complete! Total build time: 1.746s
2025-01-30T08:38:47.373Z - info: [16:38:47] Reload for file change: /Users/damithch/Repos/nus-cs2103/cs2103-website-base/admin/tp-tasks-fragment.md
2025-01-30T08:38:47.402Z - info: Synchronizing opened pages list before reload
2025-01-30T08:38:47.407Z - info: Current opened pages, from most-to-least recent:
2025-01-30T08:38:47.408Z - info: 1. admin/tp-w11
2025-01-30T08:38:48.456Z - info: Rebuilding 1 pages
2025-01-30T08:38:50.165Z - info: Site data built
2025-01-30T08:38:50.165Z - info: Pages rebuilt
2025-01-30T08:38:50.165Z - info: Website regeneration complete! Total build time: 1.713s
2025-01-30T08:40:48.586Z - info: [16:40:48] Reload for file change: /Users/damithch/Repos/nus-cs2103/cs2103-website-base/admin/tp-tasks-fragment.md
2025-01-30T08:40:48.589Z - info: Synchronizing opened pages list before reload
2025-01-30T08:40:48.593Z - info: Current opened pages, from most-to-least recent:
2025-01-30T08:40:48.594Z - info: 1. admin/tp-w11
2025-01-30T08:40:49.602Z - info: Rebuilding 1 pages
2025-01-30T08:40:51.330Z - info: Site data built
2025-01-30T08:40:51.330Z - info: Pages rebuilt
2025-01-30T08:40:51.330Z - info: Website regeneration complete! Total build time: 1.731s
2025-01-30T08:41:25.276Z - info: [16:41:25] Reload for file change: /Users/damithch/Repos/nus-cs2103/cs2103-website-base/admin/tp-tasks-fragment.md
2025-01-30T08:41:25.285Z - info: Synchronizing opened pages list before reload
2025-01-30T08:41:25.308Z - info: Current opened pages, from most-to-least recent:
2025-01-30T08:41:25.310Z - info: 1. admin/tp-w11
2025-01-30T08:41:26.327Z - info: Rebuilding 1 pages
2025-01-30T08:41:28.057Z - info: Site data built
2025-01-30T08:41:28.057Z - info: Pages rebuilt
2025-01-30T08:41:28.057Z - info: Website regeneration complete! Total build time: 1.733s
2025-01-30T08:41:47.507Z - info: [16:41:47] Reload for file change: /Users/damithch/Repos/nus-cs2103/cs2103-website-base/admin/tp-tasks-fragment.md
2025-01-30T08:41:47.508Z - info: Synchronizing opened pages list before reload
2025-01-30T08:41:47.508Z - info: Current opened pages, from most-to-least recent:
2025-01-30T08:41:47.509Z - info: 1. admin/tp-w11
2025-01-30T08:41:48.524Z - info: Rebuilding 1 pages
2025-01-30T08:41:50.237Z - info: Site data built
2025-01-30T08:41:50.237Z - info: Pages rebuilt
2025-01-30T08:41:50.237Z - info: Website regeneration complete! Total build time: 1.716s
2025-01-30T08:42:49.132Z - info: [16:42:49] Reload for file change: /Users/damithch/Repos/nus-cs2103/cs2103-website-base/admin/tp-tasks-fragment.md
2025-01-30T08:42:49.133Z - info: Synchronizing opened pages list before reload
2025-01-30T08:42:49.135Z - info: Current opened pages, from most-to-least recent:
2025-01-30T08:42:49.135Z - info: 1. admin/tp-w11
2025-01-30T08:42:50.147Z - info: Rebuilding 1 pages
2025-01-30T08:42:51.902Z - info: Site data built
2025-01-30T08:42:51.902Z - info: Pages rebuilt
2025-01-30T08:42:51.902Z - info: Website regeneration complete! Total build time: 1.758s
2025-01-30T08:43:49.259Z - info: [16:43:49] Reload for file change: /Users/damithch/Repos/nus-cs2103/cs2103-website-base/admin/tp-tasks-fragment.md
2025-01-30T08:43:49.260Z - info: Synchronizing opened pages list before reload
2025-01-30T08:43:49.262Z - info: Current opened pages, from most-to-least recent:
2025-01-30T08:43:49.264Z - info: 1. admin/tp-w11
2025-01-30T08:43:50.282Z - info: Rebuilding 1 pages
2025-01-30T08:43:52.003Z - info: Site data built
2025-01-30T08:43:52.003Z - info: Pages rebuilt
2025-01-30T08:43:52.003Z - info: Website regeneration complete! Total build time: 1.725s
2025-01-30T08:46:47.213Z - info: [16:46:47] Reload for file change: /Users/damithch/Repos/nus-cs2103/cs2103-website-base/admin/tp-deliverables-dg-fragment.md
2025-01-30T08:46:47.228Z - info: Synchronizing opened pages list before reload
2025-01-30T08:46:47.230Z - info: Current opened pages, from most-to-least recent:
2025-01-30T08:46:47.230Z - info: 1. admin/tp-w11
2025-01-30T08:46:48.238Z - info: Rebuilding 1 pages
2025-01-30T08:46:50.008Z - info: Site data built
2025-01-30T08:46:50.008Z - info: Pages rebuilt
2025-01-30T08:46:50.008Z - info: Website regeneration complete! Total build time: 1.772s
2025-01-30T08:52:10.114Z - info: [16:52:10] Reload for file change: /Users/damithch/Repos/nus-cs2103/cs2103-website-base/admin/tp-tasks-fragment.md
2025-01-30T08:52:10.126Z - info: Synchronizing opened pages list before reload
2025-01-30T08:52:10.134Z - info: Current opened pages, from most-to-least recent:
2025-01-30T08:52:10.135Z - info: 1. admin/tp-w11
2025-01-30T08:52:11.151Z - info: Rebuilding 1 pages
2025-01-30T08:52:12.887Z - info: Site data built
2025-01-30T08:52:12.887Z - info: Pages rebuilt
2025-01-30T08:52:12.887Z - info: Website regeneration complete! Total build time: 1.739s
2025-01-30T08:54:15.593Z - info: [16:54:15] Reload for file change: /Users/damithch/Repos/nus-cs2103/cs2103-website-base/admin/tp-tasks-fragment.md
2025-01-30T08:54:15.600Z - info: Synchronizing opened pages list before reload
2025-01-30T08:54:15.603Z - info: Current opened pages, from most-to-least recent:
2025-01-30T08:54:15.605Z - info: 1. admin/tp-w11
2025-01-30T08:54:16.620Z - info: Rebuilding 1 pages
2025-01-30T08:54:18.316Z - info: Site data built
2025-01-30T08:54:18.316Z - info: Pages rebuilt
2025-01-30T08:54:18.316Z - info: Website regeneration complete! Total build time: 1.699s
2025-01-30T08:55:12.615Z - info: [16:55:12] Reload for file change: /Users/damithch/Repos/nus-cs2103/cs2103-website-base/admin/tp-tasks-fragment.md
2025-01-30T08:55:12.619Z - info: Synchronizing opened pages list before reload
2025-01-30T08:55:12.623Z - info: Current opened pages, from most-to-least recent:
2025-01-30T08:55:12.623Z - info: 1. admin/tp-w11
2025-01-30T08:55:13.639Z - info: Rebuilding 1 pages
2025-01-30T08:55:15.560Z - info: Site data built
2025-01-30T08:55:15.561Z - info: Pages rebuilt
2025-01-30T08:55:15.561Z - info: Website regeneration complete! Total build time: 1.927s
2025-01-30T08:59:15.595Z - info: [16:59:15] Reload for file change: /Users/damithch/Repos/nus-cs2103/cs2103-website-base/admin/tp-tasks-fragment.md
2025-01-30T08:59:15.596Z - info: Synchronizing opened pages list before reload
2025-01-30T08:59:15.597Z - info: Current opened pages, from most-to-least recent:
2025-01-30T08:59:15.597Z - info: 1. admin/tp-w11
2025-01-30T08:59:16.612Z - info: Rebuilding 1 pages
2025-01-30T08:59:18.356Z - info: Site data built
2025-01-30T08:59:18.356Z - info: Pages rebuilt
2025-01-30T08:59:18.356Z - info: Website regeneration complete! Total build time: 1.748s
2025-01-30T09:01:01.708Z - info: [17:01:01] Reload for file change: /Users/damithch/Repos/nus-cs2103/cs2103-website-base/admin/tp-tasks-fragment.md
2025-01-30T09:01:01.711Z - info: Synchronizing opened pages list before reload
2025-01-30T09:01:01.713Z - info: Current opened pages, from most-to-least recent:
2025-01-30T09:01:01.713Z - info: 1. admin/tp-w11
2025-01-30T09:01:02.724Z - info: Rebuilding 1 pages
2025-01-30T09:01:04.495Z - info: Site data built
2025-01-30T09:01:04.495Z - info: Pages rebuilt
2025-01-30T09:01:04.495Z - info: Website regeneration complete! Total build time: 1.775s
2025-01-30T09:01:32.249Z - info: [17:01:32] Reload for file change: /Users/damithch/Repos/nus-cs2103/cs2103-website-base/admin/tp-tasks-fragment.md
2025-01-30T09:01:32.257Z - info: Synchronizing opened pages list before reload
2025-01-30T09:01:32.263Z - info: Current opened pages, from most-to-least recent:
2025-01-30T09:01:32.264Z - info: 1. admin/tp-w11
2025-01-30T09:01:33.274Z - info: Rebuilding 1 pages
2025-01-30T09:01:35.017Z - info: Site data built
2025-01-30T09:01:35.017Z - info: Pages rebuilt
2025-01-30T09:01:35.017Z - info: Website regeneration complete! Total build time: 1.747s
2025-01-30T09:02:41.756Z - info: Building /Users/damithch/Repos/nus-cs2103/cs2103-website-base/admin/tp-w12 as some of its dependencies were changed since the last visit
2025-01-30T09:02:43.401Z - info: Site data built
2025-01-30T09:02:43.401Z - info: Lazy website regeneration complete! Total build time: 1.647s
2025-01-30T09:04:38.604Z - info: [17:04:38] Reload for file change: /Users/damithch/Repos/nus-cs2103/cs2103-website-base/admin/tp-timeline.md
2025-01-30T09:04:38.606Z - info: Synchronizing opened pages list before reload
2025-01-30T09:04:38.606Z - info: Current opened pages, from most-to-least recent:
2025-01-30T09:04:38.606Z - info: 1. admin/tp-w12
2025-01-30T09:04:39.621Z - info: Rebuilding 1 pages
2025-01-30T09:04:41.521Z - info: Site data built
2025-01-30T09:04:41.521Z - info: Pages rebuilt
2025-01-30T09:04:41.521Z - info: Website regeneration complete! Total build time: 1.903s
2025-01-30T09:05:09.751Z - info: [17:05:09] Reload for file change: /Users/damithch/Repos/nus-cs2103/cs2103-website-base/admin/tp-timeline.md
2025-01-30T09:05:09.752Z - info: Synchronizing opened pages list before reload
2025-01-30T09:05:09.752Z - info: Current opened pages, from most-to-least recent:
2025-01-30T09:05:09.752Z - info: 1. admin/tp-w12
2025-01-30T09:05:10.761Z - info: Rebuilding 1 pages
2025-01-30T09:05:12.392Z - info: Site data built
2025-01-30T09:05:12.392Z - info: Pages rebuilt
2025-01-30T09:05:12.392Z - info: Website regeneration complete! Total build time: 1.634s
2025-01-30T09:06:30.833Z - info: Building /Users/damithch/Repos/nus-cs2103/cs2103-website-base/admin/tp-w13 as some of its dependencies were changed since the last visit
2025-01-30T09:06:31.163Z - info: Site data built
2025-01-30T09:06:31.163Z - info: Lazy website regeneration complete! Total build time: 0.331s
2025-01-30T09:06:54.126Z - info: Building /Users/damithch/Repos/nus-cs2103/cs2103-website-base/admin/tp-ped as some of its dependencies were changed since the last visit
2025-01-30T09:06:54.817Z - info: Site data built
2025-01-30T09:06:54.818Z - info: Lazy website regeneration complete! Total build time: 0.693s
2025-01-30T09:08:17.150Z - info: Building /Users/damithch/Repos/nus-cs2103/cs2103-website-base/schedule/week3/index as some of its dependencies were changed since the last visit
2025-01-30T09:08:17.524Z - info: Site data built
2025-01-30T09:08:17.524Z - info: Lazy website regeneration complete! Total build time: 0.374s
2025-01-30T09:09:47.974Z - info: Website generation started at 17:09:47
2025-01-30T09:09:48.287Z - warn: ENOENT: no such file or directory, open '/Users/damithch/Repos/nus-cs2103/cs2103-website-base/node_modules/.cache/gh-pages/https!github.com!nus-cs2103-AY2425S2!website.git/book/_markbind/variables.md'
2025-01-30T09:09:48.288Z - warn: ENOENT: no such file or directory, open '/Users/damithch/Repos/nus-cs2103/cs2103-website-base/node_modules/.cache/gh-pages/https!github.com!nus-cs2103-AY2425S2!website.git/_markbind/variables.md'
2025-01-30T09:09:48.307Z - info: Building assets...
