2025-04-05T03:07:01.655Z - info: Website generation (lazy) started at 11:07:00
2025-04-05T03:07:01.936Z - warn: ENOENT: no such file or directory, open '/Users/damithch/Repos/nus-cs2103/cs2103-website-base/node_modules/.cache/gh-pages/https!github.com!nus-cs2103-AY2425S2!website.git/book/_markbind/variables.md'
2025-04-05T03:07:01.936Z - warn: ENOENT: no such file or directory, open '/Users/damithch/Repos/nus-cs2103/cs2103-website-base/node_modules/.cache/gh-pages/https!github.com!nus-cs2103-AY2425S2!website.git/_markbind/variables.md'
2025-04-05T03:07:01.955Z - info: Building assets...
2025-04-05T03:07:03.360Z - info: Assets built
2025-04-05T03:07:03.360Z - info: Generating landing page...
2025-04-05T03:07:03.813Z - info: Landing page built, other pages will be built as you navigate to them!
2025-04-05T03:07:03.892Z - info: Site data built
2025-04-05T03:07:03.892Z - info: Website generation (lazy) complete! Total build time: 3.035s
2025-04-05T03:07:03.902Z - info: Serving "/Users/damithch/Repos/nus-cs2103/cs2103-website-base/_site" at http://127.0.0.1:8080
2025-04-05T03:07:03.902Z - info: Press CTRL+C to stop ...
2025-04-05T03:07:12.110Z - info: Building /Users/damithch/Repos/nus-cs2103/cs2103-website-base/schedule/week12/project as some of its dependencies were changed since the last visit
2025-04-05T03:07:13.938Z - info: Site data built
2025-04-05T03:07:13.938Z - info: Lazy website regeneration complete! Total build time: 1.829s
2025-04-05T03:09:20.255Z - info: [11:09:20] Reload for file change: /Users/damithch/Repos/nus-cs2103/cs2103-website-base/admin/tp-tasks-fragment.md
2025-04-05T03:09:20.257Z - info: Synchronizing opened pages list before reload
2025-04-05T03:09:20.260Z - info: Current opened pages, from most-to-least recent:
2025-04-05T03:09:20.261Z - info: 1. schedule/week12/project
2025-04-05T03:09:21.277Z - info: Rebuilding 1 pages
2025-04-05T03:09:23.031Z - info: Site data built
2025-04-05T03:09:23.031Z - info: Pages rebuilt
2025-04-05T03:09:23.031Z - info: Website regeneration complete! Total build time: 1.757s
2025-04-05T03:11:58.058Z - info: [11:11:58] Reload for file change: /Users/damithch/Repos/nus-cs2103/cs2103-website-base/admin/tp-tasks-fragment.md
2025-04-05T03:11:58.059Z - info: Synchronizing opened pages list before reload
2025-04-05T03:11:58.060Z - info: Current opened pages, from most-to-least recent:
2025-04-05T03:11:58.060Z - info: 1. schedule/week12/project
2025-04-05T03:11:59.070Z - info: Rebuilding 1 pages
2025-04-05T03:12:00.883Z - info: Site data built
2025-04-05T03:12:00.883Z - info: Pages rebuilt
2025-04-05T03:12:00.883Z - info: Website regeneration complete! Total build time: 1.816s
2025-04-05T03:12:34.791Z - info: [11:12:34] Reload for file change: /Users/damithch/Repos/nus-cs2103/cs2103-website-base/admin/tp-tasks-fragment.md
2025-04-05T03:12:34.793Z - info: Synchronizing opened pages list before reload
2025-04-05T03:12:34.793Z - info: Current opened pages, from most-to-least recent:
2025-04-05T03:12:34.794Z - info: 1. schedule/week12/project
2025-04-05T03:12:35.801Z - info: Rebuilding 1 pages
2025-04-05T03:12:37.553Z - info: Site data built
2025-04-05T03:12:37.553Z - info: Pages rebuilt
2025-04-05T03:12:37.553Z - info: Website regeneration complete! Total build time: 1.754s
2025-04-05T03:15:07.894Z - info: [11:15:07] Reload for file change: /Users/damithch/Repos/nus-cs2103/cs2103-website-base/admin/tp-tasks-fragment.md
2025-04-05T03:15:07.897Z - info: Synchronizing opened pages list before reload
2025-04-05T03:15:07.904Z - info: Current opened pages, from most-to-least recent:
2025-04-05T03:15:07.905Z - info: 1. schedule/week12/project
2025-04-05T03:15:08.947Z - info: Rebuilding 1 pages
2025-04-05T03:15:10.674Z - info: Site data built
2025-04-05T03:15:10.674Z - info: Pages rebuilt
2025-04-05T03:15:10.674Z - info: Website regeneration complete! Total build time: 1.73s
2025-04-05T03:17:37.440Z - info: [11:17:37] Reload for file change: /Users/damithch/Repos/nus-cs2103/cs2103-website-base/admin/tp-tasks-fragment.md
2025-04-05T03:17:37.449Z - info: Synchronizing opened pages list before reload
2025-04-05T03:17:37.450Z - info: Current opened pages, from most-to-least recent:
2025-04-05T03:17:37.450Z - info: 1. schedule/week12/project
2025-04-05T03:17:38.457Z - info: Rebuilding 1 pages
2025-04-05T03:17:40.195Z - info: Site data built
2025-04-05T03:17:40.195Z - info: Pages rebuilt
2025-04-05T03:17:40.195Z - info: Website regeneration complete! Total build time: 1.74s
2025-04-05T03:19:05.177Z - info: Website generation started at 11:19:04
2025-04-05T03:19:05.442Z - warn: ENOENT: no such file or directory, open '/Users/damithch/Repos/nus-cs2103/cs2103-website-base/node_modules/.cache/gh-pages/https!github.com!nus-cs2103-AY2425S2!website.git/book/_markbind/variables.md'
2025-04-05T03:19:05.443Z - warn: ENOENT: no such file or directory, open '/Users/damithch/Repos/nus-cs2103/cs2103-website-base/node_modules/.cache/gh-pages/https!github.com!nus-cs2103-AY2425S2!website.git/_markbind/variables.md'
2025-04-05T03:19:05.462Z - info: Building assets...
2025-04-05T03:19:06.829Z - info: Assets built
2025-04-05T03:19:06.830Z - info: Generating pages...
2025-04-05T03:19:16.330Z - debug:  
2025-04-05T03:19:16.330Z - debug: 2025-04-05 11:19:10.548 java[46951:4261739] +[IMKClient subclass]: chose IMKClient_Modern
2025-04-05 11:19:10.548 java[46951:4261739] +[IMKInputSession subclass]: chose IMKInputSession_Modern

2025-04-05T03:19:16.330Z - debug:  
2025-04-05T03:19:16.331Z - debug:  
2025-04-05T03:19:16.331Z - debug:  
2025-04-05T03:19:16.331Z - debug:  
2025-04-05T03:19:16.331Z - debug:  
2025-04-05T03:19:16.331Z - debug:  
2025-04-05T03:19:16.331Z - debug:  
2025-04-05T03:19:16.331Z - debug:  
2025-04-05T03:19:16.331Z - debug:  
2025-04-05T03:19:16.331Z - debug:  
2025-04-05T03:19:16.331Z - debug: 2025-04-05 11:19:12.156 java[46979:4261963] +[IMKClient subclass]: chose IMKClient_Modern
2025-04-05 11:19:12.156 java[46979:4261963] +[IMKInputSession subclass]: chose IMKInputSession_Modern

2025-04-05T03:19:16.331Z - debug:  
2025-04-05T03:19:16.331Z - debug:  
2025-04-05T03:19:16.331Z - debug:  
2025-04-05T03:19:16.989Z - debug: 2025-04-05 11:19:16.657 java[47037:4263107] +[IMKClient subclass]: chose IMKClient_Modern
2025-04-05 11:19:16.657 java[47037:4263107] +[IMKInputSession subclass]: chose IMKInputSession_Modern

2025-04-05T03:19:26.422Z - debug: 2025-04-05 11:19:26.086 java[47053:4263460] +[IMKClient subclass]: chose IMKClient_Modern
2025-04-05 11:19:26.086 java[47053:4263460] +[IMKInputSession subclass]: chose IMKInputSession_Modern

2025-04-05T03:20:11.951Z - debug: 2025-04-05 11:20:09.535 java[47077:4264340] +[IMKClient subclass]: chose IMKClient_Modern
2025-04-05 11:20:09.535 java[47077:4264340] +[IMKInputSession subclass]: chose IMKInputSession_Modern

2025-04-05T03:20:23.184Z - debug: 2025-04-05 11:20:22.571 java[47087:4264664] +[IMKClient subclass]: chose IMKClient_Modern
2025-04-05 11:20:22.571 java[47087:4264664] +[IMKInputSession subclass]: chose IMKInputSession_Modern

2025-04-05T03:20:23.455Z - debug:  
2025-04-05T03:20:30.177Z - info: Pages built
2025-04-05T03:20:30.246Z - info: Site data built
2025-04-05T03:20:30.246Z - info: Website generation complete! Total build time: 85.675s
2025-04-05T03:20:30.246Z - info: Build success!
2025-04-05T03:20:50.035Z - info: The website has been deployed at: https://nus-cs2103-ay2425s2.github.io/website
2025-04-05T03:49:19.869Z - info: Website generation started at 11:49:19
2025-04-05T03:49:20.158Z - warn: ENOENT: no such file or directory, open '/Users/damithch/Repos/nus-cs2103/cs2103-website-base/node_modules/.cache/gh-pages/https!github.com!nus-cs2103-AY2425S2!website.git/book/_markbind/variables.md'
2025-04-05T03:49:20.159Z - warn: ENOENT: no such file or directory, open '/Users/damithch/Repos/nus-cs2103/cs2103-website-base/node_modules/.cache/gh-pages/https!github.com!nus-cs2103-AY2425S2!website.git/_markbind/variables.md'
2025-04-05T03:49:20.178Z - info: Building assets...
2025-04-05T03:49:21.700Z - info: Assets built
2025-04-05T03:49:21.701Z - info: Generating pages...
2025-04-05T03:49:27.656Z - debug:  
2025-04-05T03:49:27.656Z - debug: 2025-04-05 11:49:24.466 java[47600:4293837] +[IMKClient subclass]: chose IMKClient_Modern
2025-04-05 11:49:24.466 java[47600:4293837] +[IMKInputSession subclass]: chose IMKInputSession_Modern

2025-04-05T03:49:27.656Z - debug:  
2025-04-05T03:49:28.045Z - debug:  
2025-04-05T03:49:28.045Z - debug:  
2025-04-05T03:49:28.045Z - debug:  
2025-04-05T03:49:28.045Z - debug:  
2025-04-05T03:49:28.045Z - debug:  
2025-04-05T03:49:28.045Z - debug:  
2025-04-05T03:49:28.045Z - debug:  
2025-04-05T03:49:28.045Z - debug:  
2025-04-05T03:49:28.045Z - debug:  
2025-04-05T03:49:28.045Z - debug: 2025-04-05 11:49:25.559 java[47631:4294121] +[IMKClient subclass]: chose IMKClient_Modern
2025-04-05 11:49:25.559 java[47631:4294121] +[IMKInputSession subclass]: chose IMKInputSession_Modern

2025-04-05T03:49:28.045Z - debug:  
2025-04-05T03:49:28.045Z - debug:  
2025-04-05T03:49:28.045Z - debug:  
2025-04-05T03:49:28.707Z - debug: 2025-04-05 11:49:28.333 java[47666:4294837] +[IMKClient subclass]: chose IMKClient_Modern
2025-04-05 11:49:28.333 java[47666:4294837] +[IMKInputSession subclass]: chose IMKInputSession_Modern

2025-04-05T03:49:38.724Z - debug: 2025-04-05 11:49:37.969 java[47686:4295110] +[IMKClient subclass]: chose IMKClient_Modern
2025-04-05 11:49:37.969 java[47686:4295110] +[IMKInputSession subclass]: chose IMKInputSession_Modern

2025-04-05T03:50:23.643Z - debug: 2025-04-05 11:50:21.425 java[47715:4296188] +[IMKClient subclass]: chose IMKClient_Modern
2025-04-05 11:50:21.425 java[47715:4296188] +[IMKInputSession subclass]: chose IMKInputSession_Modern

2025-04-05T03:50:35.520Z - debug:  
2025-04-05T03:50:35.533Z - debug: 2025-04-05 11:50:34.628 java[47730:4296579] +[IMKClient subclass]: chose IMKClient_Modern
2025-04-05 11:50:34.628 java[47730:4296579] +[IMKInputSession subclass]: chose IMKInputSession_Modern

2025-04-05T03:50:42.811Z - info: Pages built
2025-04-05T03:50:42.890Z - info: Site data built
2025-04-05T03:50:42.890Z - info: Website generation complete! Total build time: 83.786s
2025-04-05T03:50:42.890Z - info: Build success!
2025-04-05T03:51:03.569Z - info: The website has been deployed at: https://nus-cs2103-ay2425s2.github.io/website
2025-04-05T04:15:01.202Z - info: Website generation started at 12:15:00
2025-04-05T04:15:01.470Z - warn: ENOENT: no such file or directory, open '/Users/damithch/Repos/nus-cs2103/cs2103-website-base/node_modules/.cache/gh-pages/https!github.com!nus-cs2103-AY2425S2!website.git/book/_markbind/variables.md'
2025-04-05T04:15:01.470Z - warn: ENOENT: no such file or directory, open '/Users/damithch/Repos/nus-cs2103/cs2103-website-base/node_modules/.cache/gh-pages/https!github.com!nus-cs2103-AY2425S2!website.git/_markbind/variables.md'
2025-04-05T04:15:01.489Z - info: Building assets...
2025-04-05T04:15:03.062Z - info: Assets built
2025-04-05T04:15:03.064Z - info: Generating pages...
2025-04-05T04:15:09.387Z - debug:  
2025-04-05T04:15:09.743Z - debug: 2025-04-05 12:15:05.943 java[50431:4327187] +[IMKClient subclass]: chose IMKClient_Modern
2025-04-05 12:15:05.943 java[50431:4327187] +[IMKInputSession subclass]: chose IMKInputSession_Modern

2025-04-05T04:15:09.743Z - debug:  
2025-04-05T04:15:09.743Z - debug:  
2025-04-05T04:15:09.743Z - debug:  
2025-04-05T04:15:09.743Z - debug:  
2025-04-05T04:15:09.743Z - debug:  
2025-04-05T04:15:09.743Z - debug:  
2025-04-05T04:15:09.743Z - debug:  
2025-04-05T04:15:09.743Z - debug:  
2025-04-05T04:15:09.743Z - debug: 2025-04-05 12:15:07.137 java[50456:4327381] +[IMKClient subclass]: chose IMKClient_Modern
2025-04-05 12:15:07.137 java[50456:4327381] +[IMKInputSession subclass]: chose IMKInputSession_Modern

2025-04-05T04:15:09.743Z - debug:  
2025-04-05T04:15:09.743Z - debug:  
2025-04-05T04:15:09.743Z - debug:  
2025-04-05T04:15:09.743Z - debug:  
2025-04-05T04:15:09.743Z - debug:  
2025-04-05T04:15:10.402Z - debug: 2025-04-05 12:15:10.044 java[50495:4328164] +[IMKClient subclass]: chose IMKClient_Modern
2025-04-05 12:15:10.044 java[50495:4328164] +[IMKInputSession subclass]: chose IMKInputSession_Modern

2025-04-05T04:15:19.843Z - debug: 2025-04-05 12:15:19.463 java[50521:4328471] +[IMKClient subclass]: chose IMKClient_Modern
2025-04-05 12:15:19.463 java[50521:4328471] +[IMKInputSession subclass]: chose IMKInputSession_Modern

2025-04-05T04:16:06.537Z - debug: 2025-04-05 12:16:04.211 java[50550:4329705] +[IMKClient subclass]: chose IMKClient_Modern
2025-04-05 12:16:04.211 java[50550:4329705] +[IMKInputSession subclass]: chose IMKInputSession_Modern

2025-04-05T04:16:17.501Z - debug:  
2025-04-05T04:16:17.509Z - debug: 2025-04-05 12:16:16.708 java[50571:4330107] +[IMKClient subclass]: chose IMKClient_Modern
2025-04-05 12:16:16.708 java[50571:4330107] +[IMKInputSession subclass]: chose IMKInputSession_Modern

2025-04-05T04:16:24.337Z - info: Pages built
2025-04-05T04:16:24.406Z - info: Site data built
2025-04-05T04:16:24.406Z - info: Website generation complete! Total build time: 83.913s
2025-04-05T04:16:24.406Z - info: Build success!
2025-04-05T04:16:44.459Z - info: The website has been deployed at: https://nus-cs2103-ay2425s2.github.io/website
2025-04-05T04:42:40.150Z - info: Website generation (lazy) started at 12:42:39
2025-04-05T04:42:40.444Z - warn: ENOENT: no such file or directory, open '/Users/damithch/Repos/nus-cs2103/cs2103-website-base/node_modules/.cache/gh-pages/https!github.com!nus-cs2103-AY2425S2!website.git/book/_markbind/variables.md'
2025-04-05T04:42:40.444Z - warn: ENOENT: no such file or directory, open '/Users/damithch/Repos/nus-cs2103/cs2103-website-base/node_modules/.cache/gh-pages/https!github.com!nus-cs2103-AY2425S2!website.git/_markbind/variables.md'
2025-04-05T04:42:40.464Z - info: Building assets...
2025-04-05T04:42:42.191Z - info: Assets built
2025-04-05T04:42:42.192Z - info: Generating landing page...
2025-04-05T04:42:42.700Z - info: Landing page built, other pages will be built as you navigate to them!
2025-04-05T04:42:42.774Z - info: Site data built
2025-04-05T04:42:42.774Z - info: Website generation (lazy) complete! Total build time: 3.389s
2025-04-05T04:42:42.787Z - info: Serving "/Users/damithch/Repos/nus-cs2103/cs2103-website-base/_site" at http://127.0.0.1:8080
2025-04-05T04:42:42.787Z - info: Press CTRL+C to stop ...
2025-04-05T04:42:47.366Z - info: Building /Users/damithch/Repos/nus-cs2103/cs2103-website-base/schedule/week12/project as some of its dependencies were changed since the last visit
2025-04-05T04:42:49.258Z - info: Site data built
2025-04-05T04:42:49.258Z - info: Lazy website regeneration complete! Total build time: 1.892s
2025-04-05T04:45:05.313Z - info: [12:45:05] Reload for file change: /Users/damithch/Repos/nus-cs2103/cs2103-website-base/admin/tp-tasks-fragment.md
2025-04-05T04:45:05.313Z - info: Synchronizing opened pages list before reload
2025-04-05T04:45:05.314Z - info: Current opened pages, from most-to-least recent:
2025-04-05T04:45:05.314Z - info: 1. schedule/week12/project
2025-04-05T04:45:06.322Z - info: Rebuilding 1 pages
2025-04-05T04:45:08.086Z - info: Site data built
2025-04-05T04:45:08.086Z - info: Pages rebuilt
2025-04-05T04:45:08.086Z - info: Website regeneration complete! Total build time: 1.768s
2025-04-05T04:45:44.561Z - info: [12:45:44] Reload for file change: /Users/damithch/Repos/nus-cs2103/cs2103-website-base/admin/tp-tasks-fragment.md
2025-04-05T04:45:44.561Z - info: Synchronizing opened pages list before reload
2025-04-05T04:45:44.561Z - info: Current opened pages, from most-to-least recent:
2025-04-05T04:45:44.562Z - info: 1. schedule/week12/project
2025-04-05T04:45:45.566Z - info: Rebuilding 1 pages
2025-04-05T04:45:47.284Z - info: Site data built
2025-04-05T04:45:47.284Z - info: Pages rebuilt
2025-04-05T04:45:47.284Z - info: Website regeneration complete! Total build time: 1.719s
2025-04-05T04:47:04.941Z - info: [12:47:04] Reload for file change: /Users/damithch/Repos/nus-cs2103/cs2103-website-base/admin/tp-tasks-fragment.md
2025-04-05T04:47:04.942Z - info: Synchronizing opened pages list before reload
2025-04-05T04:47:04.942Z - info: Current opened pages, from most-to-least recent:
2025-04-05T04:47:04.942Z - info: 1. schedule/week12/project
2025-04-05T04:47:05.964Z - info: Rebuilding 1 pages
2025-04-05T04:47:07.691Z - info: Site data built
2025-04-05T04:47:07.691Z - info: Pages rebuilt
2025-04-05T04:47:07.691Z - info: Website regeneration complete! Total build time: 1.73s
2025-04-05T04:47:48.315Z - info: [12:47:48] Reload for file change: /Users/damithch/Repos/nus-cs2103/cs2103-website-base/admin/tp-tasks-fragment.md
2025-04-05T04:47:48.316Z - info: Synchronizing opened pages list before reload
2025-04-05T04:47:48.316Z - info: Current opened pages, from most-to-least recent:
2025-04-05T04:47:48.316Z - info: 1. schedule/week12/project
2025-04-05T04:47:49.326Z - info: Rebuilding 1 pages
2025-04-05T04:47:51.048Z - info: Site data built
2025-04-05T04:47:51.048Z - info: Pages rebuilt
2025-04-05T04:47:51.048Z - info: Website regeneration complete! Total build time: 1.724s
2025-04-05T04:49:24.278Z - info: [12:49:24] Reload for file change: /Users/damithch/Repos/nus-cs2103/cs2103-website-base/admin/tp-tasks-fragment.md
2025-04-05T04:49:24.280Z - info: Synchronizing opened pages list before reload
2025-04-05T04:49:24.280Z - info: Current opened pages, from most-to-least recent:
2025-04-05T04:49:24.281Z - info: 1. schedule/week12/project
2025-04-05T04:49:24.372Z - info: [12:49:24] Reload for file change: /Users/damithch/Repos/nus-cs2103/cs2103-website-base/admin/tp-tasks-fragment.md
2025-04-05T04:49:24.372Z - info: Synchronizing opened pages list before reload
2025-04-05T04:49:24.372Z - info: Current opened pages, from most-to-least recent:
2025-04-05T04:49:24.372Z - info: 1. schedule/week12/project
2025-04-05T04:49:25.287Z - info: Rebuilding 1 pages
2025-04-05T04:49:27.077Z - info: Site data built
2025-04-05T04:49:27.077Z - info: Pages rebuilt
2025-04-05T04:49:27.077Z - info: Website regeneration complete! Total build time: 1.794s
2025-04-05T04:51:10.491Z - info: [12:51:10] Reload for file change: /Users/damithch/Repos/nus-cs2103/cs2103-website-base/admin/tp-tasks-fragment.md
2025-04-05T04:51:10.491Z - info: Synchronizing opened pages list before reload
2025-04-05T04:51:10.492Z - info: Current opened pages, from most-to-least recent:
2025-04-05T04:51:10.492Z - info: 1. schedule/week12/project
2025-04-05T04:51:11.509Z - info: Rebuilding 1 pages
2025-04-05T04:51:13.255Z - info: Site data built
2025-04-05T04:51:13.255Z - info: Pages rebuilt
2025-04-05T04:51:13.255Z - info: Website regeneration complete! Total build time: 1.748s
2025-04-05T04:51:48.308Z - info: Website generation started at 12:51:47
2025-04-05T04:51:48.578Z - warn: ENOENT: no such file or directory, open '/Users/damithch/Repos/nus-cs2103/cs2103-website-base/node_modules/.cache/gh-pages/https!github.com!nus-cs2103-AY2425S2!website.git/book/_markbind/variables.md'
2025-04-05T04:51:48.578Z - warn: ENOENT: no such file or directory, open '/Users/damithch/Repos/nus-cs2103/cs2103-website-base/node_modules/.cache/gh-pages/https!github.com!nus-cs2103-AY2425S2!website.git/_markbind/variables.md'
2025-04-05T04:51:48.598Z - info: Building assets...
2025-04-05T04:51:49.980Z - info: Assets built
2025-04-05T04:51:49.980Z - info: Generating pages...
2025-04-05T04:51:56.158Z - debug:  
2025-04-05T04:51:56.158Z - debug:  
2025-04-05T04:51:56.158Z - debug:  
2025-04-05T04:51:56.158Z - debug:  
2025-04-05T04:51:56.720Z - debug: 2025-04-05 12:51:52.807 java[51391:4369659] +[IMKClient subclass]: chose IMKClient_Modern
2025-04-05 12:51:52.807 java[51391:4369659] +[IMKInputSession subclass]: chose IMKInputSession_Modern

2025-04-05T04:51:56.720Z - debug:  
2025-04-05T04:51:56.720Z - debug:  
2025-04-05T04:51:56.720Z - debug:  
2025-04-05T04:51:56.720Z - debug:  
2025-04-05T04:51:56.720Z - debug:  
2025-04-05T04:51:56.720Z - debug:  
2025-04-05T04:51:56.720Z - debug: 2025-04-05 12:51:54.039 java[51409:4369820] +[IMKClient subclass]: chose IMKClient_Modern
2025-04-05 12:51:54.039 java[51409:4369820] +[IMKInputSession subclass]: chose IMKInputSession_Modern

2025-04-05T04:51:56.720Z - debug:  
2025-04-05T04:51:56.720Z - debug:  
2025-04-05T04:51:56.720Z - debug:  
2025-04-05T04:51:56.721Z - debug:  
2025-04-05T04:51:58.024Z - debug: 2025-04-05 12:51:56.975 java[51451:4370641] +[IMKClient subclass]: chose IMKClient_Modern
2025-04-05 12:51:56.975 java[51451:4370641] +[IMKInputSession subclass]: chose IMKInputSession_Modern

2025-04-05T04:52:07.432Z - debug: 2025-04-05 12:52:07.007 java[51472:4371170] +[IMKClient subclass]: chose IMKClient_Modern
2025-04-05 12:52:07.007 java[51472:4371170] +[IMKInputSession subclass]: chose IMKInputSession_Modern

2025-04-05T04:52:54.035Z - debug: 2025-04-05 12:52:51.598 java[51551:4372393] +[IMKClient subclass]: chose IMKClient_Modern
2025-04-05 12:52:51.598 java[51551:4372393] +[IMKInputSession subclass]: chose IMKInputSession_Modern

2025-04-05T04:53:05.141Z - debug: 2025-04-05 12:53:04.705 java[51562:4372759] +[IMKClient subclass]: chose IMKClient_Modern
2025-04-05 12:53:04.705 java[51562:4372759] +[IMKInputSession subclass]: chose IMKInputSession_Modern

2025-04-05T04:53:05.486Z - debug:  
2025-04-05T04:53:12.772Z - info: Pages built
2025-04-05T04:53:12.932Z - info: Site data built
2025-04-05T04:53:12.932Z - info: Website generation complete! Total build time: 85.223s
2025-04-05T04:53:12.933Z - info: Build success!
2025-04-05T04:53:33.753Z - info: The website has been deployed at: https://nus-cs2103-ay2425s2.github.io/website
2025-04-05T05:00:54.346Z - info: Website generation started at 13:00:53
2025-04-05T05:00:54.670Z - warn: ENOENT: no such file or directory, open '/Users/damithch/Repos/nus-cs2103/cs2103-website-base/node_modules/.cache/gh-pages/https!github.com!nus-cs2103-AY2425S2!website.git/book/_markbind/variables.md'
2025-04-05T05:00:54.670Z - warn: ENOENT: no such file or directory, open '/Users/damithch/Repos/nus-cs2103/cs2103-website-base/node_modules/.cache/gh-pages/https!github.com!nus-cs2103-AY2425S2!website.git/_markbind/variables.md'
2025-04-05T05:00:54.689Z - info: Building assets...
