2025-02-11T08:39:10.229Z - info: Website generation started at 16:39:09
2025-02-11T08:39:10.571Z - warn: ENOENT: no such file or directory, open '/Users/damithch/Repos/nus-cs2103/cs2103-website-base/node_modules/.cache/gh-pages/https!github.com!nus-cs2103-AY2425S2!website.git/book/_markbind/variables.md'
2025-02-11T08:39:10.571Z - warn: ENOENT: no such file or directory, open '/Users/damithch/Repos/nus-cs2103/cs2103-website-base/node_modules/.cache/gh-pages/https!github.com!nus-cs2103-AY2425S2!website.git/_markbind/variables.md'
2025-02-11T08:39:10.590Z - info: Building assets...
2025-02-11T08:39:11.997Z - info: Assets built
2025-02-11T08:39:11.997Z - info: Generating pages...
2025-02-11T08:39:17.419Z - debug:  
2025-02-11T08:39:17.419Z - debug: 2025-02-11 16:39:14.191 java[31228:2544836] +[IMKClient subclass]: chose IMKClient_Modern
2025-02-11 16:39:14.191 java[31228:2544836] +[IMKInputSession subclass]: chose IMKInputSession_Modern

2025-02-11T08:39:17.419Z - debug:  
2025-02-11T08:39:17.419Z - debug:  
2025-02-11T08:39:17.420Z - debug:  
2025-02-11T08:39:17.420Z - debug:  
2025-02-11T08:39:17.420Z - debug:  
2025-02-11T08:39:17.420Z - debug:  
2025-02-11T08:39:17.420Z - debug:  
2025-02-11T08:39:17.420Z - debug:  
2025-02-11T08:39:17.420Z - debug:  
2025-02-11T08:39:17.420Z - debug:  
2025-02-11T08:39:17.420Z - debug:  
2025-02-11T08:39:17.420Z - debug:  
2025-02-11T08:39:17.420Z - debug: 2025-02-11 16:39:15.183 java[31255:2545080] +[IMKClient subclass]: chose IMKClient_Modern
2025-02-11 16:39:15.183 java[31255:2545080] +[IMKInputSession subclass]: chose IMKInputSession_Modern

2025-02-11T08:39:17.420Z - debug:  
2025-02-11T08:39:18.135Z - debug:  
2025-02-11T08:39:28.729Z - debug: 2025-02-11 16:39:27.892 java[31387:2546826] +[IMKClient subclass]: chose IMKClient_Modern
2025-02-11 16:39:27.892 java[31387:2546826] +[IMKInputSession subclass]: chose IMKInputSession_Modern

2025-02-11T08:40:11.786Z - debug: 2025-02-11 16:40:09.584 java[31587:2548596] +[IMKClient subclass]: chose IMKClient_Modern
2025-02-11 16:40:09.585 java[31587:2548596] +[IMKInputSession subclass]: chose IMKInputSession_Modern

2025-02-11T08:40:21.824Z - debug: 2025-02-11 16:40:21.039 java[31598:2548910] +[IMKClient subclass]: chose IMKClient_Modern
2025-02-11 16:40:21.039 java[31598:2548910] +[IMKInputSession subclass]: chose IMKInputSession_Modern

2025-02-11T08:40:21.840Z - debug:  
2025-02-11T08:40:28.074Z - info: Pages built
2025-02-11T08:40:28.134Z - info: Site data built
2025-02-11T08:40:28.134Z - info: Website generation complete! Total build time: 78.707s
2025-02-11T08:40:28.134Z - info: Build success!
2025-02-11T08:40:50.170Z - info: The website has been deployed at: https://nus-cs2103-ay2425s2.github.io/website
